Drill Listing
=============
Drill: .0315  Tool: 1  Feed: 197  Speed: 550
X 53000  Y 55000
X 53000  Y 75000
X 245000  Y 59000
X 245000  Y 39000

Drill: .03346  Tool: 2  Feed: 197  Speed: 550
X 189000  Y 9629
X 189000  Y 88370
X 189000  Y 100629
X 217000  Y 9629
X 217000  Y 88370
X 217000  Y 100629
X 217000  Y 179370
X 189000  Y 179370

Drill: .03346  Tool: 3  Feed: 197  Speed: 550
X 140000  Y 34236
X 140000  Y 63763
X 140000  Y 132236
X 140000  Y 161763

Drill: .03937  Tool: 4  Feed: 197  Speed: 550
X 45031  Y 104236
X 48968  Y 133763

Drill: .05315  Tool: 5  Feed: 107  Speed: 550
X 89000  Y 66700
X 89000  Y 108433
X 89000  Y 87566
X 89000  Y 129299

Drill: .05512  Tool: 6  Feed: 107  Speed: 550
X 21000  Y 68500
X 21000  Y 88500
X 21000  Y 108500
X 315000  Y 108500
X 315000  Y 88500
X 315000  Y 68500
X 315000  Y 128500
X 21000  Y 128500

Drill: .05512  Tool: 7  Feed: 107  Speed: 550
X 277000  Y 13000
X 277000  Y 113000

Drill: .17717  Tool: 8  Feed: 35  Speed: 1033
X 19685  Y 19685
X 314960  Y 19685
X 314960  Y 177165
X 19685  Y 177165

End of Listing
