Drill Listing
=============
Drill: .008  Tool: 1  Feed: 0  Speed: 0
X 37274  Y 25874
X 42474  Y 25874
X 21874  Y 90074
X 27674  Y 99274
X 31600  Y 104000
X 28800  Y 108400
X 29274  Y 116674
X 30474  Y 118674
X 36474  Y 124474
X 25000  Y 175200
X 36874  Y 176274
X 42800  Y 176800
X 29800  Y 178200
X 34800  Y 178200
X 48600  Y 178200
X 45800  Y 178200
X 74900  Y 179100
X 59874  Y 179074
X 69800  Y 179000
X 64800  Y 178800
X 57074  Y 175274
X 67874  Y 162674
X 77274  Y 162474
X 69874  Y 161074
X 70874  Y 151274
X 60274  Y 129074
X 67400  Y 128400
X 62274  Y 127274
X 72600  Y 123200
X 67600  Y 116400
X 64200  Y 107000
X 62400  Y 104800
X 64874  Y 98674
X 68074  Y 97074
X 64874  Y 95274
X 65674  Y 88674
X 55674  Y 76274
X 55674  Y 66674
X 62674  Y 60674
X 61674  Y 58274
X 59074  Y 58274
X 66274  Y 58074
X 75474  Y 49074
X 68674  Y 49074
X 58874  Y 48074
X 71474  Y 46874
X 64874  Y 21874
X 101074  Y 63274
X 94074  Y 64874
X 98274  Y 65474
X 88800  Y 66000
X 102874  Y 66874
X 89100  Y 69000
X 82874  Y 70074
X 102677  Y 70674
X 93874  Y 75874
X 86274  Y 77474
X 88874  Y 77674
X 87274  Y 83074
X 103174  Y 83474
X 95874  Y 84474
X 92074  Y 84674
X 90074  Y 85674
X 82074  Y 86074
X 90874  Y 88274
X 92674  Y 90674
X 90674  Y 92474
X 81874  Y 96074
X 84274  Y 96074
X 79674  Y 97274
X 82074  Y 99274
X 84274  Y 99474
X 92274  Y 103674
X 94674  Y 103674
X 89874  Y 108074
X 93274  Y 108874
X 81074  Y 110874
X 89474  Y 112474
X 96474  Y 114674
X 82874  Y 115874
X 94274  Y 117274
X 84074  Y 121274
X 95400  Y 121600
X 93200  Y 122000
X 87274  Y 127274
X 89674  Y 129874
X 87274  Y 129874
X 101074  Y 131274
X 85474  Y 160674
X 80874  Y 161074
X 83074  Y 161474
X 97474  Y 161674
X 87474  Y 162474
X 102274  Y 163474
X 84800  Y 179000
X 79800  Y 179000
X 107274  Y 162674
X 112674  Y 160874
X 117674  Y 160474
X 116074  Y 157074
X 111074  Y 147674
X 114674  Y 146074
X 118874  Y 144674
X 112674  Y 144074
X 104874  Y 143474
X 114874  Y 141874
X 106874  Y 138874
X 116074  Y 137474
X 107074  Y 136274
X 110551  Y 135074
X 119674  Y 134074
X 123274  Y 131874
X 120074  Y 131474
X 119074  Y 124474
X 111474  Y 124474
X 124274  Y 123474
X 106474  Y 123274
X 127274  Y 121274
X 117874  Y 121274
X 112674  Y 120274
X 106274  Y 120274
X 120874  Y 120074
X 115874  Y 120074
X 111474  Y 118274
X 109674  Y 117074
X 106474  Y 117074
X 114574  Y 116974
X 124674  Y 116874
X 118474  Y 116074
X 128474  Y 115074
X 108474  Y 113974
X 111474  Y 113874
X 120874  Y 113674
X 106274  Y 110874
X 124074  Y 110674
X 127874  Y 109674
X 109474  Y 107674
X 112800  Y 107500
X 124800  Y 106600
X 108474  Y 105474
X 113700  Y 105000
X 123200  Y 104600
X 117674  Y 104274
X 111474  Y 104274
X 106474  Y 102474
X 120074  Y 101874
X 108474  Y 101274
X 115974  Y 101274
X 111474  Y 100874
X 124074  Y 98074
X 108274  Y 98074
X 111474  Y 96274
X 116874  Y 95674
X 121474  Y 94874
X 111474  Y 93074
X 113674  Y 92474
X 116874  Y 92474
X 109474  Y 91874
X 106474  Y 91874
X 128474  Y 91874
X 114774  Y 86674
X 109474  Y 86574
X 106274  Y 86574
X 125474  Y 85474
X 124074  Y 83574
X 106274  Y 83474
X 111674  Y 83474
X 117974  Y 83474
X 121074  Y 83474
X 114774  Y 83474
X 109474  Y 82474
X 127174  Y 82374
X 115774  Y 80374
X 122074  Y 80374
X 118974  Y 80374
X 112574  Y 80274
X 106274  Y 80274
X 128374  Y 79374
X 109474  Y 77274
X 118874  Y 77174
X 128274  Y 76274
X 112126  Y 72874
X 128274  Y 72874
X 121474  Y 70274
X 123874  Y 70274
X 110274  Y 69474
X 115276  Y 68474
X 113687  Y 66260
X 121474  Y 65874
X 111874  Y 64674
X 126474  Y 62874
X 121474  Y 62674
X 118874  Y 62674
X 126474  Y 60674
X 113274  Y 60474
X 124474  Y 59674
X 127674  Y 58474
X 126474  Y 56474
X 118874  Y 55474
X 128474  Y 53874
X 126674  Y 52074
X 120474  Y 49274
X 117874  Y 49274
X 126474  Y 45874
X 123074  Y 41674
X 127674  Y 41474
X 127474  Y 25474
X 114874  Y 21474
X 119874  Y 21474
X 132274  Y 21874
X 139874  Y 21874
X 144874  Y 24474
X 147674  Y 24474
X 134874  Y 24874
X 140674  Y 38874
X 135874  Y 50274
X 130274  Y 52474
X 136274  Y 61474
X 142074  Y 68874
X 135674  Y 73474
X 134574  Y 77074
X 149274  Y 77274
X 141074  Y 79074
X 134674  Y 80274
X 137774  Y 80274
X 130474  Y 80374
X 149274  Y 80474
X 146074  Y 80474
X 133674  Y 82474
X 141074  Y 82474
X 137874  Y 83474
X 131474  Y 83474
X 146074  Y 83674
X 141074  Y 85474
X 130474  Y 85574
X 134674  Y 85574
X 149274  Y 86674
X 146074  Y 86874
X 137474  Y 87674
X 146274  Y 89874
X 149274  Y 89874
X 131074  Y 92474
X 142074  Y 92474
X 149474  Y 92874
X 146074  Y 93074
X 142074  Y 95874
X 146274  Y 96074
X 149274  Y 96274
X 149274  Y 99274
X 146074  Y 99474
X 130800  Y 100200
X 135800  Y 101800
X 142074  Y 101874
X 149274  Y 102474
X 144274  Y 104474
X 139000  Y 105000
X 132500  Y 105000
X 147274  Y 105474
X 152474  Y 105674
X 137500  Y 106500
X 134500  Y 106500
X 130874  Y 107274
X 144274  Y 107474
X 149474  Y 108674
X 146074  Y 108874
X 137474  Y 109674
X 134274  Y 109674
X 135674  Y 111274
X 149274  Y 111874
X 131074  Y 111874
X 146074  Y 112074
X 137874  Y 113874
X 146074  Y 115074
X 149274  Y 115074
X 137274  Y 117474
X 149274  Y 120074
X 143074  Y 120274
X 130474  Y 120274
X 136874  Y 120274
X 139874  Y 120274
X 133674  Y 120274
X 146274  Y 120274
X 130474  Y 123274
X 133474  Y 123274
X 149274  Y 123274
X 139874  Y 123274
X 136674  Y 123274
X 142874  Y 123274
X 146074  Y 123274
X 139874  Y 126474
X 141874  Y 132474
X 142674  Y 138274
X 144474  Y 139874
X 146674  Y 141474
X 147274  Y 160074
X 147274  Y 163274
X 149874  Y 178874
X 164874  Y 178674
X 169874  Y 178674
X 154874  Y 178474
X 159874  Y 178474
X 174874  Y 178274
X 169874  Y 162874
X 174874  Y 162874
X 164874  Y 162474
X 157274  Y 157274
X 176674  Y 153674
X 164674  Y 150674
X 157274  Y 149674
X 160074  Y 149674
X 170274  Y 149474
X 172674  Y 149474
X 167874  Y 149474
X 175874  Y 148474
X 179474  Y 143074
X 154674  Y 130474
X 168874  Y 121274
X 178374  Y 116374
X 160174  Y 110174
X 155874  Y 105674
X 167674  Y 105274
X 163974  Y 104974
X 161274  Y 103174
X 167274  Y 103074
X 164774  Y 102874
X 165274  Y 98474
X 168474  Y 95474
X 162874  Y 92074
X 171874  Y 88274
X 165674  Y 87674
X 168874  Y 86074
X 179474  Y 85474
X 171874  Y 83474
X 165874  Y 81474
X 176674  Y 80274
X 157874  Y 80274
X 166674  Y 76674
X 175474  Y 74074
X 169074  Y 66274
X 173274  Y 66274
X 163074  Y 65874
X 165674  Y 64274
X 162074  Y 61474
X 159474  Y 61474
X 168474  Y 60874
X 178800  Y 60800
X 173874  Y 60674
X 166074  Y 39074
X 162274  Y 25674
X 169874  Y 25474
X 159874  Y 25474
X 167074  Y 25074
X 161674  Y 23074
X 174874  Y 22874
X 155674  Y 22474
X 177274  Y 21674
X 172374  Y 20874
X 167474  Y 20874
X 199874  Y 21874
X 182274  Y 22074
X 187274  Y 22074
X 184874  Y 23874
X 194874  Y 25074
X 180074  Y 51274
X 182474  Y 51274
X 188874  Y 51474
X 193874  Y 51474
X 198874  Y 51474
X 198800  Y 60800
X 193874  Y 60874
X 189000  Y 61000
X 203874  Y 61074
X 183874  Y 61674
X 192474  Y 65874
X 195274  Y 65874
X 198274  Y 69474
X 194674  Y 72274
X 191274  Y 72474
X 198274  Y 75274
X 193274  Y 75474
X 193474  Y 78674
X 184274  Y 79874
X 191474  Y 80074
X 186474  Y 80274
X 196874  Y 82074
X 181274  Y 83674
X 196674  Y 84674
X 194674  Y 86074
X 191474  Y 86074
X 184874  Y 86879
X 181274  Y 87074
X 199474  Y 89274
X 193274  Y 91074
X 185874  Y 92674
X 191674  Y 92674
X 182074  Y 93874
X 198674  Y 94674
X 181642  Y 96308
X 185874  Y 96674
X 194674  Y 97474
X 197474  Y 98474
X 204474  Y 99074
X 202474  Y 100474
X 190674  Y 101674
X 181074  Y 101674
X 183074  Y 102674
X 201374  Y 103274
X 200074  Y 105074
X 193274  Y 105274
X 198274  Y 106374
X 182874  Y 111274
X 190074  Y 111474
X 187074  Y 111474
X 185274  Y 111474
X 203074  Y 113874
X 200874  Y 113874
X 183274  Y 116674
X 185074  Y 116674
X 195674  Y 117074
X 192474  Y 117074
X 203474  Y 131874
X 194074  Y 136074
X 191074  Y 136274
X 194074  Y 138074
X 196274  Y 138274
X 186474  Y 143074
X 183074  Y 143274
X 203674  Y 143674
X 201074  Y 143874
X 198474  Y 144674
X 196274  Y 145674
X 200674  Y 148674
X 182874  Y 150274
X 187474  Y 150274
X 202874  Y 158074
X 198974  Y 158774
X 194274  Y 159674
X 189874  Y 160874
X 184874  Y 162874
X 179874  Y 162874
X 184874  Y 178474
X 179874  Y 178674
X 194874  Y 178874
X 199874  Y 178874
X 189874  Y 178874
X 214874  Y 179074
X 219874  Y 179074
X 209874  Y 178874
X 224874  Y 178874
X 204800  Y 178800
X 206874  Y 157074
X 210274  Y 156874
X 210074  Y 149274
X 214074  Y 149074
X 212274  Y 139274
X 208674  Y 138274
X 204674  Y 136274
X 212274  Y 136074
X 214274  Y 134274
X 208474  Y 134274
X 216674  Y 133874
X 205274  Y 117074
X 208074  Y 117074
X 216674  Y 115474
X 216274  Y 112274
X 209748  Y 110771
X 204574  Y 108274
X 211874  Y 104474
X 209074  Y 100474
X 209748  Y 98173
X 216674  Y 93474
X 206074  Y 91874
X 209874  Y 88874
X 212474  Y 88274
X 219284  Y 86674
X 210074  Y 85274
X 210274  Y 81874
X 205674  Y 80074
X 205674  Y 77674
X 216674  Y 74474
X 206874  Y 74474
X 206874  Y 71474
X 204674  Y 70074
X 206474  Y 68274
X 208474  Y 65874
X 215074  Y 64874
X 205474  Y 63874
X 210674  Y 62674
X 213274  Y 62674
X 222674  Y 61274
X 220074  Y 61274
X 205674  Y 50874
X 225874  Y 25074
X 204874  Y 25074
X 231874  Y 21874
X 234874  Y 22474
X 252274  Y 83874
X 244074  Y 84274
X 248074  Y 84274
X 249474  Y 87674
X 240074  Y 118274
X 238474  Y 120274
X 240474  Y 122074
X 248874  Y 123074
X 239674  Y 125874
X 244674  Y 126674
X 250674  Y 127274
X 236274  Y 156474
X 251274  Y 160474
X 236274  Y 162474
X 249874  Y 163274
X 247474  Y 163474
X 234874  Y 178674
X 249874  Y 178874
X 239874  Y 178874
X 229874  Y 178874
X 244874  Y 178874
X 259874  Y 178674
X 264874  Y 178474
X 254874  Y 178374
X 264845  Y 163210
X 264474  Y 128074
X 267674  Y 126474
X 263674  Y 124474
X 261674  Y 56474
X 255274  Y 54874
X 257274  Y 37474
X 264874  Y 25474

Drill: .012  Tool: 2  Feed: 95  Speed: 300
X 7500  Y 4500
X 10500  Y 4500
X 13500  Y 4500
X 16500  Y 4500
X 19500  Y 4500
X 25500  Y 4500
X 28500  Y 4500
X 22500  Y 4500
X 4500  Y 6000
X 4500  Y 9000
X 12000  Y 12000
X 4500  Y 12000
X 4500  Y 15000
X 4500  Y 18000
X 4500  Y 21000
X 4500  Y 24000
X 25074  Y 24274
X 4500  Y 27000
X 4500  Y 30000
X 4500  Y 33000
X 20074  Y 35274
X 4500  Y 36000
X 4500  Y 39000
X 16000  Y 40000
X 22074  Y 41074
X 4500  Y 42000
X 4500  Y 45000
X 28474  Y 46474
X 4500  Y 48000
X 22074  Y 50874
X 4500  Y 51000
X 16000  Y 54000
X 4500  Y 54000
X 4500  Y 57000
X 4500  Y 60000
X 23674  Y 61674
X 4500  Y 63000
X 4500  Y 66000
X 4500  Y 69000
X 4500  Y 72000
X 4500  Y 75000
X 23874  Y 76474
X 4500  Y 78000
X 4500  Y 81000
X 4500  Y 84000
X 4500  Y 87000
X 4500  Y 90000
X 4500  Y 93000
X 4500  Y 96000
X 4500  Y 99000
X 4500  Y 102000
X 4500  Y 105000
X 4500  Y 108000
X 4500  Y 111000
X 4500  Y 114000
X 4500  Y 117000
X 22600  Y 118400
X 4500  Y 120000
X 4500  Y 123000
X 4500  Y 126000
X 15000  Y 128000
X 22400  Y 128000
X 4500  Y 129000
X 4500  Y 132000
X 4500  Y 135000
X 22600  Y 136000
X 4500  Y 138000
X 19500  Y 139900
X 4500  Y 141000
X 4500  Y 144000
X 19500  Y 144100
X 24500  Y 144100
X 14500  Y 144200
X 4500  Y 147000
X 4500  Y 150000
X 4500  Y 153000
X 4500  Y 156000
X 4500  Y 159000
X 4500  Y 162000
X 4500  Y 165000
X 4500  Y 168000
X 4500  Y 171000
X 4500  Y 174000
X 12000  Y 176000
X 4500  Y 177000
X 4500  Y 180000
X 4500  Y 183000
X 12500  Y 184000
X 15500  Y 185000
X 20500  Y 185000
X 4500  Y 186000
X 4500  Y 189000
X 4500  Y 192000
X 16500  Y 193500
X 7500  Y 193500
X 13500  Y 193500
X 10500  Y 193500
X 22500  Y 193500
X 25500  Y 193500
X 19500  Y 193500
X 28500  Y 193500
X 31500  Y 193500
X 36000  Y 193500
X 42000  Y 193500
X 45000  Y 193500
X 51000  Y 193500
X 54000  Y 193500
X 39000  Y 193500
X 33000  Y 193500
X 48000  Y 193500
X 39874  Y 178074
X 54000  Y 178000
X 44000  Y 155000
X 54000  Y 155000
X 49000  Y 155000
X 32874  Y 151874
X 44274  Y 150874
X 36074  Y 147874
X 47474  Y 128074
X 50074  Y 125874
X 40000  Y 116400
X 29874  Y 111274
X 49374  Y 108374
X 45374  Y 108374
X 38800  Y 105600
X 45374  Y 103374
X 49374  Y 103374
X 39600  Y 100000
X 48258  Y 89674
X 44274  Y 88874
X 36074  Y 88274
X 32074  Y 76674
X 40274  Y 68674
X 48874  Y 68674
X 31874  Y 68374
X 40274  Y 61474
X 32074  Y 61474
X 46400  Y 46800
X 44474  Y 43874
X 29874  Y 24274
X 34874  Y 22274
X 44874  Y 22074
X 46500  Y 4500
X 43500  Y 4500
X 40500  Y 4500
X 37500  Y 4500
X 34500  Y 4500
X 31500  Y 4500
X 49500  Y 4500
X 52500  Y 4500
X 70500  Y 4500
X 67500  Y 4500
X 64500  Y 4500
X 61500  Y 4500
X 58500  Y 4500
X 55500  Y 4500
X 76500  Y 4500
X 73500  Y 4500
X 59874  Y 22074
X 74874  Y 22474
X 71274  Y 23474
X 59074  Y 38474
X 79274  Y 40474
X 59474  Y 42874
X 75674  Y 54274
X 75874  Y 66074
X 65474  Y 72274
X 75074  Y 74674
X 58274  Y 82674
X 77074  Y 83674
X 68074  Y 86474
X 67674  Y 93074
X 79274  Y 100674
X 59000  Y 119400
X 63400  Y 120600
X 54874  Y 144382
X 61074  Y 162474
X 57000  Y 193500
X 63000  Y 193500
X 67500  Y 193500
X 70500  Y 193500
X 76500  Y 193500
X 73500  Y 193500
X 64500  Y 193500
X 60000  Y 193500
X 79500  Y 193500
X 91500  Y 193500
X 85500  Y 193500
X 82500  Y 193500
X 88500  Y 193500
X 94500  Y 193500
X 97500  Y 193500
X 103500  Y 193500
X 100500  Y 193500
X 89874  Y 178074
X 97474  Y 178074
X 92674  Y 161074
X 90074  Y 154074
X 92500  Y 151700
X 90200  Y 151600
X 90074  Y 149074
X 90274  Y 145074
X 80474  Y 67074
X 103474  Y 58874
X 98274  Y 58874
X 98274  Y 54874
X 103474  Y 54874
X 80674  Y 52474
X 98274  Y 45874
X 94874  Y 38474
X 79874  Y 24274
X 84874  Y 22274
X 103500  Y 4500
X 85500  Y 4500
X 91500  Y 4500
X 94500  Y 4500
X 97500  Y 4500
X 82500  Y 4500
X 79500  Y 4500
X 100500  Y 4500
X 88500  Y 4500
X 112500  Y 4500
X 109500  Y 4500
X 106500  Y 4500
X 121500  Y 4500
X 118500  Y 4500
X 124500  Y 4500
X 127500  Y 4500
X 115500  Y 4500
X 109874  Y 25274
X 127874  Y 98874
X 127874  Y 102074
X 122274  Y 160074
X 115500  Y 193500
X 121500  Y 193500
X 124500  Y 193500
X 106500  Y 193500
X 109500  Y 193500
X 118500  Y 193500
X 112500  Y 193500
X 127500  Y 193500
X 130500  Y 193500
X 133500  Y 193500
X 136500  Y 193500
X 142500  Y 193500
X 145500  Y 193500
X 148500  Y 193500
X 151500  Y 193500
X 139500  Y 193500
X 142700  Y 177900
X 129874  Y 161674
X 137274  Y 99074
X 131000  Y 95400
X 137074  Y 91874
X 147274  Y 63074
X 137274  Y 38674
X 130500  Y 4500
X 148500  Y 4500
X 139500  Y 4500
X 151500  Y 4500
X 145500  Y 4500
X 142500  Y 4500
X 136500  Y 4500
X 133500  Y 4500
X 163500  Y 4500
X 175500  Y 4500
X 172500  Y 4500
X 169500  Y 4500
X 166500  Y 4500
X 157500  Y 4500
X 160500  Y 4500
X 154500  Y 4500
X 178500  Y 4500
X 154874  Y 25074
X 160274  Y 38874
X 155474  Y 38874
X 161074  Y 55274
X 166074  Y 55274
X 165674  Y 69874
X 154674  Y 71474
X 175874  Y 87874
X 175074  Y 98274
X 174674  Y 116074
X 175500  Y 193500
X 157500  Y 193500
X 154500  Y 193500
X 172500  Y 193500
X 160500  Y 193500
X 163500  Y 193500
X 169500  Y 193500
X 166500  Y 193500
X 178500  Y 193500
X 196500  Y 193500
X 181500  Y 193500
X 184500  Y 193500
X 187500  Y 193500
X 199500  Y 193500
X 193500  Y 193500
X 190500  Y 193500
X 202500  Y 193500
X 201674  Y 120874
X 197874  Y 113674
X 186074  Y 102474
X 181274  Y 72874
X 185874  Y 72874
X 189274  Y 66074
X 196474  Y 54874
X 201474  Y 54874
X 189874  Y 25274
X 199874  Y 24674
X 193500  Y 4500
X 190500  Y 4500
X 202500  Y 4500
X 196500  Y 4500
X 187500  Y 4500
X 184500  Y 4500
X 199500  Y 4500
X 181500  Y 4500
X 217500  Y 4500
X 205500  Y 4500
X 214500  Y 4500
X 208500  Y 4500
X 211500  Y 4500
X 220500  Y 4500
X 223500  Y 4500
X 226500  Y 4500
X 225074  Y 22074
X 204874  Y 22274
X 214874  Y 22474
X 224874  Y 39474
X 216474  Y 41074
X 220874  Y 41274
X 206274  Y 54874
X 216474  Y 54874
X 220074  Y 67274
X 217274  Y 70274
X 228400  Y 74000
X 224274  Y 74274
X 228200  Y 79000
X 224274  Y 79274
X 217874  Y 82874
X 228400  Y 84200
X 228400  Y 89200
X 218000  Y 90000
X 224274  Y 94274
X 205674  Y 96274
X 218074  Y 96874
X 220000  Y 100000
X 216674  Y 103074
X 224274  Y 104274
X 216874  Y 106074
X 216874  Y 109274
X 220000  Y 112000
X 212674  Y 119674
X 211500  Y 193500
X 214500  Y 193500
X 208500  Y 193500
X 205500  Y 193500
X 223500  Y 193500
X 226500  Y 193500
X 220500  Y 193500
X 217500  Y 193500
X 232500  Y 193500
X 241500  Y 193500
X 229500  Y 193500
X 235500  Y 193500
X 238500  Y 193500
X 244500  Y 193500
X 249000  Y 193500
X 252000  Y 193500
X 244474  Y 157274
X 233200  Y 118200
X 233000  Y 113600
X 242600  Y 113400
X 238000  Y 113400
X 238000  Y 108400
X 233000  Y 108000
X 242200  Y 108000
X 233000  Y 102800
X 238000  Y 102800
X 242600  Y 102600
X 238000  Y 97400
X 233000  Y 97200
X 242400  Y 97200
X 238000  Y 92400
X 233000  Y 92200
X 242600  Y 92200
X 242800  Y 88200
X 238000  Y 87800
X 232800  Y 86800
X 236674  Y 69874
X 253474  Y 69474
X 244474  Y 63874
X 252274  Y 55074
X 253874  Y 49874
X 253874  Y 46074
X 234474  Y 45874
X 230674  Y 40074
X 232500  Y 4500
X 244500  Y 4500
X 247500  Y 4500
X 253500  Y 4500
X 238500  Y 4500
X 229500  Y 4500
X 241500  Y 4500
X 235500  Y 4500
X 250500  Y 4500
X 271500  Y 4500
X 256500  Y 4500
X 277500  Y 4500
X 274500  Y 4500
X 265500  Y 4500
X 259500  Y 4500
X 262500  Y 4500
X 268500  Y 4500
X 269874  Y 22874
X 276000  Y 32000
X 275674  Y 43074
X 278074  Y 66874
X 262474  Y 69274
X 271274  Y 69474
X 258074  Y 83074
X 256000  Y 86000
X 260000  Y 86000
X 256000  Y 90000
X 260000  Y 90000
X 276000  Y 92000
X 256000  Y 94000
X 260000  Y 94000
X 276000  Y 96000
X 256000  Y 100000
X 276000  Y 100000
X 260000  Y 100000
X 260000  Y 104000
X 276000  Y 104000
X 256000  Y 106000
X 260000  Y 108000
X 276000  Y 108000
X 255000  Y 111000
X 276000  Y 112000
X 260000  Y 112000
X 276000  Y 116000
X 255000  Y 117000
X 261000  Y 117000
X 276000  Y 120000
X 260000  Y 122200
X 276000  Y 124000
X 276000  Y 128000
X 256674  Y 142274
X 255874  Y 157274
X 271074  Y 159874
X 274274  Y 162674
X 274000  Y 169400
X 255000  Y 193500
X 279000  Y 193500
X 273000  Y 193500
X 264000  Y 193500
X 276000  Y 193500
X 258000  Y 193500
X 261000  Y 193500
X 267000  Y 193500
X 270000  Y 193500
X 285000  Y 193500
X 282000  Y 193500
X 288000  Y 193500
X 289500  Y 190500
X 289500  Y 187500
X 289500  Y 184500
X 289500  Y 181500
X 289500  Y 178500
X 282000  Y 176000
X 289500  Y 175500
X 289500  Y 172500
X 282000  Y 170000
X 289500  Y 169500
X 289500  Y 166500
X 284000  Y 164000
X 289500  Y 163500
X 289500  Y 160500
X 289500  Y 157500
X 289500  Y 154500
X 284000  Y 154000
X 289500  Y 151500
X 284000  Y 150000
X 289500  Y 148500
X 284000  Y 146000
X 289500  Y 145500
X 289500  Y 142500
X 284000  Y 142000
X 289500  Y 139500
X 284000  Y 138000
X 289500  Y 136500
X 284000  Y 134000
X 289500  Y 133500
X 289500  Y 130500
X 284000  Y 130000
X 289500  Y 127500
X 289500  Y 124500
X 289500  Y 121500
X 289500  Y 118500
X 289500  Y 115500
X 289500  Y 112500
X 289500  Y 109500
X 289500  Y 106500
X 289500  Y 103500
X 289500  Y 100500
X 289500  Y 97500
X 289500  Y 94500
X 289500  Y 91500
X 289500  Y 88500
X 289500  Y 85500
X 289500  Y 82500
X 289500  Y 79500
X 289500  Y 76500
X 289500  Y 73500
X 289500  Y 70500
X 289500  Y 67500
X 289500  Y 64500
X 289500  Y 61500
X 289500  Y 58500
X 289500  Y 55500
X 289500  Y 52500
X 289500  Y 49500
X 289500  Y 46500
X 289500  Y 43500
X 289500  Y 40500
X 284000  Y 40000
X 280000  Y 38000
X 289500  Y 37500
X 289500  Y 34500
X 282000  Y 32000
X 289500  Y 31500
X 289500  Y 28500
X 282000  Y 26000
X 289500  Y 25500
X 289500  Y 22500
X 289500  Y 19500
X 282000  Y 18000
X 289500  Y 16500
X 289500  Y 13500
X 289500  Y 10500
X 289500  Y 7500
X 280500  Y 4500
X 283500  Y 4500
X 289500  Y 4500
X 286500  Y 4500

Drill: .03543  Tool: 3  Feed: 197  Speed: 550
X 277029  Y 23621 X 275061  Y 23621
X 277029  Y 177164 X 275061  Y 177164

Drill: .05118  Tool: 4  Feed: 107  Speed: 550
X 19628  Y 23621 X 17659  Y 23621
X 19628  Y 177164 X 17659  Y 177164

End of Listing
