Removed Pin From Net: NetName=DP3V3 Pin=C3-1
Removed Pin From Net: NetName=DGND Pin=C3-2
Removed Pin From Net: NetName=DGND Pin=C4-1
Removed Pin From Net: NetName=DP3V3 Pin=C4-2
Removed Pin From Net: NetName=DGND Pin=C6-2
Removed Pin From Net: NetName=DP3V3 Pin=C7-1
Removed Pin From Net: NetName=DP3V3 Pin=C8-1
Removed Pin From Net: NetName=DGND Pin=C8-2
Removed Pin From Net: NetName=DGND Pin=C9-2
Removed Pin From Net: NetName=DGND Pin=C10-2
Removed Pin From Net: NetName=DGND Pin=C11-2
Removed Pin From Net: NetName=DGND Pin=C12-2
Removed Pin From Net: NetName=DP3V3 Pin=C13-1
Removed Pin From Net: NetName=DGND Pin=C13-2
Removed Pin From Net: NetName=DP3V3 Pin=C14-1
Removed Pin From Net: NetName=DGND Pin=C14-2
Removed Pin From Net: NetName=DP3V3 Pin=C15-1
Removed Pin From Net: NetName=DGND Pin=C15-2
Removed Pin From Net: NetName=DP3V3 Pin=C16-1
Removed Pin From Net: NetName=DGND Pin=C16-2
Removed Pin From Net: NetName=DGND Pin=C18-2
Removed Pin From Net: NetName=DGND Pin=C19-2
Removed Pin From Net: NetName=DGND Pin=C20-2
Removed Pin From Net: NetName=DGND Pin=C23-2
Removed Pin From Net: NetName=DGND Pin=C24-2
Removed Pin From Net: NetName=DGND Pin=C25-2
Removed Pin From Net: NetName=DGND Pin=C26-2
Removed Pin From Net: NetName=DGND Pin=C27-1
Removed Pin From Net: NetName=DP3V3 Pin=C27-2
Removed Pin From Net: NetName=DGND Pin=C28-2
Removed Pin From Net: NetName=DP3V3 Pin=C29-1
Removed Pin From Net: NetName=DGND Pin=C29-2
Removed Pin From Net: NetName=DP3V3 Pin=C30-1
Removed Pin From Net: NetName=DGND Pin=C30-2
Removed Pin From Net: NetName=DP3V3 Pin=C31-1
Removed Pin From Net: NetName=DGND Pin=C31-2
Removed Pin From Net: NetName=DP3V3 Pin=C32-1
Removed Pin From Net: NetName=DGND Pin=C32-2
Removed Pin From Net: NetName=DP3V3 Pin=C33-1
Removed Pin From Net: NetName=DGND Pin=C33-2
Removed Pin From Net: NetName=DP3V3 Pin=C34-1
Removed Pin From Net: NetName=DGND Pin=C34-2
Removed Pin From Net: NetName=DP3V3 Pin=C35-1
Removed Pin From Net: NetName=DGND Pin=C35-2
Removed Pin From Net: NetName=DP3V3 Pin=C36-1
Removed Pin From Net: NetName=DGND Pin=C36-2
Removed Pin From Net: NetName=DGND Pin=C37-2
Removed Pin From Net: NetName=DGND Pin=C38-2
Removed Pin From Net: NetName=DGND Pin=C39-2
Removed Pin From Net: NetName=DGND Pin=C40-2
Removed Pin From Net: NetName=DGND Pin=C41-2
Removed Pin From Net: NetName=DP3V3 Pin=C42-1
Removed Pin From Net: NetName=DGND Pin=C42-2
Removed Pin From Net: NetName=DP3V3 Pin=C43-1
Removed Pin From Net: NetName=DGND Pin=C44-1
Removed Pin From Net: NetName=DP3V3 Pin=C44-2
Removed Pin From Net: NetName=DP3V3 Pin=C45-1
Removed Pin From Net: NetName=DGND Pin=C45-2
Removed Pin From Net: NetName=DGND Pin=C49-1
Removed Pin From Net: NetName=DGND Pin=C50-1
Removed Pin From Net: NetName=DGND Pin=C51-1
Removed Pin From Net: NetName=DGND Pin=C54-2
Removed Pin From Net: NetName=DGND Pin=C55-2
Removed Pin From Net: NetName=DGND Pin=C56-2
Removed Pin From Net: NetName=DGND Pin=C57-2
Removed Pin From Net: NetName=DGND Pin=C63-1
Removed Pin From Net: NetName=DGND Pin=C64-1
Removed Pin From Net: NetName=DGND Pin=C65-1
Removed Pin From Net: NetName=DGND Pin=C66-1
Removed Pin From Net: NetName=DGND Pin=C67-2
Removed Pin From Net: NetName=DGND Pin=C69-2
Removed Pin From Net: NetName=DP3V3 Pin=C71-1
Removed Pin From Net: NetName=DGND Pin=C71-2
Removed Pin From Net: NetName=DGND Pin=C72-1
Removed Pin From Net: NetName=DGND Pin=C73-2
Removed Pin From Net: NetName=DGND Pin=C74-2
Removed Pin From Net: NetName=DGND Pin=C75-1
Removed Pin From Net: NetName=DGND Pin=C76-1
Removed Pin From Net: NetName=DP3V3 Pin=C76-2
Removed Pin From Net: NetName=DP3V3 Pin=C79-2
Removed Pin From Net: NetName=DGND Pin=C80-1
Removed Pin From Net: NetName=DP3V3 Pin=C80-2
Removed Pin From Net: NetName=DGND Pin=C81-1
Removed Pin From Net: NetName=DGND Pin=C103-2
Removed Pin From Net: NetName=DGND Pin=D4-1
Removed Pin From Net: NetName=DGND Pin=EC4-2
Removed Pin From Net: NetName=DP3V3 Pin=EC5-1
Removed Pin From Net: NetName=DGND Pin=EC5-2
Removed Pin From Net: NetName=DP3V3 Pin=FB1-1
Removed Pin From Net: NetName=DGND Pin=J3-3
Removed Pin From Net: NetName=DP3V3 Pin=J3-4
Removed Pin From Net: NetName=DGND Pin=J5-5
Removed Pin From Net: NetName=DP3V3 Pin=J5-6
Removed Pin From Net: NetName=DP3V3 Pin=J7-1
Removed Pin From Net: NetName=DGND Pin=J7-2
Removed Pin From Net: NetName=S_DIS_SDA Pin=J8-1
Removed Pin From Net: NetName=S_DIS_RS Pin=J8-2
Removed Pin From Net: NetName=S_DIS_SCK Pin=J8-3
Removed Pin From Net: NetName=S_DIS_CS Pin=J8-4
Removed Pin From Net: NetName=DGND Pin=J8-5
Removed Pin From Net: NetName=DP3V3 Pin=J8-6
Removed Pin From Net: NetName=DGND Pin=J12-1
Removed Pin From Net: NetName=DGND Pin=J13-3
Removed Pin From Net: NetName=DGND Pin=J13-5
Removed Pin From Net: NetName=DGND Pin=L1-2
Removed Pin From Net: NetName=DP3V3 Pin=LF1-1
Removed Pin From Net: NetName=DGND Pin=Q1-3
Removed Pin From Net: NetName=DGND Pin=Q3-3
Removed Pin From Net: NetName=DP3V3 Pin=R1-2
Removed Pin From Net: NetName=DP3V3 Pin=R3-1
Removed Pin From Net: NetName=DGND Pin=R7-1
Removed Pin From Net: NetName=DGND Pin=R10-1
Removed Pin From Net: NetName=DP3V3 Pin=R12-2
Removed Pin From Net: NetName=DP3V3 Pin=R14-2
Removed Pin From Net: NetName=DGND Pin=R20-2
Removed Pin From Net: NetName=DP3V3 Pin=R25-2
Removed Pin From Net: NetName=DP3V3 Pin=R27-2
Removed Pin From Net: NetName=DP3V3 Pin=R32-2
Removed Pin From Net: NetName=DP3V3 Pin=R34-1
Removed Pin From Net: NetName=DP3V3 Pin=R35-1
Removed Pin From Net: NetName=DP3V3 Pin=R36-1
Removed Pin From Net: NetName=DP3V3 Pin=R37-1
Removed Pin From Net: NetName=DP3V3 Pin=R38-1
Removed Pin From Net: NetName=DGND Pin=R49-1
Removed Pin From Net: NetName=DGND Pin=R57-1
Removed Pin From Net: NetName=DGND Pin=R59-1
Removed Pin From Net: NetName=DGND Pin=R60-2
Removed Pin From Net: NetName=DGND Pin=R61-2
Removed Pin From Net: NetName=DGND Pin=R71-2
Removed Pin From Net: NetName=DP3V3 Pin=R73-2
Removed Pin From Net: NetName=DP3V3 Pin=R76-2
Removed Pin From Net: NetName=DP3V3 Pin=R77-2
Removed Pin From Net: NetName=DP3V3 Pin=R78-2
Removed Pin From Net: NetName=DP3V3 Pin=R79-2
Removed Pin From Net: NetName=DP3V3 Pin=R80-2
Removed Pin From Net: NetName=DP3V3 Pin=R81-2
Removed Pin From Net: NetName=DGND Pin=SW1-2
Removed Pin From Net: NetName=DGND Pin=SW2-1
Removed Pin From Net: NetName=DP3V3 Pin=SW2-3
Removed Pin From Net: NetName=DGND Pin=SW4-2
Removed Pin From Net: NetName=DGND Pin=U1-12
Removed Pin From Net: NetName=DGND Pin=U1-18
Removed Pin From Net: NetName=DP3V3 Pin=U1-19
Removed Pin From Net: NetName=S_DIS_CS Pin=U1-20
Removed Pin From Net: NetName=S_DIS_SCK Pin=U1-21
Removed Pin From Net: NetName=S_DIS_RS Pin=U1-22
Removed Pin From Net: NetName=S_DIS_SDA Pin=U1-23
Removed Pin From Net: NetName=DGND Pin=U1-31
Removed Pin From Net: NetName=DP3V3 Pin=U1-32
Removed Pin From Net: NetName=DGND Pin=U1-47
Removed Pin From Net: NetName=DP3V3 Pin=U1-48
Removed Pin From Net: NetName=DGND Pin=U1-63
Removed Pin From Net: NetName=DP3V3 Pin=U1-64
Removed Pin From Net: NetName=DGND Pin=U2-4
Removed Pin From Net: NetName=DGND Pin=U4-1
Removed Pin From Net: NetName=DP3V3 Pin=U4-2
Removed Pin From Net: NetName=DP3V3 Pin=U5-1
Removed Pin From Net: NetName=DGND Pin=U5-8
Removed Pin From Net: NetName=DGND Pin=U7-3
Removed Pin From Net: NetName=DGND Pin=U8-3
Removed Pin From Net: NetName=DP3V3 Pin=U10-2
Removed Pin From Net: NetName=DGND Pin=U10-3
Removed Pin From Net: NetName=DGND Pin=U10-4
Removed Pin From Net: NetName=DGND Pin=U11-1
Removed Pin From Net: NetName=DGND Pin=U11-2
Removed Pin From Net: NetName=DGND Pin=U11-3
Removed Pin From Net: NetName=DGND Pin=U11-4
Removed Pin From Net: NetName=DGND Pin=U11-7
Removed Pin From Net: NetName=DP3V3 Pin=U11-8
Removed Pin From Net: NetName=DGND Pin=U12-3
Removed Pin From Net: NetName=DGND Pin=U17-5
Removed Pin From Net: NetName=DGND Pin=U19-3
Removed Pin From Net: NetName=DGND Pin=U19-4
Removed Pin From Net: NetName=DGND Pin=U20-3
Removed Pin From Net: NetName=DGND Pin=U21-3
Removed Pin From Net: NetName=DP3V3 Pin=U21-5
Removed Pin From Net: NetName=DGND Pin=U21-7
Removed Pin From Net: NetName=DGND Pin=U21-8
Removed Pin From Net: NetName=DP3V3 Pin=U21-9
Removed Pin From Net: NetName=DP3V3 Pin=U21-10
Removed Pin From Net: NetName=DGND Pin=U21-11
Removed Pin From Net: NetName=DGND Pin=U21-16
Removed Pin From Net: NetName=DP3V3 Pin=U21-17
Removed Pin From Net: NetName=DP3V3 Pin=U21-18
Removed Pin From Net: NetName=DGND Pin=U21-20
Removed Pin From Net: NetName=DGND Pin=U22-15
Removed Pin From Net: NetName=DP3V3 Pin=U22-16
Removed Member From Class: ClassName=迷你随车充V2.0(STM32)比亚迪 Member=C8
Removed Member From Class: ClassName=迷你随车充V2.0(STM32)比亚迪 Member=C9
Removed Member From Class: ClassName=迷你随车充V2.0(STM32)比亚迪 Member=C10
Removed Member From Class: ClassName=迷你随车充V2.0(STM32)比亚迪 Member=C11
Removed Member From Class: ClassName=迷你随车充V2.0(STM32)比亚迪 Member=C12
Removed Member From Class: ClassName=迷你随车充V2.0(STM32)比亚迪 Member=C13
Removed Member From Class: ClassName=迷你随车充V2.0(STM32)比亚迪 Member=C14
Removed Member From Class: ClassName=迷你随车充V2.0(STM32)比亚迪 Member=C15
Removed Member From Class: ClassName=迷你随车充V2.0(STM32)比亚迪 Member=C16
Removed Member From Class: ClassName=迷你随车充V2.0(STM32)比亚迪 Member=C17
Removed Member From Class: ClassName=迷你随车充V2.0(STM32)比亚迪 Member=C18
Removed Member From Class: ClassName=迷你随车充V2.0(STM32)比亚迪 Member=C19
Removed Member From Class: ClassName=迷你随车充V2.0(STM32)比亚迪 Member=C20
Removed Member From Class: ClassName=迷你随车充V2.0(STM32)比亚迪 Member=C21
Removed Member From Class: ClassName=迷你随车充V2.0(STM32)比亚迪 Member=C22
Removed Member From Class: ClassName=迷你随车充V2.0(STM32)比亚迪 Member=C23
Removed Member From Class: ClassName=迷你随车充V2.0(STM32)比亚迪 Member=C24
Removed Member From Class: ClassName=迷你随车充V2.0(STM32)比亚迪 Member=C25
Removed Member From Class: ClassName=迷你随车充V2.0(STM32)比亚迪 Member=C26
Removed Member From Class: ClassName=迷你随车充V2.0(STM32)比亚迪 Member=C27
Removed Member From Class: ClassName=迷你随车充V2.0(STM32)比亚迪 Member=C28
Removed Member From Class: ClassName=迷你随车充V2.0(STM32)比亚迪 Member=C29
Removed Member From Class: ClassName=迷你随车充V2.0(STM32)比亚迪 Member=C30
Removed Member From Class: ClassName=迷你随车充V2.0(STM32)比亚迪 Member=C31
Removed Member From Class: ClassName=迷你随车充V2.0(STM32)比亚迪 Member=C32
Removed Member From Class: ClassName=迷你随车充V2.0(STM32)比亚迪 Member=C33
Removed Member From Class: ClassName=迷你随车充V2.0(STM32)比亚迪 Member=C34
Removed Member From Class: ClassName=迷你随车充V2.0(STM32)比亚迪 Member=C35
Removed Member From Class: ClassName=迷你随车充V2.0(STM32)比亚迪 Member=C36
Removed Member From Class: ClassName=迷你随车充V2.0(STM32)比亚迪 Member=C37
Removed Member From Class: ClassName=迷你随车充V2.0(STM32)比亚迪 Member=C38
Removed Member From Class: ClassName=迷你随车充V2.0(STM32)比亚迪 Member=C39
Removed Member From Class: ClassName=迷你随车充V2.0(STM32)比亚迪 Member=C40
Removed Member From Class: ClassName=迷你随车充V2.0(STM32)比亚迪 Member=C41
Removed Member From Class: ClassName=迷你随车充V2.0(STM32)比亚迪 Member=C42
Removed Member From Class: ClassName=迷你随车充V2.0(STM32)比亚迪 Member=C43
Removed Member From Class: ClassName=迷你随车充V2.0(STM32)比亚迪 Member=C44
Removed Member From Class: ClassName=迷你随车充V2.0(STM32)比亚迪 Member=C45
Removed Member From Class: ClassName=迷你随车充V2.0(STM32)比亚迪 Member=C46
Removed Member From Class: ClassName=迷你随车充V2.0(STM32)比亚迪 Member=C47
Removed Member From Class: ClassName=迷你随车充V2.0(STM32)比亚迪 Member=C48
Removed Member From Class: ClassName=迷你随车充V2.0(STM32)比亚迪 Member=C49
Removed Member From Class: ClassName=迷你随车充V2.0(STM32)比亚迪 Member=C50
Removed Member From Class: ClassName=迷你随车充V2.0(STM32)比亚迪 Member=C51
Removed Member From Class: ClassName=迷你随车充V2.0(STM32)比亚迪 Member=C52
Removed Member From Class: ClassName=迷你随车充V2.0(STM32)比亚迪 Member=C53
Removed Member From Class: ClassName=迷你随车充V2.0(STM32)比亚迪 Member=C54
Removed Member From Class: ClassName=迷你随车充V2.0(STM32)比亚迪 Member=C55
Removed Member From Class: ClassName=迷你随车充V2.0(STM32)比亚迪 Member=C56
Removed Member From Class: ClassName=迷你随车充V2.0(STM32)比亚迪 Member=C57
Removed Member From Class: ClassName=迷你随车充V2.0(STM32)比亚迪 Member=C58
Removed Member From Class: ClassName=迷你随车充V2.0(STM32)比亚迪 Member=C59
Removed Member From Class: ClassName=迷你随车充V2.0(STM32)比亚迪 Member=C60
Removed Member From Class: ClassName=迷你随车充V2.0(STM32)比亚迪 Member=C61
Removed Member From Class: ClassName=迷你随车充V2.0(STM32)比亚迪 Member=C62
Removed Member From Class: ClassName=迷你随车充V2.0(STM32)比亚迪 Member=C63
Removed Member From Class: ClassName=迷你随车充V2.0(STM32)比亚迪 Member=C64
Removed Member From Class: ClassName=迷你随车充V2.0(STM32)比亚迪 Member=C65
Removed Member From Class: ClassName=迷你随车充V2.0(STM32)比亚迪 Member=C66
Removed Member From Class: ClassName=迷你随车充V2.0(STM32)比亚迪 Member=C67
Removed Member From Class: ClassName=迷你随车充V2.0(STM32)比亚迪 Member=C68
Removed Member From Class: ClassName=迷你随车充V2.0(STM32)比亚迪 Member=C69
Removed Member From Class: ClassName=迷你随车充V2.0(STM32)比亚迪 Member=C70
Removed Member From Class: ClassName=迷你随车充V2.0(STM32)比亚迪 Member=C71
Removed Member From Class: ClassName=迷你随车充V2.0(STM32)比亚迪 Member=C72
Removed Member From Class: ClassName=迷你随车充V2.0(STM32)比亚迪 Member=C73
Removed Member From Class: ClassName=迷你随车充V2.0(STM32)比亚迪 Member=C74
Removed Member From Class: ClassName=迷你随车充V2.0(STM32)比亚迪 Member=C75
Removed Member From Class: ClassName=迷你随车充V2.0(STM32)比亚迪 Member=C76
Removed Member From Class: ClassName=迷你随车充V2.0(STM32)比亚迪 Member=C77
Removed Member From Class: ClassName=迷你随车充V2.0(STM32)比亚迪 Member=C78
Removed Member From Class: ClassName=迷你随车充V2.0(STM32)比亚迪 Member=C79
Removed Member From Class: ClassName=迷你随车充V2.0(STM32)比亚迪 Member=C80
Removed Member From Class: ClassName=迷你随车充V2.0(STM32)比亚迪 Member=C81
Removed Member From Class: ClassName=迷你随车充V2.0(STM32)比亚迪 Member=C103
Removed Member From Class: ClassName=迷你随车充V2.0(STM32)比亚迪 Member=D1
Removed Member From Class: ClassName=迷你随车充V2.0(STM32)比亚迪 Member=D2
Removed Member From Class: ClassName=迷你随车充V2.0(STM32)比亚迪 Member=D3
Removed Member From Class: ClassName=迷你随车充V2.0(STM32)比亚迪 Member=D4
Removed Member From Class: ClassName=迷你随车充V2.0(STM32)比亚迪 Member=D5
Removed Member From Class: ClassName=迷你随车充V2.0(STM32)比亚迪 Member=D6
Removed Member From Class: ClassName=迷你随车充V2.0(STM32)比亚迪 Member=DC1
Removed Member From Class: ClassName=迷你随车充V2.0(STM32)比亚迪 Member=DC2
Removed Member From Class: ClassName=迷你随车充V2.0(STM32)比亚迪 Member=DC3
Removed Member From Class: ClassName=迷你随车充V2.0(STM32)比亚迪 Member=EC1
Removed Member From Class: ClassName=迷你随车充V2.0(STM32)比亚迪 Member=EC2
Removed Member From Class: ClassName=迷你随车充V2.0(STM32)比亚迪 Member=EC3
Removed Member From Class: ClassName=迷你随车充V2.0(STM32)比亚迪 Member=EC4
Removed Member From Class: ClassName=迷你随车充V2.0(STM32)比亚迪 Member=EC5
Removed Member From Class: ClassName=迷你随车充V2.0(STM32)比亚迪 Member=F1
Removed Member From Class: ClassName=迷你随车充V2.0(STM32)比亚迪 Member=FB1
Removed Member From Class: ClassName=迷你随车充V2.0(STM32)比亚迪 Member=J4
Removed Member From Class: ClassName=迷你随车充V2.0(STM32)比亚迪 Member=J5
Removed Member From Class: ClassName=迷你随车充V2.0(STM32)比亚迪 Member=J6
Removed Member From Class: ClassName=迷你随车充V2.0(STM32)比亚迪 Member=J7
Removed Member From Class: ClassName=迷你随车充V2.0(STM32)比亚迪 Member=J8
Removed Member From Class: ClassName=迷你随车充V2.0(STM32)比亚迪 Member=J9
Removed Member From Class: ClassName=迷你随车充V2.0(STM32)比亚迪 Member=J10
Removed Member From Class: ClassName=迷你随车充V2.0(STM32)比亚迪 Member=J11
Removed Member From Class: ClassName=迷你随车充V2.0(STM32)比亚迪 Member=J12
Removed Member From Class: ClassName=迷你随车充V2.0(STM32)比亚迪 Member=J13
Removed Member From Class: ClassName=迷你随车充V2.0(STM32)比亚迪 Member=L1
Removed Member From Class: ClassName=迷你随车充V2.0(STM32)比亚迪 Member=L2
Removed Member From Class: ClassName=迷你随车充V2.0(STM32)比亚迪 Member=L3
Removed Member From Class: ClassName=迷你随车充V2.0(STM32)比亚迪 Member=L4
Removed Member From Class: ClassName=迷你随车充V2.0(STM32)比亚迪 Member=L5
Removed Member From Class: ClassName=迷你随车充V2.0(STM32)比亚迪 Member=LF1
Removed Member From Class: ClassName=迷你随车充V2.0(STM32)比亚迪 Member=LF2
Removed Member From Class: ClassName=迷你随车充V2.0(STM32)比亚迪 Member=LF3
Removed Member From Class: ClassName=迷你随车充V2.0(STM32)比亚迪 Member=LT1
Removed Member From Class: ClassName=迷你随车充V2.0(STM32)比亚迪 Member=MOV1
Removed Member From Class: ClassName=迷你随车充V2.0(STM32)比亚迪 Member=Q1
Removed Member From Class: ClassName=迷你随车充V2.0(STM32)比亚迪 Member=Q2
Removed Member From Class: ClassName=迷你随车充V2.0(STM32)比亚迪 Member=Q3
Removed Member From Class: ClassName=迷你随车充V2.0(STM32)比亚迪 Member=R7
Removed Member From Class: ClassName=迷你随车充V2.0(STM32)比亚迪 Member=R8
Removed Member From Class: ClassName=迷你随车充V2.0(STM32)比亚迪 Member=R9
Removed Member From Class: ClassName=迷你随车充V2.0(STM32)比亚迪 Member=R10
Removed Member From Class: ClassName=迷你随车充V2.0(STM32)比亚迪 Member=R11
Removed Member From Class: ClassName=迷你随车充V2.0(STM32)比亚迪 Member=R12
Removed Member From Class: ClassName=迷你随车充V2.0(STM32)比亚迪 Member=R13
Removed Member From Class: ClassName=迷你随车充V2.0(STM32)比亚迪 Member=R14
Removed Member From Class: ClassName=迷你随车充V2.0(STM32)比亚迪 Member=R15
Removed Member From Class: ClassName=迷你随车充V2.0(STM32)比亚迪 Member=R16
Removed Member From Class: ClassName=迷你随车充V2.0(STM32)比亚迪 Member=R17
Removed Member From Class: ClassName=迷你随车充V2.0(STM32)比亚迪 Member=R18
Removed Member From Class: ClassName=迷你随车充V2.0(STM32)比亚迪 Member=R19
Removed Member From Class: ClassName=迷你随车充V2.0(STM32)比亚迪 Member=R20
Removed Member From Class: ClassName=迷你随车充V2.0(STM32)比亚迪 Member=R21
Removed Member From Class: ClassName=迷你随车充V2.0(STM32)比亚迪 Member=R22
Removed Member From Class: ClassName=迷你随车充V2.0(STM32)比亚迪 Member=R23
Removed Member From Class: ClassName=迷你随车充V2.0(STM32)比亚迪 Member=R24
Removed Member From Class: ClassName=迷你随车充V2.0(STM32)比亚迪 Member=R25
Removed Member From Class: ClassName=迷你随车充V2.0(STM32)比亚迪 Member=R26
Removed Member From Class: ClassName=迷你随车充V2.0(STM32)比亚迪 Member=R27
Removed Member From Class: ClassName=迷你随车充V2.0(STM32)比亚迪 Member=R28
Removed Member From Class: ClassName=迷你随车充V2.0(STM32)比亚迪 Member=R29
Removed Member From Class: ClassName=迷你随车充V2.0(STM32)比亚迪 Member=R30
Removed Member From Class: ClassName=迷你随车充V2.0(STM32)比亚迪 Member=R31
Removed Member From Class: ClassName=迷你随车充V2.0(STM32)比亚迪 Member=R32
Removed Member From Class: ClassName=迷你随车充V2.0(STM32)比亚迪 Member=R33
Removed Member From Class: ClassName=迷你随车充V2.0(STM32)比亚迪 Member=R34
Removed Member From Class: ClassName=迷你随车充V2.0(STM32)比亚迪 Member=R35
Removed Member From Class: ClassName=迷你随车充V2.0(STM32)比亚迪 Member=R36
Removed Member From Class: ClassName=迷你随车充V2.0(STM32)比亚迪 Member=R37
Removed Member From Class: ClassName=迷你随车充V2.0(STM32)比亚迪 Member=R38
Removed Member From Class: ClassName=迷你随车充V2.0(STM32)比亚迪 Member=R39
Removed Member From Class: ClassName=迷你随车充V2.0(STM32)比亚迪 Member=R40
Removed Member From Class: ClassName=迷你随车充V2.0(STM32)比亚迪 Member=R41
Removed Member From Class: ClassName=迷你随车充V2.0(STM32)比亚迪 Member=R42
Removed Member From Class: ClassName=迷你随车充V2.0(STM32)比亚迪 Member=R43
Removed Member From Class: ClassName=迷你随车充V2.0(STM32)比亚迪 Member=R44
Removed Member From Class: ClassName=迷你随车充V2.0(STM32)比亚迪 Member=R45
Removed Member From Class: ClassName=迷你随车充V2.0(STM32)比亚迪 Member=R46
Removed Member From Class: ClassName=迷你随车充V2.0(STM32)比亚迪 Member=R47
Removed Member From Class: ClassName=迷你随车充V2.0(STM32)比亚迪 Member=R48
Removed Member From Class: ClassName=迷你随车充V2.0(STM32)比亚迪 Member=R49
Removed Member From Class: ClassName=迷你随车充V2.0(STM32)比亚迪 Member=R50
Removed Member From Class: ClassName=迷你随车充V2.0(STM32)比亚迪 Member=R51
Removed Member From Class: ClassName=迷你随车充V2.0(STM32)比亚迪 Member=R52
Removed Member From Class: ClassName=迷你随车充V2.0(STM32)比亚迪 Member=R53
Removed Member From Class: ClassName=迷你随车充V2.0(STM32)比亚迪 Member=R54
Removed Member From Class: ClassName=迷你随车充V2.0(STM32)比亚迪 Member=R55
Removed Member From Class: ClassName=迷你随车充V2.0(STM32)比亚迪 Member=R56
Removed Member From Class: ClassName=迷你随车充V2.0(STM32)比亚迪 Member=R57
Removed Member From Class: ClassName=迷你随车充V2.0(STM32)比亚迪 Member=R58
Removed Member From Class: ClassName=迷你随车充V2.0(STM32)比亚迪 Member=R59
Removed Member From Class: ClassName=迷你随车充V2.0(STM32)比亚迪 Member=R60
Removed Member From Class: ClassName=迷你随车充V2.0(STM32)比亚迪 Member=R61
Removed Member From Class: ClassName=迷你随车充V2.0(STM32)比亚迪 Member=R62
Removed Member From Class: ClassName=迷你随车充V2.0(STM32)比亚迪 Member=R63
Removed Member From Class: ClassName=迷你随车充V2.0(STM32)比亚迪 Member=R64
Removed Member From Class: ClassName=迷你随车充V2.0(STM32)比亚迪 Member=R65
Removed Member From Class: ClassName=迷你随车充V2.0(STM32)比亚迪 Member=R66
Removed Member From Class: ClassName=迷你随车充V2.0(STM32)比亚迪 Member=R67
Removed Member From Class: ClassName=迷你随车充V2.0(STM32)比亚迪 Member=R68
Removed Member From Class: ClassName=迷你随车充V2.0(STM32)比亚迪 Member=R69
Removed Member From Class: ClassName=迷你随车充V2.0(STM32)比亚迪 Member=R70
Removed Member From Class: ClassName=迷你随车充V2.0(STM32)比亚迪 Member=R71
Removed Member From Class: ClassName=迷你随车充V2.0(STM32)比亚迪 Member=R72
Removed Member From Class: ClassName=迷你随车充V2.0(STM32)比亚迪 Member=R73
Removed Member From Class: ClassName=迷你随车充V2.0(STM32)比亚迪 Member=R74
Removed Member From Class: ClassName=迷你随车充V2.0(STM32)比亚迪 Member=R75
Removed Member From Class: ClassName=迷你随车充V2.0(STM32)比亚迪 Member=R76
Removed Member From Class: ClassName=迷你随车充V2.0(STM32)比亚迪 Member=R77
Removed Member From Class: ClassName=迷你随车充V2.0(STM32)比亚迪 Member=R78
Removed Member From Class: ClassName=迷你随车充V2.0(STM32)比亚迪 Member=R79
Removed Member From Class: ClassName=迷你随车充V2.0(STM32)比亚迪 Member=R80
Removed Member From Class: ClassName=迷你随车充V2.0(STM32)比亚迪 Member=R81
Removed Member From Class: ClassName=迷你随车充V2.0(STM32)比亚迪 Member=R82
Removed Member From Class: ClassName=迷你随车充V2.0(STM32)比亚迪 Member=R83
Removed Member From Class: ClassName=迷你随车充V2.0(STM32)比亚迪 Member=RL1
Removed Member From Class: ClassName=迷你随车充V2.0(STM32)比亚迪 Member=SW1
Removed Member From Class: ClassName=迷你随车充V2.0(STM32)比亚迪 Member=SW2
Removed Member From Class: ClassName=迷你随车充V2.0(STM32)比亚迪 Member=SW3
Removed Member From Class: ClassName=迷你随车充V2.0(STM32)比亚迪 Member=SW4
Removed Member From Class: ClassName=迷你随车充V2.0(STM32)比亚迪 Member=TVS1
Removed Member From Class: ClassName=迷你随车充V2.0(STM32)比亚迪 Member=U1
Removed Member From Class: ClassName=迷你随车充V2.0(STM32)比亚迪 Member=U2
Removed Member From Class: ClassName=迷你随车充V2.0(STM32)比亚迪 Member=U3
Removed Member From Class: ClassName=迷你随车充V2.0(STM32)比亚迪 Member=U4
Removed Member From Class: ClassName=迷你随车充V2.0(STM32)比亚迪 Member=U5
Removed Member From Class: ClassName=迷你随车充V2.0(STM32)比亚迪 Member=U6
Removed Member From Class: ClassName=迷你随车充V2.0(STM32)比亚迪 Member=U7
Removed Member From Class: ClassName=迷你随车充V2.0(STM32)比亚迪 Member=U8
Removed Member From Class: ClassName=迷你随车充V2.0(STM32)比亚迪 Member=U9
Removed Member From Class: ClassName=迷你随车充V2.0(STM32)比亚迪 Member=U10
Removed Member From Class: ClassName=迷你随车充V2.0(STM32)比亚迪 Member=U11
Removed Member From Class: ClassName=迷你随车充V2.0(STM32)比亚迪 Member=U12
Removed Member From Class: ClassName=迷你随车充V2.0(STM32)比亚迪 Member=U13
Removed Member From Class: ClassName=迷你随车充V2.0(STM32)比亚迪 Member=U14
Removed Member From Class: ClassName=迷你随车充V2.0(STM32)比亚迪 Member=U15
Removed Member From Class: ClassName=迷你随车充V2.0(STM32)比亚迪 Member=U16
Removed Member From Class: ClassName=迷你随车充V2.0(STM32)比亚迪 Member=U17
Removed Member From Class: ClassName=迷你随车充V2.0(STM32)比亚迪 Member=U18
Removed Member From Class: ClassName=迷你随车充V2.0(STM32)比亚迪 Member=U19
Removed Member From Class: ClassName=迷你随车充V2.0(STM32)比亚迪 Member=U20
Removed Member From Class: ClassName=迷你随车充V2.0(STM32)比亚迪 Member=U21
Removed Member From Class: ClassName=迷你随车充V2.0(STM32)比亚迪 Member=U22
Removed Member From Class: ClassName=迷你随车充V2.0(STM32)比亚迪 Member=Y1
Removed Member From Class: ClassName=迷你随车充V2.0(STM32)比亚迪 Member=Y2
Removed Member From Class: ClassName=迷你随车充V2.0(STM32)比亚迪 Member=Y3
Removed Member From Class: ClassName=迷你随车充V2.0(STM32)比亚迪 Member=Y4
Change Component DesignItemId : Designator=C3 Old DesignItemId=CAP1 New DesignItemId=CAP
Change Component DesignItemId : Designator=C1 Old DesignItemId=CAP New DesignItemId=CAP1
Change Component DesignItemId : Designator=C4 Old DesignItemId=CAP New DesignItemId=CAP1
Change Component DesignItemId : Designator=C5 Old DesignItemId=CAP New DesignItemId=CAP1
Change Component DesignItemId : Designator=J3 Old DesignItemId=CON4 New DesignItemId=CON2
Change Component DesignItemId : Designator=R2 Old DesignItemId=RES1 New DesignItemId=RES-1
Change Component DesignItemId : Designator=R3 Old DesignItemId=RES1 New DesignItemId=RES-1
Change Component Footprint: Designator=C4 Old Footprint=0603C New Footprint=0805C
Change Component Footprint: Designator=C3 Old Footprint=0805C New Footprint=0603C
Change Component Footprint: Designator=C7 Old Footprint=0805C New Footprint=0603C
Change Component Footprint: Designator=J3 Old Footprint=CON04_2.54 New Footprint=JXL12864G-1504
Change Component Comment : Designator=C6 Old Comment=0.1uF New Comment=105
Change Component Comment : Designator=C3 Old Comment=10uF New Comment=104
Change Component Comment : Designator=C7 Old Comment=10uF New Comment=105
Change Component Comment : Designator=C1 Old Comment=104 New Comment=0.1uF
Change Component Comment : Designator=C4 Old Comment=104 New Comment=10uF
Change Component Comment : Designator=J3 Old Comment=CON4 New Comment=CON2
Change Component Description : Designator=R1 Old Description= New Description=0603贴片电阻/10K/0.1W/±5%
