Drill Listing
=============
Drill: .01  Tool: 1  Feed: 95  Speed: 300
X 305600  Y 152800
X 284000  Y 170800
X 288400  Y 185600
X 284400  Y 188400
X 267000  Y 214400
X 305000  Y 346500
X 284000  Y 396800
X 321000  Y 346500
X 370800  Y 292000
X 375200  Y 288800
X 369600  Y 286000
X 335600  Y 270800
X 320400  Y 250000
X 345600  Y 149600
X 372000  Y 145000
X 404400  Y 219600
X 395600  Y 240606
X 406800  Y 242000
X 417600  Y 338000
X 410400  Y 363200
X 416800  Y 364000
X 551000  Y 437500
X 570000  Y 304500
X 575500  Y 274000
X 566000  Y 258000
X 609000  Y 307000

Drill: .012  Tool: 2  Feed: 95  Speed: 300
X 217600  Y 178800
X 214800  Y 182000
X 208500  Y 200000
X 226000  Y 206800
X 222000  Y 211200
X 215000  Y 214500
X 220000  Y 215500
X 285500  Y 366000
X 288500  Y 363000
X 285500  Y 354000
X 288500  Y 351500
X 281500  Y 229500
X 285000  Y 226500
X 290800  Y 222800
X 262800  Y 220400
X 282400  Y 211200
X 244000  Y 176800
X 279200  Y 171200
X 242800  Y 155200
X 305600  Y 144800
X 352500  Y 130000
X 349600  Y 134500
X 357000  Y 139500
X 352000  Y 162000
X 337500  Y 162500
X 360500  Y 165000
X 353500  Y 166000
X 342000  Y 181500
X 367500  Y 183000
X 359500  Y 234000
X 366500  Y 237000
X 362500  Y 237500
X 378400  Y 249200
X 327000  Y 267500
X 345200  Y 269200
X 317600  Y 315600
X 414000  Y 360000
X 419000  Y 359500
X 423500  Y 341500
X 410400  Y 339500
X 420400  Y 334000
X 394800  Y 309000
X 394800  Y 271600
X 401000  Y 248800
X 407200  Y 248800
X 410000  Y 226400
X 396000  Y 189500
X 521600  Y 260800
X 517200  Y 265200
X 512000  Y 265600
X 469000  Y 289000
X 535600  Y 354800
X 535600  Y 367600
X 573500  Y 343000
X 592000  Y 335000
X 602000  Y 328000
X 596500  Y 328000
X 589000  Y 279500
X 592500  Y 276000
X 571000  Y 274500
X 574800  Y 266800
X 604000  Y 264000
X 599500  Y 263500
X 582000  Y 263500
X 578500  Y 260500
X 569200  Y 254800
X 591600  Y 193600
X 591600  Y 179000
X 617000  Y 252000
X 620000  Y 257600
X 619500  Y 262000
X 612500  Y 304500
X 615500  Y 316500
X 635200  Y 318800
X 618400  Y 320800
X 624800  Y 322000
X 618400  Y 328000

Drill: .016  Tool: 3  Feed: 95  Speed: 300
X 27000  Y 120000
X 6000  Y 123000
X 6000  Y 129000
X 12000  Y 129000
X 24000  Y 129000
X 6000  Y 135000
X 12000  Y 135000
X 12000  Y 141000
X 6000  Y 141000
X 18000  Y 144000
X 6000  Y 147000
X 12000  Y 147000
X 18000  Y 150000
X 12000  Y 153000
X 6000  Y 153000
X 6000  Y 159000
X 12000  Y 159000
X 26500  Y 159500
X 6000  Y 165000
X 6000  Y 171000
X 12000  Y 171000
X 12000  Y 177000
X 6000  Y 177000
X 12000  Y 183000
X 6000  Y 183000
X 12000  Y 189000
X 6000  Y 189000
X 12000  Y 195000
X 6000  Y 195000
X 24000  Y 195000
X 6000  Y 201000
X 12000  Y 201000
X 21000  Y 201000
X 15000  Y 207000
X 21000  Y 207000
X 15000  Y 213000
X 15000  Y 219000
X 24000  Y 220000
X 6000  Y 222000
X 12000  Y 225000
X 6000  Y 228000
X 12000  Y 231000
X 6000  Y 234000
X 12000  Y 237000
X 6000  Y 240000
X 12000  Y 243000
X 6000  Y 246000
X 12000  Y 249000
X 6000  Y 252000
X 6000  Y 258000
X 18000  Y 261000
X 12000  Y 261000
X 6000  Y 264000
X 18000  Y 267000
X 12000  Y 267000
X 6000  Y 270000
X 18000  Y 273000
X 12000  Y 273000
X 6000  Y 276000
X 12000  Y 279000
X 18000  Y 279000
X 24000  Y 279000
X 30000  Y 279000
X 36000  Y 279000
X 42000  Y 279000
X 48000  Y 279000
X 42000  Y 261000
X 48000  Y 261000
X 36000  Y 220000
X 49000  Y 220000
X 36000  Y 207000
X 54000  Y 207000
X 48000  Y 207000
X 51000  Y 195000
X 38000  Y 190500
X 51000  Y 189000
X 51000  Y 183000
X 51000  Y 177000
X 51000  Y 171000
X 51000  Y 165000
X 33500  Y 159500
X 51000  Y 159000
X 51000  Y 153000
X 51000  Y 147000
X 51000  Y 141000
X 54000  Y 135000
X 39000  Y 129000
X 36000  Y 120000
X 78000  Y 120000
X 69000  Y 120000
X 66000  Y 129000
X 57000  Y 141000
X 57000  Y 147000
X 57000  Y 153000
X 68500  Y 159500
X 75500  Y 159500
X 78000  Y 191000
X 78000  Y 207000
X 72000  Y 207000
X 66000  Y 207000
X 60000  Y 207000
X 63000  Y 213000
X 57000  Y 213000
X 69000  Y 213000
X 75000  Y 213000
X 57000  Y 228000
X 63000  Y 228000
X 69000  Y 228000
X 75000  Y 228000
X 78000  Y 234000
X 72000  Y 234000
X 66000  Y 234000
X 60000  Y 234000
X 57000  Y 240000
X 63000  Y 240000
X 69000  Y 240000
X 75000  Y 240000
X 78000  Y 246000
X 72000  Y 246000
X 66000  Y 246000
X 60000  Y 246000
X 75000  Y 252000
X 69000  Y 252000
X 78000  Y 258000
X 72000  Y 258000
X 66000  Y 258000
X 66000  Y 264000
X 72000  Y 264000
X 78000  Y 264000
X 78000  Y 270000
X 72000  Y 270000
X 66000  Y 270000
X 84000  Y 270000
X 84000  Y 264000
X 90000  Y 264000
X 90000  Y 258000
X 84000  Y 258000
X 84000  Y 246000
X 81000  Y 240000
X 87000  Y 240000
X 84000  Y 234000
X 81000  Y 228000
X 87000  Y 228000
X 96000  Y 220000
X 87000  Y 213000
X 81000  Y 213000
X 96000  Y 207000
X 90000  Y 207000
X 84000  Y 207000
X 90000  Y 192000
X 96000  Y 192000
X 102000  Y 192000
X 93000  Y 186000
X 93000  Y 180000
X 93000  Y 174000
X 87000  Y 171000
X 93000  Y 168000
X 87000  Y 165000
X 93000  Y 162000
X 87000  Y 159000
X 93000  Y 156000
X 99000  Y 153000
X 90000  Y 150000
X 96000  Y 147000
X 102000  Y 147000
X 90000  Y 141000
X 96000  Y 141000
X 81000  Y 129000
X 117000  Y 120000
X 111000  Y 120000
X 152000  Y 122000
X 108000  Y 129000
X 123000  Y 129000
X 138000  Y 129000
X 149500  Y 129500
X 138000  Y 135000
X 138000  Y 141000
X 132000  Y 144000
X 138000  Y 147000
X 132000  Y 150000
X 138000  Y 153000
X 132000  Y 156000
X 110000  Y 159000
X 118000  Y 159000
X 151000  Y 159500
X 132000  Y 162000
X 132000  Y 168000
X 132000  Y 174000
X 132000  Y 180000
X 132000  Y 186000
X 120000  Y 191000
X 144000  Y 192000
X 138000  Y 192000
X 132000  Y 192000
X 108000  Y 192000
X 138000  Y 210000
X 132000  Y 210000
X 150000  Y 210000
X 144000  Y 210000
X 126000  Y 210000
X 108000  Y 220000
X 120500  Y 220000
X 129000  Y 228000
X 135000  Y 228000
X 141000  Y 228000
X 147000  Y 228000
X 153000  Y 228000
X 150000  Y 234000
X 144000  Y 237000
X 138000  Y 237000
X 132000  Y 237000
X 153000  Y 240000
X 147000  Y 243000
X 138000  Y 243000
X 132000  Y 246000
X 144000  Y 249000
X 138000  Y 249000
X 150000  Y 249000
X 138000  Y 255000
X 144000  Y 258000
X 153000  Y 258000
X 153000  Y 264000
X 147000  Y 264000
X 141000  Y 264000
X 135000  Y 264000
X 147000  Y 270000
X 141000  Y 270000
X 135000  Y 270000
X 179500  Y 349500
X 159000  Y 261000
X 156000  Y 246000
X 156000  Y 234000
X 166000  Y 220000
X 179500  Y 220000
X 156000  Y 210000
X 168000  Y 210000
X 162000  Y 210000
X 158000  Y 189500
X 171000  Y 189000
X 171000  Y 183000
X 171000  Y 177000
X 177000  Y 174000
X 171000  Y 171000
X 177000  Y 168000
X 171000  Y 165000
X 177000  Y 162000
X 171000  Y 159000
X 158000  Y 159000
X 177000  Y 156000
X 171000  Y 153000
X 177000  Y 150000
X 171000  Y 147000
X 177000  Y 144000
X 171000  Y 141000
X 177000  Y 138000
X 180000  Y 132000
X 164500  Y 129000
X 163500  Y 121000
X 157500  Y 119500
X 198000  Y 123000
X 204000  Y 123000
X 192000  Y 129000
X 183000  Y 138000
X 183000  Y 144000
X 183000  Y 150000
X 202500  Y 159000
X 195000  Y 159000
X 196000  Y 190000
X 189000  Y 213000
X 195000  Y 213000
X 201000  Y 213000
X 189000  Y 228000
X 195000  Y 228000
X 201000  Y 228000
X 195000  Y 234000
X 201000  Y 234000
X 189000  Y 234000
X 201000  Y 240000
X 195000  Y 240000
X 189000  Y 261000
X 225000  Y 438000
X 207000  Y 270000
X 207000  Y 264000
X 207000  Y 258000
X 207000  Y 252000
X 207000  Y 246000
X 207000  Y 240000
X 207000  Y 234000
X 207000  Y 228000
X 207000  Y 213000
X 214000  Y 199500
X 216000  Y 153000
X 216000  Y 147000
X 222000  Y 147000
X 228000  Y 147000
X 216000  Y 141000
X 222000  Y 141000
X 222000  Y 135000
X 222000  Y 129000
X 207000  Y 129000
X 225000  Y 15000
X 225000  Y 9000
X 243000  Y 9000
X 249000  Y 9000
X 255000  Y 9000
X 231000  Y 9000
X 237000  Y 9000
X 248500  Y 55000
X 244000  Y 112500
X 244500  Y 125500
X 240500  Y 132000
X 255000  Y 132000
X 255000  Y 180750
X 243200  Y 196400
X 233000  Y 220000
X 255500  Y 243500
X 255000  Y 261000
X 246000  Y 349500
X 252000  Y 396000
X 246000  Y 399000
X 252000  Y 402000
X 246000  Y 405000
X 252000  Y 408000
X 246000  Y 411000
X 252000  Y 414000
X 246000  Y 417000
X 240000  Y 441000
X 246000  Y 447000
X 255000  Y 450000
X 252000  Y 456000
X 246000  Y 456000
X 276000  Y 456000
X 270000  Y 456000
X 264000  Y 456000
X 258000  Y 456000
X 279000  Y 450000
X 273000  Y 450000
X 267000  Y 450000
X 261000  Y 450000
X 276000  Y 444000
X 270000  Y 444000
X 264000  Y 444000
X 258000  Y 444000
X 279000  Y 438000
X 273000  Y 438000
X 267000  Y 438000
X 261000  Y 438000
X 264000  Y 432000
X 276000  Y 432000
X 270000  Y 432000
X 258000  Y 414000
X 277000  Y 413500
X 261000  Y 390000
X 276000  Y 270000
X 276000  Y 264000
X 277000  Y 200000
X 264000  Y 141000
X 276000  Y 132000
X 265200  Y 125200
X 265000  Y 113000
X 279000  Y 9000
X 261000  Y 9000
X 267000  Y 9000
X 273000  Y 9000
X 285000  Y 9000
X 291000  Y 9000
X 297000  Y 9000
X 303000  Y 9000
X 297000  Y 15000
X 297000  Y 21000
X 286000  Y 113000
X 286000  Y 125200
X 295000  Y 129000
X 292500  Y 204500
X 284000  Y 236500
X 284000  Y 248000
X 289500  Y 254250
X 294000  Y 261000
X 297000  Y 270000
X 291000  Y 273000
X 297000  Y 276000
X 302000  Y 282500
X 300000  Y 399000
X 300000  Y 420000
X 288000  Y 432000
X 282000  Y 432000
X 291000  Y 438000
X 285000  Y 438000
X 294000  Y 444000
X 288000  Y 444000
X 282000  Y 444000
X 303000  Y 450000
X 297000  Y 450000
X 291000  Y 450000
X 285000  Y 450000
X 300000  Y 456000
X 294000  Y 456000
X 288000  Y 456000
X 282000  Y 456000
X 306000  Y 456000
X 309000  Y 450000
X 306000  Y 444000
X 309000  Y 420000
X 312000  Y 399000
X 306000  Y 399000
X 321000  Y 399000
X 327500  Y 330500
X 311500  Y 317000
X 309000  Y 270000
X 316500  Y 242500
X 327000  Y 234000
X 321000  Y 234000
X 330000  Y 228000
X 324000  Y 228000
X 321000  Y 222000
X 327000  Y 222000
X 324000  Y 216000
X 330000  Y 216000
X 327000  Y 210000
X 321000  Y 210000
X 324000  Y 204000
X 330000  Y 204000
X 327000  Y 198000
X 311000  Y 195000
X 312000  Y 189000
X 330000  Y 186000
X 312000  Y 183000
X 322500  Y 181500
X 318000  Y 130000
X 307600  Y 125200
X 307000  Y 113000
X 328000  Y 112000
X 321000  Y 9000
X 327000  Y 9000
X 315000  Y 9000
X 309000  Y 9000
X 339000  Y 9000
X 345000  Y 9000
X 351000  Y 9000
X 333000  Y 9000
X 333000  Y 49000
X 355000  Y 55000
X 349000  Y 113500
X 346500  Y 129500
X 334500  Y 130000
X 348000  Y 186000
X 339000  Y 186000
X 333000  Y 198000
X 339000  Y 198000
X 345000  Y 198000
X 351000  Y 198000
X 354000  Y 204000
X 348000  Y 204000
X 342000  Y 204000
X 336000  Y 204000
X 333000  Y 210000
X 351000  Y 210000
X 345000  Y 210000
X 339000  Y 210000
X 348000  Y 216000
X 342000  Y 216000
X 354000  Y 216000
X 336000  Y 216000
X 351000  Y 222000
X 345000  Y 222000
X 339000  Y 222000
X 333000  Y 222000
X 336000  Y 228000
X 354000  Y 228000
X 348000  Y 228000
X 342000  Y 228000
X 339000  Y 234000
X 351000  Y 234000
X 333000  Y 234000
X 345000  Y 234000
X 355000  Y 242500
X 352000  Y 265500
X 332000  Y 282400
X 354000  Y 297000
X 342000  Y 312000
X 351000  Y 339000
X 354000  Y 348000
X 348000  Y 348000
X 342000  Y 348000
X 336000  Y 348000
X 348000  Y 372000
X 354000  Y 372000
X 339000  Y 372000
X 354000  Y 381000
X 348000  Y 381000
X 339000  Y 381000
X 351000  Y 387000
X 339000  Y 390000
X 354000  Y 393000
X 348000  Y 393000
X 339000  Y 396000
X 351000  Y 399000
X 345000  Y 399000
X 339000  Y 402000
X 348000  Y 405000
X 354000  Y 405000
X 339000  Y 408000
X 351000  Y 411000
X 345000  Y 411000
X 351000  Y 417000
X 345000  Y 417000
X 339000  Y 417000
X 378000  Y 429000
X 372000  Y 429000
X 366000  Y 429000
X 375000  Y 423000
X 369000  Y 423000
X 357000  Y 417000
X 375000  Y 417000
X 369000  Y 417000
X 363000  Y 417000
X 357000  Y 411000
X 375000  Y 411000
X 369000  Y 411000
X 363000  Y 411000
X 360000  Y 405000
X 366000  Y 405000
X 372000  Y 405000
X 357000  Y 399000
X 375000  Y 399000
X 369000  Y 399000
X 363000  Y 399000
X 378000  Y 393000
X 372000  Y 393000
X 366000  Y 393000
X 360000  Y 393000
X 372000  Y 387000
X 360000  Y 387000
X 372000  Y 381000
X 363000  Y 381000
X 372000  Y 372000
X 363000  Y 372000
X 378000  Y 348000
X 369000  Y 348000
X 363000  Y 348000
X 360000  Y 339000
X 375000  Y 339000
X 366000  Y 339000
X 372000  Y 330000
X 375000  Y 324000
X 378000  Y 303000
X 372000  Y 300000
X 378000  Y 270000
X 376400  Y 209200
X 375000  Y 198000
X 356500  Y 189500
X 378000  Y 165000
X 373000  Y 161500
X 378000  Y 141000
X 375000  Y 138000
X 369000  Y 138000
X 359000  Y 113000
X 357000  Y 102000
X 361500  Y 55000
X 357000  Y 9000
X 363000  Y 9000
X 369000  Y 9000
X 375000  Y 9000
X 381000  Y 9000
X 405000  Y 12000
X 384000  Y 63000
X 384000  Y 69000
X 396000  Y 129000
X 390000  Y 129000
X 402000  Y 129000
X 384000  Y 141000
X 390000  Y 141000
X 396000  Y 141000
X 390000  Y 165000
X 384000  Y 165000
X 396000  Y 165000
X 387000  Y 174000
X 393000  Y 174000
X 396000  Y 180000
X 398000  Y 199500
X 401600  Y 209200
X 399000  Y 258000
X 387000  Y 261000
X 399000  Y 264000
X 390000  Y 267000
X 399000  Y 270000
X 384000  Y 270000
X 387000  Y 303000
X 387000  Y 312000
X 387000  Y 318000
X 387000  Y 348000
X 390000  Y 372000
X 399000  Y 372000
X 381000  Y 372000
X 393000  Y 381000
X 381000  Y 381000
X 381000  Y 387000
X 393000  Y 387000
X 384000  Y 393000
X 396000  Y 393000
X 390000  Y 393000
X 405000  Y 399000
X 393000  Y 399000
X 399000  Y 399000
X 387000  Y 399000
X 381000  Y 399000
X 381000  Y 405000
X 405000  Y 405000
X 387000  Y 405000
X 393000  Y 405000
X 399000  Y 405000
X 393000  Y 411000
X 399000  Y 411000
X 405000  Y 411000
X 384000  Y 411000
X 381000  Y 417000
X 390000  Y 417000
X 396000  Y 417000
X 402000  Y 417000
X 393000  Y 423000
X 387000  Y 423000
X 381000  Y 423000
X 399000  Y 423000
X 384000  Y 429000
X 408000  Y 417000
X 411000  Y 411000
X 417000  Y 411000
X 423000  Y 411000
X 411000  Y 405000
X 417000  Y 405000
X 423000  Y 402000
X 417000  Y 399000
X 411000  Y 399000
X 423000  Y 396000
X 429000  Y 324000
X 426000  Y 300000
X 420000  Y 300000
X 423000  Y 297000
X 420000  Y 291000
X 426000  Y 291000
X 426000  Y 282000
X 417000  Y 282000
X 417000  Y 270000
X 429000  Y 270000
X 423000  Y 270000
X 411000  Y 270000
X 417000  Y 264000
X 411000  Y 264000
X 411000  Y 255000
X 417000  Y 255000
X 413000  Y 249500
X 417000  Y 186000
X 417000  Y 180000
X 417000  Y 174000
X 417000  Y 168000
X 426000  Y 156000
X 423000  Y 150000
X 429000  Y 150000
X 423000  Y 144000
X 429000  Y 144000
X 426000  Y 138000
X 429000  Y 132000
X 408000  Y 129000
X 423000  Y 126000
X 425000  Y 49000
X 423000  Y 12000
X 417000  Y 12000
X 411000  Y 12000
X 411000  Y 6000
X 417000  Y 6000
X 423000  Y 6000
X 429000  Y 6000
X 432000  Y 45000
X 447000  Y 48000
X 432000  Y 51000
X 441000  Y 54000
X 447000  Y 54000
X 447000  Y 60000
X 441000  Y 60000
X 447000  Y 66000
X 447000  Y 72000
X 444000  Y 90000
X 438000  Y 126000
X 432000  Y 126000
X 444000  Y 126000
X 435000  Y 132000
X 432000  Y 138000
X 438000  Y 138000
X 441000  Y 144000
X 435000  Y 144000
X 435000  Y 150000
X 441000  Y 150000
X 438000  Y 156000
X 432000  Y 156000
X 432400  Y 209200
X 432000  Y 246000
X 432000  Y 252000
X 453000  Y 252000
X 447000  Y 255000
X 432000  Y 258000
X 453000  Y 258000
X 447000  Y 261000
X 432000  Y 264000
X 453000  Y 264000
X 447000  Y 267000
X 453000  Y 270000
X 438400  Y 340400
X 447500  Y 417000
X 457000  Y 416000
X 477000  Y 381000
X 477000  Y 375000
X 477000  Y 369000
X 457000  Y 368500
X 462000  Y 358500
X 478500  Y 341000
X 457000  Y 340000
X 457000  Y 313500
X 474000  Y 279000
X 474000  Y 273000
X 474000  Y 261000
X 474000  Y 252000
X 470500  Y 223000
X 474000  Y 153000
X 468000  Y 153000
X 480000  Y 153000
X 469500  Y 146000
X 475500  Y 146000
X 480000  Y 60000
X 498000  Y 57000
X 504000  Y 57000
X 492000  Y 57000
X 486000  Y 57000
X 492000  Y 63000
X 486000  Y 63000
X 504000  Y 63000
X 498000  Y 63000
X 486000  Y 69000
X 504000  Y 69000
X 498000  Y 69000
X 492000  Y 69000
X 486000  Y 75000
X 504000  Y 75000
X 497500  Y 78000
X 486000  Y 81000
X 486000  Y 90000
X 496000  Y 145500
X 502500  Y 145500
X 490500  Y 146000
X 481000  Y 146000
X 485500  Y 146000
X 492000  Y 153000
X 486000  Y 153000
X 498000  Y 153000
X 504000  Y 153000
X 483000  Y 171000
X 482800  Y 208800
X 504000  Y 294000
X 489000  Y 296500
X 504000  Y 300000
X 504000  Y 306000
X 504000  Y 324000
X 489000  Y 330500
X 505000  Y 347500
X 483000  Y 369000
X 504000  Y 372000
X 483000  Y 375000
X 504000  Y 378000
X 483000  Y 381000
X 504000  Y 384000
X 504000  Y 390000
X 495000  Y 414000
X 501000  Y 414000
X 501000  Y 432000
X 495000  Y 441000
X 507000  Y 441000
X 507000  Y 432000
X 507000  Y 414000
X 528000  Y 399000
X 528000  Y 393000
X 528000  Y 387000
X 528000  Y 369000
X 525000  Y 354000
X 525000  Y 348000
X 525000  Y 342000
X 525000  Y 336000
X 525000  Y 330000
X 525000  Y 315000
X 525000  Y 294000
X 525000  Y 276000
X 524000  Y 178000
X 507000  Y 144000
X 507000  Y 138000
X 507000  Y 132000
X 507000  Y 126000
X 507000  Y 120000
X 516000  Y 81000
X 516000  Y 75000
X 510000  Y 75000
X 510000  Y 69000
X 516000  Y 69000
X 516000  Y 63000
X 510000  Y 63000
X 510000  Y 57000
X 516000  Y 57000
X 537000  Y 6000
X 543000  Y 6000
X 549000  Y 6000
X 555000  Y 6000
X 537000  Y 33000
X 537000  Y 39000
X 543000  Y 69000
X 537000  Y 69000
X 552000  Y 120000
X 546000  Y 123000
X 549000  Y 129000
X 543000  Y 129000
X 537000  Y 129000
X 552000  Y 147000
X 540000  Y 147000
X 546000  Y 147000
X 540000  Y 213000
X 540000  Y 219000
X 540000  Y 225000
X 546000  Y 228000
X 552000  Y 228000
X 540000  Y 231000
X 552000  Y 234000
X 546000  Y 234000
X 531000  Y 276000
X 537000  Y 276000
X 543000  Y 276000
X 549000  Y 276000
X 549000  Y 282000
X 546000  Y 288000
X 540000  Y 297000
X 546000  Y 306000
X 553000  Y 329500
X 536500  Y 341500
X 552000  Y 348000
X 549000  Y 411000
X 543000  Y 411000
X 555000  Y 411000
X 555000  Y 417000
X 549000  Y 417000
X 543000  Y 417000
X 579000  Y 429000
X 573000  Y 429000
X 579000  Y 423000
X 573000  Y 423000
X 567000  Y 417000
X 561000  Y 417000
X 561000  Y 411000
X 567000  Y 411000
X 567000  Y 393000
X 567000  Y 387000
X 567000  Y 381000
X 567000  Y 375000
X 567000  Y 369000
X 567000  Y 363000
X 567000  Y 248000
X 558000  Y 234000
X 564000  Y 234000
X 576000  Y 228000
X 558000  Y 228000
X 564000  Y 228000
X 570000  Y 228000
X 576000  Y 165000
X 576000  Y 159000
X 570000  Y 158000
X 564000  Y 153000
X 570000  Y 153000
X 564000  Y 147000
X 558000  Y 147000
X 558000  Y 129000
X 576000  Y 129000
X 570000  Y 129000
X 564000  Y 129000
X 558000  Y 120000
X 564000  Y 120000
X 567000  Y 6000
X 561000  Y 6000
X 581000  Y 111000
X 588000  Y 111000
X 594000  Y 119500
X 582000  Y 129000
X 591000  Y 129000
X 588000  Y 135000
X 591000  Y 138000
X 590500  Y 206500
X 588000  Y 228000
X 582000  Y 228000
X 600000  Y 228000
X 603000  Y 282000
X 597000  Y 285000
X 591000  Y 285000
X 604500  Y 289500
X 597000  Y 291000
X 591000  Y 291000
X 590000  Y 314500
X 600000  Y 315500
X 591000  Y 348000
X 603000  Y 351000
X 597000  Y 351000
X 603000  Y 381000
X 600000  Y 393000
X 600000  Y 399000
X 600000  Y 405000
X 600000  Y 411000
X 597000  Y 417000
X 603000  Y 417000
X 588000  Y 423000
X 594000  Y 423000
X 600000  Y 423000
X 591000  Y 429000
X 585000  Y 429000
X 618000  Y 411000
X 612000  Y 411000
X 606000  Y 411000
X 624000  Y 411000
X 630000  Y 408000
X 606000  Y 405000
X 612000  Y 405000
X 618000  Y 405000
X 624000  Y 405000
X 621000  Y 402000
X 627000  Y 402000
X 612000  Y 399000
X 606000  Y 399000
X 618000  Y 399000
X 624000  Y 393000
X 612000  Y 393000
X 606000  Y 393000
X 630000  Y 393000
X 618000  Y 393000
X 606000  Y 387000
X 624000  Y 387000
X 627000  Y 366000
X 612000  Y 363000
X 629200  Y 342800
X 620000  Y 338000
X 627000  Y 336000
X 608000  Y 335500
X 627000  Y 330000
X 608000  Y 248000
X 627000  Y 243000
X 627000  Y 237000
X 621000  Y 228000
X 609000  Y 228000
X 615000  Y 228000
X 627000  Y 228000
X 616500  Y 207500
X 615000  Y 168000
X 609000  Y 168000
X 618000  Y 161500
X 621000  Y 143500
X 619500  Y 119500
X 633500  Y 207500
X 633000  Y 228000
X 639000  Y 234000
X 642000  Y 237000
X 633000  Y 237000
X 636000  Y 243000
X 645000  Y 243000
X 635200  Y 271200
X 635200  Y 289200
X 645000  Y 327000
X 645000  Y 333000
X 645000  Y 339000
X 645000  Y 345000
X 645000  Y 351000
X 645000  Y 357000
X 645000  Y 363000
X 645000  Y 369000
X 645000  Y 375000
X 645000  Y 381000
X 645000  Y 387000
X 645000  Y 393000
X 645000  Y 399000
X 633000  Y 402000
X 645000  Y 405000
X 645000  Y 411000
X 645000  Y 417000

Drill: .02  Tool: 4  Feed: 197  Speed: 550
X 234000  Y 39500
X 255000  Y 39500
X 327000  Y 420500
X 327000  Y 366000
X 303500  Y 364500
X 303500  Y 352500
X 318000  Y 39500
X 297000  Y 39500
X 276000  Y 39500
X 339000  Y 39500
X 353500  Y 39500
X 391500  Y 39500
X 391500  Y 58500
X 391500  Y 119000
X 349285  Y 282421
X 354485  Y 282521
X 342000  Y 424750
X 368500  Y 456000
X 493000  Y 389000
X 463200  Y 248000
X 462800  Y 221200
X 498000  Y 218000
X 498800  Y 213600
X 595500  Y 150000
X 514000  Y 260000
X 514000  Y 352000
X 535500  Y 463500
X 640800  Y 276000

Drill: .02756  Tool: 5  Feed: 197  Speed: 550
X 436000  Y 70000
X 436000  Y 90000
X 476000  Y 90000
X 466000  Y 90000
X 456000  Y 90000
X 476000  Y 70000
X 466000  Y 70000
X 456000  Y 70000

Drill: .03  Tool: 6  Feed: 197  Speed: 550
X 274232  Y 140000
X 424000  Y 252232

Drill: .0315  Tool: 7  Feed: 197  Speed: 550
X 242767  Y 140000
X 424000  Y 220767
X 640000  Y 92750

Drill: .0315  Tool: 8  Feed: 197  Speed: 550
X 417539  Y 134185
X 447460  Y 134500
X 582033  Y 417018
X 592033  Y 412018
X 582033  Y 407018
X 592033  Y 402018
X 582033  Y 397018
X 592033  Y 392018
X 582033  Y 387018
X 592033  Y 382018
X 640000  Y 145250

Drill: .032  Tool: 9  Feed: 197  Speed: 550
X 26000  Y 270000
X 46000  Y 270000
X 36000  Y 270000
X 56000  Y 270000
X 46000  Y 330000
X 36000  Y 330000
X 56000  Y 330000
X 106000  Y 330000
X 116000  Y 330000
X 126000  Y 330000
X 106000  Y 270000
X 96000  Y 270000
X 126000  Y 270000
X 116000  Y 270000
X 179500  Y 270000
X 169500  Y 270000
X 159500  Y 270000
X 199500  Y 270000
X 189500  Y 270000
X 226000  Y 270000
X 189500  Y 330000
X 199500  Y 330000
X 179500  Y 330000
X 246000  Y 330000
X 266000  Y 330000
X 256000  Y 330000
X 266000  Y 270000
X 236000  Y 270000
X 256000  Y 270000
X 246000  Y 270000

Drill: .03346  Tool: 10  Feed: 197  Speed: 550
X 460000  Y 27157
X 460000  Y 46842
X 510000  Y 46842
X 510000  Y 27157

Drill: .035  Tool: 11  Feed: 197  Speed: 550
X 24500  Y 389000
X 76000  Y 389000
X 76000  Y 399000
X 24500  Y 399000
X 327000  Y 451000
X 337000  Y 451000
X 347000  Y 451000
X 483000  Y 405500
X 493000  Y 405500
X 493000  Y 423000
X 483000  Y 423000
X 357000  Y 451000
X 476999  Y 451000
X 486999  Y 451000
X 497000  Y 451000
X 525503  Y 451000
X 506999  Y 451000
X 516251  Y 451000
X 548999  Y 451000
X 558999  Y 451000
X 569000  Y 451000
X 578999  Y 451000
X 597503  Y 451000
X 588251  Y 451000

Drill: .03543  Tool: 12  Feed: 197  Speed: 550
X 632978  Y 373750
X 632978  Y 383593
X 632978  Y 415876
X 632978  Y 425719

Drill: .03937  Tool: 13  Feed: 197  Speed: 550
X 540362  Y 79370
X 540362  Y 89370
X 540362  Y 119370
X 540362  Y 139370

Drill: .04724  Tool: 14  Feed: 139  Speed: 550
X 51500  Y 21000
X 66500  Y 21000
X 16999  Y 119000
X 58999  Y 119000
X 46999  Y 119000
X 51000  Y 451000
X 66000  Y 451000
X 96000  Y 451000
X 81000  Y 451000
X 126000  Y 451000
X 111000  Y 451000
X 88999  Y 119000
X 100999  Y 119000
X 130999  Y 119000
X 126500  Y 21000
X 96500  Y 21000
X 81500  Y 21000
X 111500  Y 21000
X 141500  Y 21000
X 156500  Y 21000
X 179500  Y 21000
X 194500  Y 21000
X 142999  Y 119000
X 184999  Y 119000
X 172999  Y 119000
X 141000  Y 451000
X 156000  Y 451000
X 203500  Y 451000
X 188500  Y 451000
X 218500  Y 451000
X 233500  Y 451000
X 271283  Y 422500
X 261440  Y 422500
X 279157  Y 422500
X 214999  Y 119000
X 209500  Y 21000
X 269500  Y 21000
X 224500  Y 21000
X 254500  Y 21000
X 239500  Y 21000
X 284500  Y 21000
X 307500  Y 21000
X 322500  Y 21000
X 337500  Y 21000
X 352500  Y 21000
X 367500  Y 21000
X 289000  Y 422500
X 382500  Y 21000
X 397500  Y 21000
X 412500  Y 21000
X 551500  Y 21000
X 566500  Y 21000
X 596500  Y 21000
X 581500  Y 21000

Drill: .05118  Tool: 15  Feed: 107  Speed: 550
X 46999  Y 59000
X 88999  Y 59000
X 58999  Y 69000
X 16999  Y 69000
X 100999  Y 69000
X 142999  Y 69000
X 184999  Y 69000
X 172999  Y 59000
X 130999  Y 59000
X 214999  Y 59000

Drill: .064  Tool: 16  Feed: 89  Speed: 550
X 604631  Y 369026

Drill: .065  Tool: 17  Feed: 89  Speed: 550
X 604631  Y 430050

Drill: .09843  Tool: 18  Feed: 66  Speed: 550
X 249354  Y 433169
X 301086  Y 433169

Drill: .13  Tool: 19  Feed: 35  Speed: 794
X 616836  Y 377018
X 616836  Y 422018

End of Listing
