Drill Listing
=============
Drill: .012  Tool: 1  Feed: 95  Speed: 300
X 46400  Y 58000
X 50800  Y 60800
X 48800  Y 65200
X 49200  Y 70800
X 46000  Y 93200
X 28800  Y 105600
X 49600  Y 107200
X 46000  Y 137200
X 46000  Y 149200
X 46000  Y 266000
X 46000  Y 301600
X 67600  Y 198000
X 72800  Y 144400
X 57200  Y 141600
X 57200  Y 138000
X 54400  Y 134400
X 60000  Y 133200
X 73600  Y 120400
X 74000  Y 116000
X 60000  Y 116000
X 64800  Y 116000
X 57200  Y 110800
X 64800  Y 110400
X 68400  Y 110000
X 54000  Y 106400
X 68000  Y 105600
X 67300  Y 90900
X 71600  Y 63200
X 67200  Y 62400
X 75200  Y 62000
X 60400  Y 61600
X 74000  Y 54000
X 98200  Y 51000
X 94000  Y 54000
X 82000  Y 79200
X 90800  Y 91600
X 84000  Y 105200
X 103600  Y 105200
X 88400  Y 106400
X 79600  Y 106800
X 84000  Y 108800
X 80000  Y 110400
X 84000  Y 116000
X 87600  Y 116000
X 80000  Y 116000
X 91200  Y 116400
X 92000  Y 120800
X 92800  Y 144400
X 93200  Y 218400
X 92400  Y 285600
X 92486  Y 296313
X 102400  Y 369600
X 81000  Y 381000
X 87500  Y 381500
X 128800  Y 376000
X 133600  Y 376000
X 108800  Y 374400
X 141200  Y 370800
X 136800  Y 370800
X 117600  Y 331600
X 108000  Y 257600
X 116000  Y 257600
X 129500  Y 256000
X 136000  Y 256000
X 135500  Y 240000
X 135600  Y 229600
X 108000  Y 148800
X 116000  Y 148800
X 111600  Y 144400
X 109200  Y 141600
X 107600  Y 138000
X 106800  Y 134400
X 140800  Y 126800
X 133500  Y 123000
X 136500  Y 123000
X 144400  Y 121600
X 134400  Y 118800
X 106000  Y 118400
X 123200  Y 94000
X 109000  Y 59000
X 163200  Y 112000
X 192800  Y 114000
X 203200  Y 114800
X 185200  Y 116400
X 163500  Y 119000
X 177600  Y 134400
X 177600  Y 145000
X 162800  Y 147200
X 203200  Y 172400
X 157600  Y 172400
X 160800  Y 176000
X 192400  Y 197600
X 174000  Y 220500
X 186000  Y 311600
X 181200  Y 312000
X 190400  Y 313600
X 181200  Y 316800
X 167600  Y 316800
X 198400  Y 319600
X 186800  Y 331200
X 191600  Y 331200
X 167600  Y 369200
X 188800  Y 377200
X 159500  Y 384000
X 192000  Y 412000
X 246400  Y 378400
X 241600  Y 378400
X 246400  Y 373600
X 227600  Y 368400
X 217600  Y 368400
X 222400  Y 368000
X 232500  Y 368000
X 232500  Y 331500
X 237500  Y 331400
X 247200  Y 321600
X 253600  Y 321600
X 246400  Y 286000
X 252400  Y 285600
X 250400  Y 235600
X 236400  Y 221600
X 240800  Y 218400
X 209600  Y 216000
X 247600  Y 197200
X 227600  Y 180400
X 220000  Y 178400
X 210000  Y 172400
X 230800  Y 172000
X 250000  Y 165600
X 251600  Y 158800
X 246000  Y 154400
X 236800  Y 153600
X 211200  Y 152400
X 248000  Y 150400
X 246000  Y 143600
X 250400  Y 143600
X 240000  Y 134000
X 240000  Y 129200
X 240000  Y 124400
X 240000  Y 119600
X 225600  Y 118800
X 240000  Y 115200
X 212000  Y 114800
X 207600  Y 114800
X 240000  Y 110800
X 213200  Y 109600
X 207600  Y 109600
X 251200  Y 104000
X 226400  Y 101200
X 260000  Y 104800
X 266000  Y 104800
X 298000  Y 107600
X 293600  Y 108000
X 302800  Y 112400
X 293600  Y 114000
X 303200  Y 116800
X 288000  Y 118000
X 303200  Y 121200
X 296400  Y 130800
X 292000  Y 130800
X 291600  Y 135600
X 296400  Y 135600
X 264000  Y 142400
X 254000  Y 165600
X 258000  Y 165600
X 266000  Y 166000
X 273200  Y 166000
X 287600  Y 176800
X 271200  Y 178400
X 264000  Y 178800
X 267600  Y 179200
X 287600  Y 180400
X 294800  Y 197200
X 302400  Y 197600
X 281000  Y 218500
X 296400  Y 224000
X 286000  Y 224500
X 264800  Y 227200
X 274000  Y 231500
X 259500  Y 232000
X 254800  Y 372000
X 277600  Y 386800
X 261200  Y 395200
X 312000  Y 380000
X 325200  Y 314400
X 336400  Y 314400
X 328400  Y 312400
X 332000  Y 311600
X 340000  Y 311200
X 336400  Y 282800
X 340800  Y 282400
X 330800  Y 281600
X 327200  Y 280000
X 312400  Y 198000
X 321600  Y 182800
X 306400  Y 174800
X 309600  Y 172000
X 315200  Y 166800
X 330800  Y 144000
X 307200  Y 120800
X 311200  Y 120800
X 307200  Y 116400
X 311200  Y 116000
X 306800  Y 112000
X 311200  Y 111600
X 379200  Y 47200
X 384000  Y 198000
X 378000  Y 198000
X 377200  Y 214800
X 384800  Y 214800
X 366800  Y 230400
X 402400  Y 230400
X 373500  Y 237000
X 385200  Y 245600
X 399200  Y 245600
X 378000  Y 245600
X 392000  Y 245600
X 387200  Y 308800
X 392400  Y 308800
X 411600  Y 315200
X 416800  Y 315200
X 411600  Y 279200
X 416800  Y 279200
X 434500  Y 278500
X 448500  Y 277000
X 441000  Y 277000
X 426500  Y 275500
X 434500  Y 274000
X 448500  Y 272000
X 441000  Y 271500
X 427000  Y 270500
X 434500  Y 269000
X 448500  Y 266000
X 441000  Y 266000
X 427000  Y 265500
X 434500  Y 263500
X 441000  Y 261000
X 448500  Y 260500
X 427000  Y 259500
X 434500  Y 258000
X 441000  Y 255500
X 448500  Y 255000
X 409600  Y 229600
X 418400  Y 216400
X 428400  Y 216400
X 445000  Y 215000
X 415500  Y 200000
X 415500  Y 194500
X 451000  Y 186000
X 434000  Y 74000
X 466500  Y 41500
X 490500  Y 42500
X 522600  Y 48600
X 469000  Y 51500
X 490500  Y 51600
X 513900  Y 51900
X 458500  Y 67500
X 479600  Y 68400
X 485600  Y 72000
X 458500  Y 74000
X 620000  Y 178400
X 626800  Y 178400
X 614400  Y 176000
X 614400  Y 168400
X 556200  Y 51900
X 564000  Y 48000

Drill: .016  Tool: 2  Feed: 95  Speed: 300
X 101200  Y 84000
X 73100  Y 92000
X 28800  Y 116000
X 27600  Y 302800
X 37200  Y 320400
X 95000  Y 436000
X 146000  Y 441000
X 167500  Y 440500
X 112000  Y 439000
X 168000  Y 390000
X 167200  Y 350400
X 162000  Y 126000
X 129600  Y 107200
X 108400  Y 52800
X 245200  Y 77200
X 182000  Y 91200
X 210200  Y 102900
X 246800  Y 103600
X 240400  Y 103600
X 217000  Y 105800
X 199600  Y 110400
X 232800  Y 150000
X 190000  Y 159000
X 217000  Y 168000
X 209000  Y 377500
X 229000  Y 378500
X 222500  Y 378500
X 236500  Y 379000
X 215000  Y 379000
X 243500  Y 390500
X 241500  Y 394500
X 263200  Y 382800
X 273600  Y 378800
X 264000  Y 149600
X 282000  Y 121600
X 272400  Y 112400
X 273200  Y 104400
X 280400  Y 102800
X 301600  Y 102800
X 287600  Y 102400
X 294400  Y 102000
X 256400  Y 76800
X 326000  Y 94800
X 364000  Y 118800
X 373600  Y 132000
X 388000  Y 146000
X 388000  Y 151000
X 388000  Y 155500
X 388000  Y 160000
X 388000  Y 165000
X 388000  Y 170000
X 388000  Y 174500
X 388000  Y 179000
X 388500  Y 198000
X 402500  Y 210500
X 384400  Y 332000
X 399500  Y 340000
X 392500  Y 361000
X 385000  Y 367000
X 360000  Y 391000
X 380000  Y 391200
X 400000  Y 391600
X 390000  Y 409000
X 370000  Y 409000
X 370000  Y 462000
X 390000  Y 463000
X 450000  Y 463000
X 410000  Y 462500
X 430000  Y 462000
X 450000  Y 410000
X 410000  Y 409000
X 430000  Y 409000
X 420000  Y 392000
X 440000  Y 392000
X 434500  Y 370000
X 419500  Y 370000
X 445500  Y 362500
X 450000  Y 356500
X 446000  Y 346800
X 427000  Y 319500
X 434000  Y 245500
X 420000  Y 245500
X 413000  Y 245500
X 406000  Y 245500
X 441000  Y 245500
X 448000  Y 245500
X 427000  Y 245500
X 415000  Y 168000
X 447500  Y 164000
X 503000  Y 119500
X 487000  Y 135500
X 468500  Y 164500
X 462500  Y 164500
X 483500  Y 165000
X 454000  Y 180500
X 462000  Y 180500
X 455000  Y 245000
X 467000  Y 249000
X 493500  Y 266000
X 460000  Y 392000
X 470000  Y 410000
X 484000  Y 443500
X 497000  Y 445000
X 470000  Y 463000
X 497000  Y 464500
X 484000  Y 465500
X 506000  Y 461500
X 506000  Y 445000
X 516500  Y 404000
X 535500  Y 342000
X 521000  Y 296000
X 509500  Y 295000
X 513000  Y 139500
X 534000  Y 139500
X 548400  Y 131200
X 533000  Y 117500
X 545200  Y 116800
X 527200  Y 80000
X 539200  Y 80000
X 575000  Y 117000
X 575500  Y 138000
X 623500  Y 225500
X 611000  Y 228500
X 617221  Y 233000
X 577000  Y 261000
X 616500  Y 278500
X 613500  Y 291500
X 559000  Y 344500
X 620000  Y 344500
X 589000  Y 344500
X 690000  Y 397000
X 700500  Y 396000
X 686000  Y 360000
X 650000  Y 343000
X 661500  Y 322500
X 674000  Y 321000
X 640400  Y 178400
X 648000  Y 146500
X 708500  Y 318000

Drill: .01969  Tool: 3  Feed: 95  Speed: 300
X 19671  Y 11202
X 13452  Y 14076
X 26080  Y 14175
X 11227  Y 19692
X 28116  Y 19692
X 25757  Y 25518
X 13589  Y 25562
X 19716  Y 28091
X 19671  Y 483643
X 13452  Y 486517
X 26080  Y 486616
X 11227  Y 492133
X 28116  Y 492133
X 25757  Y 497959
X 13589  Y 498003
X 19716  Y 500532
X 728359  Y 500608
X 721950  Y 497635
X 719914  Y 492118
X 722274  Y 486292
X 728314  Y 483719
X 728377  Y 28091
X 722250  Y 25562
X 719888  Y 19692
X 722114  Y 14076
X 728333  Y 11202
X 734742  Y 14175
X 736778  Y 19692
X 734418  Y 25518
X 734442  Y 486248
X 736804  Y 492118
X 734578  Y 497734

Drill: .025  Tool: 4  Feed: 197  Speed: 550
X 13600  Y 45600
X 22000  Y 46000
X 6000  Y 46400
X 6000  Y 54000
X 14000  Y 54000
X 22000  Y 54000
X 14000  Y 63600
X 6000  Y 63600
X 23200  Y 63600
X 16400  Y 73200
X 8400  Y 73200
X 24400  Y 73200
X 6000  Y 96000
X 14000  Y 96000
X 16000  Y 104000
X 22000  Y 108000
X 22000  Y 116000
X 8000  Y 122000
X 16000  Y 122000
X 20000  Y 128000
X 12000  Y 128000
X 4000  Y 128000
X 16000  Y 152000
X 8000  Y 152000
X 4000  Y 160000
X 20000  Y 160000
X 12000  Y 160000
X 16000  Y 166000
X 8000  Y 166000
X 4000  Y 172000
X 20000  Y 172000
X 12000  Y 172000
X 16000  Y 178000
X 8000  Y 178000
X 4000  Y 184000
X 20000  Y 184000
X 12000  Y 184000
X 16000  Y 190000
X 8000  Y 190000
X 20000  Y 196000
X 12000  Y 196000
X 4000  Y 196000
X 8000  Y 202000
X 16000  Y 202000
X 20000  Y 208000
X 12000  Y 208000
X 4000  Y 208000
X 16000  Y 214000
X 8000  Y 214000
X 4000  Y 220000
X 12000  Y 220000
X 20000  Y 220000
X 18000  Y 228000
X 10000  Y 228000
X 6000  Y 234000
X 14000  Y 234000
X 22000  Y 234000
X 4000  Y 240000
X 10000  Y 240000
X 18000  Y 240000
X 26000  Y 240000
X 6000  Y 248000
X 12000  Y 248000
X 18000  Y 248000
X 24000  Y 248000
X 28000  Y 254000
X 22000  Y 254000
X 16000  Y 254000
X 4000  Y 254000
X 10000  Y 254000
X 24000  Y 280000
X 28000  Y 308000
X 24000  Y 328000
X 24000  Y 336000
X 24000  Y 344000
X 16000  Y 344000
X 8000  Y 344000
X 24000  Y 352000
X 16000  Y 352000
X 8000  Y 352000
X 15000  Y 360000
X 15000  Y 366000
X 14000  Y 373500
X 7000  Y 373500
X 14000  Y 381500
X 7500  Y 381500
X 14000  Y 402000
X 22000  Y 402000
X 6000  Y 402000
X 18000  Y 410000
X 10000  Y 410000
X 14000  Y 418000
X 26400  Y 418000
X 14000  Y 426000
X 10000  Y 442000
X 8000  Y 448000
X 16000  Y 448000
X 16000  Y 456000
X 8000  Y 456000
X 8000  Y 464000
X 16000  Y 464000
X 24000  Y 464000
X 50000  Y 506000
X 48000  Y 500000
X 48000  Y 492000
X 48000  Y 484000
X 32000  Y 464000
X 51000  Y 427000
X 51000  Y 420000
X 41000  Y 416000
X 50600  Y 410800
X 31000  Y 407000
X 39000  Y 407000
X 46200  Y 401600
X 40000  Y 352000
X 32000  Y 352000
X 53200  Y 352000
X 48000  Y 352000
X 40000  Y 344000
X 32000  Y 344000
X 48000  Y 344000
X 40000  Y 336000
X 32000  Y 336000
X 48000  Y 336000
X 50000  Y 320000
X 50000  Y 308000
X 38000  Y 306000
X 52000  Y 282000
X 32000  Y 280000
X 40000  Y 280000
X 52000  Y 268000
X 50000  Y 254000
X 42000  Y 254000
X 46000  Y 248000
X 30000  Y 248000
X 38000  Y 248000
X 34000  Y 240000
X 48000  Y 8000
X 64000  Y 8000
X 56000  Y 8000
X 78000  Y 248000
X 70000  Y 248000
X 62000  Y 248000
X 54000  Y 248000
X 66000  Y 254000
X 74000  Y 254000
X 58000  Y 254000
X 76000  Y 268000
X 68000  Y 268000
X 60000  Y 268000
X 76000  Y 282000
X 68000  Y 282000
X 60000  Y 282000
X 74000  Y 308000
X 66000  Y 308000
X 58000  Y 308000
X 72000  Y 320000
X 66000  Y 320000
X 58000  Y 320000
X 56000  Y 336000
X 56000  Y 344000
X 64000  Y 370000
X 58000  Y 386000
X 56000  Y 392000
X 54600  Y 402800
X 64000  Y 406000
X 76000  Y 407500
X 60000  Y 412000
X 67000  Y 448000
X 56000  Y 448000
X 72000  Y 460000
X 72000  Y 468000
X 72000  Y 476000
X 72000  Y 484000
X 64000  Y 484000
X 56000  Y 484000
X 72000  Y 492000
X 64000  Y 492000
X 56000  Y 492000
X 56000  Y 500000
X 64000  Y 500000
X 72000  Y 500000
X 58000  Y 506000
X 66000  Y 506000
X 74000  Y 506000
X 82000  Y 506000
X 90000  Y 506000
X 98000  Y 506000
X 80000  Y 500000
X 88000  Y 500000
X 96000  Y 500000
X 80000  Y 492000
X 96000  Y 492000
X 88000  Y 492000
X 80000  Y 484000
X 96000  Y 484000
X 88000  Y 484000
X 80000  Y 476000
X 80000  Y 468000
X 80000  Y 460000
X 89500  Y 407500
X 82500  Y 407500
X 90000  Y 400000
X 82400  Y 400000
X 100000  Y 380000
X 84000  Y 282000
X 98000  Y 280000
X 84000  Y 268000
X 92000  Y 268000
X 90000  Y 254000
X 98000  Y 254000
X 82000  Y 254000
X 94000  Y 248000
X 102000  Y 248000
X 86000  Y 248000
X 102000  Y 224000
X 96000  Y 224000
X 83200  Y 221200
X 98000  Y 218000
X 100000  Y 12000
X 92000  Y 12000
X 122000  Y 136000
X 126000  Y 142000
X 122000  Y 148000
X 118000  Y 218000
X 112000  Y 218000
X 106000  Y 218000
X 124000  Y 218000
X 114000  Y 224000
X 108000  Y 224000
X 120000  Y 224000
X 126000  Y 224000
X 122000  Y 250000
X 128000  Y 266000
X 108000  Y 270000
X 118000  Y 270000
X 128000  Y 274000
X 118000  Y 278000
X 108000  Y 278000
X 128000  Y 282000
X 118000  Y 286000
X 108000  Y 286000
X 128000  Y 290000
X 108000  Y 294000
X 118000  Y 294000
X 128000  Y 298000
X 108000  Y 302000
X 117200  Y 304000
X 128000  Y 306000
X 108000  Y 310000
X 117200  Y 312000
X 128000  Y 314000
X 108000  Y 318000
X 128000  Y 322000
X 118000  Y 324000
X 108000  Y 328000
X 128000  Y 330000
X 118000  Y 372000
X 106000  Y 380000
X 109000  Y 410500
X 128000  Y 419500
X 124000  Y 428000
X 124000  Y 436000
X 120000  Y 484000
X 112000  Y 484000
X 104000  Y 484000
X 128000  Y 484000
X 112000  Y 492000
X 104000  Y 492000
X 120000  Y 492000
X 128000  Y 492000
X 104000  Y 500000
X 112000  Y 500000
X 120000  Y 500000
X 128000  Y 500000
X 114000  Y 506000
X 106000  Y 506000
X 122000  Y 506000
X 130000  Y 506000
X 138000  Y 506000
X 146000  Y 506000
X 136000  Y 500000
X 144000  Y 500000
X 152000  Y 500000
X 152000  Y 492000
X 144000  Y 492000
X 136000  Y 492000
X 152000  Y 484000
X 144000  Y 484000
X 136000  Y 484000
X 142000  Y 474000
X 144000  Y 464000
X 132000  Y 436000
X 132000  Y 428000
X 139500  Y 410000
X 147500  Y 410000
X 147100  Y 390200
X 147100  Y 384700
X 146000  Y 372000
X 138000  Y 330000
X 148000  Y 328000
X 138000  Y 322000
X 138000  Y 314000
X 138000  Y 306000
X 138000  Y 298000
X 138000  Y 290000
X 138000  Y 282000
X 132000  Y 224000
X 152000  Y 224000
X 130000  Y 218000
X 130000  Y 148000
X 130000  Y 136000
X 148000  Y 76000
X 140400  Y 72800
X 148000  Y 68000
X 140400  Y 64800
X 148000  Y 60000
X 148000  Y 52000
X 160000  Y 12000
X 160000  Y 20000
X 160000  Y 28000
X 176000  Y 36000
X 168000  Y 36000
X 160000  Y 36000
X 164000  Y 52000
X 156000  Y 52000
X 160000  Y 64000
X 168000  Y 64000
X 160000  Y 72000
X 168000  Y 72000
X 160000  Y 80000
X 168000  Y 80000
X 160000  Y 88000
X 160000  Y 96000
X 154000  Y 328000
X 168000  Y 328000
X 160000  Y 374000
X 160000  Y 390000
X 154000  Y 390000
X 178000  Y 394000
X 178500  Y 399500
X 178500  Y 404500
X 169000  Y 410000
X 155500  Y 410000
X 162500  Y 410000
X 178500  Y 412000
X 176000  Y 436000
X 172000  Y 444000
X 176000  Y 452000
X 176000  Y 460000
X 176000  Y 468000
X 176000  Y 476000
X 168000  Y 484000
X 160000  Y 484000
X 160000  Y 492000
X 168000  Y 492000
X 160000  Y 500000
X 168000  Y 500000
X 176000  Y 500000
X 154000  Y 506000
X 162000  Y 506000
X 170000  Y 506000
X 178000  Y 506000
X 186000  Y 506000
X 202000  Y 506000
X 184000  Y 500000
X 200000  Y 500000
X 192000  Y 492000
X 200000  Y 492000
X 200000  Y 484000
X 192000  Y 484000
X 184000  Y 476000
X 200000  Y 476000
X 192000  Y 476000
X 200000  Y 468000
X 192000  Y 468000
X 184000  Y 468000
X 200000  Y 460000
X 192000  Y 460000
X 184000  Y 460000
X 184000  Y 452000
X 192000  Y 452000
X 200000  Y 452000
X 180000  Y 444000
X 188000  Y 444000
X 196000  Y 444000
X 200000  Y 436000
X 192000  Y 436000
X 184000  Y 436000
X 196000  Y 428000
X 188000  Y 428000
X 180000  Y 428000
X 200000  Y 420000
X 192000  Y 420000
X 184000  Y 420000
X 189500  Y 404000
X 195000  Y 403500
X 189000  Y 398500
X 195000  Y 398500
X 196500  Y 393000
X 184000  Y 324000
X 192000  Y 292000
X 192000  Y 274000
X 192000  Y 260000
X 192000  Y 254000
X 192000  Y 248000
X 192000  Y 242000
X 192000  Y 236000
X 192000  Y 230000
X 192000  Y 224000
X 191900  Y 137200
X 200000  Y 137200
X 196400  Y 132700
X 200400  Y 128700
X 192400  Y 128700
X 196000  Y 80000
X 196000  Y 64000
X 184000  Y 36000
X 192000  Y 36000
X 200000  Y 36000
X 192000  Y 28000
X 200000  Y 28000
X 200000  Y 20000
X 192000  Y 20000
X 208000  Y 20000
X 224000  Y 20000
X 216000  Y 20000
X 208000  Y 28000
X 216000  Y 28000
X 220000  Y 60000
X 210000  Y 226000
X 224400  Y 228800
X 210000  Y 236000
X 224400  Y 236800
X 210000  Y 244000
X 224400  Y 244800
X 210000  Y 250000
X 224400  Y 252800
X 210000  Y 258000
X 224400  Y 260800
X 216000  Y 420000
X 208000  Y 420000
X 224000  Y 420000
X 220000  Y 428000
X 212000  Y 428000
X 204000  Y 428000
X 228000  Y 428000
X 216000  Y 436000
X 208000  Y 436000
X 224000  Y 436000
X 212000  Y 444000
X 220000  Y 444000
X 228000  Y 444000
X 204000  Y 444000
X 216000  Y 452000
X 224000  Y 452000
X 208000  Y 452000
X 216000  Y 460000
X 208000  Y 460000
X 224000  Y 460000
X 216000  Y 468000
X 208000  Y 468000
X 224000  Y 468000
X 216000  Y 476000
X 208000  Y 476000
X 224000  Y 476000
X 216000  Y 484000
X 208000  Y 484000
X 224000  Y 484000
X 216000  Y 492000
X 208000  Y 492000
X 224000  Y 492000
X 208000  Y 500000
X 216000  Y 500000
X 224000  Y 500000
X 210000  Y 506000
X 218000  Y 506000
X 226000  Y 506000
X 234000  Y 506000
X 242000  Y 506000
X 250000  Y 506000
X 240000  Y 500000
X 232000  Y 500000
X 248000  Y 500000
X 240000  Y 492000
X 232000  Y 492000
X 248000  Y 492000
X 240000  Y 484000
X 232000  Y 484000
X 248000  Y 484000
X 240000  Y 476000
X 232000  Y 476000
X 248000  Y 476000
X 240000  Y 468000
X 232000  Y 468000
X 248000  Y 468000
X 240000  Y 460000
X 232000  Y 460000
X 248000  Y 460000
X 232000  Y 452000
X 240000  Y 452000
X 248000  Y 452000
X 236000  Y 444000
X 244000  Y 444000
X 252000  Y 444000
X 240000  Y 436000
X 232000  Y 436000
X 248000  Y 436000
X 252000  Y 428000
X 244000  Y 428000
X 236000  Y 428000
X 248000  Y 420000
X 240000  Y 420000
X 232000  Y 420000
X 242000  Y 330000
X 230000  Y 326000
X 236000  Y 326000
X 242000  Y 324000
X 248000  Y 274000
X 240000  Y 274000
X 232000  Y 274000
X 230000  Y 260000
X 246000  Y 260000
X 238000  Y 260000
X 234000  Y 254000
X 242000  Y 254000
X 250000  Y 254000
X 238000  Y 248000
X 246000  Y 248000
X 230000  Y 248000
X 250000  Y 242000
X 242000  Y 242000
X 234000  Y 242000
X 238000  Y 236000
X 230000  Y 236000
X 234000  Y 230000
X 232000  Y 64000
X 232000  Y 56000
X 232000  Y 48000
X 232000  Y 40000
X 264000  Y 44000
X 264000  Y 52000
X 256000  Y 52000
X 260000  Y 60000
X 268000  Y 64000
X 278000  Y 248000
X 270000  Y 248000
X 262000  Y 248000
X 254000  Y 248000
X 258000  Y 254000
X 274000  Y 254000
X 266000  Y 254000
X 254000  Y 260000
X 278000  Y 260000
X 270000  Y 260000
X 262000  Y 260000
X 272000  Y 274000
X 256000  Y 274000
X 264000  Y 274000
X 270000  Y 324000
X 262000  Y 324000
X 274000  Y 330000
X 266000  Y 330000
X 258000  Y 332000
X 264000  Y 420000
X 256000  Y 420000
X 272000  Y 420000
X 268000  Y 428000
X 260000  Y 428000
X 276000  Y 428000
X 256000  Y 436000
X 264000  Y 436000
X 272000  Y 436000
X 268000  Y 444000
X 276000  Y 444000
X 260000  Y 444000
X 264000  Y 452000
X 256000  Y 452000
X 272000  Y 452000
X 264000  Y 460000
X 256000  Y 460000
X 272000  Y 460000
X 264000  Y 468000
X 256000  Y 468000
X 272000  Y 468000
X 264000  Y 476000
X 256000  Y 476000
X 272000  Y 476000
X 264000  Y 484000
X 256000  Y 484000
X 272000  Y 484000
X 264000  Y 492000
X 256000  Y 492000
X 272000  Y 492000
X 272000  Y 500000
X 264000  Y 500000
X 256000  Y 500000
X 258000  Y 506000
X 266000  Y 506000
X 274000  Y 506000
X 282000  Y 506000
X 290000  Y 506000
X 280000  Y 500000
X 280000  Y 492000
X 288000  Y 492000
X 280000  Y 484000
X 296000  Y 484000
X 288000  Y 484000
X 280000  Y 476000
X 296000  Y 476000
X 288000  Y 476000
X 280000  Y 468000
X 296000  Y 468000
X 288000  Y 468000
X 280000  Y 460000
X 296000  Y 460000
X 288000  Y 460000
X 288000  Y 452000
X 296000  Y 452000
X 280000  Y 452000
X 284000  Y 444000
X 300000  Y 444000
X 292000  Y 444000
X 296000  Y 436000
X 280000  Y 436000
X 288000  Y 436000
X 284000  Y 428000
X 292000  Y 428000
X 300000  Y 428000
X 296000  Y 420000
X 288000  Y 420000
X 280000  Y 420000
X 291500  Y 281000
X 299500  Y 281000
X 280000  Y 274000
X 299500  Y 273000
X 291500  Y 273000
X 286000  Y 260000
X 294000  Y 260000
X 302000  Y 260000
X 298000  Y 254000
X 290000  Y 254000
X 282000  Y 254000
X 294000  Y 248000
X 286000  Y 248000
X 302000  Y 248000
X 316000  Y 88000
X 323600  Y 106800
X 310000  Y 248000
X 318000  Y 248000
X 326000  Y 248000
X 322000  Y 254000
X 314000  Y 254000
X 306000  Y 254000
X 326000  Y 260000
X 310000  Y 260000
X 318000  Y 260000
X 326000  Y 272000
X 318000  Y 272000
X 307500  Y 273000
X 307500  Y 281000
X 316000  Y 281000
X 328000  Y 336000
X 328000  Y 344000
X 328000  Y 352000
X 328000  Y 360000
X 312000  Y 396000
X 312000  Y 404000
X 312000  Y 412000
X 328000  Y 412000
X 320000  Y 412000
X 328000  Y 420000
X 312000  Y 420000
X 320000  Y 420000
X 304000  Y 436000
X 320000  Y 436000
X 312000  Y 436000
X 316000  Y 444000
X 308000  Y 444000
X 304000  Y 452000
X 336000  Y 420000
X 352000  Y 412000
X 344000  Y 412000
X 336000  Y 412000
X 344000  Y 392000
X 352000  Y 392000
X 352000  Y 384000
X 344000  Y 384000
X 352000  Y 376000
X 344000  Y 376000
X 336000  Y 360000
X 344000  Y 360000
X 352000  Y 360000
X 336000  Y 352000
X 344000  Y 352000
X 352000  Y 352000
X 336000  Y 344000
X 344000  Y 344000
X 352000  Y 344000
X 352000  Y 336000
X 344000  Y 336000
X 336000  Y 334000
X 350000  Y 316000
X 350000  Y 272000
X 334000  Y 272000
X 342000  Y 272000
X 334000  Y 260000
X 342000  Y 260000
X 350000  Y 260000
X 330000  Y 254000
X 338000  Y 254000
X 346000  Y 254000
X 342000  Y 248000
X 334000  Y 248000
X 350000  Y 248000
X 352000  Y 228000
X 352000  Y 220000
X 344000  Y 218400
X 332800  Y 217600
X 344000  Y 212000
X 352000  Y 212000
X 332800  Y 210400
X 352000  Y 200000
X 344000  Y 200000
X 344000  Y 180000
X 352000  Y 180000
X 348000  Y 172000
X 348000  Y 164000
X 342500  Y 159000
X 352000  Y 156000
X 352000  Y 124000
X 344000  Y 120000
X 350400  Y 112000
X 344000  Y 112000
X 330800  Y 106400
X 344000  Y 104000
X 350000  Y 104000
X 344000  Y 96000
X 332000  Y 96000
X 350000  Y 95600
X 344000  Y 88000
X 332000  Y 88000
X 350400  Y 87600
X 358800  Y 86800
X 356400  Y 95200
X 364400  Y 95200
X 372000  Y 164000
X 364000  Y 164000
X 356000  Y 164000
X 356000  Y 172000
X 372000  Y 172000
X 364000  Y 172000
X 360000  Y 180000
X 368000  Y 180000
X 368000  Y 200000
X 360000  Y 200000
X 368000  Y 212000
X 360000  Y 212000
X 360000  Y 220000
X 360000  Y 228000
X 366000  Y 248000
X 358000  Y 248000
X 370000  Y 254000
X 362000  Y 254000
X 354000  Y 254000
X 374000  Y 260000
X 358000  Y 260000
X 366000  Y 260000
X 374000  Y 272000
X 358000  Y 272000
X 366000  Y 272000
X 356000  Y 316000
X 362000  Y 316000
X 360000  Y 336000
X 360000  Y 344000
X 360000  Y 352000
X 360000  Y 360000
X 360000  Y 376000
X 388000  Y 376000
X 396000  Y 376000
X 404000  Y 376000
X 392000  Y 368000
X 421500  Y 352500
X 413500  Y 352500
X 421500  Y 344500
X 413500  Y 344500
X 421500  Y 336500
X 413500  Y 336500
X 396000  Y 320000
X 388000  Y 320000
X 404000  Y 320000
X 428000  Y 312000
X 402000  Y 276000
X 382000  Y 272000
X 410000  Y 270000
X 402000  Y 268000
X 410000  Y 262000
X 402000  Y 262000
X 382000  Y 260000
X 400000  Y 200000
X 400500  Y 183000
X 400000  Y 168000
X 400000  Y 160000
X 400000  Y 152000
X 408000  Y 152000
X 392000  Y 78000
X 432000  Y 86400
X 432000  Y 94400
X 432000  Y 102400
X 432000  Y 110400
X 432000  Y 118400
X 464000  Y 212000
X 472000  Y 216000
X 464000  Y 220000
X 472000  Y 228000
X 464000  Y 228000
X 472000  Y 236000
X 464000  Y 236000
X 460000  Y 264000
X 460000  Y 272000
X 460000  Y 280000
X 467200  Y 284800
X 476000  Y 288000
X 477600  Y 296400
X 436000  Y 312000
X 460000  Y 312000
X 452000  Y 312000
X 444000  Y 312000
X 436000  Y 320000
X 444000  Y 320000
X 460000  Y 320000
X 429500  Y 336500
X 429500  Y 344500
X 429500  Y 352500
X 468000  Y 360000
X 440000  Y 368000
X 468000  Y 368000
X 440000  Y 376000
X 468000  Y 376000
X 468000  Y 384000
X 472000  Y 404000
X 496000  Y 396000
X 488000  Y 396000
X 496000  Y 388000
X 488000  Y 388000
X 484000  Y 364000
X 484000  Y 356000
X 484000  Y 348000
X 480000  Y 320000
X 488000  Y 320000
X 496000  Y 308000
X 488000  Y 308000
X 484000  Y 296000
X 484000  Y 288000
X 496000  Y 260000
X 488000  Y 260000
X 480000  Y 256000
X 488000  Y 252000
X 496000  Y 252000
X 480000  Y 248000
X 492000  Y 184000
X 499000  Y 183500
X 508000  Y 120000
X 524000  Y 120000
X 528000  Y 140000
X 507000  Y 183500
X 515000  Y 183500
X 524000  Y 212000
X 524000  Y 220000
X 524000  Y 228000
X 512000  Y 240000
X 524000  Y 240000
X 512000  Y 248000
X 524000  Y 248000
X 512000  Y 256000
X 516000  Y 263500
X 506500  Y 264500
X 528500  Y 266500
X 528000  Y 292000
X 528000  Y 300000
X 504000  Y 308000
X 524000  Y 316000
X 524000  Y 324000
X 520000  Y 372000
X 504000  Y 376000
X 516000  Y 384000
X 508000  Y 384000
X 552000  Y 388000
X 536000  Y 376000
X 552000  Y 376000
X 548000  Y 324000
X 540000  Y 324000
X 532000  Y 324000
X 548000  Y 316000
X 540000  Y 316000
X 532000  Y 316000
X 536000  Y 308000
X 552000  Y 308000
X 544000  Y 308000
X 544000  Y 300000
X 536000  Y 300000
X 552000  Y 300000
X 544000  Y 292000
X 536000  Y 292000
X 544000  Y 276000
X 544000  Y 268000
X 544000  Y 260000
X 548000  Y 248000
X 540000  Y 248000
X 532000  Y 248000
X 544000  Y 240000
X 532000  Y 240000
X 532000  Y 228000
X 540000  Y 228000
X 548000  Y 228000
X 548000  Y 220000
X 540000  Y 220000
X 532000  Y 220000
X 548000  Y 212000
X 540000  Y 212000
X 532000  Y 212000
X 535500  Y 199500
X 543500  Y 199500
X 551500  Y 199500
X 538000  Y 183000
X 576000  Y 164000
X 559500  Y 199500
X 567500  Y 199500
X 575500  Y 199500
X 572000  Y 212000
X 572000  Y 220000
X 572000  Y 228000
X 556000  Y 240000
X 568000  Y 240000
X 556000  Y 248000
X 572000  Y 248000
X 564000  Y 248000
X 576000  Y 292000
X 568000  Y 300000
X 560000  Y 300000
X 576000  Y 300000
X 568000  Y 308000
X 576000  Y 308000
X 560000  Y 308000
X 576000  Y 316000
X 568000  Y 380000
X 568000  Y 388000
X 568000  Y 396000
X 588000  Y 396000
X 588000  Y 388000
X 584000  Y 376000
X 584000  Y 316000
X 584000  Y 308000
X 584000  Y 300000
X 580000  Y 248000
X 588000  Y 232000
X 596000  Y 232000
X 592000  Y 180000
X 600000  Y 160000
X 584000  Y 160000
X 592000  Y 160000
X 600000  Y 144000
X 592000  Y 144000
X 600000  Y 136000
X 592000  Y 136000
X 600000  Y 128000
X 592000  Y 128000
X 600000  Y 120000
X 592000  Y 120000
X 592000  Y 112000
X 600000  Y 112000
X 592000  Y 104000
X 600000  Y 104000
X 592000  Y 96000
X 600000  Y 96000
X 592000  Y 88000
X 600000  Y 88000
X 600000  Y 80000
X 592000  Y 80000
X 592000  Y 72000
X 600000  Y 72000
X 600000  Y 64000
X 592000  Y 64000
X 592000  Y 56000
X 592000  Y 48000
X 592000  Y 40000
X 600000  Y 40000
X 600000  Y 32000
X 592000  Y 32000
X 624000  Y 8000
X 616000  Y 8000
X 624000  Y 16000
X 616000  Y 16000
X 624000  Y 24000
X 616000  Y 24000
X 608000  Y 32000
X 616000  Y 32000
X 624000  Y 32000
X 616000  Y 40000
X 608000  Y 40000
X 624000  Y 40000
X 616000  Y 48000
X 624000  Y 48000
X 624000  Y 56000
X 616000  Y 56000
X 608000  Y 64000
X 616000  Y 64000
X 624000  Y 64000
X 608000  Y 72000
X 624000  Y 72000
X 616000  Y 72000
X 616000  Y 80000
X 624000  Y 80000
X 608000  Y 80000
X 624000  Y 88000
X 616000  Y 88000
X 608000  Y 88000
X 624000  Y 96000
X 608000  Y 96000
X 616000  Y 96000
X 608000  Y 104000
X 616000  Y 104000
X 624000  Y 104000
X 608000  Y 112000
X 624000  Y 112000
X 626000  Y 120000
X 608000  Y 120000
X 624000  Y 128000
X 608000  Y 128000
X 616000  Y 128000
X 616000  Y 136000
X 608000  Y 136000
X 608000  Y 144000
X 616000  Y 144000
X 608000  Y 160000
X 616000  Y 160000
X 628000  Y 204000
X 604000  Y 232000
X 624000  Y 232000
X 623000  Y 270000
X 612000  Y 372000
X 628000  Y 376000
X 612000  Y 380000
X 612000  Y 388000
X 612000  Y 396000
X 640000  Y 396000
X 640000  Y 388000
X 640000  Y 380000
X 648000  Y 276000
X 648000  Y 244000
X 640000  Y 236000
X 632000  Y 236000
X 648000  Y 236000
X 632000  Y 228000
X 640000  Y 228000
X 648000  Y 228000
X 636000  Y 204000
X 652000  Y 204000
X 644000  Y 204000
X 636000  Y 164000
X 652000  Y 164000
X 644000  Y 164000
X 632000  Y 128000
X 648000  Y 128000
X 640000  Y 128000
X 632000  Y 120000
X 640000  Y 120000
X 648000  Y 120000
X 648000  Y 112000
X 640000  Y 112000
X 632000  Y 112000
X 632000  Y 104000
X 640000  Y 104000
X 648000  Y 104000
X 632000  Y 96000
X 640000  Y 96000
X 648000  Y 96000
X 632000  Y 88000
X 640000  Y 88000
X 648000  Y 88000
X 632000  Y 80000
X 640000  Y 80000
X 648000  Y 80000
X 640000  Y 72000
X 632000  Y 72000
X 648000  Y 72000
X 640000  Y 64000
X 632000  Y 64000
X 648000  Y 64000
X 632000  Y 56000
X 640000  Y 56000
X 648000  Y 56000
X 632000  Y 48000
X 648000  Y 48000
X 640000  Y 48000
X 640000  Y 40000
X 648000  Y 40000
X 632000  Y 40000
X 632000  Y 32000
X 640000  Y 32000
X 648000  Y 32000
X 632000  Y 24000
X 640000  Y 24000
X 632000  Y 16000
X 648000  Y 16000
X 640000  Y 16000
X 648000  Y 8000
X 632000  Y 8000
X 640000  Y 8000
X 672000  Y 8000
X 664000  Y 8000
X 656000  Y 8000
X 664000  Y 16000
X 656000  Y 16000
X 672000  Y 16000
X 672000  Y 24000
X 656000  Y 24000
X 664000  Y 24000
X 672000  Y 32000
X 664000  Y 32000
X 656000  Y 32000
X 672000  Y 40000
X 664000  Y 40000
X 656000  Y 40000
X 656000  Y 48000
X 664000  Y 48000
X 672000  Y 48000
X 656000  Y 56000
X 672000  Y 56000
X 664000  Y 56000
X 664000  Y 64000
X 672000  Y 64000
X 656000  Y 64000
X 672000  Y 72000
X 656000  Y 72000
X 664000  Y 72000
X 656000  Y 80000
X 664000  Y 80000
X 672000  Y 80000
X 656000  Y 88000
X 672000  Y 88000
X 664000  Y 88000
X 672000  Y 96000
X 664000  Y 96000
X 656000  Y 96000
X 656000  Y 104000
X 664000  Y 104000
X 672000  Y 104000
X 664000  Y 112000
X 656000  Y 112000
X 664000  Y 120000
X 656000  Y 120000
X 656000  Y 128000
X 664000  Y 128000
X 672000  Y 128000
X 672000  Y 136000
X 672000  Y 144000
X 660000  Y 184000
X 660000  Y 192000
X 672000  Y 204000
X 660000  Y 204000
X 664000  Y 212000
X 664000  Y 220000
X 664000  Y 228000
X 656000  Y 228000
X 672000  Y 228000
X 664000  Y 236000
X 656000  Y 236000
X 672000  Y 236000
X 656000  Y 244000
X 664000  Y 244000
X 656000  Y 276000
X 664000  Y 300000
X 672000  Y 328000
X 664000  Y 328000
X 656000  Y 328000
X 676000  Y 340000
X 676000  Y 348000
X 676000  Y 356000
X 664000  Y 380000
X 656000  Y 380000
X 672000  Y 380000
X 672000  Y 388000
X 664000  Y 388000
X 664000  Y 396000
X 672000  Y 396000
X 680000  Y 396000
X 696000  Y 380000
X 680000  Y 380000
X 696000  Y 372000
X 684000  Y 352000
X 696000  Y 348000
X 688000  Y 344000
X 696000  Y 340000
X 696000  Y 332000
X 700000  Y 236000
X 680000  Y 236000
X 700000  Y 228000
X 680000  Y 228000
X 688000  Y 204000
X 680000  Y 204000
X 700000  Y 192000
X 700000  Y 184000
X 700000  Y 172000
X 702000  Y 163500
X 696000  Y 160000
X 702000  Y 155500
X 680000  Y 152000
X 696000  Y 152000
X 702000  Y 147500
X 696000  Y 144000
X 680000  Y 144000
X 702000  Y 139500
X 680000  Y 136000
X 696000  Y 136000
X 702000  Y 131500
X 680000  Y 128000
X 696000  Y 128000
X 702000  Y 123500
X 680000  Y 120000
X 696000  Y 120000
X 702000  Y 115500
X 680000  Y 112000
X 696000  Y 112000
X 702000  Y 107500
X 680000  Y 104000
X 696000  Y 104000
X 702000  Y 99500
X 680000  Y 96000
X 696000  Y 96000
X 702000  Y 91500
X 696000  Y 88000
X 680000  Y 88000
X 702000  Y 83500
X 680000  Y 80000
X 696000  Y 80000
X 702000  Y 75500
X 696000  Y 72000
X 680000  Y 72000
X 702000  Y 67500
X 696000  Y 64000
X 680000  Y 64000
X 702000  Y 59500
X 696000  Y 56000
X 702000  Y 51500
X 696000  Y 48000
X 702000  Y 43500
X 688000  Y 40000
X 696000  Y 40000
X 680000  Y 40000
X 702000  Y 35500
X 688000  Y 32000
X 696000  Y 32000
X 680000  Y 32000
X 680000  Y 24000
X 728000  Y 200000
X 704000  Y 200000
X 720000  Y 200000
X 720000  Y 228000
X 728000  Y 228000
X 728000  Y 304000
X 720000  Y 304000
X 712000  Y 304000
X 704000  Y 304000
X 720000  Y 316000
X 728000  Y 316000
X 720000  Y 324000
X 712000  Y 324000
X 728000  Y 324000
X 728000  Y 332000
X 712000  Y 332000
X 704000  Y 332000
X 720000  Y 332000
X 704000  Y 340000
X 728000  Y 340000
X 712000  Y 340000
X 720000  Y 340000
X 704000  Y 348000
X 720000  Y 348000
X 728000  Y 348000
X 712000  Y 348000
X 720000  Y 356000
X 712000  Y 356000
X 720000  Y 364000
X 712000  Y 364000
X 720000  Y 372000
X 728000  Y 372000
X 712000  Y 372000
X 704000  Y 372000
X 720000  Y 380000
X 712000  Y 380000
X 704000  Y 380000
X 728000  Y 380000
X 724000  Y 388000
X 724000  Y 396000
X 724000  Y 404000
X 728000  Y 412000
X 712000  Y 412000
X 720000  Y 412000
X 704000  Y 420000
X 704000  Y 428000
X 728000  Y 456000
X 712000  Y 456000
X 712000  Y 464000
X 728000  Y 464000
X 720000  Y 464000
X 744000  Y 412000
X 736000  Y 412000
X 736000  Y 380000
X 744000  Y 380000
X 744000  Y 372000
X 736000  Y 372000
X 736000  Y 348000
X 744000  Y 348000
X 744000  Y 340000
X 736000  Y 340000
X 736000  Y 332000
X 744000  Y 332000
X 744000  Y 232000
X 736000  Y 228000
X 744000  Y 224000
X 744000  Y 216000
X 744000  Y 208000
X 744000  Y 200000
X 736000  Y 200000

Drill: .02677  Tool: 5  Feed: 197  Speed: 550
X 146800  Y 17519
X 142000  Y 22500
X 152000  Y 22500
X 152000  Y 32500
X 142000  Y 32500
X 147000  Y 37519
X 534000  Y 397000
X 534000  Y 387000
X 558000  Y 387000
X 582000  Y 387000
X 606000  Y 387000
X 630000  Y 387000
X 558000  Y 397000
X 606000  Y 397000
X 582000  Y 397000
X 630000  Y 397000
X 654000  Y 397000
X 654000  Y 387000

Drill: .03  Tool: 6  Feed: 197  Speed: 550
X 498800  Y 342400
X 662400  Y 252000
X 656800  Y 252000

Drill: .0315  Tool: 7  Feed: 197  Speed: 550
X 10000  Y 84048
X 10000  Y 115151

Drill: .0315  Tool: 8  Feed: 197  Speed: 550
X 6225  Y 266038
X 14099  Y 266038
X 14099  Y 273912
X 6225  Y 273912
X 14099  Y 281786
X 6225  Y 281786
X 14099  Y 289660
X 6225  Y 289660
X 14099  Y 297534
X 6225  Y 297534
X 6225  Y 305408
X 14099  Y 305408
X 14099  Y 313282
X 6225  Y 313282
X 14099  Y 321156
X 6225  Y 321156
X 14099  Y 329030
X 6225  Y 329030
X 14099  Y 336904
X 6225  Y 336904

Drill: .035  Tool: 9  Feed: 197  Speed: 550
X 77000  Y 20000
X 84519  Y 20000
X 92039  Y 20000
X 99559  Y 20000
X 84519  Y 27500
X 92039  Y 27500
X 99559  Y 27500
X 77000  Y 27500
X 77000  Y 35000
X 84519  Y 35000
X 99559  Y 35000
X 92039  Y 35000
X 107078  Y 35000
X 114598  Y 35000
X 122118  Y 35000
X 129519  Y 35000
X 107078  Y 27500
X 114598  Y 27500
X 129519  Y 27500
X 122118  Y 27500
X 107078  Y 20000
X 129519  Y 20000
X 114598  Y 20000
X 122118  Y 20000

Drill: .03543  Tool: 10  Feed: 197  Speed: 550
X 62270  Y 350984 X 60301  Y 350984
X 62270  Y 197441 X 60301  Y 197441

Drill: .037  Tool: 11  Feed: 197  Speed: 550
X 88400  Y 462900
X 99200  Y 462900
X 120800  Y 462900
X 110000  Y 462900
X 93800  Y 474300
X 104600  Y 474300
X 115400  Y 474300
X 126200  Y 474300
X 131600  Y 462900

Drill: .037  Tool: 12  Feed: 197  Speed: 550
X 239240  Y 20353
X 256562  Y 20353

Drill: .03937  Tool: 13  Feed: 197  Speed: 550
X 596749  Y 202788

Drill: .03937  Tool: 14  Feed: 197  Speed: 550
X 207000  Y 45000
X 207000  Y 53000
X 207000  Y 61000
X 207000  Y 69000
X 325000  Y 429921
X 325000  Y 400000
X 306000  Y 72960
X 316000  Y 72960
X 326000  Y 72960
X 296000  Y 72960
X 321000  Y 63000
X 311000  Y 63000
X 301000  Y 63000
X 291000  Y 63000
X 405000  Y 175000
X 415000  Y 175000
X 425000  Y 175000
X 435000  Y 175000
X 505000  Y 425000
X 505000  Y 415000
X 505000  Y 405000
X 505000  Y 395000
X 512000  Y 175000
X 502000  Y 175000
X 492000  Y 175000
X 482000  Y 175000
X 538000  Y 175000
X 548000  Y 175000
X 558000  Y 175000
X 568000  Y 175000
X 558000  Y 437000
X 534000  Y 437000
X 582000  Y 437000
X 533800  Y 457000
X 557800  Y 457000
X 581800  Y 457000
X 605800  Y 457000
X 653800  Y 457000
X 629800  Y 457000
X 630000  Y 437000
X 606000  Y 437000
X 654000  Y 437000

Drill: .04724  Tool: 15  Feed: 139  Speed: 550
X 292456  Y 20007
X 282456  Y 20007
X 320761  Y 482881
X 350761  Y 482881
X 335761  Y 482881
X 365761  Y 482881
X 361156  Y 28070
X 376156  Y 28070
X 335606  Y 20007
X 325606  Y 20007
X 391156  Y 28070
X 421156  Y 28070
X 406156  Y 28070
X 436156  Y 28070
X 410761  Y 482881
X 380761  Y 482881
X 395761  Y 482881
X 440761  Y 482881
X 425761  Y 482881
X 470761  Y 482881
X 455761  Y 482881
X 485761  Y 482881
X 519761  Y 482881
X 460454  Y 28112
X 490454  Y 28112
X 475454  Y 28112
X 505454  Y 28112
X 528454  Y 28112
X 543454  Y 28112
X 558454  Y 28112
X 573454  Y 28112
X 564761  Y 482881
X 549761  Y 482881
X 534761  Y 482881
X 594761  Y 482881
X 579761  Y 482881
X 624761  Y 482881
X 609761  Y 482881
X 639761  Y 482881
X 654761  Y 482881
X 669761  Y 482881
X 684761  Y 482881
X 721000  Y 426000
X 721000  Y 441000
X 721000  Y 456000

Drill: .05118  Tool: 16  Feed: 107  Speed: 550
X 319671  Y 350984 X 317703  Y 350984
X 319671  Y 197441 X 317703  Y 197441

Drill: .05315  Tool: 17  Feed: 107  Speed: 550
X 196500  Y 44000
X 218000  Y 44000
X 196500  Y 71500
X 218000  Y 71500

Drill: .05512  Tool: 18  Feed: 107  Speed: 550
X 696080  Y 202788

Drill: .05512  Tool: 19  Feed: 107  Speed: 550
X 35000  Y 396000
X 35000  Y 426000

Drill: .05905  Tool: 20  Feed: 107  Speed: 550
X 718367  Y 50540
X 728111  Y 60284
X 718367  Y 70027
X 718367  Y 120540
X 728111  Y 130284
X 718367  Y 140027
X 737854  Y 140027
X 737854  Y 120540
X 737854  Y 70027
X 737854  Y 50540

Drill: .06693  Tool: 21  Feed: 89  Speed: 550
X 191493  Y 500300
X 286493  Y 500300

Drill: .07087  Tool: 22  Feed: 81  Speed: 550
X 339661  Y 49811

Drill: .07087  Tool: 23  Feed: 81  Speed: 550
X 278637  Y 49811

Drill: .07598  Tool: 24  Feed: 81  Speed: 550
X 77000  Y 7007
X 152000  Y 7007
X 54007  Y 20000
X 174992  Y 20000

Drill: .12  Tool: 25  Feed: 35  Speed: 794
X 60000  Y 468600
X 160000  Y 468600

Drill: .12598  Tool: 26  Feed: 35  Speed: 794
X 19685  Y 19685
X 19685  Y 492125
X 728346  Y 492125
X 728346  Y 19685

Drill: .12795  Tool: 27  Feed: 35  Speed: 794
X 286629  Y 38000
X 331629  Y 38000

Drill: .14961  Tool: 28  Feed: 35  Speed: 900
X 598324  Y 13812
X 692812  Y 13812

End of Listing
