Drill Listing
=============
Drill: .012  Tool: 1  Feed: 95  Speed: 300
X 88500  Y 73500
X 91500  Y 70500
X 99000  Y 73500
X 103000  Y 70500
X 176500  Y 61000
X 205000  Y 61000
X 395500  Y 48000
X 465500  Y 51000
X 480500  Y 27500
X 513500  Y 73500
X 518500  Y 67000
X 521500  Y 57000
X 528500  Y 64000
X 533600  Y 54000
X 535500  Y 42000
X 536500  Y 73500
X 537500  Y 67000
X 566500  Y 54000
X 566500  Y 69000
X 574000  Y 74000
X 580000  Y 54000
X 580500  Y 58031
X 587000  Y 65500
X 592000  Y 69000
X 595500  Y 74000
X 651500  Y 63500
X 662000  Y 43500
X 662500  Y 58000
X 602000  Y 128000
X 562500  Y 115000
X 553500  Y 106500
X 541500  Y 128500
X 533500  Y 102000
X 518500  Y 102500
X 501500  Y 116000
X 492000  Y 106500
X 480500  Y 110400
X 472400  Y 110400
X 426800  Y 123300
X 425800  Y 129300
X 402500  Y 98000
X 372500  Y 121000
X 367000  Y 117500
X 358500  Y 121000
X 354500  Y 119500
X 176500  Y 106000
X 170500  Y 124500
X 170500  Y 128500
X 169000  Y 121000
X 157000  Y 115200
X 117500  Y 141000
X 143200  Y 144400
X 146500  Y 172000
X 150000  Y 169500
X 155500  Y 176000
X 162000  Y 178000
X 189000  Y 166000
X 189000  Y 178500
X 323500  Y 167500
X 324000  Y 155500
X 365200  Y 166000
X 415000  Y 153000
X 417000  Y 167500
X 420000  Y 152500
X 420000  Y 172000
X 424100  Y 133800
X 424200  Y 138800
X 426000  Y 178800
X 429000  Y 153500
X 446000  Y 154000
X 532500  Y 166000
X 601600  Y 226000
X 598000  Y 224500
X 461500  Y 199000
X 420800  Y 181200
X 420800  Y 185600
X 383000  Y 209500
X 375500  Y 205500
X 368500  Y 202500
X 360000  Y 191600
X 345500  Y 181500
X 337000  Y 184000
X 240000  Y 185700
X 235800  Y 186600
X 162000  Y 190000
X 155500  Y 191500
X 148000  Y 191000
X 142500  Y 196500
X 113500  Y 216500
X 113500  Y 197500
X 113000  Y 226000
X 113000  Y 207000
X 96400  Y 276800
X 112500  Y 255500
X 113000  Y 246000
X 113000  Y 236000
X 135000  Y 279500
X 141000  Y 279000
X 155000  Y 279500
X 157500  Y 249000
X 162000  Y 249000
X 166500  Y 249000
X 171000  Y 249000
X 175500  Y 249000
X 180000  Y 249000
X 184500  Y 249000
X 189000  Y 249000
X 193500  Y 249000
X 198000  Y 249000
X 202500  Y 249000
X 207000  Y 249000
X 211500  Y 249000
X 214500  Y 267500
X 214500  Y 280000
X 216000  Y 255000
X 216000  Y 249000
X 216000  Y 259500
X 218000  Y 268000
X 220500  Y 249000
X 222000  Y 269000
X 222000  Y 258500
X 225000  Y 249000
X 372000  Y 256800
X 379000  Y 256200
X 386400  Y 256800
X 478500  Y 277500
X 483000  Y 280500
X 554400  Y 274400
X 554400  Y 264800
X 554800  Y 260000
X 585200  Y 260000
X 702000  Y 268500
X 702000  Y 274500
X 702000  Y 262500
X 702000  Y 280500
X 711000  Y 304500
X 703500  Y 304500
X 696000  Y 304500
X 670500  Y 288000
X 663000  Y 288000
X 655500  Y 288000
X 648000  Y 288000
X 642000  Y 288000
X 622500  Y 288000
X 445000  Y 294000
X 422000  Y 312400
X 421200  Y 303200
X 412000  Y 321200
X 398800  Y 321200
X 392000  Y 292800
X 386400  Y 290000
X 381600  Y 287200
X 229000  Y 316000
X 228000  Y 321000
X 219000  Y 281000
X 216000  Y 330000
X 213000  Y 318000
X 213000  Y 324000
X 208500  Y 318000
X 208500  Y 324000
X 208500  Y 330000
X 204000  Y 318000
X 204000  Y 330000
X 202500  Y 324000
X 202000  Y 295000
X 199500  Y 318000
X 198500  Y 287500
X 198000  Y 324000
X 198000  Y 330000
X 195000  Y 300000
X 194500  Y 316500
X 193500  Y 325000
X 187200  Y 316500
X 187000  Y 325000
X 185500  Y 295000
X 185500  Y 300000
X 185500  Y 287500
X 165000  Y 293000
X 152500  Y 325500
X 118800  Y 318800
X 118800  Y 330000
X 109000  Y 312500
X 104500  Y 310500
X 104500  Y 328500
X 101000  Y 305500
X 98000  Y 309000
X 94000  Y 325500
X 93000  Y 334000
X 100000  Y 370000
X 115000  Y 351500
X 117000  Y 359000
X 117000  Y 370000
X 128000  Y 335200
X 146000  Y 334500
X 150000  Y 334500
X 173500  Y 364000
X 175000  Y 380500
X 186000  Y 348000
X 190000  Y 369500
X 192500  Y 378000
X 193500  Y 364000
X 197000  Y 364500
X 198000  Y 354000
X 198500  Y 378000
X 203500  Y 367500
X 204000  Y 355500
X 208500  Y 355500
X 209000  Y 369000
X 214800  Y 370800
X 222500  Y 345000
X 226500  Y 345000
X 380800  Y 356800
X 384800  Y 339200
X 386400  Y 357600
X 389600  Y 339200
X 395600  Y 352400
X 395600  Y 342400
X 398800  Y 367600
X 402000  Y 352800
X 402000  Y 360400
X 406400  Y 361600
X 415500  Y 359700
X 422000  Y 359200
X 536800  Y 361200
X 327000  Y 400500
X 322500  Y 400500
X 318000  Y 400500
X 316500  Y 406500
X 313500  Y 400500
X 312000  Y 406500
X 307500  Y 400500
X 307500  Y 406500
X 306000  Y 417000
X 303000  Y 400500
X 303000  Y 406500
X 301500  Y 396000
X 301500  Y 412500
X 301500  Y 417000
X 237200  Y 390400
X 180500  Y 412500
X 175500  Y 409000
X 175000  Y 388500
X 174500  Y 420000
X 172000  Y 405500
X 150400  Y 430800
X 147500  Y 406500
X 145500  Y 420000
X 145500  Y 410000
X 141600  Y 421600
X 138000  Y 422000
X 136400  Y 413200
X 134000  Y 424800
X 122400  Y 419600
X 108000  Y 412000
X 105000  Y 390000
X 97000  Y 392500
X 58400  Y 464800
X 62000  Y 452400
X 62400  Y 465200
X 78800  Y 452800
X 116000  Y 471600
X 116000  Y 467600
X 118000  Y 456000
X 118800  Y 479200
X 124500  Y 478500
X 124800  Y 436400
X 130500  Y 478500
X 136500  Y 478500
X 142500  Y 478500
X 148500  Y 478500
X 150000  Y 435600
X 154500  Y 478500
X 160500  Y 478500
X 164800  Y 436400
X 166500  Y 478500
X 172500  Y 478500
X 178500  Y 478500
X 177000  Y 484500
X 171000  Y 484500
X 163500  Y 484500
X 157500  Y 484500
X 153000  Y 484500
X 148500  Y 484500
X 144000  Y 484500
X 138000  Y 484500
X 132000  Y 484500
X 126000  Y 484500
X 120000  Y 484500

Drill: .016  Tool: 2  Feed: 95  Speed: 300
X 176000  Y 128000
X 407500  Y 97000
X 465000  Y 38500
X 498500  Y 40000
X 618000  Y 106500
X 631500  Y 115500
X 664000  Y 128000
X 712000  Y 153500
X 701000  Y 143500
X 693500  Y 132000
X 687000  Y 133500
X 630500  Y 166000
X 596500  Y 166000
X 571000  Y 166000
X 490500  Y 165000
X 485600  Y 142400
X 408500  Y 142500
X 385000  Y 147000
X 333000  Y 158500
X 289000  Y 182000
X 106000  Y 300000
X 147500  Y 280500
X 168000  Y 274500
X 180500  Y 290000
X 181000  Y 305000
X 422500  Y 246500
X 465500  Y 264000
X 561000  Y 248500
X 644400  Y 260000
X 644400  Y 275200
X 695200  Y 336000
X 685000  Y 325500
X 666800  Y 314800
X 644000  Y 336000
X 635000  Y 344000
X 633500  Y 331500
X 623600  Y 314400
X 610500  Y 336000
X 577600  Y 316000
X 576500  Y 336000
X 567500  Y 350000
X 566000  Y 332000
X 544000  Y 336000
X 533000  Y 331500
X 510500  Y 335500
X 501500  Y 344000
X 500000  Y 332500
X 477500  Y 336000
X 180000  Y 310000
X 176500  Y 345500
X 170000  Y 345500
X 159500  Y 347000
X 135000  Y 344500
X 133500  Y 350500
X 130500  Y 314000
X 130000  Y 345000
X 125000  Y 346500
X 122500  Y 332500
X 118000  Y 347000
X 100000  Y 347000
X 105000  Y 357000
X 108400  Y 372800
X 113000  Y 387000
X 118000  Y 381000
X 152500  Y 361500
X 167000  Y 392000
X 175000  Y 400500
X 214500  Y 398000
X 228000  Y 395200
X 256400  Y 392400
X 267000  Y 394500
X 277000  Y 394000
X 287000  Y 394500
X 298500  Y 400500
X 350000  Y 374500
X 355000  Y 386000
X 362000  Y 378000
X 375000  Y 385500
X 381500  Y 378000
X 395000  Y 386000
X 407500  Y 378000
X 415000  Y 386000
X 428800  Y 360000
X 430400  Y 378000
X 435000  Y 385500
X 447500  Y 378000
X 455000  Y 385500
X 477000  Y 365500
X 495000  Y 424500
X 477000  Y 429000
X 470000  Y 426000
X 298500  Y 406500
X 294000  Y 411000
X 289500  Y 411000
X 271500  Y 409500
X 271500  Y 414000
X 271500  Y 424500
X 261000  Y 420000
X 261000  Y 415500
X 261000  Y 424500
X 252000  Y 412500
X 252000  Y 418500
X 252000  Y 424500
X 241500  Y 411000
X 241500  Y 415500
X 241500  Y 420000
X 241500  Y 424500
X 237000  Y 406500
X 237000  Y 411000
X 232500  Y 406500
X 232500  Y 411000
X 232500  Y 420000
X 232500  Y 415500
X 232500  Y 424500
X 222000  Y 417000
X 222000  Y 412500
X 222000  Y 408000
X 222000  Y 424500
X 211500  Y 406500
X 211500  Y 411000
X 211500  Y 415500
X 211500  Y 420000
X 211500  Y 424500
X 202500  Y 408000
X 198000  Y 408000
X 198000  Y 412500
X 198000  Y 417000
X 193500  Y 408000
X 193500  Y 417000
X 193500  Y 412500
X 101500  Y 450000
X 198000  Y 451500
X 199500  Y 442500
X 202500  Y 451500
X 204000  Y 442500
X 207000  Y 451500
X 208500  Y 442500
X 211500  Y 451500
X 213000  Y 433500
X 213000  Y 442500
X 216000  Y 451500
X 217500  Y 433500
X 217500  Y 442500
X 220500  Y 451500
X 222000  Y 433500
X 222000  Y 442500
X 225000  Y 451500
X 226500  Y 433500
X 226500  Y 442500
X 229500  Y 451500
X 231000  Y 442500
X 231000  Y 433500
X 234000  Y 451500
X 235500  Y 442500
X 235500  Y 433500
X 238500  Y 451500
X 240000  Y 442500
X 240000  Y 433500
X 243000  Y 451500
X 244500  Y 433500
X 244500  Y 442500
X 247500  Y 451500
X 249000  Y 433500
X 249000  Y 442500
X 252000  Y 451500
X 253500  Y 433500
X 253500  Y 442500
X 256500  Y 451500
X 258000  Y 442500
X 258000  Y 433500
X 261000  Y 451500
X 262500  Y 433500
X 262500  Y 442500
X 265500  Y 451500
X 267000  Y 442500
X 267000  Y 433500
X 270000  Y 451500
X 271500  Y 433500
X 271500  Y 442500
X 274500  Y 451500
X 276000  Y 433500
X 276000  Y 442500
X 279000  Y 451500
X 280500  Y 442500
X 283500  Y 451500
X 285000  Y 442500
X 288000  Y 433500
X 288000  Y 451500
X 289500  Y 442500
X 292500  Y 451500
X 294000  Y 442500
X 294000  Y 433500
X 360000  Y 433000
X 380500  Y 433000
X 400000  Y 433000
X 421000  Y 433000
X 440000  Y 433000
X 461000  Y 433000
X 470000  Y 443500
X 485000  Y 445500
X 495000  Y 442500
X 292500  Y 460500
X 292500  Y 469500
X 289500  Y 478500
X 288000  Y 460500
X 288000  Y 469500
X 285000  Y 478500
X 283500  Y 460500
X 283500  Y 469500
X 280500  Y 478500
X 279000  Y 460500
X 279000  Y 469500
X 276000  Y 478500
X 274500  Y 460500
X 274500  Y 469500
X 271500  Y 478500
X 270000  Y 469500
X 270000  Y 460500
X 267000  Y 478500
X 265500  Y 460500
X 265500  Y 469500
X 262500  Y 478500
X 261000  Y 469500
X 261000  Y 460500
X 258000  Y 478500
X 256500  Y 469500
X 256500  Y 460500
X 253500  Y 478500
X 252000  Y 469500
X 252000  Y 460500
X 249000  Y 478500
X 247500  Y 469500
X 247500  Y 460500
X 244500  Y 478500
X 243000  Y 460500
X 243000  Y 469500
X 240000  Y 478500
X 238500  Y 460500
X 238500  Y 469500
X 235500  Y 478500
X 234000  Y 469500
X 234000  Y 460500
X 231000  Y 478500
X 229500  Y 469500
X 229500  Y 460500
X 226500  Y 478500
X 225000  Y 469500
X 225000  Y 460500
X 222000  Y 478500
X 220500  Y 460500
X 220500  Y 469500
X 217500  Y 478500
X 216000  Y 460500
X 216000  Y 469500
X 213000  Y 478500
X 211500  Y 469500
X 211500  Y 460500
X 208500  Y 478500
X 207000  Y 460500
X 207000  Y 469500
X 204000  Y 478500
X 202500  Y 469500
X 202500  Y 460500
X 199500  Y 478500
X 198000  Y 469500
X 198000  Y 460500
X 195000  Y 478500
X 108400  Y 465600
X 88800  Y 467600
X 195000  Y 487500
X 199500  Y 487500
X 204000  Y 487500
X 208500  Y 487500
X 213000  Y 487500
X 217500  Y 487500
X 222000  Y 487500
X 226500  Y 487500
X 231000  Y 487500
X 235500  Y 487500
X 240000  Y 487500
X 244500  Y 487500
X 249000  Y 487500
X 253500  Y 487500
X 258000  Y 487500
X 262500  Y 487500
X 267000  Y 487500
X 271500  Y 487500
X 276000  Y 487500
X 280500  Y 487500
X 285000  Y 487500
X 289500  Y 487500

Drill: .01969  Tool: 3  Feed: 95  Speed: 300
X 11227  Y 19692
X 13452  Y 14076
X 13589  Y 25563
X 19671  Y 11202
X 19716  Y 28091
X 25757  Y 25518
X 26080  Y 14175
X 28116  Y 19692
X 692329  Y 19692
X 694555  Y 14076
X 694691  Y 25563
X 700774  Y 11202
X 700818  Y 28091
X 706859  Y 25518
X 707183  Y 14175
X 709219  Y 19692
X 709245  Y 472433
X 707019  Y 478049
X 706883  Y 466563
X 700800  Y 480923
X 700755  Y 464034
X 694715  Y 466607
X 694391  Y 477950
X 692355  Y 472433
X 28116  Y 472448
X 26080  Y 466931
X 25757  Y 478274
X 19716  Y 480847
X 19671  Y 463958
X 13589  Y 478318
X 13452  Y 466832
X 11227  Y 472448

Drill: .025  Tool: 4  Feed: 197  Speed: 550
X 51000  Y 15000
X 54000  Y 6000
X 57000  Y 24000
X 60000  Y 15000
X 63000  Y 6000
X 66000  Y 24000
X 69000  Y 15000
X 72000  Y 6000
X 75000  Y 24000
X 78000  Y 15000
X 81000  Y 6000
X 84000  Y 24000
X 90000  Y 6000
X 90000  Y 15000
X 93000  Y 24000
X 99000  Y 15000
X 99000  Y 6000
X 102000  Y 24000
X 108000  Y 15000
X 108000  Y 6000
X 111000  Y 24000
X 114000  Y 6000
X 132000  Y 24000
X 177000  Y 6000
X 180000  Y 12000
X 213000  Y 6000
X 213000  Y 15000
X 213000  Y 24000
X 225000  Y 9000
X 225000  Y 18000
X 225000  Y 27000
X 234000  Y 6000
X 240000  Y 15000
X 240000  Y 27000
X 243000  Y 6000
X 249000  Y 18000
X 249000  Y 27000
X 252000  Y 6000
X 261000  Y 6000
X 270000  Y 6000
X 279000  Y 6000
X 288000  Y 6000
X 297000  Y 6000
X 303000  Y 6000
X 312000  Y 6000
X 321000  Y 6000
X 330000  Y 6000
X 360000  Y 9000
X 369000  Y 9000
X 378000  Y 9000
X 387000  Y 9000
X 396000  Y 9000
X 405000  Y 9000
X 417000  Y 9000
X 429000  Y 9000
X 441000  Y 9000
X 447000  Y 30000
X 450000  Y 9000
X 447000  Y 36000
X 441000  Y 36000
X 417000  Y 45000
X 357000  Y 45000
X 348000  Y 45000
X 336000  Y 45000
X 324000  Y 45000
X 312000  Y 45000
X 303000  Y 45000
X 291000  Y 45000
X 282000  Y 45000
X 249000  Y 36000
X 249000  Y 48000
X 240000  Y 48000
X 240000  Y 36000
X 231000  Y 45000
X 231000  Y 54000
X 225000  Y 36000
X 207000  Y 36000
X 198000  Y 36000
X 189000  Y 45000
X 189000  Y 36000
X 180000  Y 45000
X 171000  Y 45000
X 162000  Y 45000
X 153000  Y 45000
X 141000  Y 45000
X 141000  Y 54000
X 132000  Y 36000
X 129000  Y 54000
X 129000  Y 45000
X 114000  Y 54000
X 114000  Y 33000
X 105000  Y 33000
X 102000  Y 54000
X 96000  Y 33000
X 87000  Y 33000
X 87000  Y 54000
X 78000  Y 33000
X 78000  Y 48000
X 69000  Y 33000
X 63000  Y 48000
X 60000  Y 33000
X 51000  Y 45000
X 51000  Y 33000
X 42000  Y 48000
X 36000  Y 48000
X 6000  Y 78000
X 6000  Y 90000
X 6000  Y 102000
X 15000  Y 78000
X 15000  Y 90000
X 15000  Y 102000
X 24000  Y 78000
X 24000  Y 69000
X 24000  Y 90000
X 24000  Y 102000
X 33000  Y 57000
X 33000  Y 69000
X 33000  Y 78000
X 33000  Y 102000
X 33000  Y 90000
X 42000  Y 69000
X 42000  Y 78000
X 42000  Y 57000
X 42000  Y 90000
X 42000  Y 102000
X 51000  Y 69000
X 51000  Y 90000
X 51000  Y 102000
X 51000  Y 57000
X 60000  Y 69000
X 60000  Y 90000
X 60000  Y 57000
X 60000  Y 102000
X 69000  Y 63000
X 75000  Y 57000
X 81000  Y 63000
X 84000  Y 81000
X 84000  Y 90000
X 102000  Y 90000
X 108000  Y 99000
X 114000  Y 90000
X 120000  Y 105000
X 120000  Y 99000
X 123000  Y 81000
X 123000  Y 90000
X 129000  Y 102000
X 132000  Y 81000
X 132000  Y 90000
X 141000  Y 90000
X 141000  Y 81000
X 150000  Y 81000
X 150000  Y 90000
X 159000  Y 84000
X 177000  Y 84000
X 186000  Y 87000
X 216000  Y 84000
X 231000  Y 72000
X 231000  Y 63000
X 231000  Y 81000
X 231000  Y 90000
X 240000  Y 81000
X 240000  Y 90000
X 249000  Y 81000
X 249000  Y 90000
X 258000  Y 81000
X 258000  Y 90000
X 330000  Y 57000
X 331500  Y 85500
X 360000  Y 84000
X 372000  Y 84000
X 381000  Y 81000
X 420000  Y 87000
X 420000  Y 96000
X 420000  Y 105000
X 435000  Y 99000
X 453000  Y 99000
X 468000  Y 63000
X 678000  Y 93000
X 678000  Y 102000
X 684000  Y 93000
X 684000  Y 102000
X 690000  Y 93000
X 690000  Y 102000
X 696000  Y 93000
X 696000  Y 102000
X 702000  Y 102000
X 702000  Y 93000
X 708000  Y 93000
X 708000  Y 102000
X 201200  Y 126800
X 120000  Y 111000
X 120000  Y 120000
X 111000  Y 108000
X 111000  Y 117000
X 111000  Y 126000
X 90000  Y 114000
X 90000  Y 123000
X 87000  Y 129000
X 81000  Y 114000
X 81000  Y 123000
X 78000  Y 129000
X 72000  Y 123000
X 72000  Y 114000
X 69000  Y 129000
X 66000  Y 114000
X 66000  Y 123000
X 60000  Y 129000
X 57000  Y 123000
X 57000  Y 114000
X 48000  Y 114000
X 48000  Y 123000
X 48000  Y 129000
X 39000  Y 114000
X 39000  Y 123000
X 33000  Y 129000
X 30000  Y 114000
X 30000  Y 123000
X 24000  Y 129000
X 24000  Y 114000
X 24000  Y 123000
X 15000  Y 123000
X 15000  Y 114000
X 6000  Y 123000
X 6000  Y 114000
X 6000  Y 132000
X 15000  Y 132000
X 27000  Y 135000
X 36000  Y 153000
X 36000  Y 144000
X 36000  Y 135000
X 45000  Y 135000
X 45000  Y 144000
X 45000  Y 153000
X 54000  Y 135000
X 54000  Y 144000
X 54000  Y 153000
X 63000  Y 153000
X 63000  Y 135000
X 63000  Y 144000
X 72000  Y 153000
X 72000  Y 144000
X 72000  Y 135000
X 81000  Y 144000
X 81000  Y 135000
X 81000  Y 153000
X 90000  Y 135000
X 90000  Y 144000
X 90000  Y 153000
X 99000  Y 153000
X 99000  Y 144000
X 108000  Y 144000
X 124000  Y 144400
X 162000  Y 144000
X 168000  Y 150000
X 174000  Y 144000
X 237000  Y 150000
X 237000  Y 141000
X 279000  Y 144000
X 285000  Y 135000
X 291000  Y 144000
X 300000  Y 135000
X 303000  Y 144000
X 333000  Y 150000
X 345000  Y 150000
X 690000  Y 165000
X 690000  Y 174000
X 681000  Y 165000
X 681000  Y 174000
X 672000  Y 165000
X 672000  Y 174000
X 663000  Y 165000
X 663000  Y 174000
X 639000  Y 171000
X 588000  Y 171000
X 579000  Y 171000
X 525000  Y 174000
X 516000  Y 180000
X 339000  Y 165000
X 303000  Y 156000
X 291000  Y 156000
X 279000  Y 174000
X 279000  Y 156000
X 237000  Y 159000
X 228000  Y 159000
X 108000  Y 180000
X 108000  Y 171000
X 108000  Y 162000
X 99000  Y 171000
X 99000  Y 180000
X 99000  Y 162000
X 90000  Y 180000
X 90000  Y 171000
X 90000  Y 162000
X 81000  Y 171000
X 81000  Y 162000
X 81000  Y 180000
X 72000  Y 162000
X 72000  Y 180000
X 72000  Y 171000
X 63000  Y 180000
X 63000  Y 171000
X 63000  Y 162000
X 54000  Y 171000
X 54000  Y 162000
X 54000  Y 180000
X 45000  Y 171000
X 45000  Y 162000
X 45000  Y 180000
X 36000  Y 162000
X 27000  Y 162000
X 18000  Y 171000
X 18000  Y 180000
X 9000  Y 171000
X 9000  Y 180000
X 9000  Y 189000
X 9000  Y 198000
X 18000  Y 189000
X 18000  Y 198000
X 45000  Y 189000
X 54000  Y 189000
X 54000  Y 198000
X 63000  Y 189000
X 63000  Y 198000
X 72000  Y 198000
X 72000  Y 189000
X 81000  Y 189000
X 81000  Y 198000
X 90000  Y 189000
X 90000  Y 198000
X 99000  Y 189000
X 99000  Y 198000
X 108000  Y 198000
X 108000  Y 189000
X 282000  Y 198000
X 291000  Y 198000
X 303000  Y 198000
X 312000  Y 198000
X 321000  Y 198000
X 330000  Y 198000
X 338000  Y 197600
X 359600  Y 200000
X 393000  Y 198000
X 399000  Y 189000
X 405000  Y 198000
X 516000  Y 201000
X 535000  Y 192500
X 612000  Y 201000
X 624000  Y 201000
X 633000  Y 201000
X 663000  Y 198000
X 672000  Y 198000
X 681000  Y 189000
X 681000  Y 198000
X 690000  Y 189000
X 690000  Y 198000
X 702000  Y 186000
X 708000  Y 207000
X 699000  Y 207000
X 690000  Y 207000
X 681000  Y 207000
X 672000  Y 207000
X 663000  Y 207000
X 633000  Y 210000
X 624000  Y 210000
X 612000  Y 210000
X 585000  Y 210000
X 573000  Y 210000
X 537000  Y 228000
X 516000  Y 210000
X 429000  Y 219000
X 423000  Y 210000
X 423000  Y 228000
X 417000  Y 219000
X 411000  Y 210000
X 411000  Y 228000
X 405000  Y 219000
X 399000  Y 210000
X 399000  Y 228000
X 393000  Y 219000
X 338000  Y 210400
X 338000  Y 228000
X 337600  Y 218800
X 330400  Y 210400
X 327000  Y 219000
X 324000  Y 228000
X 321000  Y 210000
X 318000  Y 219000
X 315000  Y 228000
X 312000  Y 210000
X 309000  Y 219000
X 306000  Y 228000
X 303000  Y 210000
X 300000  Y 219000
X 297000  Y 228000
X 294000  Y 210000
X 291000  Y 219000
X 288000  Y 228000
X 285000  Y 210000
X 282000  Y 219000
X 279000  Y 228000
X 108000  Y 207000
X 108000  Y 216000
X 108000  Y 225000
X 99000  Y 216000
X 99000  Y 207000
X 99000  Y 225000
X 90000  Y 216000
X 90000  Y 207000
X 90000  Y 225000
X 81000  Y 216000
X 81000  Y 207000
X 81000  Y 225000
X 72000  Y 207000
X 72000  Y 225000
X 72000  Y 216000
X 63000  Y 225000
X 63000  Y 216000
X 63000  Y 207000
X 54000  Y 216000
X 54000  Y 225000
X 54000  Y 207000
X 18000  Y 216000
X 18000  Y 207000
X 18000  Y 225000
X 9000  Y 216000
X 9000  Y 207000
X 9000  Y 225000
X 10000  Y 246000
X 15000  Y 234000
X 18000  Y 246000
X 45000  Y 234000
X 45000  Y 246000
X 54000  Y 234000
X 54000  Y 246000
X 63000  Y 246000
X 63000  Y 234000
X 72000  Y 234000
X 72000  Y 246000
X 81000  Y 234000
X 81000  Y 246000
X 90000  Y 234000
X 90000  Y 246000
X 99000  Y 234000
X 99000  Y 246000
X 108000  Y 234000
X 108000  Y 246000
X 237000  Y 246000
X 237000  Y 252000
X 282000  Y 246000
X 288000  Y 237000
X 291000  Y 246000
X 297000  Y 237000
X 300000  Y 246000
X 306000  Y 237000
X 309000  Y 246000
X 315000  Y 237000
X 318000  Y 246000
X 324000  Y 237000
X 324000  Y 246000
X 338000  Y 236800
X 338000  Y 245600
X 360400  Y 254400
X 393000  Y 237000
X 393000  Y 255000
X 399000  Y 246000
X 405000  Y 237000
X 405000  Y 255000
X 411000  Y 246000
X 417000  Y 237000
X 586500  Y 241500
X 672000  Y 297000
X 663000  Y 297000
X 654000  Y 297000
X 645000  Y 297000
X 636000  Y 297000
X 633000  Y 276000
X 633000  Y 288000
X 627000  Y 297000
X 618000  Y 297000
X 609000  Y 297000
X 600000  Y 297000
X 591000  Y 273000
X 591000  Y 282000
X 591000  Y 291000
X 591000  Y 300000
X 579000  Y 297000
X 558000  Y 297000
X 537000  Y 279000
X 528000  Y 303000
X 525000  Y 279000
X 423000  Y 294000
X 414000  Y 273000
X 411000  Y 291000
X 411000  Y 300000
X 402000  Y 291000
X 402000  Y 300000
X 402000  Y 273000
X 360000  Y 291000
X 360000  Y 300000
X 357000  Y 273000
X 351000  Y 291000
X 351000  Y 300000
X 345000  Y 273000
X 339000  Y 291000
X 339000  Y 300000
X 333000  Y 273000
X 309200  Y 282400
X 309200  Y 273400
X 309000  Y 294000
X 309000  Y 264000
X 300000  Y 294000
X 300000  Y 273000
X 300000  Y 264000
X 300000  Y 282000
X 291000  Y 264000
X 291000  Y 294000
X 291000  Y 273000
X 291000  Y 282000
X 282000  Y 282000
X 282000  Y 264000
X 282000  Y 294000
X 282000  Y 273000
X 237000  Y 300000
X 237000  Y 261000
X 46000  Y 296000
X 44000  Y 286000
X 38000  Y 296000
X 36000  Y 286000
X 30000  Y 296000
X 18000  Y 300000
X 12000  Y 270000
X 10000  Y 258000
X 9000  Y 279000
X 8000  Y 302000
X 8000  Y 292000
X 8000  Y 312000
X 8000  Y 322000
X 282000  Y 321000
X 282000  Y 330000
X 291000  Y 321000
X 291000  Y 330000
X 300000  Y 318000
X 300000  Y 330000
X 312000  Y 321000
X 312000  Y 330000
X 339000  Y 318000
X 345000  Y 309000
X 345000  Y 327000
X 351000  Y 318000
X 357000  Y 309000
X 357000  Y 327000
X 363000  Y 318000
X 369000  Y 309000
X 369000  Y 327000
X 375000  Y 318000
X 381000  Y 309000
X 477000  Y 327000
X 507000  Y 322500
X 516000  Y 324000
X 558000  Y 306000
X 579000  Y 306000
X 591000  Y 309000
X 591000  Y 318000
X 636000  Y 309000
X 636000  Y 315000
X 672000  Y 327000
X 681000  Y 366000
X 681000  Y 378000
X 672000  Y 369000
X 672000  Y 378000
X 651000  Y 369000
X 651000  Y 378000
X 642000  Y 369000
X 642000  Y 378000
X 621000  Y 369000
X 621000  Y 378000
X 612000  Y 369000
X 612000  Y 378000
X 591000  Y 369000
X 591000  Y 378000
X 582000  Y 369000
X 582000  Y 378000
X 552000  Y 369000
X 552000  Y 378000
X 519000  Y 366000
X 519000  Y 375000
X 477000  Y 378000
X 363000  Y 336000
X 351000  Y 336000
X 339000  Y 336000
X 312000  Y 348000
X 312000  Y 366000
X 309000  Y 357000
X 309000  Y 339000
X 303000  Y 366000
X 300000  Y 357000
X 300000  Y 348000
X 300000  Y 339000
X 294000  Y 366000
X 291000  Y 357000
X 291000  Y 348000
X 291000  Y 339000
X 285000  Y 366000
X 282000  Y 348000
X 282000  Y 357000
X 282000  Y 339000
X 276000  Y 366000
X 240000  Y 366000
X 234000  Y 366000
X 225000  Y 366000
X 195000  Y 351000
X 8000  Y 342000
X 8000  Y 332000
X 705000  Y 393000
X 705000  Y 399000
X 705000  Y 405000
X 705000  Y 417000
X 705000  Y 423000
X 705000  Y 411000
X 711000  Y 390000
X 711000  Y 396000
X 711000  Y 402000
X 711000  Y 411000
X 711000  Y 417000
X 711000  Y 423000
X 711000  Y 429000
X 711000  Y 435000

Drill: .026  Tool: 5  Feed: 197  Speed: 550
X 43838  Y 482283
X 76122  Y 482283

Drill: .02677  Tool: 6  Feed: 197  Speed: 550
X 510000  Y 370000
X 510000  Y 380000
X 540000  Y 370000
X 540000  Y 380000
X 570000  Y 370000
X 570000  Y 380000
X 600000  Y 370000
X 600000  Y 380000
X 630000  Y 370000
X 630000  Y 380000
X 660000  Y 370000
X 660000  Y 380000

Drill: .02756  Tool: 7  Feed: 197  Speed: 550
X 205000  Y 310039
X 544000  Y 291539
X 544000  Y 321460
X 205000  Y 339960

Drill: .03  Tool: 8  Feed: 197  Speed: 550
X 51220  Y 470472
X 68739  Y 470472
X 238500  Y 115500

Drill: .0315  Tool: 9  Feed: 197  Speed: 550
X 462004  Y 13999
X 462004  Y 6125
X 469878  Y 13999
X 469878  Y 6125
X 477752  Y 13999
X 477752  Y 6125
X 485626  Y 6125
X 485626  Y 13999
X 493500  Y 14000
X 493500  Y 6125

Drill: .03543  Tool: 10  Feed: 197  Speed: 550
X 67999  Y 302520
X 67999  Y 292520
X 67999  Y 282520
X 78000  Y 277519
X 78000  Y 287519
X 78000  Y 297519
X 78000  Y 307519
X 67999  Y 312520

Drill: .03543  Tool: 11  Feed: 197  Speed: 550
X 260000  Y 108582 X 260000  Y 106614
X 446000  Y 108582 X 446000  Y 106614

Drill: .037  Tool: 12  Feed: 197  Speed: 550
X 277400  Y 69600
X 282800  Y 58200
X 288200  Y 69600
X 293600  Y 58200
X 299000  Y 69600
X 304400  Y 58200
X 309800  Y 69600
X 315200  Y 58200
X 320600  Y 69600

Drill: .03937  Tool: 13  Feed: 197  Speed: 550
X 202788  Y 150250

Drill: .03937  Tool: 14  Feed: 197  Speed: 550
X 505000  Y 135000
X 515000  Y 135000
X 525000  Y 135000
X 535000  Y 135000
X 565000  Y 135000
X 575000  Y 135000
X 585000  Y 135000
X 595000  Y 135000
X 625000  Y 135000
X 635000  Y 135000
X 645000  Y 135000
X 655000  Y 135000
X 505000  Y 180000
X 505000  Y 209921
X 72500  Y 362000
X 64500  Y 362000
X 56500  Y 362000
X 48500  Y 362000
X 48500  Y 399000
X 48500  Y 435000
X 56500  Y 399000
X 56500  Y 435000
X 64500  Y 399000
X 64500  Y 435000
X 72500  Y 399000
X 72500  Y 435000
X 490000  Y 412000
X 490000  Y 392000
X 490000  Y 382000
X 490000  Y 402000
X 509800  Y 440000
X 510000  Y 420000
X 539800  Y 440000
X 540000  Y 420000
X 569800  Y 440000
X 570000  Y 420000
X 599800  Y 440000
X 600000  Y 420000
X 629800  Y 440000
X 630000  Y 420000
X 659800  Y 440000
X 660000  Y 420000

Drill: .04  Tool: 15  Feed: 139  Speed: 550
X 23709  Y 278916
X 23709  Y 268916
X 23709  Y 321082
X 23709  Y 311082

Drill: .04331  Tool: 16  Feed: 139  Speed: 550
X 283165  Y 430000

Drill: .04724  Tool: 17  Feed: 139  Speed: 550
X 378954  Y 31612
X 393954  Y 31612
X 408954  Y 31612
X 423954  Y 31612
X 532454  Y 31612
X 547454  Y 31612
X 562454  Y 31612
X 577454  Y 31612
X 622454  Y 31612
X 637454  Y 31612
X 652454  Y 31612
X 667454  Y 31612
X 690000  Y 395000
X 690000  Y 410000
X 690000  Y 425000
X 127545  Y 459887
X 142545  Y 459887
X 157545  Y 459887
X 172545  Y 459887
X 316761  Y 459881
X 331761  Y 459881
X 346761  Y 459881
X 361761  Y 459881
X 376761  Y 459881
X 391761  Y 459881
X 406761  Y 459881
X 421761  Y 459881
X 436761  Y 459881
X 451761  Y 459881
X 466761  Y 459881
X 481761  Y 459881
X 506761  Y 459881
X 521761  Y 459881
X 536761  Y 459881
X 551761  Y 459881
X 566761  Y 459881
X 581761  Y 459881
X 596761  Y 459881
X 611761  Y 459881
X 626761  Y 459881
X 641761  Y 459881
X 656761  Y 459881
X 671761  Y 459881

Drill: .05118  Tool: 18  Feed: 107  Speed: 550
X 260000  Y 365984 X 260000  Y 364015
X 446000  Y 365984 X 446000  Y 364015

Drill: .05315  Tool: 19  Feed: 107  Speed: 550
X 47500  Y 351000
X 47500  Y 372500
X 75000  Y 351000
X 75000  Y 372500
X 75000  Y 388000
X 75000  Y 409500
X 75000  Y 424000
X 75000  Y 445500
X 47500  Y 424000
X 47500  Y 409500
X 47500  Y 445500
X 47500  Y 388000

Drill: .05512  Tool: 20  Feed: 107  Speed: 550
X 202788  Y 50919

Drill: .05512  Tool: 21  Feed: 107  Speed: 550
X 511500  Y 249000
X 511500  Y 279000

Drill: .05905  Tool: 22  Feed: 107  Speed: 550
X 145256  Y 29743
X 145256  Y 10256
X 155000  Y 20000
X 164743  Y 29743
X 164743  Y 10256

Drill: .05906  Tool: 23  Feed: 107  Speed: 550
X 206000  Y 430000

Drill: .06417  Tool: 24  Feed: 89  Speed: 550
X 55204  Y 264488
X 55204  Y 325511

Drill: .12  Tool: 25  Feed: 35  Speed: 794
X 249000  Y 63900
X 349000  Y 63900

Drill: .12598  Tool: 26  Feed: 35  Speed: 794
X 19685  Y 19685
X 700787  Y 19685
X 700787  Y 472440
X 19685  Y 472440

Drill: .12795  Tool: 27  Feed: 35  Speed: 794
X 43000  Y 272500
X 43000  Y 317500

Drill: .14961  Tool: 28  Feed: 35  Speed: 900
X 13812  Y 54187
X 13812  Y 148675

End of Listing
