Removed Pin From Net: NetName=DP3V3 Pin=C1-1
Removed Pin From Net: NetName=DGND Pin=C1-2
Removed Pin From Net: NetName=DP3V3 Pin=C2-1
Removed Pin From Net: NetName=DGND Pin=C2-2
Removed Pin From Net: NetName=DP3V3 Pin=C3-1
Removed Pin From Net: NetName=DGND Pin=C3-2
Removed Pin From Net: NetName=DP3V3 Pin=C4-1
Removed Pin From Net: NetName=DGND Pin=C4-2
Removed Pin From Net: NetName=DP3V3 Pin=C6-1
Removed Pin From Net: NetName=DGND Pin=C6-2
Removed Pin From Net: NetName=DP3V3 Pin=C7-1
Removed Pin From Net: NetName=DGND Pin=C7-2
Removed Pin From Net: NetName=DGND Pin=C9-1
Removed Pin From Net: NetName=DP3V3 Pin=C9-2
Removed Pin From Net: NetName=DGND Pin=C10-1
Removed Pin From Net: NetName=DP3V3 Pin=C13-1
Removed Pin From Net: NetName=DGND Pin=C13-2
Removed Pin From Net: NetName=DGND Pin=C14-1
Removed Pin From Net: NetName=DP3V3 Pin=C14-2
Removed Pin From Net: NetName=DGND Pin=C18-1
Removed Pin From Net: NetName=DGND Pin=C19-2
Removed Pin From Net: NetName=DGND Pin=C20-2
Removed Pin From Net: NetName=DP3V3 Pin=C22-1
Removed Pin From Net: NetName=DGND Pin=C22-2
Removed Pin From Net: NetName=DP3V3 Pin=C23-1
Removed Pin From Net: NetName=DGND Pin=C23-2
Removed Pin From Net: NetName=DGND Pin=C28-1
Removed Pin From Net: NetName=DP3V3 Pin=C29-1
Removed Pin From Net: NetName=DGND Pin=C29-2
Removed Pin From Net: NetName=DGND Pin=C30-1
Removed Pin From Net: NetName=DP3V3 Pin=C30-2
Removed Pin From Net: NetName=DP3V3 Pin=C32-2
Removed Pin From Net: NetName=DGND Pin=C33-1
Removed Pin From Net: NetName=DP3V3 Pin=C33-2
Removed Pin From Net: NetName=DGND Pin=C37-1
Removed Pin From Net: NetName=DGND Pin=C62-2
Removed Pin From Net: NetName=DGND Pin=C64-2
Removed Pin From Net: NetName=DGND Pin=C65-2
Removed Pin From Net: NetName=DGND Pin=C67-2
Removed Pin From Net: NetName=DGND Pin=C68-1
Removed Pin From Net: NetName=DP3V3 Pin=D1-1
Removed Pin From Net: NetName=DP3V3 Pin=D2-1
Removed Pin From Net: NetName=DP3V3 Pin=D3-1
Removed Pin From Net: NetName=DP3V3 Pin=D4-1
Removed Pin From Net: NetName=DP3V3 Pin=D5-1
Removed Pin From Net: NetName=DGND Pin=DC1-2
Removed Pin From Net: NetName=DP3V3 Pin=DC2-1
Removed Pin From Net: NetName=DGND Pin=DC2-2
Removed Pin From Net: NetName=DGND Pin=J1-2
Removed Pin From Net: NetName=TCK Pin=J2-1
Removed Pin From Net: NetName=TMS Pin=J2-2
Removed Pin From Net: NetName=DGND Pin=J2-3
Removed Pin From Net: NetName=DP3V3 Pin=J2-4
Removed Pin From Net: NetName=DP3V3 Pin=J4-1
Removed Pin From Net: NetName=DGND Pin=J4-4
Removed Pin From Net: NetName=DP3V3 Pin=L1-2
Removed Pin From Net: NetName=DGND Pin=Q2-3
Removed Pin From Net: NetName=DGND Pin=Q3-3
Removed Pin From Net: NetName=DGND Pin=Q4-3
Removed Pin From Net: NetName=DGND Pin=Q5-3
Removed Pin From Net: NetName=DP3V3 Pin=R2-2
Removed Pin From Net: NetName=DGND Pin=R3-2
Removed Pin From Net: NetName=DP3V3 Pin=R4-2
Removed Pin From Net: NetName=DGND Pin=R6-1
Removed Pin From Net: NetName=TCK Pin=R10-1
Removed Pin From Net: NetName=DP3V3 Pin=R10-2
Removed Pin From Net: NetName=TMS Pin=R12-1
Removed Pin From Net: NetName=DP3V3 Pin=R12-2
Removed Pin From Net: NetName=DP3V3 Pin=R14-1
Removed Pin From Net: NetName=DP3V3 Pin=R16-1
Removed Pin From Net: NetName=DGND Pin=R17-2
Removed Pin From Net: NetName=DGND Pin=R22-2
Removed Pin From Net: NetName=DP3V3 Pin=R34-1
Removed Pin From Net: NetName=DP3V3 Pin=R35-1
Removed Pin From Net: NetName=DP3V3 Pin=R66-1
Removed Pin From Net: NetName=DP3V3 Pin=R67-1
Removed Pin From Net: NetName=DGND Pin=R82-1
Removed Pin From Net: NetName=DGND Pin=R83-1
Removed Pin From Net: NetName=DGND Pin=R85-1
Removed Pin From Net: NetName=TMS Pin=U1-3
Removed Pin From Net: NetName=TCK Pin=U1-5
Removed Pin From Net: NetName=DP3V3 Pin=U1-8
Removed Pin From Net: NetName=DGND Pin=U1-9
Removed Pin From Net: NetName=DP3V3 Pin=U1-10
Removed Pin From Net: NetName=DGND Pin=U1-12
Removed Pin From Net: NetName=DP3V3 Pin=U1-21
Removed Pin From Net: NetName=DGND Pin=U1-24
Removed Pin From Net: NetName=DGND Pin=U1-33
Removed Pin From Net: NetName=DP3V3 Pin=U1-34
Removed Pin From Net: NetName=DP3V3 Pin=U1-42
Removed Pin From Net: NetName=DGND Pin=U1-43
Removed Pin From Net: NetName=DP3V3 Pin=U1-56
Removed Pin From Net: NetName=DGND Pin=U1-57
Removed Pin From Net: NetName=DGND Pin=U1-66
Removed Pin From Net: NetName=DP3V3 Pin=U1-67
Removed Pin From Net: NetName=DP3V3 Pin=U1-77
Removed Pin From Net: NetName=DGND Pin=U1-78
Removed Pin From Net: NetName=DGND Pin=U2-4
Removed Pin From Net: NetName=DP3V3 Pin=U4-1
Removed Pin From Net: NetName=DGND Pin=U4-2
Removed Pin From Net: NetName=DP3V3 Pin=U6-1
Removed Pin From Net: NetName=DGND Pin=U6-2
Removed Pin From Net: NetName=DGND Pin=U7-15
Removed Pin From Net: NetName=DP3V3 Pin=U7-16
Removed Pin From Net: NetName=DGND Pin=U11-1
Removed Pin From Net: NetName=DGND Pin=U11-2
Removed Pin From Net: NetName=DGND Pin=U11-3
Removed Pin From Net: NetName=DGND Pin=U11-4
Removed Pin From Net: NetName=DGND Pin=U11-7
Removed Pin From Net: NetName=DP3V3 Pin=U11-8
Removed Pin From Net: NetName=DGND Pin=UG1-3
Removed Pin From Net: NetName=DGND Pin=UG2-3
Removed Member From Class: ClassName=UEEE_RS232-2CAN_V1.1 Member=5
Removed Member From Class: ClassName=UEEE_RS232-2CAN_V1.1 Member=6
Removed Member From Class: ClassName=UEEE_RS232-2CAN_V1.1 Member=7
Removed Member From Class: ClassName=UEEE_RS232-2CAN_V1.1 Member=8
Removed Member From Class: ClassName=UEEE_RS232-2CAN_V1.1 Member=C1
Removed Member From Class: ClassName=UEEE_RS232-2CAN_V1.1 Member=C2
Removed Member From Class: ClassName=UEEE_RS232-2CAN_V1.1 Member=C3
Removed Member From Class: ClassName=UEEE_RS232-2CAN_V1.1 Member=C4
Removed Member From Class: ClassName=UEEE_RS232-2CAN_V1.1 Member=C5
Removed Member From Class: ClassName=UEEE_RS232-2CAN_V1.1 Member=C6
Removed Member From Class: ClassName=UEEE_RS232-2CAN_V1.1 Member=C7
Removed Member From Class: ClassName=UEEE_RS232-2CAN_V1.1 Member=C9
Removed Member From Class: ClassName=UEEE_RS232-2CAN_V1.1 Member=C10
Removed Member From Class: ClassName=UEEE_RS232-2CAN_V1.1 Member=C13
Removed Member From Class: ClassName=UEEE_RS232-2CAN_V1.1 Member=C14
Removed Member From Class: ClassName=UEEE_RS232-2CAN_V1.1 Member=C17
Removed Member From Class: ClassName=UEEE_RS232-2CAN_V1.1 Member=C18
Removed Member From Class: ClassName=UEEE_RS232-2CAN_V1.1 Member=C19
Removed Member From Class: ClassName=UEEE_RS232-2CAN_V1.1 Member=C20
Removed Member From Class: ClassName=UEEE_RS232-2CAN_V1.1 Member=C21
Removed Member From Class: ClassName=UEEE_RS232-2CAN_V1.1 Member=C22
Removed Member From Class: ClassName=UEEE_RS232-2CAN_V1.1 Member=C23
Removed Member From Class: ClassName=UEEE_RS232-2CAN_V1.1 Member=C26
Removed Member From Class: ClassName=UEEE_RS232-2CAN_V1.1 Member=C28
Removed Member From Class: ClassName=UEEE_RS232-2CAN_V1.1 Member=C29
Removed Member From Class: ClassName=UEEE_RS232-2CAN_V1.1 Member=C30
Removed Member From Class: ClassName=UEEE_RS232-2CAN_V1.1 Member=C31
Removed Member From Class: ClassName=UEEE_RS232-2CAN_V1.1 Member=C32
Removed Member From Class: ClassName=UEEE_RS232-2CAN_V1.1 Member=C33
Removed Member From Class: ClassName=UEEE_RS232-2CAN_V1.1 Member=C36
Removed Member From Class: ClassName=UEEE_RS232-2CAN_V1.1 Member=C37
Removed Member From Class: ClassName=UEEE_RS232-2CAN_V1.1 Member=C49
Removed Member From Class: ClassName=UEEE_RS232-2CAN_V1.1 Member=C50
Removed Member From Class: ClassName=UEEE_RS232-2CAN_V1.1 Member=C51
Removed Member From Class: ClassName=UEEE_RS232-2CAN_V1.1 Member=C61
Removed Member From Class: ClassName=UEEE_RS232-2CAN_V1.1 Member=C62
Removed Member From Class: ClassName=UEEE_RS232-2CAN_V1.1 Member=C63
Removed Member From Class: ClassName=UEEE_RS232-2CAN_V1.1 Member=C64
Removed Member From Class: ClassName=UEEE_RS232-2CAN_V1.1 Member=C65
Removed Member From Class: ClassName=UEEE_RS232-2CAN_V1.1 Member=C67
Removed Member From Class: ClassName=UEEE_RS232-2CAN_V1.1 Member=C68
Removed Member From Class: ClassName=UEEE_RS232-2CAN_V1.1 Member=D1
Removed Member From Class: ClassName=UEEE_RS232-2CAN_V1.1 Member=D2
Removed Member From Class: ClassName=UEEE_RS232-2CAN_V1.1 Member=D3
Removed Member From Class: ClassName=UEEE_RS232-2CAN_V1.1 Member=D4
Removed Member From Class: ClassName=UEEE_RS232-2CAN_V1.1 Member=D5
Removed Member From Class: ClassName=UEEE_RS232-2CAN_V1.1 Member=D6
Removed Member From Class: ClassName=UEEE_RS232-2CAN_V1.1 Member=D12
Removed Member From Class: ClassName=UEEE_RS232-2CAN_V1.1 Member=D13
Removed Member From Class: ClassName=UEEE_RS232-2CAN_V1.1 Member=D14
Removed Member From Class: ClassName=UEEE_RS232-2CAN_V1.1 Member=DC1
Removed Member From Class: ClassName=UEEE_RS232-2CAN_V1.1 Member=DC2
Removed Member From Class: ClassName=UEEE_RS232-2CAN_V1.1 Member=J1
Removed Member From Class: ClassName=UEEE_RS232-2CAN_V1.1 Member=J3
Removed Member From Class: ClassName=UEEE_RS232-2CAN_V1.1 Member=J4
Removed Member From Class: ClassName=UEEE_RS232-2CAN_V1.1 Member=J5
Removed Member From Class: ClassName=UEEE_RS232-2CAN_V1.1 Member=L1
Removed Member From Class: ClassName=UEEE_RS232-2CAN_V1.1 Member=LED1
Removed Member From Class: ClassName=UEEE_RS232-2CAN_V1.1 Member=LED2
Removed Member From Class: ClassName=UEEE_RS232-2CAN_V1.1 Member=LED3
Removed Member From Class: ClassName=UEEE_RS232-2CAN_V1.1 Member=LED4
Removed Member From Class: ClassName=UEEE_RS232-2CAN_V1.1 Member=Q2
Removed Member From Class: ClassName=UEEE_RS232-2CAN_V1.1 Member=Q3
Removed Member From Class: ClassName=UEEE_RS232-2CAN_V1.1 Member=Q4
Removed Member From Class: ClassName=UEEE_RS232-2CAN_V1.1 Member=Q5
Removed Member From Class: ClassName=UEEE_RS232-2CAN_V1.1 Member=R1
Removed Member From Class: ClassName=UEEE_RS232-2CAN_V1.1 Member=R2
Removed Member From Class: ClassName=UEEE_RS232-2CAN_V1.1 Member=R3
Removed Member From Class: ClassName=UEEE_RS232-2CAN_V1.1 Member=R4
Removed Member From Class: ClassName=UEEE_RS232-2CAN_V1.1 Member=R5
Removed Member From Class: ClassName=UEEE_RS232-2CAN_V1.1 Member=R6
Removed Member From Class: ClassName=UEEE_RS232-2CAN_V1.1 Member=R7
Removed Member From Class: ClassName=UEEE_RS232-2CAN_V1.1 Member=R8
Removed Member From Class: ClassName=UEEE_RS232-2CAN_V1.1 Member=R9
Removed Member From Class: ClassName=UEEE_RS232-2CAN_V1.1 Member=R10
Removed Member From Class: ClassName=UEEE_RS232-2CAN_V1.1 Member=R11
Removed Member From Class: ClassName=UEEE_RS232-2CAN_V1.1 Member=R12
Removed Member From Class: ClassName=UEEE_RS232-2CAN_V1.1 Member=R13
Removed Member From Class: ClassName=UEEE_RS232-2CAN_V1.1 Member=R14
Removed Member From Class: ClassName=UEEE_RS232-2CAN_V1.1 Member=R15
Removed Member From Class: ClassName=UEEE_RS232-2CAN_V1.1 Member=R16
Removed Member From Class: ClassName=UEEE_RS232-2CAN_V1.1 Member=R17
Removed Member From Class: ClassName=UEEE_RS232-2CAN_V1.1 Member=R18
Removed Member From Class: ClassName=UEEE_RS232-2CAN_V1.1 Member=R19
Removed Member From Class: ClassName=UEEE_RS232-2CAN_V1.1 Member=R20
Removed Member From Class: ClassName=UEEE_RS232-2CAN_V1.1 Member=R21
Removed Member From Class: ClassName=UEEE_RS232-2CAN_V1.1 Member=R22
Removed Member From Class: ClassName=UEEE_RS232-2CAN_V1.1 Member=R34
Removed Member From Class: ClassName=UEEE_RS232-2CAN_V1.1 Member=R35
Removed Member From Class: ClassName=UEEE_RS232-2CAN_V1.1 Member=R40
Removed Member From Class: ClassName=UEEE_RS232-2CAN_V1.1 Member=R43
Removed Member From Class: ClassName=UEEE_RS232-2CAN_V1.1 Member=R60
Removed Member From Class: ClassName=UEEE_RS232-2CAN_V1.1 Member=R61
Removed Member From Class: ClassName=UEEE_RS232-2CAN_V1.1 Member=R63
Removed Member From Class: ClassName=UEEE_RS232-2CAN_V1.1 Member=R66
Removed Member From Class: ClassName=UEEE_RS232-2CAN_V1.1 Member=R67
Removed Member From Class: ClassName=UEEE_RS232-2CAN_V1.1 Member=R71
Removed Member From Class: ClassName=UEEE_RS232-2CAN_V1.1 Member=R72
Removed Member From Class: ClassName=UEEE_RS232-2CAN_V1.1 Member=R77
Removed Member From Class: ClassName=UEEE_RS232-2CAN_V1.1 Member=R78
Removed Member From Class: ClassName=UEEE_RS232-2CAN_V1.1 Member=R79
Removed Member From Class: ClassName=UEEE_RS232-2CAN_V1.1 Member=R82
Removed Member From Class: ClassName=UEEE_RS232-2CAN_V1.1 Member=R83
Removed Member From Class: ClassName=UEEE_RS232-2CAN_V1.1 Member=R85
Removed Member From Class: ClassName=UEEE_RS232-2CAN_V1.1 Member=R138
Removed Member From Class: ClassName=UEEE_RS232-2CAN_V1.1 Member=R139
Removed Member From Class: ClassName=UEEE_RS232-2CAN_V1.1 Member=RL1
Removed Member From Class: ClassName=UEEE_RS232-2CAN_V1.1 Member=RL2
Removed Member From Class: ClassName=UEEE_RS232-2CAN_V1.1 Member=RL3
Removed Member From Class: ClassName=UEEE_RS232-2CAN_V1.1 Member=TVS1
Removed Member From Class: ClassName=UEEE_RS232-2CAN_V1.1 Member=TVS2
Removed Member From Class: ClassName=UEEE_RS232-2CAN_V1.1 Member=TVS3
Removed Member From Class: ClassName=UEEE_RS232-2CAN_V1.1 Member=TVS4
Removed Member From Class: ClassName=UEEE_RS232-2CAN_V1.1 Member=U1
Removed Member From Class: ClassName=UEEE_RS232-2CAN_V1.1 Member=U2
Removed Member From Class: ClassName=UEEE_RS232-2CAN_V1.1 Member=U4
Removed Member From Class: ClassName=UEEE_RS232-2CAN_V1.1 Member=U6
Removed Member From Class: ClassName=UEEE_RS232-2CAN_V1.1 Member=U7
Removed Member From Class: ClassName=UEEE_RS232-2CAN_V1.1 Member=U11
Removed Member From Class: ClassName=UEEE_RS232-2CAN_V1.1 Member=UG1
Removed Member From Class: ClassName=UEEE_RS232-2CAN_V1.1 Member=UG2
Removed Member From Class: ClassName=UEEE_RS232-2CAN_V1.1 Member=Y1
