Added Component: Designator=J1(FH12-10S-1SH)
Added Pin To Net: NetName=DP3V3 Pin=J1-1
Added Pin To Net: NetName=DP3V3 Pin=J1-2
Added Pin To Net: NetName=DGND Pin=J1-4
Added Pin To Net: NetName=DGND Pin=J1-6
Added Pin To Net: NetName=TMS Pin=J1-7
Added Pin To Net: NetName=DGND Pin=J1-8
Added Pin To Net: NetName=TCK Pin=J1-9
Added Pin To Net: NetName=DGND Pin=J1-10
Added Pin To Net: NetName=DGND Pin=J1-12
Added Pin To Net: NetName=DGND Pin=J1-14
Added Pin To Net: NetName=DGND Pin=J1-16
Added Pin To Net: NetName=DGND Pin=J1-18
Added Pin To Net: NetName=DGND Pin=J1-20
Added Pin To Net: NetName=DP3V3 Pin=J2-1
Added Pin To Net: NetName=DGND Pin=J2-2
Added Pin To Net: NetName=TMS Pin=J2-3
Added Pin To Net: NetName=TCK Pin=J2-4
Added Pin To Net: NetName=NRST Pin=J1-15
Added Net: Name=NRST
Added Pin To Net: NetName=NTRST Pin=J1-3
Added Net: Name=NTRST
Added Pin To Net: NetName=TDI Pin=J1-5
Added Net: Name=TDI
Added Pin To Net: NetName=TDO Pin=J1-13
Added Net: Name=TDO
Change Class Name : Old Net Name=UEEE_RS232-2CAN_V1.1 New Net Name=MT-SWD V1.0
Added Member To Class: ClassName=MT-SWD V1.0 Member=Component J1 JTAG
Added Room: Name=MT-SWD V1.0
