(---------------------------------------------------------------------)
(                                                                     )
(    QUICKPLACE LOG                                                   )
(                                                                     )
(    Drawing          : SAMA5D2-XULT RevA.brd                         )
(    Software Version : 16.6P004                                      )
(    Date/Time        : Tue Oct 30 19:21:22 2018                      )
(                                                                     )
(---------------------------------------------------------------------)


State: Placing on layer TOP

         Placed symbol:  U11 / EMMC_BGA153P5_MTFC4GLDEA-0M WT / BGA153P5 at (3353.047 2556.560)
ERROR:   Cannot place symbol:  J17 / 2X50PIN-1.27MM_2X50PIN-1_27MM_2 / 2X50PIN-1_27MM
         due to ERROR(SPMHGE-82): Pin numbers do not match between symbol and component. Run dev_check on device file for more information.
ERROR:   Cannot place symbol:  J16 / 2X50PIN-1.27MM_2X50PIN-1_27MM_2 / 2X50PIN-1_27MM
         due to ERROR(SPMHGE-82): Pin numbers do not match between symbol and component. Run dev_check on device file for more information.
         Placed symbol:  U4 / MT41K128M16JT-125_BGADDR96P8B90 / BGADDR96P8B90X140 at (8966.574 917.724)
         Placed symbol:  U8 / MT41K128M16JT-125_BGADDR96P8B90 / BGADDR96P8B90X140 at (8966.574 360.542)
         Placed symbol:  U2 / ACT8945A_QFN40_1P4H_ACT8945AQJ4 / QFN40_1P4H at (8906.334 -39.474)
         Placed symbol:  U10 / QSPI_8PIN_SOIC8JG_MX25L25673GM2 / SOIC8JG at (8895.708 -346.911)
         Placed symbol:  U18 / AT24C08B-PU_DFN8_1P5R_AT24MAC40 / DFN8_1P5R at (8869.464 -586.951)
         Placed symbol:  U15 / 1G126_0_SOT353_5__NL17SZ126DFT2 / SOT353_5 at (8832.716 -694.924)
         Placed symbol:  Y3 / 32_0.768K_X4S70X15_32.768KHZ CL / X4S70X15 at (8946.389 -799.546)
         Placed symbol:  Y4 / XTAL_13Y_A_X4S32X25__12MHZ CL=1 / X4S32X25 at (8862.220 -900.195)
         Placed symbol:  D6 / SSL-LX15D-RP/SOT23_2_SOT23_123_ / SOT23_123 at (8846.409 -1030.124)
         Placed symbol:  Q2 / IRLML2402_0_SOT23_123_BSS138 / SOT23_123 at (8846.409 -1162.624)
         Placed symbol:  Q9 / IRLML2402_0_SOT23_123_BSS138 / SOT23_123 at (8846.409 -1295.124)
         Placed symbol:  Q8 / IRLML2402_0_SOT23_123_BSS138 / SOT23_123 at (9206.739 3782.953)
         Placed symbol:  Q6 / IRLML2402_0_SOT23_123_BSS138 / SOT23_123 at (9206.739 3650.453)
         Placed symbol:  U7 / TLV431A_SOT23_123_TLV431A / SOT23_123 at (9206.739 3517.953)
         Placed symbol:  Q1 / IRLML2402_0_SOT23_123_BSS138 / SOT23_123 at (9206.739 3385.453)
         Placed symbol:  Q3 / IRLML2402_0_SOT23_123_BSS138 / SOT23_123 at (9206.739 3252.953)
         Placed symbol:  C106 / C0402_C0402_22PF / C0402 at (9181.739 3156.453)
         Placed symbol:  C109 / C0402_C0402_22PF / C0402 at (9181.739 3110.453)
         Placed symbol:  C41 / C0402_C0402_22PF / C0402 at (9181.739 3064.453)
         Placed symbol:  C40 / C0402_C0402_22PF / C0402 at (9181.739 3018.453)
         Placed symbol:  C47 / C0402_C0402_27PF / C0402 at (9181.739 2972.453)
         Placed symbol:  D1 / LED RED KPG-1608_0_LED0805_RED / LED0805 at (9205.739 2928.453)
         Placed symbol:  L12 / L_SMT_L0603_10UH_150MA / L0603 at (9192.739 2874.953)
         Placed symbol:  L20 / L_SMT_L0603_10UH_150MA / L0603 at (9192.739 2829.953)
         Placed symbol:  L22 / L_SMT_L0603_10UH_150MA / L0603 at (9192.739 2784.953)
         Placed symbol:  C48 / C0402_C0402_27PF / C0402 at (9181.739 2733.453)
         Placed symbol:  R250 / R_GENERIC_R0402_23.2K 1%_ / R0402 at (9181.739 2687.453)
         Placed symbol:  R121 / R_GENERIC_0_R0402_DNP(0R) / R0402 at (9181.739 2641.453)
         Placed symbol:  R96 / R_GENERIC_0_R0402_DNP(0R) / R0402 at (9181.739 2595.453)
         Placed symbol:  C7 / C0402_C0402_DNP(1NF) / C0402 at (9181.739 2549.453)
         Placed symbol:  L6 / L_10UH-150 MA_L1008_2.2UH / L1008 at (9209.739 2491.453)
         Placed symbol:  L14 / L_SMT_L0603_10UH_150MA / L0603 at (9192.739 2423.953)
         Placed symbol:  R129 / R_GENERIC_R0603_2R2_ / R0603 at (9192.739 2378.953)
         Placed symbol:  R293 / R_GENERIC_R0603_2R2_ / R0603 at (9192.739 2333.953)
         Placed symbol:  R300 / R_GENERIC_R0603_2R2_ / R0603 at (9192.739 2288.953)
         Placed symbol:  R18 / R_GENERIC_R0402_11K 1%_ / R0402 at (9181.739 2237.453)
         Placed symbol:  R333 / R_GENERIC_R0402_100K_ / R0402 at (9181.739 2191.453)
         Placed symbol:  R346 / R_GENERIC_R0402_100K_ / R0402 at (9181.739 2145.453)
         Placed symbol:  R332 / R_GENERIC_R0402_100K_ / R0402 at (9181.739 2099.453)
         Placed symbol:  R15 / R_GENERIC_R0402_100K_ / R0402 at (9181.739 2053.453)
         Placed symbol:  L5 / L_10UH-150 MA_L1008_2.2UH / L1008 at (9209.739 1995.453)
         Placed symbol:  R243 / R_GENERIC_R0402_100K_ / R0402 at (9181.739 1921.453)
         Placed symbol:  R242 / R_GENERIC_R0402_100K_ / R0402 at (9181.739 1875.453)
         Placed symbol:  R27 / R_GENERIC_R0402_2.43K 1%_ / R0402 at (9181.739 1829.453)
         Placed symbol:  R126 / R_GENERIC_0_R0402_2.2K / R0402 at (9181.739 1783.453)
         Placed symbol:  R125 / R_GENERIC_0_R0402_2.2K / R0402 at (9181.739 1737.453)
         Placed symbol:  R306 / R_GENERIC_0_R0402_2.2K / R0402 at (9181.739 1691.453)
         Placed symbol:  R309 / R_GENERIC_0_R0402_2.2K / R0402 at (9181.739 1645.453)
         Placed symbol:  R256 / R_GENERIC_R0402_20K 1%_ / R0402 at (9181.739 1599.453)
         Placed symbol:  R26 / R_GENERIC_R0402_DNP(8.2K 1%)_ / R0402 at (9181.739 1553.453)
         Placed symbol:  R105 / R_GENERIC_R0402_47K_ / R0402 at (9181.739 1507.453)
         Placed symbol:  R142 / R_GENERIC_R0402_47K_ / R0402 at (9181.739 1461.453)
         Placed symbol:  R237 / R_GENERIC_R0402_47K_ / R0402 at (9181.739 1415.453)
         Placed symbol:  R144 / R_GENERIC_R0402_47K_ / R0402 at (9181.739 1369.453)
         Placed symbol:  R147 / R_GENERIC_R0402_47K_ / R0402 at (9181.739 1323.453)
         Placed symbol:  R234 / R_GENERIC_R0402_47K_ / R0402 at (9181.739 1277.453)
         Placed symbol:  R151 / R_GENERIC_R0402_47K_ / R0402 at (9181.739 1231.453)
         Placed symbol:  R233 / R_GENERIC_R0402_47K_ / R0402 at (9181.739 1185.453)
         Placed symbol:  R232 / R_GENERIC_R0402_47K_ / R0402 at (9181.739 1139.453)
         Placed symbol:  R236 / R_GENERIC_R0402_47K_ / R0402 at (9181.739 1093.453)
         Placed symbol:  R149 / R_GENERIC_R0402_47K_ / R0402 at (9181.739 1047.453)
         Placed symbol:  R235 / R_GENERIC_R0402_DNP(47K)_ / R0402 at (9181.739 1001.453)
         Placed symbol:  R255 / R_GENERIC_R0402_DNP(47K)_ / R0402 at (9181.739 955.453)
         Placed symbol:  R139 / R_GENERIC_0_R0402_DNP(2.2K) / R0402 at (9181.739 909.453)
         Placed symbol:  R181 / R_GENERIC_R0402_6.8K 1%_ / R0402 at (9181.739 863.453)
         Placed symbol:  R180 / R_GENERIC_R0402_6.8K 1%_ / R0402 at (9181.739 817.453)
         Placed symbol:  R179 / R_GENERIC_R0402_DNP(1K)_ / R0402 at (9181.739 771.453)
         Placed symbol:  R254 / R_GENERIC_R0402_DNP(1K)_ / R0402 at (9181.739 725.453)
         Placed symbol:  R238 / R_GENERIC_R0402_240R 1%_ / R0402 at (9181.739 679.453)
         Placed symbol:  R124 / R_GENERIC_R0402_240R 1%_ / R0402 at (9181.739 633.453)
         Placed symbol:  R21 / R_GENERIC_R0402_2.2M 1%_ / R0402 at (9181.739 587.453)
         Placed symbol:  R22 / R_GENERIC_R0402_1.5M 1%_ / R0402 at (9181.739 541.453)
         Placed symbol:  R12 / R_GENERIC_R0402_100K_ / R0402 at (9181.739 495.453)
         Placed symbol:  L1 / L_10UH-150 MA_L1008_2.2UH / L1008 at (9209.739 437.453)
         Placed symbol:  C90 / C0402_C0402_100NF / C0402 at (9181.739 363.453)
         Placed symbol:  C44 / C0603_C0603_DNP(1UF) / C0603 at (9192.739 323.953)
         Placed symbol:  R44 / R_GENERIC_0_R0402_100R 1% / R0402 at (9181.739 272.453)
         Placed symbol:  R24 / R_GENERIC_R0402_DNP(3.9K 1%)_ / R0402 at (9181.739 226.453)
         Placed symbol:  C166 / C_GENERIC_C0402_47NF_ / C0402 at (9181.739 180.453)
         Placed symbol:  R152 / R_GENERIC_R0402_1K_ / R0402 at (9181.739 134.453)
         Placed symbol:  R45 / R_GENERIC_R0402_1K_ / R0402 at (9181.739 88.453)
         Placed symbol:  R69 / R_GENERIC_R0402_1K_ / R0402 at (9181.739 42.453)
         Placed symbol:  R9 / R_GENERIC_R0402_1K_ / R0402 at (9181.739 -3.547)
         Placed symbol:  R63 / R_GENERIC_R0402_470R_ / R0402 at (9181.739 -49.547)
         Placed symbol:  R8 / R_GENERIC_R0402_68K_ / R0402 at (9181.739 -95.547)
         Placed symbol:  R230 / R_GENERIC_R0402_10K_ / R0402 at (9181.739 -141.547)
         Placed symbol:  R100 / R_GENERIC_R0402_10K_ / R0402 at (9181.739 -187.547)
         Placed symbol:  R272 / R_GENERIC_R0402_10K_ / R0402 at (9181.739 -233.547)
         Placed symbol:  R6 / R_GENERIC_R0402_10K_ / R0402 at (9181.739 -279.547)
         Placed symbol:  R7 / R_GENERIC_R0402_10K_ / R0402 at (9181.739 -325.547)
         Placed symbol:  R127 / R_GENERIC_R0402_10K_ / R0402 at (9181.739 -371.547)
         Placed symbol:  R226 / R_GENERIC_R0402_10K_ / R0402 at (9181.739 -417.547)
         Placed symbol:  R218 / R_GENERIC_R0402_10K_ / R0402 at (9181.739 -463.547)
         Placed symbol:  R319 / R_GENERIC_R0402_10K_ / R0402 at (9181.739 -509.547)
         Placed symbol:  R65 / R_GENERIC_R0402_10K_ / R0402 at (9181.739 -555.547)
         Placed symbol:  R48 / R_GENERIC_R0402_10K_ / R0402 at (9181.739 -601.547)
         Placed symbol:  R60 / R_GENERIC_R0402_10K_ / R0402 at (9181.739 -647.547)
         Placed symbol:  R66 / R_GENERIC_R0402_10K_ / R0402 at (9181.739 -693.547)
         Placed symbol:  R128 / R_GENERIC_R0402_DNP(10K)_ / R0402 at (9181.739 -739.547)
         Placed symbol:  R320 / R_GENERIC_R0402_DNP(10K)_ / R0402 at (9181.739 -785.547)
         Placed symbol:  R138 / R_GENERIC_R0402_DNP(1M)_ / R0402 at (9181.739 -831.547)
         Placed symbol:  R103 / R_GENERIC_R0402_DNP(1M)_ / R0402 at (9181.739 -877.547)
         Placed symbol:  R16 / R_GENERIC_R0402_100R 1%_ / R0402 at (9181.739 -923.547)
         Placed symbol:  R17 / R_GENERIC_R0402_100R 1%_ / R0402 at (9181.739 -969.547)
         Placed symbol:  R20 / R_GENERIC_R0402_100R 1%_ / R0402 at (9181.739 -1015.547)
         Placed symbol:  R227 / R_GENERIC_R0402_100R 1%_ / R0402 at (9181.739 -1061.547)
         Placed symbol:  R146 / R_GENERIC_R0402_100R 1%_ / R0402 at (9181.739 -1107.547)
         Placed symbol:  R123 / R_GENERIC_R0402_100R 1%_ / R0402 at (9181.739 -1153.547)
         Placed symbol:  R94 / R_GENERIC_R0402_100R 1%_ / R0402 at (9181.739 -1199.547)
         Placed symbol:  R91 / R_GENERIC_R0402_100R 1%_ / R0402 at (9181.739 -1245.547)
         Placed symbol:  R119 / R_GENERIC_R0402_100R 1%_ / R0402 at (9181.739 -1291.547)
         Placed symbol:  R117 / R_GENERIC_R0402_100R 1%_ / R0402 at (9181.739 -1337.547)
         Placed symbol:  R280 / R_GENERIC_R0402_100R 1%_ / R0402 at (9181.739 -1383.547)
         Placed symbol:  R131 / R_GENERIC_R0603_1R 1%_ / R0603 at (9318.739 3825.453)
         Placed symbol:  R269 / R_GENERIC_R0603_1R 1%_ / R0603 at (9318.739 3780.453)
         Placed symbol:  R182 / R_GENERIC_R0603_1R 1%_ / R0603 at (9318.739 3735.453)
         Placed symbol:  R153 / R_GENERIC_R0402_DNP(100R 1%)_ / R0402 at (9307.739 3683.953)
         Placed symbol:  R263 / R_GENERIC_R0402_5.62K 1%_ / R0402 at (9307.739 3637.953)
         Placed symbol:  D9 / RB160M-60TR_SOD123_(REPLACED WI / SOD123 at (9376.605 3568.772)
         Placed symbol:  C141 / C0402_C0402_1NF / C0402 at (9307.739 3483.591)
         Placed symbol:  C85 / C0603_C0603_1UF / C0603 at (9318.739 3444.091)
         Placed symbol:  C152 / C0603_C0603_2.2UF / C0603 at (9318.739 3399.091)
         Placed symbol:  C124 / C0603_C0603_2.2UF / C0603 at (9318.739 3354.091)
         Placed symbol:  C61 / C0603_C0603_2.2UF / C0603 at (9318.739 3309.091)
         Placed symbol:  C73 / C0603_C0603_2.2UF / C0603 at (9318.739 3264.091)
         Placed symbol:  C154 / C0603_C0603_2.2UF / C0603 at (9318.739 3219.091)
         Placed symbol:  C98 / C0603_C0603_2.2UF / C0603 at (9318.739 3174.091)
         Placed symbol:  C46 / C0402_C0402_100NF / C0402 at (9307.739 3122.591)
         Placed symbol:  C51 / C0402_C0402_100NF / C0402 at (9307.739 3076.591)
         Placed symbol:  C167 / C0402_C0402_100NF / C0402 at (9307.739 3030.591)
         Placed symbol:  C58 / C0402_C0402_100NF / C0402 at (9307.739 2984.591)
         Placed symbol:  C94 / C0402_C0402_100NF / C0402 at (9307.739 2938.591)
         Placed symbol:  C117 / C0402_C0402_100NF / C0402 at (9307.739 2892.591)
         Placed symbol:  C139 / C0402_C0402_100NF / C0402 at (9307.739 2846.591)
         Placed symbol:  C151 / C0402_C0402_100NF / C0402 at (9307.739 2800.591)
         Placed symbol:  C130 / C0402_C0402_100NF / C0402 at (9307.739 2754.591)
         Placed symbol:  C63 / C0402_C0402_100NF / C0402 at (9307.739 2708.591)
         Placed symbol:  C52 / C0402_C0402_100NF / C0402 at (9307.739 2662.591)
         Placed symbol:  C24 / C0402_C0402_100NF / C0402 at (9307.739 2616.591)
         Placed symbol:  C81 / C0402_C0402_100NF / C0402 at (9307.739 2570.591)
         Placed symbol:  C69 / C0402_C0402_100NF / C0402 at (9307.739 2524.591)
         Placed symbol:  C38 / C0402_C0402_100NF / C0402 at (9307.739 2478.591)
         Placed symbol:  C1 / C0402_C0402_100NF / C0402 at (9307.739 2432.591)
         Placed symbol:  C8 / C0402_C0402_100NF / C0402 at (9307.739 2386.591)
         Placed symbol:  C10 / C0402_C0402_100NF / C0402 at (9307.739 2340.591)
         Placed symbol:  C143 / C0402_C0402_100NF / C0402 at (9307.739 2294.591)
         Placed symbol:  C31 / C0402_C0402_100NF / C0402 at (9307.739 2248.591)
         Placed symbol:  C108 / C0402_C0402_100NF / C0402 at (9307.739 2202.591)
         Placed symbol:  C29 / C0402_C0402_100NF / C0402 at (9307.739 2156.591)
         Placed symbol:  C132 / C0402_C0402_100NF / C0402 at (9307.739 2110.591)
         Placed symbol:  C88 / C0402_C0402_100NF / C0402 at (9307.739 2064.591)
         Placed symbol:  C102 / C0402_C0402_100NF / C0402 at (9307.739 2018.591)
         Placed symbol:  C131 / C0402_C0402_100NF / C0402 at (9307.739 1972.591)
         Placed symbol:  C120 / C0402_C0402_100NF / C0402 at (9307.739 1926.591)
         Placed symbol:  C111 / C0402_C0402_100NF / C0402 at (9307.739 1880.591)
         Placed symbol:  C140 / C0402_C0402_100NF / C0402 at (9307.739 1834.591)
         Placed symbol:  C133 / C0402_C0402_100NF / C0402 at (9307.739 1788.591)
         Placed symbol:  C72 / C0402_C0402_100NF / C0402 at (9307.739 1742.591)
         Placed symbol:  C113 / C0402_C0402_100NF / C0402 at (9307.739 1696.591)
         Placed symbol:  C118 / C0402_C0402_100NF / C0402 at (9307.739 1650.591)
         Placed symbol:  C145 / C0402_C0402_100NF / C0402 at (9307.739 1604.591)
         Placed symbol:  C138 / C0402_C0402_100NF / C0402 at (9307.739 1558.591)
         Placed symbol:  C161 / C0402_C0402_100NF / C0402 at (9307.739 1512.591)
         Placed symbol:  C135 / C0402_C0402_100NF / C0402 at (9307.739 1466.591)
         Placed symbol:  C144 / C0402_C0402_100NF / C0402 at (9307.739 1420.591)
         Placed symbol:  C128 / C0402_C0402_100NF / C0402 at (9307.739 1374.591)
         Placed symbol:  C107 / C0402_C0402_100NF / C0402 at (9307.739 1328.591)
         Placed symbol:  C103 / C0402_C0402_100NF / C0402 at (9307.739 1282.591)
         Placed symbol:  C126 / C0402_C0402_100NF / C0402 at (9307.739 1236.591)
         Placed symbol:  C104 / C0402_C0402_100NF / C0402 at (9307.739 1190.591)
         Placed symbol:  C80 / C0402_C0402_100NF / C0402 at (9307.739 1144.591)
         Placed symbol:  C119 / C0402_C0402_100NF / C0402 at (9307.739 1098.591)
         Placed symbol:  R195 / R_GENERIC_R0402_DNP_ / R0402 at (9307.739 1052.591)
         Placed symbol:  C125 / C0402_C0402_100NF / C0402 at (9307.739 1006.591)
         Placed symbol:  C45 / C0402_C0402_100NF / C0402 at (9307.739 960.591)
         Placed symbol:  C101 / C0402_C0402_100NF / C0402 at (9307.739 914.591)
         Placed symbol:  C79 / C0402_C0402_100NF / C0402 at (9307.739 868.591)
         Placed symbol:  C28 / C0603_C0805_10UF / C0805 at (9331.739 823.091)
         Placed symbol:  C87 / C0402_C0402_100NF / C0402 at (9307.739 763.091)
         Placed symbol:  C68 / C0402_C0402_100NF / C0402 at (9307.739 717.091)
         Placed symbol:  C153 / C0402_C0402_100NF / C0402 at (9307.739 671.091)
         Placed symbol:  C146 / C0402_C0402_100NF / C0402 at (9307.739 625.091)
         Placed symbol:  C91 / C0402_C0402_100NF / C0402 at (9307.739 579.091)
         Placed symbol:  C95 / C0402_C0402_100NF / C0402 at (9307.739 533.091)
         Placed symbol:  C121 / C0402_C0402_100NF / C0402 at (9307.739 487.091)
         Placed symbol:  C76 / C0402_C0402_100NF / C0402 at (9307.739 441.091)
         Placed symbol:  C89 / C0402_C0402_100NF / C0402 at (9307.739 395.091)
         Placed symbol:  C112 / C0402_C0402_100NF / C0402 at (9307.739 349.091)
         Placed symbol:  C129 / C0402_C0402_100NF / C0402 at (9307.739 303.091)
         Placed symbol:  C77 / C0402_C0402_100NF / C0402 at (9307.739 257.091)
         Placed symbol:  C93 / C0402_C0402_100NF / C0402 at (9307.739 211.091)
         Placed symbol:  C65 / C0402_C0402_100NF / C0402 at (9307.739 165.091)
         Placed symbol:  C123 / C0402_C0402_100NF / C0402 at (9307.739 119.091)
         Placed symbol:  C110 / C0402_C0402_100NF / C0402 at (9307.739 73.091)
         Placed symbol:  C149 / C0402_C0402_100NF / C0402 at (9307.739 27.091)
         Placed symbol:  C115 / C0402_C0402_100NF / C0402 at (9307.739 -18.909)
         Placed symbol:  C116 / C0402_C0402_100NF / C0402 at (9307.739 -64.909)
         Placed symbol:  C150 / C0402_C0402_100NF / C0402 at (9307.739 -110.909)
         Placed symbol:  C92 / C0402_C0402_100NF / C0402 at (9307.739 -156.909)
         Placed symbol:  C96 / C0402_C0402_100NF / C0402 at (9307.739 -202.909)
         Placed symbol:  C99 / C0402_C0402_100NF / C0402 at (9307.739 -248.909)
         Placed symbol:  C66 / C0402_C0402_100NF / C0402 at (9307.739 -294.909)
         Placed symbol:  C136 / C0402_C0402_100NF / C0402 at (9307.739 -340.909)
         Placed symbol:  C134 / C0402_C0402_100NF / C0402 at (9307.739 -386.909)
         Placed symbol:  C54 / C0402_C0402_100NF / C0402 at (9307.739 -432.909)
         Placed symbol:  C55 / C0402_C0402_100NF / C0402 at (9307.739 -478.909)
         Placed symbol:  C78 / C0402_C0402_100NF / C0402 at (9307.739 -524.909)
         Placed symbol:  C100 / C0402_C0402_100NF / C0402 at (9307.739 -570.909)
         Placed symbol:  C74 / C0402_C0402_1NF / C0402 at (9307.739 -616.909)
         Placed symbol:  C82 / C0402_C0402_1NF / C0402 at (9307.739 -662.909)
         Placed symbol:  C67 / C0402_C0402_1NF / C0402 at (9307.739 -708.909)
         Placed symbol:  R72 / R_GENERIC_0_R0402_22R / R0402 at (9307.739 -754.909)
         Placed symbol:  C30 / C0402_C0402_1NF / C0402 at (9307.739 -800.909)
         Placed symbol:  C122 / C0402_C0402_1NF / C0402 at (9307.739 -846.909)
         Placed symbol:  C137 / C0402_C0402_1NF / C0402 at (9307.739 -892.909)
         Placed symbol:  C84 / C0402_C0402_1NF / C0402 at (9307.739 -938.909)
         Placed symbol:  C105 / C0402_C0402_1NF / C0402 at (9307.739 -984.909)
         Placed symbol:  C97 / C0402_C0402_1NF / C0402 at (9307.739 -1030.909)
         Placed symbol:  C127 / C0402_C0402_10PF / C0402 at (9307.739 -1076.909)
         Placed symbol:  C164 / C0603_C0805_10UF / C0805 at (9331.739 -1122.409)
         Placed symbol:  C176 / C0603_C0805_10UF / C0805 at (9331.739 -1181.909)
         Placed symbol:  C20 / C0603_C0805_10UF / C0805 at (9331.739 -1241.409)
         Placed symbol:  C23 / C0603_C0805_10UF / C0805 at (9331.739 -1300.909)
         Placed symbol:  C22 / C0603_C0805_10UF / C0805 at (9331.739 -1360.409)
         Placed symbol:  C37 / C0603_C0805_10UF / C0805 at (9539.471 3819.453)
         Placed symbol:  C60 / C0603_C0805_10UF / C0805 at (9539.471 3759.953)
         Placed symbol:  C3 / C0603_C0805_10UF / C0805 at (9539.471 3700.453)
         Placed symbol:  C2 / C0603_C0805_10UF / C0805 at (9539.471 3640.953)
         Placed symbol:  C27 / C0603_C0805_10UF / C0805 at (9539.471 3581.453)
         Placed symbol:  C70 / C0603_C0805_10UF / C0805 at (9539.471 3521.953)
         Placed symbol:  C71 / C0603_C0805_10UF / C0805 at (9539.471 3462.453)
         Placed symbol:  C163 / C0603_C0805_10UF / C0805 at (9539.471 3402.953)
         Placed symbol:  C59 / C0603_C0805_10UF / C0805 at (9539.471 3343.453)
         Placed symbol:  R107 / R_GENERIC_0_R0402_22R / R0402 at (9515.471 3283.453)
         Placed symbol:  C56 / C0603_C0805_4.7UF / C0805 at (9539.471 3237.953)
         Placed symbol:  C169 / C0603_C0805_4.7UF / C0805 at (9539.471 3178.453)
         Placed symbol:  C17 / C0603_C0805_4.7UF / C0805 at (9539.471 3118.953)
         Placed symbol:  C173 / C0603_C0805_4.7UF / C0805 at (9539.471 3059.453)
         Placed symbol:  C13 / C0603_C0805_4.7UF / C0805 at (9539.471 2999.953)
         Placed symbol:  C165 / C0603_C0805_4.7UF / C0805 at (9539.471 2940.453)
         Placed symbol:  C147 / C0603_C0805_4.7UF / C0805 at (9539.471 2880.953)
         Placed symbol:  C43 / C0603_C0805_4.7UF / C0805 at (9539.471 2821.453)
         Placed symbol:  C142 / C0603_C0805_4.7UF / C0805 at (9539.471 2761.953)
         Placed symbol:  C83 / C0603_C0805_4.7UF / C0805 at (9539.471 2702.453)
         Placed symbol:  C148 / C0603_C0805_4.7UF / C0805 at (9539.471 2642.953)
         Placed symbol:  D3 / LED BLUE KPG-1608_0_LED0805_BLU / LED0805 at (9539.471 2584.953)
         Placed symbol:  L10 / BEAD_ FERRITE_R0603_180OHM AT 1 / R0603 at (9526.471 2531.453)
         Placed symbol:  L9 / BEAD_ FERRITE_R0603_180OHM AT 1 / R0603 at (9526.471 2486.453)
         Placed symbol:  L16 / BEAD_ FERRITE_R0603_180OHM AT 1 / R0603 at (9526.471 2441.453)
         Placed symbol:  L8 / BEAD_ FERRITE_R0603_180OHM AT 1 / R0603 at (9526.471 2396.453)
         Placed symbol:  L7 / BEAD_ FERRITE_R0603_180OHM AT 1 / R0603 at (9526.471 2351.453)
         Placed symbol:  L23 / BEAD_ FERRITE_R0603_180OHM AT 1 / R0603 at (9526.471 2306.453)
         Placed symbol:  L18 / BEAD_ FERRITE_R0603_180OHM AT 1 / R0603 at (9526.471 2261.453)
         Placed symbol:  L19 / BEAD_ FERRITE_R0603_180OHM AT 1 / R0603 at (9526.471 2216.453)
         Placed symbol:  L3 / BEAD_ FERRITE_R0603_180OHM AT 1 / R0603 at (9526.471 2171.453)
         Placed symbol:  R90 / R_GENERIC_0_R0402_22R / R0402 at (9515.471 2119.953)
         Placed symbol:  R327 / R_GENERIC_R0603_0R / R0603 at (9526.471 2080.453)
         Placed symbol:  R41 / R_GENERIC_R0402_DNP(0R) / R0402 at (9515.471 2028.953)
         Placed symbol:  R158 / R_GENERIC_R0402_DNP(0R) / R0402 at (9515.471 1982.953)
         Placed symbol:  R101 / R_GENERIC_0_R0402_22R / R0402 at (9515.471 1936.953)
         Placed symbol:  R102 / R_GENERIC_0_R0402_22R / R0402 at (9515.471 1890.953)
         Placed symbol:  R47 / R_GENERIC_0_R0402_22R / R0402 at (9515.471 1844.953)
         Placed symbol:  R284 / R_GENERIC_R0603_0R / R0603 at (9526.471 1805.453)
         Placed symbol:  R73 / R_GENERIC_0_R0402_22R / R0402 at (9515.471 1753.953)
         Placed symbol:  R84 / R_GENERIC_0_R0402_22R / R0402 at (9515.471 1707.953)
         Placed symbol:  R85 / R_GENERIC_0_R0402_22R / R0402 at (9515.471 1661.953)
         Placed symbol:  R288 / R_GENERIC_0_R0402_22R / R0402 at (9515.471 1615.953)
         Placed symbol:  R307 / R_GENERIC_0_R0402_22R / R0402 at (9515.471 1569.953)
         Placed symbol:  R89 / R_GENERIC_0_R0402_22R / R0402 at (9515.471 1523.953)
         Placed symbol:  R88 / R_GENERIC_0_R0402_22R / R0402 at (9515.471 1477.953)
         Placed symbol:  R172 / R_GENERIC_0_R0402_22R / R0402 at (9515.471 1431.953)
         Placed symbol:  R173 / R_GENERIC_0_R0402_22R / R0402 at (9515.471 1385.953)
         Placed symbol:  R174 / R_GENERIC_0_R0402_22R / R0402 at (9515.471 1339.953)
         Placed symbol:  R175 / R_GENERIC_0_R0402_22R / R0402 at (9515.471 1293.953)
         Placed symbol:  R145 / R_GENERIC_0_R0402_22R / R0402 at (9515.471 1247.953)
         Placed symbol:  R154 / R_GENERIC_0_R0402_22R / R0402 at (9515.471 1201.953)
         Placed symbol:  R274 / R_GENERIC_0_R0402_22R / R0402 at (9515.471 1155.953)
         Placed symbol:  R108 / R_GENERIC_0_R0402_22R / R0402 at (9515.471 1109.953)
         Placed symbol:  R304 / R_GENERIC_0_R0402_22R / R0402 at (9515.471 1063.953)
         Placed symbol:  R264 / R_GENERIC_R0603_0R / R0603 at (9526.471 1024.453)
         Placed symbol:  R97 / R_GENERIC_0_R0402_22R / R0402 at (9515.471 972.953)
         Placed symbol:  R297 / R_GENERIC_0_R0402_22R / R0402 at (9515.471 926.953)
         Placed symbol:  R308 / R_GENERIC_0_R0402_22R / R0402 at (9515.471 880.953)
         Placed symbol:  R291 / R_GENERIC_0_R0402_22R / R0402 at (9515.471 834.953)
         Placed symbol:  R296 / R_GENERIC_0_R0402_22R / R0402 at (9515.471 788.953)
         Placed symbol:  R267 / R_GENERIC_0_R0402_22R / R0402 at (9515.471 742.953)
         Placed symbol:  R159 / R_GENERIC_0_R0402_22R / R0402 at (9515.471 696.953)
         Placed symbol:  R87 / R_GENERIC_0_R0402_22R / R0402 at (9515.471 650.953)
         Placed symbol:  R83 / R_GENERIC_0_R0402_22R / R0402 at (9515.471 604.953)
         Placed symbol:  R169 / R_GENERIC_0_R0402_22R / R0402 at (9515.471 558.953)
         Placed symbol:  R316 / R_GENERIC_R0402_0R / R0402 at (9515.471 512.953)
         Placed symbol:  R143 / R_GENERIC_0_R0402_22R / R0402 at (9515.471 466.953)
         Placed symbol:  R164 / R_GENERIC_0_R0402_22R / R0402 at (9515.471 420.953)
         Placed symbol:  R86 / R_GENERIC_0_R0402_22R / R0402 at (9515.471 374.953)
         Placed symbol:  R289 / R_GENERIC_0_R0402_22R / R0402 at (9515.471 328.953)
         Placed symbol:  R157 / R_GENERIC_0_R0402_22R / R0402 at (9515.471 282.953)
         Placed symbol:  R167 / R_GENERIC_0_R0402_22R / R0402 at (9515.471 236.953)
         Placed symbol:  R115 / R_GENERIC_0_R0402_22R / R0402 at (9515.471 190.953)
         Placed symbol:  R109 / R_GENERIC_0_R0402_22R / R0402 at (9515.471 144.953)
         Placed symbol:  R168 / R_GENERIC_0_R0402_22R / R0402 at (9515.471 98.953)
         Placed symbol:  R61 / R_GENERIC_0_R0402_22R / R0402 at (9515.471 52.953)
         Placed symbol:  R282 / R_GENERIC_R0402_39R / R0402 at (9515.471 6.953)
         Placed symbol:  R165 / R_GENERIC_R0402_39R / R0402 at (9515.471 -39.047)
         Placed symbol:  R330 / R_GENERIC_R0603_0R / R0603 at (9526.471 -78.547)
         Placed symbol:  R303 / R_GENERIC_R0603_0R / R0603 at (9526.471 -123.547)
         Placed symbol:  R49 / R_GENERIC_R0402_39R / R0402 at (9515.471 -175.047)
         Placed symbol:  R212 / R_GENERIC_R0603_DNP(0R) / R0603 at (9526.471 -214.547)
         Placed symbol:  R210 / R_GENERIC_R0603_DNP(0R) / R0603 at (9526.471 -259.547)
         Placed symbol:  R19 / R_GENERIC_R0402_0R / R0402 at (9515.471 -311.047)
         Placed symbol:  R281 / R_GENERIC_R0402_0R / R0402 at (9515.471 -357.047)
         Placed symbol:  R30 / R_GENERIC_R0402_0R / R0402 at (9515.471 -403.047)
         Placed symbol:  R155 / R_GENERIC_R0402_0R / R0402 at (9515.471 -449.047)
         Placed symbol:  R270 / R_GENERIC_R0402_0R / R0402 at (9515.471 -495.047)
         Placed symbol:  R278 / R_GENERIC_R0402_39R / R0402 at (9515.471 -541.047)
         Placed symbol:  R178 / R_GENERIC_R0402_0R / R0402 at (9515.471 -587.047)
         Placed symbol:  R258 / R_GENERIC_R0402_0R / R0402 at (9515.471 -633.047)
         Placed symbol:  R14 / R_GENERIC_R0402_49.9K 1% / R0402 at (9515.471 -679.047)
         Placed symbol:  R13 / R_GENERIC_R0402_49.9K 1% / R0402 at (9515.471 -725.047)
         Placed symbol:  R285 / R_GENERIC_R0402_39R / R0402 at (9515.471 -771.047)
         Placed symbol:  R140 / R_GENERIC_R0402_39R / R0402 at (9515.471 -817.047)
         Placed symbol:  R279 / R_GENERIC_R0402_39R / R0402 at (9515.471 -863.047)
         Placed symbol:  C114 / C0402_C0402_100NF / C0402 at (9515.471 -909.047)
         Placed symbol:  R163 / R_GENERIC_R0402_39R / R0402 at (9515.471 -955.047)
         Placed symbol:  MH2 / PTH_2_MHC50D30_PTH / MHC50D30 at (9611.471 -1101.047)
         Placed symbol:  TP11 / TP_TP80_SMD / TP80 at (9524.971 -1276.547)
         Placed symbol:  TP14 / TP_TP80_SMD / TP80 at (9524.971 -1365.547)
         Placed symbol:  TP30 / TP_TP30_SMD / TP30 at (9782.971 3809.453)
         Placed symbol:  TP17 / TP_TP30_SMD / TP30 at (9782.971 3728.453)
         Placed symbol:  TP16 / TP_TP30_SMD / TP30 at (9782.971 3647.453)
         Placed symbol:  TP8 / TP_TP30_SMD / TP30 at (9782.971 3566.453)
         Placed symbol:  TP21 / TP_TP30_SMD / TP30 at (9782.971 3485.453)
         Placed symbol:  TP26 / TP_TP30_SMD / TP30 at (9782.971 3404.453)
         Placed symbol:  TP13 / TP_TP30_SMD / TP30 at (9782.971 3323.453)
         Placed symbol:  TP19 / TP_TP30_SMD / TP30 at (9782.971 3242.453)
         Placed symbol:  TP18 / TP_TP30_SMD / TP30 at (9782.971 3161.453)
         Placed symbol:  TP9 / TP_TP30_SMD / TP30 at (9782.971 3080.453)
         Placed symbol:  TP5 / TP_TP30_SMD / TP30 at (9782.971 2999.453)
         Placed symbol:  TP7 / TP_TP30_SMD / TP30 at (9782.971 2918.453)
         Placed symbol:  TP6 / TP_TP30_SMD / TP30 at (9782.971 2837.453)
         Placed symbol:  TP15 / TP_TP30_SMD / TP30 at (9782.971 2756.453)
         Placed symbol:  TP3 / TP_TP30_SMD / TP30 at (9782.971 2675.453)
         Placed symbol:  TP25 / TP_TP30_SMD / TP30 at (9782.971 2594.453)
         Placed symbol:  TP24 / TP_TP30_SMD / TP30 at (9782.971 2513.453)
         Placed symbol:  TP23 / TP_TP30_SMD / TP30 at (9782.971 2432.453)
         Placed symbol:  TP10 / TP_TP30_SMD / TP30 at (9782.971 2351.453)
         Placed symbol:  TP20 / TP_TP30_SMD / TP30 at (9782.971 2270.453)
         Placed symbol:  MH1 / PTH_2_MHC50D30_PTH / MHC50D30 at (9873.471 2098.953)


Placed 348 of 350 applicable (350 total) symbols.

-----------------------------------------------------------------------

