Removed Pin From Net: NetName=NetC9_1 Pin=C9-1
Removed Pin From Net: NetName=DGND Pin=C9-2
Removed Pin From Net: NetName=DP3V3 Pin=C16-1
Removed Pin From Net: NetName=DGND Pin=C16-2
Removed Pin From Net: NetName=NetC20_1 Pin=C20-1
Removed Pin From Net: NetName=NetC21_1 Pin=C21-1
Removed Pin From Net: NetName=DP3V3 Pin=C33-1
Removed Pin From Net: NetName=DGND Pin=C33-2
Removed Pin From Net: NetName=ASS_+15V Pin=C46-1
Removed Pin From Net: NetName=ASS_GND Pin=C46-2
Removed Pin From Net: NetName=ASS_+15V Pin=C47-1
Removed Pin From Net: NetName=ASS_GND Pin=C47-2
Removed Pin From Net: NetName=NetC48_1 Pin=C48-1
Removed Pin From Net: NetName=CP_OUT Pin=C48-2
Removed Pin From Net: NetName=ASS_GND Pin=C52-1
Removed Pin From Net: NetName=ASS_-15V Pin=C52-2
Removed Pin From Net: NetName=ASS_GND Pin=C53-2
Removed Pin From Net: NetName=V1P Pin=C54-1
Removed Pin From Net: NetName=DGND Pin=C54-2
Removed Pin From Net: NetName=V3P Pin=C55-1
Removed Pin From Net: NetName=DGND Pin=C55-2
Removed Pin From Net: NetName=V3N Pin=C57-1
Removed Pin From Net: NetName=DGND Pin=C57-2
Removed Pin From Net: NetName=NetC58_2 Pin=C58-2
Removed Pin From Net: NetName=NetC59_1 Pin=C59-1
Removed Pin From Net: NetName=ASS_GND Pin=C59-2
Removed Pin From Net: NetName=NetC59_1 Pin=C60-1
Removed Pin From Net: NetName=ASS_GND Pin=C60-2
Removed Pin From Net: NetName=ASS_GND Pin=C61-1
Removed Pin From Net: NetName=ASS5V Pin=C61-2
Removed Pin From Net: NetName=ASS5V Pin=C62-1
Removed Pin From Net: NetName=ASS_GND Pin=C62-2
Removed Pin From Net: NetName=DGND Pin=C63-1
Removed Pin From Net: NetName=CON-A Pin=C63-2
Removed Pin From Net: NetName=DGND Pin=C64-1
Removed Pin From Net: NetName=CON-A Pin=C64-2
Removed Pin From Net: NetName=DGND Pin=C65-1
Removed Pin From Net: NetName=VDD5V Pin=C65-2
Removed Pin From Net: NetName=DGND Pin=C66-1
Removed Pin From Net: NetName=VDD5V Pin=C66-2
Removed Pin From Net: NetName=DGND Pin=C67-2
Removed Pin From Net: NetName=RX Pin=C68-1
Removed Pin From Net: NetName=NetC68_2 Pin=C68-2
Removed Pin From Net: NetName=NetC69_1 Pin=C69-1
Removed Pin From Net: NetName=DGND Pin=C69-2
Removed Pin From Net: NetName=RX Pin=C70-1
Removed Pin From Net: NetName=TX1 Pin=C70-2
Removed Pin From Net: NetName=DP3V3 Pin=C71-1
Removed Pin From Net: NetName=DGND Pin=C71-2
Removed Pin From Net: NetName=TX1 Pin=C72-2
Removed Pin From Net: NetName=TX1 Pin=C73-1
Removed Pin From Net: NetName=DGND Pin=C73-2
Removed Pin From Net: NetName=NetC74_1 Pin=C74-1
Removed Pin From Net: NetName=DGND Pin=C74-2
Removed Pin From Net: NetName=DGND Pin=C75-1
Removed Pin From Net: NetName=NetC75_2 Pin=C75-2
Removed Pin From Net: NetName=DGND Pin=C76-1
Removed Pin From Net: NetName=DP3V3 Pin=C76-2
Removed Pin From Net: NetName=FG Pin=C103-1
Removed Pin From Net: NetName=DGND Pin=C103-2
Removed Pin From Net: NetName=CP_OUT Pin=D2-1
Removed Pin From Net: NetName=NetC53_1 Pin=D2-2
Removed Pin From Net: NetName=DGND Pin=D4-1
Removed Pin From Net: NetName=NetD4_2 Pin=D4-2
Removed Pin From Net: NetName=ASS_GND Pin=D5-1
Removed Pin From Net: NetName=NetC48_1 Pin=D5-2
Removed Pin From Net: NetName=NetC59_1 Pin=DC2-1
Removed Pin From Net: NetName=NetC59_1 Pin=DC3-1
Removed Pin From Net: NetName=ASS_GND Pin=DC3-2
Removed Pin From Net: NetName=DP3V3 Pin=EC5-1
Removed Pin From Net: NetName=DGND Pin=EC5-2
Removed Pin From Net: NetName=ACL Pin=J4-1
Removed Pin From Net: NetName=FG Pin=J4-2
Removed Pin From Net: NetName=ACN Pin=J4-3
Removed Pin From Net: NetName=//LED_DATA1 Pin=J5-1
Removed Pin From Net: NetName=LED_PWR1/CLK Pin=J5-2
Removed Pin From Net: NetName=LED_CHARGE1/RESET1 Pin=J5-3
Removed Pin From Net: NetName=LED_WARNING/RESET2 Pin=J5-4
Removed Pin From Net: NetName=DGND Pin=J5-5
Removed Pin From Net: NetName=DP3V3 Pin=J5-6
Removed Pin From Net: NetName=ACN Pin=J6-1
Removed Pin From Net: NetName=NetJ6_2 Pin=J6-2
Removed Pin From Net: NetName=NetJ6_2 Pin=J6-3
Removed Pin From Net: NetName=RXD1 Pin=J7-3
Removed Pin From Net: NetName=TXD1 Pin=J7-4
Removed Pin From Net: NetName=ASS_GND Pin=J9-2
Removed Pin From Net: NetName=CP Pin=J9-3
Removed Pin From Net: NetName=FG Pin=J9-4
Removed Pin From Net: NetName=DGND Pin=J12-1
Removed Pin From Net: NetName=RX Pin=J12-2
Removed Pin From Net: NetName=NetL3_1 Pin=L3-1
Removed Pin From Net: NetName=NetC17_2 Pin=L3-2
Removed Pin From Net: NetName=NetD6_2 Pin=L5-1
Removed Pin From Net: NetName=NetC59_1 Pin=L5-2
Removed Pin From Net: NetName=TX1 Pin=LF2-1
Removed Pin From Net: NetName=NetLF2_2 Pin=LF2-2
Removed Pin From Net: NetName=TX1 Pin=LF3-1
Removed Pin From Net: NetName=NetLF2_2 Pin=LF3-2
Removed Pin From Net: NetName=NetC17_2 Pin=Q2-2
Removed Pin From Net: NetName=ASS_GND Pin=Q2-3
Removed Pin From Net: NetName=SWCLK Pin=R1-1
Removed Pin From Net: NetName=DP3V3 Pin=R1-2
Removed Pin From Net: NetName=DGND Pin=R7-1
Removed Pin From Net: NetName=VDD5V Pin=R7-2
Removed Pin From Net: NetName=VDD5V Pin=R8-1
Removed Pin From Net: NetName=NetL1_1 Pin=R8-2
Removed Pin From Net: NetName=NetR9_2 Pin=R9-2
Removed Pin From Net: NetName=DGND Pin=R10-1
Removed Pin From Net: NetName=NetR10_2 Pin=R10-2
Removed Pin From Net: NetName=NetR11_1 Pin=R11-1
Removed Pin From Net: NetName=NetR11_2 Pin=R11-2
Removed Pin From Net: NetName=NetL3_1 Pin=R13-1
Removed Pin From Net: NetName=ASS_+15V Pin=R13-2
Removed Pin From Net: NetName=NetC20_1 Pin=R15-1
Removed Pin From Net: NetName=OSC_OUT Pin=R15-2
Removed Pin From Net: NetName=SWITCHA Pin=R17-2
Removed Pin From Net: NetName=ACN Pin=R19-1
Removed Pin From Net: NetName=NetC21_1 Pin=R19-2
Removed Pin From Net: NetName=NetQ2_1 Pin=R21-2
Removed Pin From Net: NetName=CP_OUT Pin=R23-1
Removed Pin From Net: NetName=NetL4_2 Pin=R23-2
Removed Pin From Net: NetName=NetR24_1 Pin=R24-1
Removed Pin From Net: NetName=ASS_+15V Pin=R24-2
Removed Pin From Net: NetName=START Pin=R25-1
Removed Pin From Net: NetName=DP3V3 Pin=R25-2
Removed Pin From Net: NetName=NetR26_1 Pin=R26-1
Removed Pin From Net: NetName=ASS_+15V Pin=R26-2
Removed Pin From Net: NetName=CP_OUT Pin=R28-1
Removed Pin From Net: NetName=NetR28_2 Pin=R28-2
Removed Pin From Net: NetName=NetR29_1 Pin=R29-1
Removed Pin From Net: NetName=CP_OUT Pin=R29-2
Removed Pin From Net: NetName=NetR30_1 Pin=R30-1
Removed Pin From Net: NetName=CP_OUT Pin=R30-2
Removed Pin From Net: NetName=ASS_+15V Pin=R31-1
Removed Pin From Net: NetName=NetR31_2 Pin=R31-2
Removed Pin From Net: NetName=ASS_+15V Pin=R39-1
Removed Pin From Net: NetName=NetR39_2 Pin=R39-2
Removed Pin From Net: NetName=NetR40_1 Pin=R40-1
Removed Pin From Net: NetName=NetR30_1 Pin=R40-2
Removed Pin From Net: NetName=NetR29_1 Pin=R41-2
Removed Pin From Net: NetName=NetR42_1 Pin=R42-1
Removed Pin From Net: NetName=NetR40_1 Pin=R42-2
Removed Pin From Net: NetName=NetR31_2 Pin=R43-1
Removed Pin From Net: NetName=ASS_GND Pin=R43-2
Removed Pin From Net: NetName=NetR44_1 Pin=R44-1
Removed Pin From Net: NetName=NetR31_2 Pin=R44-2
Removed Pin From Net: NetName=CPWM_OUT Pin=R45-1
Removed Pin From Net: NetName=NetD4_2 Pin=R45-2
Removed Pin From Net: NetName=NetR46_1 Pin=R46-1
Removed Pin From Net: NetName=NetR39_2 Pin=R46-2
Removed Pin From Net: NetName=NetR50_1 Pin=R50-1
Removed Pin From Net: NetName=NetR41_1 Pin=R50-2
Removed Pin From Net: NetName=NetR51_1 Pin=R51-1
Removed Pin From Net: NetName=NetR42_1 Pin=R51-2
Removed Pin From Net: NetName=NetR52_1 Pin=R52-1
Removed Pin From Net: NetName=NetR50_1 Pin=R52-2
Removed Pin From Net: NetName=ASS_GND Pin=R54-1
Removed Pin From Net: NetName=NetR52_1 Pin=R54-2
Removed Pin From Net: NetName=ASS_GND Pin=R55-1
Removed Pin From Net: NetName=NetR51_1 Pin=R55-2
Removed Pin From Net: NetName=NetC59_1 Pin=R65-1
Removed Pin From Net: NetName=NetR65_2 Pin=R65-2
Removed Pin From Net: NetName=NetR65_2 Pin=R66-1
Removed Pin From Net: NetName=IN-ADA Pin=R67-2
Removed Pin From Net: NetName=NetC58_1 Pin=R68-1
Removed Pin From Net: NetName=NetC58_2 Pin=R68-2
Removed Pin From Net: NetName=ASS_GND Pin=R69-1
Removed Pin From Net: NetName=NetR66_2 Pin=R69-2
Removed Pin From Net: NetName=NetC58_1 Pin=R70-1
Removed Pin From Net: NetName=CON-A Pin=R70-2
Removed Pin From Net: NetName=CON-A Pin=R71-1
Removed Pin From Net: NetName=DGND Pin=R71-2
Removed Pin From Net: NetName=NetR72_1 Pin=R72-1
Removed Pin From Net: NetName=ASS_+15V Pin=R72-2
Removed Pin From Net: NetName=DP3V3 Pin=R73-2
Removed Pin From Net: NetName=NetR74_1 Pin=R74-1
Removed Pin From Net: NetName=NetC68_2 Pin=R74-2
Removed Pin From Net: NetName=NetC69_1 Pin=R75-1
Removed Pin From Net: NetName=NetR74_1 Pin=R75-2
Removed Pin From Net: NetName=S_RF_CS Pin=R76-1
Removed Pin From Net: NetName=DP3V3 Pin=R76-2
Removed Pin From Net: NetName=DP3V3 Pin=R77-2
Removed Pin From Net: NetName=DP3V3 Pin=R78-2
Removed Pin From Net: NetName=S_RF_MISO Pin=R79-1
Removed Pin From Net: NetName=DP3V3 Pin=R79-2
Removed Pin From Net: NetName=FM_IRQ Pin=R80-1
Removed Pin From Net: NetName=DP3V3 Pin=R80-2
Removed Pin From Net: NetName=FM_RST Pin=R81-1
Removed Pin From Net: NetName=DGND Pin=R81-2
Removed Pin From Net: NetName=ACL Pin=RL1-3
Removed Pin From Net: NetName=NetR11_1 Pin=SW2-2
Removed Pin From Net: NetName=NetC9_1 Pin=U1-1
Removed Pin From Net: NetName=CON-A Pin=U1-11
Removed Pin From Net: NetName=DGND Pin=U1-12
Removed Pin From Net: NetName=RUN_BUZZER Pin=U1-14
Removed Pin From Net: NetName=WDI Pin=U1-15
Removed Pin From Net: NetName=TXD2 Pin=U1-16
Removed Pin From Net: NetName=RXD2 Pin=U1-17
Removed Pin From Net: NetName=DGND Pin=U1-18
Removed Pin From Net: NetName=DP3V3 Pin=U1-19
Removed Pin From Net: NetName=S_DIS_CS Pin=U1-20
Removed Pin From Net: NetName=S_DIS_SCK Pin=U1-21
Removed Pin From Net: NetName=S_DIS_RS Pin=U1-22
Removed Pin From Net: NetName=S_DIS_SDA Pin=U1-23
Removed Pin From Net: NetName=LED_WARNING/RESET2 Pin=U1-24
Removed Pin From Net: NetName=LED_CHARGE1/RESET1 Pin=U1-25
Removed Pin From Net: NetName=LED_PWR1/CLK Pin=U1-26
Removed Pin From Net: NetName=//LED_DATA1 Pin=U1-27
Removed Pin From Net: NetName=NetR10_2 Pin=U1-28
Removed Pin From Net: NetName=SCL Pin=U1-29
Removed Pin From Net: NetName=SDA Pin=U1-30
Removed Pin From Net: NetName=DGND Pin=U1-31
Removed Pin From Net: NetName=DP3V3 Pin=U1-32
Removed Pin From Net: NetName=S_RF_CS Pin=U1-33
Removed Pin From Net: NetName=S_RF_MISO Pin=U1-35
Removed Pin From Net: NetName=FM_RST Pin=U1-37
Removed Pin From Net: NetName=FM_IRQ Pin=U1-38
Removed Pin From Net: NetName=TXD1 Pin=U1-42
Removed Pin From Net: NetName=RXD1 Pin=U1-43
Removed Pin From Net: NetName=SWIO Pin=U1-46
Removed Pin From Net: NetName=SWCLK Pin=U1-49
Removed Pin From Net: NetName=NetR9_2 Pin=U1-50
Removed Pin From Net: NetName=TXD3 Pin=U1-51
Removed Pin From Net: NetName=RXD3 Pin=U1-52
Removed Pin From Net: NetName=RUN Pin=U1-53
Removed Pin From Net: NetName=SWITCHA Pin=U1-54
Removed Pin From Net: NetName=STOP Pin=U1-55
Removed Pin From Net: NetName=START Pin=U1-56
Removed Pin From Net: NetName=CPWM_OUT Pin=U1-58
Removed Pin From Net: NetName=NetR3_2 Pin=U1-59
Removed Pin From Net: NetName=NetR11_2 Pin=U1-60
Removed Pin From Net: NetName=DGND Pin=U1-63
Removed Pin From Net: NetName=DP3V3 Pin=U1-64
Removed Pin From Net: NetName=NetR24_1 Pin=U7-1
Removed Pin From Net: NetName=NetR26_1 Pin=U8-1
Removed Pin From Net: NetName=NetD4_2 Pin=U12-1
Removed Pin From Net: NetName=DGND Pin=U12-3
Removed Pin From Net: NetName=ASS_GND Pin=U12-4
Removed Pin From Net: NetName=NetR39_2 Pin=U12-5
Removed Pin From Net: NetName=ASS_+15V Pin=U12-6
Removed Pin From Net: NetName=NetR42_1 Pin=U13-1
Removed Pin From Net: NetName=CP_OUT Pin=U13-2
Removed Pin From Net: NetName=NetR41_1 Pin=U14-1
Removed Pin From Net: NetName=ASS_GND Pin=U14-2
Removed Pin From Net: NetName=NetC53_1 Pin=U14-3
Removed Pin From Net: NetName=NetR46_1 Pin=U15-2
Removed Pin From Net: NetName=NetR44_1 Pin=U15-3
Removed Pin From Net: NetName=ASS_-15V Pin=U15-4
Removed Pin From Net: NetName=NetR28_2 Pin=U15-6
Removed Pin From Net: NetName=ASS_+15V Pin=U15-7
Removed Pin From Net: NetName=NetR64_2 Pin=U17-1
Removed Pin From Net: NetName=ASS5V Pin=U17-2
Removed Pin From Net: NetName=IN-ADA Pin=U17-3
Removed Pin From Net: NetName=ASS_GND Pin=U17-4
Removed Pin From Net: NetName=DGND Pin=U17-5
Removed Pin From Net: NetName=NetC58_2 Pin=U17-6
Removed Pin From Net: NetName=NetR64_1 Pin=U18-1
Removed Pin From Net: NetName=IN-ADA Pin=U18-2
Removed Pin From Net: NetName=ASS_GND Pin=U18-3
Removed Pin From Net: NetName=ASS_GND Pin=U18-4
Removed Pin From Net: NetName=ASS5V Pin=U18-8
Removed Pin From Net: NetName=NetC58_1 Pin=U19-1
Removed Pin From Net: NetName=NetC58_2 Pin=U19-2
Removed Pin From Net: NetName=DGND Pin=U19-3
Removed Pin From Net: NetName=DGND Pin=U19-4
Removed Pin From Net: NetName=VDD5V Pin=U19-8
Removed Pin From Net: NetName=NetR72_1 Pin=U20-1
Removed Pin From Net: NetName=DGND Pin=U20-3
Removed Pin From Net: NetName=NetC74_1 Pin=U21-1
Removed Pin From Net: NetName=FM_IRQ Pin=U21-2
Removed Pin From Net: NetName=NetLF2_2 Pin=U21-4
Removed Pin From Net: NetName=DP3V3 Pin=U21-5
Removed Pin From Net: NetName=DGND Pin=U21-7
Removed Pin From Net: NetName=DGND Pin=U21-8
Removed Pin From Net: NetName=DP3V3 Pin=U21-9
Removed Pin From Net: NetName=DP3V3 Pin=U21-10
Removed Pin From Net: NetName=DGND Pin=U21-11
Removed Pin From Net: NetName=S_RF_MISO Pin=U21-12
Removed Pin From Net: NetName=S_RF_CS Pin=U21-15
Removed Pin From Net: NetName=DGND Pin=U21-16
Removed Pin From Net: NetName=DP3V3 Pin=U21-17
Removed Pin From Net: NetName=DP3V3 Pin=U21-18
Removed Pin From Net: NetName=DGND Pin=U21-20
Removed Pin From Net: NetName=NetR74_1 Pin=U21-21
Removed Pin From Net: NetName=NetC69_1 Pin=U21-22
Removed Pin From Net: NetName=FM_RST Pin=U21-23
Removed Pin From Net: NetName=NetC75_2 Pin=U21-24
Removed Pin From Net: NetName=NetC20_1 Pin=Y1-2
Removed Pin From Net: NetName=NetC74_1 Pin=Y4-1
Removed Pin From Net: NetName=NetC75_2 Pin=Y4-2
Removed Member From Class: ClassName=迷你随车充V2.0(STM32)比亚迪 Member=C74
Removed Member From Class: ClassName=迷你随车充V2.0(STM32)比亚迪 Member=C75
Removed Member From Class: ClassName=迷你随车充V2.0(STM32)比亚迪 Member=C76
Removed Member From Class: ClassName=迷你随车充V2.0(STM32)比亚迪 Member=C77
Removed Member From Class: ClassName=迷你随车充V2.0(STM32)比亚迪 Member=C78
Removed Member From Class: ClassName=迷你随车充V2.0(STM32)比亚迪 Member=C79
Removed Member From Class: ClassName=迷你随车充V2.0(STM32)比亚迪 Member=C80
Removed Member From Class: ClassName=迷你随车充V2.0(STM32)比亚迪 Member=C81
Removed Member From Class: ClassName=迷你随车充V2.0(STM32)比亚迪 Member=C103
Removed Member From Class: ClassName=迷你随车充V2.0(STM32)比亚迪 Member=DC3
Removed Member From Class: ClassName=迷你随车充V2.0(STM32)比亚迪 Member=EC5
Removed Member From Class: ClassName=迷你随车充V2.0(STM32)比亚迪 Member=J12
Removed Member From Class: ClassName=迷你随车充V2.0(STM32)比亚迪 Member=J13
Removed Member From Class: ClassName=迷你随车充V2.0(STM32)比亚迪 Member=J14
Removed Member From Class: ClassName=迷你随车充V2.0(STM32)比亚迪 Member=LF2
Removed Member From Class: ClassName=迷你随车充V2.0(STM32)比亚迪 Member=LF3
Removed Member From Class: ClassName=迷你随车充V2.0(STM32)比亚迪 Member=R73
Removed Member From Class: ClassName=迷你随车充V2.0(STM32)比亚迪 Member=R74
Removed Member From Class: ClassName=迷你随车充V2.0(STM32)比亚迪 Member=R75
Removed Member From Class: ClassName=迷你随车充V2.0(STM32)比亚迪 Member=R76
Removed Member From Class: ClassName=迷你随车充V2.0(STM32)比亚迪 Member=R77
Removed Member From Class: ClassName=迷你随车充V2.0(STM32)比亚迪 Member=R78
Removed Member From Class: ClassName=迷你随车充V2.0(STM32)比亚迪 Member=R79
Removed Member From Class: ClassName=迷你随车充V2.0(STM32)比亚迪 Member=R80
Removed Member From Class: ClassName=迷你随车充V2.0(STM32)比亚迪 Member=R81
Removed Member From Class: ClassName=迷你随车充V2.0(STM32)比亚迪 Member=R82
Removed Member From Class: ClassName=迷你随车充V2.0(STM32)比亚迪 Member=R83
Removed Member From Class: ClassName=迷你随车充V2.0(STM32)比亚迪 Member=R84
Removed Member From Class: ClassName=迷你随车充V2.0(STM32)比亚迪 Member=U22
Removed Member From Class: ClassName=迷你随车充V2.0(STM32)比亚迪 Member=U23
Removed Member From Class: ClassName=迷你随车充V2.0(STM32)比亚迪 Member=Y4
Change Component DesignItemId : Designator=U19 Old DesignItemId=AS358P-E1 New DesignItemId=HCNR200
Change Component DesignItemId : Designator=C53 Old DesignItemId=CAP1 New DesignItemId=CAP
Change Component DesignItemId : Designator=C57 Old DesignItemId=CAP1 New DesignItemId=CAP
Change Component DesignItemId : Designator=C61 Old DesignItemId=CAP1 New DesignItemId=CAP
Change Component DesignItemId : Designator=C67 Old DesignItemId=CAP New DesignItemId=CAP1
Change Component DesignItemId : Designator=C68 Old DesignItemId=CAP New DesignItemId=CAP1
Change Component DesignItemId : Designator=C69 Old DesignItemId=CAP New DesignItemId=CAP1
Change Component DesignItemId : Designator=C70 Old DesignItemId=CAP New DesignItemId=CAP1
Change Component DesignItemId : Designator=C71 Old DesignItemId=CAP New DesignItemId=CAP1
Change Component DesignItemId : Designator=C72 Old DesignItemId=CAP New DesignItemId=CAP1
Change Component DesignItemId : Designator=C73 Old DesignItemId=CAP New DesignItemId=CAP1
Change Component DesignItemId : Designator=J4 Old DesignItemId=CON3 New DesignItemId=CON6
Change Component DesignItemId : Designator=J9 Old DesignItemId=CON4 New DesignItemId=4 HEADER
Change Component DesignItemId : Designator=D2 Old DesignItemId=DIODE New DesignItemId=BAV54C
Change Component DesignItemId : Designator=D4 Old DesignItemId=DIODE New DesignItemId=BAV54C
Change Component DesignItemId : Designator=D6 Old DesignItemId=DIODE New DesignItemId=BAV54C
Change Component DesignItemId : Designator=U21 Old DesignItemId=FM1702SL New DesignItemId=AS358P-E1
Change Component DesignItemId : Designator=U17 Old DesignItemId=HCNR200 New DesignItemId=PS2501-1
Change Component DesignItemId : Designator=L5 Old DesignItemId=INDUCTOR New DesignItemId=LED
Change Component DesignItemId : Designator=U15 Old DesignItemId=LM218D New DesignItemId=TL431
Change Component DesignItemId : Designator=Q2 Old DesignItemId=NPN New DesignItemId=PNP
Change Component DesignItemId : Designator=U20 Old DesignItemId=PS2501-1 New DesignItemId=AS358P-E1
Change Component DesignItemId : Designator=R31 Old DesignItemId=RES1 New DesignItemId=RES2
Change Component DesignItemId : Designator=R7 Old DesignItemId=RES1 New DesignItemId=RES-1
Change Component DesignItemId : Designator=U1 Old DesignItemId=STM32F103R8T6 New DesignItemId=STM32F103C8T6
Change Component DesignItemId : Designator=U13 Old DesignItemId=TL431 New DesignItemId=TLP113
Change Component Footprint: Designator=C15 Old Footprint=0603C New Footprint=0805C
Change Component Footprint: Designator=C34 Old Footprint=0603C New Footprint=0805C
Change Component Footprint: Designator=C57 Old Footprint=0603C New Footprint=0805C
Change Component Footprint: Designator=R30 Old Footprint=0603R New Footprint=1206R
Change Component Footprint: Designator=R31 Old Footprint=0603R New Footprint=1206R
Change Component Footprint: Designator=C65 Old Footprint=0805C New Footprint=0603C
Change Component Footprint: Designator=D5 Old Footprint=1206D New Footprint=DO-214AC
Change Component Footprint: Designator=D2 Old Footprint=1206D New Footprint=SOT23
Change Component Footprint: Designator=D4 Old Footprint=1206D New Footprint=SOT23
Change Component Footprint: Designator=R7 Old Footprint=2512R New Footprint=0603R
Change Component Footprint: Designator=J7 Old Footprint=CON04_2.54 New Footprint=KF2EDG-4P-3.81mm
Change Component Footprint: Designator=U20 Old Footprint=DIP-4 New Footprint=SOP8
Change Component Footprint: Designator=D6 Old Footprint=DO-214AC New Footprint=SOT23
Change Component Footprint: Designator=U17 Old Footprint=HCNR201 - S New Footprint=DIP-4
Change Component Footprint: Designator=L4 Old Footprint=LC7*7*3 New Footprint=1206L
Change Component Footprint: Designator=L5 Old Footprint=LC7*7*3 New Footprint=D0805
Change Component Footprint: Designator=U1 Old Footprint=LQFP64 New Footprint=LQFP48_N
Change Component Footprint: Designator=J4 Old Footprint=LS-3P-7.62MM New Footprint=CON06_2.54
Change Component Footprint: Designator=U19 Old Footprint=SOP8 New Footprint=HCNR201 - S
Change Component Footprint: Designator=U15 Old Footprint=SOP8 New Footprint=SOT23
Change Component Footprint: Designator=U21 Old Footprint=SOP24 New Footprint=SOP8
