Change Component Footprint: Designator=U13 Old Footprint=SOT23 New Footprint=w314 - duplicate
Change Component Comment : Designator=C15 Old Comment=0.1uF New Comment=10uF
Change Component Comment : Designator=R12 Old Comment=1.5K New Comment=3K
Change Component Comment : Designator=R42 Old Comment=1K1/1% New Comment=10K
Change Component Comment : Designator=D6 Old Comment=1N4007 New Comment=BAV54C
Change Component Comment : Designator=D5 Old Comment=1N4148 New Comment=1N4007
Change Component Comment : Designator=D2 Old Comment=1N4148 New Comment=BAV54C
Change Component Comment : Designator=D4 Old Comment=1N4148 New Comment=BAV54C
Change Component Comment : Designator=R41 Old Comment=2K7/1% New Comment=51R/1%
Change Component Comment : Designator=R54 Old Comment=4K7/1% New Comment=10K
Change Component Comment : Designator=R30 Old Comment=4K7/1% New Comment=360R
Change Component Comment : Designator=R46 Old Comment=10K New Comment=4K7/1%
Change Component Comment : Designator=R72 Old Comment=10K New Comment=20K/1%
Change Component Comment : Designator=R69 Old Comment=10K/1% New Comment=100K/1%
Change Component Comment : Designator=C65 Old Comment=10uF New Comment=103
Change Component Comment : Designator=LT1 Old Comment=10uH New Comment=1uH
Change Component Comment : Designator=C68 Old Comment=15pF New Comment=104
Change Component Comment : Designator=C73 Old Comment=15pF New Comment=104
Change Component Comment : Designator=R29 Old Comment=20K/1% New Comment=200R
Change Component Comment : Designator=C70 Old Comment=27pF New Comment=104
Change Component Comment : Designator=R67 Old Comment=31K6/1% New Comment=33K/1%
Change Component Comment : Designator=R65 Old Comment=33K/1% New Comment=10R
Change Component Comment : Designator=C55 Old Comment=33nF New Comment=102
Change Component Comment : Designator=C54 Old Comment=33nF New Comment=104
Change Component Comment : Designator=C57 Old Comment=33nF New Comment=104
Change Component Comment : Designator=R40 Old Comment=51R/1% New Comment=10K
Change Component Comment : Designator=C72 Old Comment=68pF New Comment=104
Change Component Comment : Designator=R31 Old Comment=100K New Comment=1K
Change Component Comment : Designator=R39 Old Comment=100K New Comment=2K7/1%
Change Component Comment : Designator=R7 Old Comment=100R New Comment=1.5K
Change Component Comment : Designator=L5 Old Comment=100uH New Comment=Green
Change Component Comment : Designator=C58 Old Comment=103 New Comment=102
Change Component Comment : Designator=C69 Old Comment=103 New Comment=104
Change Component Comment : Designator=C34 Old Comment=104 New Comment=10uF
Change Component Comment : Designator=C53 Old Comment=104 New Comment=100pF
Change Component Comment : Designator=C67 Old Comment=104 New Comment=103
Change Component Comment : Designator=C71 Old Comment=104 New Comment=103
Change Component Comment : Designator=Q2 Old Comment=9013 New Comment=8550
Change Component Comment : Designator=J4 Old Comment=CON3 New Comment=CON6
Change Component Comment : Designator=J9 Old Comment=CON4 New Comment=HEADER 4
Change Component Comment : Designator=U21 Old Comment=FM1702SL New Comment=LM258
Change Component Comment : Designator=U17 Old Comment=HCNR201 New Comment=PS2501L-1
Change Component Comment : Designator=U15 Old Comment=LM218D New Comment=CJ431
Change Component Comment : Designator=U19 Old Comment=LM258 New Comment=HCNR201
Change Component Comment : Designator=U20 Old Comment=PS2501L-1 New Comment=LM258
Change Component Comment : Designator=U1 Old Comment=STM32F103R8T6 New Comment=STM32F103C8T6
Change Component Comment : Designator=U14 Old Comment=TL431 New Comment=CJ431
Change Component Comment : Designator=U13 Old Comment=TL431 New Comment=W314
Change Component Designator: OldDesignator=C3 NewDesignator=C4
Change Component Designator: OldDesignator=C4 NewDesignator=C3
Change Component Designator: OldDesignator=C10 NewDesignator=C9
Change Component Designator: OldDesignator=C11 NewDesignator=C10
Change Component Designator: OldDesignator=C12 NewDesignator=C11
Change Component Designator: OldDesignator=C13 NewDesignator=C12
Change Component Designator: OldDesignator=C14 NewDesignator=C13
Change Component Designator: OldDesignator=C17 NewDesignator=C56
Change Component Designator: OldDesignator=C18 NewDesignator=C19
Change Component Designator: OldDesignator=C19 NewDesignator=C20
Change Component Designator: OldDesignator=C20 NewDesignator=C21
Change Component Designator: OldDesignator=C22 NewDesignator=C59
Change Component Designator: OldDesignator=C23 NewDesignator=C22
Change Component Designator: OldDesignator=C24 NewDesignator=C25
Change Component Designator: OldDesignator=C25 NewDesignator=C26
Change Component Designator: OldDesignator=C26 NewDesignator=C27
Change Component Designator: OldDesignator=C27 NewDesignator=C28
Change Component Designator: OldDesignator=C28 NewDesignator=C29
Change Component Designator: OldDesignator=C29 NewDesignator=C30
Change Component Designator: OldDesignator=C30 NewDesignator=C31
Change Component Designator: OldDesignator=C31 NewDesignator=C32
Change Component Designator: OldDesignator=C32 NewDesignator=C33
Change Component Designator: OldDesignator=C35 NewDesignator=C36
Change Component Designator: OldDesignator=C36 NewDesignator=C37
Change Component Designator: OldDesignator=C37 NewDesignator=C38
Change Component Designator: OldDesignator=C38 NewDesignator=C39
Change Component Designator: OldDesignator=C39 NewDesignator=C40
Change Component Designator: OldDesignator=C40 NewDesignator=C51
Change Component Designator: OldDesignator=C41 NewDesignator=C52
Change Component Designator: OldDesignator=C42 NewDesignator=C41
Change Component Designator: OldDesignator=C43 NewDesignator=C42
Change Component Designator: OldDesignator=C44 NewDesignator=C43
Change Component Designator: OldDesignator=C45 NewDesignator=C44
Change Component Designator: OldDesignator=C49 NewDesignator=C45
Change Component Designator: OldDesignator=C50 NewDesignator=C46
Change Component Designator: OldDesignator=C51 NewDesignator=C47
Change Component Designator: OldDesignator=C56 NewDesignator=C63
Change Component Designator: OldDesignator=C77 NewDesignator=C16
Change Component Designator: OldDesignator=C78 NewDesignator=C23
Change Component Designator: OldDesignator=C79 NewDesignator=C17
Change Component Designator: OldDesignator=C80 NewDesignator=C18
Change Component Designator: OldDesignator=C81 NewDesignator=C24
Change Component Designator: OldDesignator=D1 NewDesignator=D3
Change Component Designator: OldDesignator=D3 NewDesignator=D1
Change Component Designator: OldDesignator=J3 NewDesignator=J2
Change Component Designator: OldDesignator=J7 NewDesignator=J6
Change Component Designator: OldDesignator=J8 NewDesignator=J1
Change Component Designator: OldDesignator=J10 NewDesignator=J8
Change Component Designator: OldDesignator=J11 NewDesignator=J10
Change Component Designator: OldDesignator=J13 NewDesignator=J5
Change Component Designator: OldDesignator=J14 NewDesignator=J7
Change Component Designator: OldDesignator=L6 NewDesignator=L3
Change Component Designator: OldDesignator=Q1 NewDesignator=Q3
Change Component Designator: OldDesignator=Q3 NewDesignator=Q1
Change Component Designator: OldDesignator=R2 NewDesignator=R4
Change Component Designator: OldDesignator=R9 NewDesignator=R5
Change Component Designator: OldDesignator=R11 NewDesignator=R8
Change Component Designator: OldDesignator=R12 NewDesignator=R9
Change Component Designator: OldDesignator=R14 NewDesignator=R43
Change Component Designator: OldDesignator=R16 NewDesignator=R10
Change Component Designator: OldDesignator=R17 NewDesignator=R52
Change Component Designator: OldDesignator=R18 NewDesignator=R12
Change Component Designator: OldDesignator=R20 NewDesignator=R55
Change Component Designator: OldDesignator=R21 NewDesignator=R59
Change Component Designator: OldDesignator=R22 NewDesignator=R62
Change Component Designator: OldDesignator=R27 NewDesignator=R28
Change Component Designator: OldDesignator=R32 NewDesignator=R15
Change Component Designator: OldDesignator=R33 NewDesignator=R16
Change Component Designator: OldDesignator=R34 NewDesignator=R17
Change Component Designator: OldDesignator=R35 NewDesignator=R18
Change Component Designator: OldDesignator=R36 NewDesignator=R19
Change Component Designator: OldDesignator=R37 NewDesignator=R20
Change Component Designator: OldDesignator=R38 NewDesignator=R21
Change Component Designator: OldDesignator=R47 NewDesignator=R22
Change Component Designator: OldDesignator=R48 NewDesignator=R23
Change Component Designator: OldDesignator=R49 NewDesignator=R24
Change Component Designator: OldDesignator=R53 NewDesignator=R44
Change Component Designator: OldDesignator=R56 NewDesignator=R45
Change Component Designator: OldDesignator=R57 NewDesignator=R49
Change Component Designator: OldDesignator=R58 NewDesignator=R50
Change Component Designator: OldDesignator=R59 NewDesignator=R51
Change Component Designator: OldDesignator=R60 NewDesignator=R53
Change Component Designator: OldDesignator=R61 NewDesignator=R56
Change Component Designator: OldDesignator=R62 NewDesignator=R58
Change Component Designator: OldDesignator=R63 NewDesignator=R60
Change Component Designator: OldDesignator=R82 NewDesignator=R11
Change Component Designator: OldDesignator=R83 NewDesignator=R13
Change Component Designator: OldDesignator=R84 NewDesignator=R14
Change Component Designator: OldDesignator=U6 NewDesignator=U16
Change Component Designator: OldDesignator=U7 NewDesignator=U11
Change Component Designator: OldDesignator=U8 NewDesignator=U12
Change Component Designator: OldDesignator=U9 NewDesignator=U8
Change Component Designator: OldDesignator=U10 NewDesignator=U9
Change Component Designator: OldDesignator=U11 NewDesignator=U10
Change Component Designator: OldDesignator=U16 NewDesignator=U18
Change Component Designator: OldDesignator=U22 NewDesignator=U6
Change Component Designator: OldDesignator=U23 NewDesignator=U7
Change Component Description : Designator=Q2 Old Description= New Description=PNP Transistor
Change Component Description : Designator=C67 Old Description=0603ÌùÆ¬µçÈÝ/50V/0.1uF/¡À10%/X7R New Description=0603ÌùÆ¬µçÈÝ/50V/10nF/¡À10%/X7R
Change Component Description : Designator=C61 Old Description=0603ÌùÆ¬µçÈÝ/50V/0.1uF/¡À10%/X7R New Description=Capacitor
Change Component Description : Designator=C58 Old Description=0603ÌùÆ¬µçÈÝ/50V/10nF/¡À10%/X7R New Description=0603ÌùÆ¬µçÈÝ/50V/0.1uF/¡À10%/X7R
Change Component Description : Designator=C54 Old Description=0603ÌùÆ¬µçÈÝ/50V/33nF/¡À10%/X7R New Description=0603ÌùÆ¬µçÈÝ/50V/0.1uF/¡À10%/X7R
Change Component Description : Designator=C55 Old Description=0603ÌùÆ¬µçÈÝ/50V/33nF/¡À10%/X7R New Description=0603ÌùÆ¬µçÈÝ/50V/0.1uF/¡À10%/X7R
Change Component Description : Designator=R42 Old Description=0603ÌùÆ¬µç×è/1.1K/0.1W/¡À1% New Description=
Change Component Description : Designator=R41 Old Description=0603ÌùÆ¬µç×è/2.7K/0.1W/¡À1% New Description=0603ÌùÆ¬µç×è/51R/0.1W/¡À1%
Change Component Description : Designator=R72 Old Description=0603ÌùÆ¬µç×è/2K/0.1W/¡À5% New Description=0603ÌùÆ¬µç×è/10K/0.1W/¡À1%
Change Component Description : Designator=R26 Old Description=0603ÌùÆ¬µç×è/2K/0.1W/¡À5% New Description=0603ÌùÆ¬µç×è/10K/0.1W/¡À5%
Change Component Description : Designator=R54 Old Description=0603ÌùÆ¬µç×è/4.7K/0.1W/¡À1% New Description=
Change Component Description : Designator=R69 Old Description=0603ÌùÆ¬µç×è/10K/0.1W/¡À1% New Description=0603ÌùÆ¬µç×è/31.6K/0.1W/¡À1%
Change Component Description : Designator=R70 Old Description=0603ÌùÆ¬µç×è/10K/0.1W/¡À1% New Description=0603ÌùÆ¬µç×è/33K/0.1W/¡À1%
Change Component Description : Designator=R25 Old Description=0603ÌùÆ¬µç×è/10K/0.1W/¡À5% New Description=0603ÌùÆ¬µç×è/2K/0.1W/¡À5%
Change Component Description : Designator=R46 Old Description=0603ÌùÆ¬µç×è/10K/0.1W/¡À5% New Description=0603ÌùÆ¬µç×è/4.7K/0.1W/¡À1%
Change Component Description : Designator=R29 Old Description=0603ÌùÆ¬µç×è/20K/0.1W/¡À1% New Description=0603ÌùÆ¬µç×è/200R/0.1W/¡À5%
Change Component Description : Designator=R67 Old Description=0603ÌùÆ¬µç×è/31.6K/0.1W/¡À1% New Description=0603ÌùÆ¬µç×è/33K/0.1W/¡À1%
Change Component Description : Designator=R40 Old Description=0603ÌùÆ¬µç×è/51R/0.1W/¡À1% New Description=
Change Component Description : Designator=R39 Old Description=0603ÌùÆ¬µç×è/100K/0.1W/¡À5% New Description=0603ÌùÆ¬µç×è/2.7K/0.1W/¡À1%
Change Component Description : Designator=C68 Old Description=Capacitor New Description=0603ÌùÆ¬µçÈÝ/50V/0.1uF/¡À10%/X7R
Change Component Description : Designator=C69 Old Description=Capacitor New Description=0603ÌùÆ¬µçÈÝ/50V/0.1uF/¡À10%/X7R
Change Component Description : Designator=C70 Old Description=Capacitor New Description=0603ÌùÆ¬µçÈÝ/50V/0.1uF/¡À10%/X7R
Change Component Description : Designator=C72 Old Description=Capacitor New Description=0603ÌùÆ¬µçÈÝ/50V/0.1uF/¡À10%/X7R
Change Component Description : Designator=C73 Old Description=Capacitor New Description=0603ÌùÆ¬µçÈÝ/50V/0.1uF/¡À10%/X7R
Change Component Description : Designator=C71 Old Description=Capacitor New Description=0603ÌùÆ¬µçÈÝ/50V/10nF/¡À10%/X7R
Change Component Description : Designator=J9 Old Description=Connector New Description=4 Pin Header
