Added Component: Designator=C35(0603C)
Added Component: Designator=C60(0603C)
Added Component: Designator=C62(0603C)
Added Component: Designator=C64(0603C)
Added Component: Designator=R2(0603R)
Added Component: Designator=R6(R1-1)
Added Component: Designator=R27(0603R)
Added Component: Designator=R32(0603R)
Added Component: Designator=R33(0603R)
Added Component: Designator=R34(0603R)
Added Component: Designator=R35(0603R)
Added Component: Designator=R36(0603R)
Added Component: Designator=R37(0603R)
Added Component: Designator=R38(0603R)
Added Component: Designator=R47(0603R)
Added Component: Designator=R48(0603R)
Added Component: Designator=R57(0603R)
Added Component: Designator=R61(0603R)
Added Component: Designator=R63(0603R)
Added Component: Designator=RL2(HF32F-12V)
Added Component: Designator=TVS2(3528TVS)
Added Pin To Net: NetName=DP3V3 Pin=C14-1
Added Pin To Net: NetName=DGND Pin=C14-2
Added Pin To Net: NetName=OSC_OUT Pin=C21-1
Added Pin To Net: NetName=DP3V3 Pin=C35-1
Added Pin To Net: NetName=DGND Pin=C35-2
Added Pin To Net: NetName=DP3V3 Pin=C38-1
Added Pin To Net: NetName=DP3V3 Pin=C39-1
Added Pin To Net: NetName=ASS_+15V Pin=C48-1
Added Pin To Net: NetName=ASS_GND Pin=C48-2
Added Pin To Net: NetName=NetC20_1 Pin=C49-1
Added Pin To Net: NetName=START-DET Pin=C49-2
Added Pin To Net: NetName=NetC21_1 Pin=C50-1
Added Pin To Net: NetName=RX Pin=C50-2
Added Pin To Net: NetName=NetC48_1 Pin=C53-2
Added Pin To Net: NetName=ASS_-15V Pin=C54-1
Added Pin To Net: NetName=ASS_GND Pin=C54-2
Added Pin To Net: NetName=NetC58_2 Pin=C55-1
Added Pin To Net: NetName=NetC59_1 Pin=C55-2
Added Pin To Net: NetName=ASS_+15V Pin=C57-1
Added Pin To Net: NetName=NetC68_2 Pin=C57-2
Added Pin To Net: NetName=ASS_GND Pin=C58-2
Added Pin To Net: NetName=V1P Pin=C60-1
Added Pin To Net: NetName=DGND Pin=C60-2
Added Pin To Net: NetName=NetC69_1 Pin=C61-1
Added Pin To Net: NetName=NetC74_1 Pin=C61-2
Added Pin To Net: NetName=V3P Pin=C62-1
Added Pin To Net: NetName=DGND Pin=C62-2
Added Pin To Net: NetName=V3N Pin=C64-1
Added Pin To Net: NetName=DGND Pin=C64-2
Added Pin To Net: NetName=NetC75_2 Pin=C65-1
Added Pin To Net: NetName=NetD4_2 Pin=C65-2
Added Pin To Net: NetName=NetJ6_2 Pin=C66-1
Added Pin To Net: NetName=ASS_GND Pin=C66-2
Added Pin To Net: NetName=NetJ6_2 Pin=C67-1
Added Pin To Net: NetName=ASS_GND Pin=C67-2
Added Pin To Net: NetName=ASS_GND Pin=C68-1
Added Pin To Net: NetName=ASS5V Pin=C68-2
Added Pin To Net: NetName=ASS5V Pin=C69-1
Added Pin To Net: NetName=ASS_GND Pin=C69-2
Added Pin To Net: NetName=DGND Pin=C70-1
Added Pin To Net: NetName=S_RF_CS Pin=C70-2
Added Pin To Net: NetName=DGND Pin=C71-1
Added Pin To Net: NetName=S_RF_CS Pin=C71-2
Added Pin To Net: NetName=VDD5V Pin=C72-2
Added Pin To Net: NetName=DGND Pin=C73-1
Added Pin To Net: NetName=VDD5V Pin=C73-2
Added Pin To Net: NetName=NetC59_1 Pin=D2-1
Added Pin To Net: NetName=NetC58_1 Pin=D2-2
Added Pin To Net: NetName=NetC59_1 Pin=D2-3
Added Pin To Net: NetName=ASS_GND Pin=D4-1
Added Pin To Net: NetName=NetC58_2 Pin=D4-2
Added Pin To Net: NetName=ASS_GND Pin=D4-3
Added Pin To Net: NetName=NetC68_2 Pin=D5-1
Added Pin To Net: NetName=ASS_+15V Pin=D5-2
Added Pin To Net: NetName=CP Pin=D6-3
Added Pin To Net: NetName=NetL3_1 Pin=DC2-1
Added Pin To Net: NetName=DP3V3 Pin=FB1-2
Added Pin To Net: NetName=ACL Pin=J3-1
Added Pin To Net: NetName=FG Pin=J3-2
Added Pin To Net: NetName=ACN Pin=J3-3
Added Pin To Net: NetName=//LED_DATA1 Pin=J4-1
Added Pin To Net: NetName=LED_PWR1/CLK Pin=J4-2
Added Pin To Net: NetName=LED_CHARGE1/RESET1 Pin=J4-3
Added Pin To Net: NetName=LED_WARNING/RESET2 Pin=J4-4
Added Pin To Net: NetName=DGND Pin=J4-5
Added Pin To Net: NetName=DP3V3 Pin=J4-6
Added Pin To Net: NetName=FM_RST Pin=J6-3
Added Pin To Net: NetName=TX1 Pin=J6-4
Added Pin To Net: NetName=RX Pin=J8-1
Added Pin To Net: NetName=FG Pin=J9-1
Added Pin To Net: NetName=CP Pin=J9-2
Added Pin To Net: NetName=S_RF_MISO Pin=J9-3
Added Pin To Net: NetName=ASS_GND Pin=J9-4
Added Pin To Net: NetName=NetLF2_2 Pin=L5-1
Added Pin To Net: NetName=NetC17_2 Pin=L5-2
Added Pin To Net: NetName=NetR9_2 Pin=L6-1
Added Pin To Net: NetName=NetC68_2 Pin=L6-2
Added Pin To Net: NetName=NetD6_2 Pin=L7-1
Added Pin To Net: NetName=NetL3_1 Pin=L7-2
Added Pin To Net: NetName=FG Pin=L8-1
Added Pin To Net: NetName=ASS_GND Pin=L8-2
Added Pin To Net: NetName=DGND Pin=Q2-2
Added Pin To Net: NetName=NetC48_1 Pin=Q2-3
Added Pin To Net: NetName=NetC74_1 Pin=Q4-1
Added Pin To Net: NetName=NetR10_2 Pin=Q4-2
Added Pin To Net: NetName=DGND Pin=Q4-3
Added Pin To Net: NetName=NetR11_1 Pin=Q5-1
Added Pin To Net: NetName=NetC17_2 Pin=Q5-2
Added Pin To Net: NetName=ASS_GND Pin=Q5-3
Added Pin To Net: NetName=NetR11_2 Pin=Q6-1
Added Pin To Net: NetName=NetC68_2 Pin=Q6-2
Added Pin To Net: NetName=ASS_GND Pin=Q6-3
Added Pin To Net: NetName=DGND Pin=R1-1
Added Pin To Net: NetName=NetR24_1 Pin=R1-2
Added Pin To Net: NetName=SWCLK Pin=R2-1
Added Pin To Net: NetName=DP3V3 Pin=R2-2
Added Pin To Net: NetName=NetR26_1 Pin=R5-2
Added Pin To Net: NetName=DGND Pin=R6-1
Added Pin To Net: NetName=VDD5V Pin=R6-2
Added Pin To Net: NetName=VDD5V Pin=R7-1
Added Pin To Net: NetName=NetL1_1 Pin=R7-2
Added Pin To Net: NetName=NetR28_2 Pin=R8-1
Added Pin To Net: NetName=NetR29_1 Pin=R8-2
Added Pin To Net: NetName=NetC20_1 Pin=R25-1
Added Pin To Net: NetName=ASS_+15V Pin=R25-2
Added Pin To Net: NetName=START Pin=R26-1
Added Pin To Net: NetName=DP3V3 Pin=R26-2
Added Pin To Net: NetName=NetC21_1 Pin=R27-1
Added Pin To Net: NetName=ASS_+15V Pin=R27-2
Added Pin To Net: NetName=DP3V3 Pin=R29-1
Added Pin To Net: NetName=NetC53_1 Pin=R29-2
Added Pin To Net: NetName=NetC59_1 Pin=R30-1
Added Pin To Net: NetName=NetR30_1 Pin=R30-2
Added Pin To Net: NetName=NetC59_1 Pin=R31-1
Added Pin To Net: NetName=NetL4_2 Pin=R31-2
Added Pin To Net: NetName=NetR31_2 Pin=R32-1
Added Pin To Net: NetName=NetC59_1 Pin=R32-2
Added Pin To Net: NetName=NetR39_2 Pin=R33-1
Added Pin To Net: NetName=NetC59_1 Pin=R33-2
Added Pin To Net: NetName=NetR40_1 Pin=R34-1
Added Pin To Net: NetName=NetR39_2 Pin=R34-2
Added Pin To Net: NetName=NetR42_1 Pin=R35-1
Added Pin To Net: NetName=NetR31_2 Pin=R35-2
Added Pin To Net: NetName=NetR44_1 Pin=R36-1
Added Pin To Net: NetName=NetR40_1 Pin=R36-2
Added Pin To Net: NetName=CPWM_OUT Pin=R37-1
Added Pin To Net: NetName=NetQ2_1 Pin=R37-2
Added Pin To Net: NetName=NetR46_1 Pin=R38-1
Added Pin To Net: NetName=NetR42_1 Pin=R38-2
Added Pin To Net: NetName=NetR50_1 Pin=R39-1
Added Pin To Net: NetName=NetR44_1 Pin=R39-2
Added Pin To Net: NetName=NetLF2_2 Pin=R40-1
Added Pin To Net: NetName=ASS_+15V Pin=R40-2
Added Pin To Net: NetName=NetR46_1 Pin=R41-2
Added Pin To Net: NetName=NetR9_2 Pin=R42-1
Added Pin To Net: NetName=ASS_+15V Pin=R42-2
Added Pin To Net: NetName=ASS_GND Pin=R46-1
Added Pin To Net: NetName=NetR41_1 Pin=R46-2
Added Pin To Net: NetName=ASS_GND Pin=R47-1
Added Pin To Net: NetName=NetR50_1 Pin=R47-2
Added Pin To Net: NetName=NetC69_1 Pin=R48-1
Added Pin To Net: NetName=DP3V3 Pin=R48-2
Added Pin To Net: NetName=FM_IRQ Pin=R52-2
Added Pin To Net: NetName=NetC74_1 Pin=R54-1
Added Pin To Net: NetName=CP_OUT Pin=R54-2
Added Pin To Net: NetName=NetC74_1 Pin=R57-1
Added Pin To Net: NetName=DGND Pin=R57-2
Added Pin To Net: NetName=NetR11_1 Pin=R59-2
Added Pin To Net: NetName=NetR51_1 Pin=R61-1
Added Pin To Net: NetName=NetR11_2 Pin=R61-2
Added Pin To Net: NetName=NetR51_1 Pin=R63-1
Added Pin To Net: NetName=ASS_GND Pin=R63-2
Added Pin To Net: NetName=NetL3_1 Pin=R65-1
Added Pin To Net: NetName=NetJ6_2 Pin=R65-2
Added Pin To Net: NetName=NetJ6_2 Pin=R66-1
Added Pin To Net: NetName=NetR52_1 Pin=R67-2
Added Pin To Net: NetName=NetR52_1 Pin=R68-1
Added Pin To Net: NetName=IN-ADA Pin=R68-2
Added Pin To Net: NetName=NetC75_2 Pin=R69-1
Added Pin To Net: NetName=NetD4_2 Pin=R69-2
Added Pin To Net: NetName=ASS_GND Pin=R70-1
Added Pin To Net: NetName=NetR52_1 Pin=R70-2
Added Pin To Net: NetName=NetC75_2 Pin=R71-1
Added Pin To Net: NetName=S_RF_CS Pin=R71-2
Added Pin To Net: NetName=S_RF_CS Pin=R72-1
Added Pin To Net: NetName=DGND Pin=R72-2
Added Pin To Net: NetName=NetR74_1 Pin=RL1-3
Added Pin To Net: NetName=NetR72_1 Pin=RL1-4
Added Pin To Net: NetName=NetC68_2 Pin=RL2-1
Added Pin To Net: NetName=ASS_+15V Pin=RL2-2
Added Pin To Net: NetName=NetR65_2 Pin=RL2-3
Added Pin To Net: NetName=NetC9_1 Pin=RL2-4
Added Pin To Net: NetName=NetR29_1 Pin=SW2-2
Added Pin To Net: NetName=FG Pin=TVS2-1
Added Pin To Net: NetName=S_RF_MISO Pin=TVS2-2
Added Pin To Net: NetName=DGND Pin=U1-8
Added Pin To Net: NetName=DP3V3 Pin=U1-9
Added Pin To Net: NetName=WDI Pin=U1-10
Added Pin To Net: NetName=RUN_BUZZER Pin=U1-11
Added Pin To Net: NetName=TXD2 Pin=U1-12
Added Pin To Net: NetName=RXD2 Pin=U1-13
Added Pin To Net: NetName=S_DIS_CS Pin=U1-14
Added Pin To Net: NetName=S_DIS_SCK Pin=U1-15
Added Pin To Net: NetName=S_DIS_RS Pin=U1-16
Added Pin To Net: NetName=S_DIS_SDA Pin=U1-17
Added Pin To Net: NetName=//LED_DATA1 Pin=U1-18
Added Pin To Net: NetName=CON-A Pin=U1-19
Added Pin To Net: NetName=NetR24_1 Pin=U1-20
Added Pin To Net: NetName=TXD3 Pin=U1-21
Added Pin To Net: NetName=RXD3 Pin=U1-22
Added Pin To Net: NetName=DGND Pin=U1-23
Added Pin To Net: NetName=DP3V3 Pin=U1-24
Added Pin To Net: NetName=START Pin=U1-26
Added Pin To Net: NetName=RUN Pin=U1-27
Added Pin To Net: NetName=CPWM_OUT Pin=U1-28
Added Pin To Net: NetName=TXD1 Pin=U1-30
Added Pin To Net: NetName=RXD1 Pin=U1-31
Added Pin To Net: NetName=SWITCHA Pin=U1-32
Added Pin To Net: NetName=SWITCHA Pin=U1-33
Added Pin To Net: NetName=SWIO Pin=U1-34
Added Pin To Net: NetName=DGND Pin=U1-35
Added Pin To Net: NetName=DP3V3 Pin=U1-36
Added Pin To Net: NetName=SWCLK Pin=U1-37
Added Pin To Net: NetName=LED_PWR1/CLK Pin=U1-39
Added Pin To Net: NetName=LED_WARNING/RESET2 Pin=U1-40
Added Pin To Net: NetName=LED_CHARGE1/RESET1 Pin=U1-41
Added Pin To Net: NetName=SCL Pin=U1-42
Added Pin To Net: NetName=SDA Pin=U1-43
Added Pin To Net: NetName=NetR28_2 Pin=U1-44
Added Pin To Net: NetName=NetR3_2 Pin=U1-45
Added Pin To Net: NetName=NetR26_1 Pin=U1-46
Added Pin To Net: NetName=TX1 Pin=U6-7
Added Pin To Net: NetName=FM_RST Pin=U6-8
Added Pin To Net: NetName=RXD1 Pin=U6-9
Added Pin To Net: NetName=TXD1 Pin=U6-10
Added Pin To Net: NetName=NetC20_1 Pin=U11-1
Added Pin To Net: NetName=NetC21_1 Pin=U12-1
Added Pin To Net: NetName=RX Pin=U12-2
Added Pin To Net: NetName=NetC53_1 Pin=U13-1
Added Pin To Net: NetName=ASS_-15V Pin=U13-4
Added Pin To Net: NetName=NetR30_1 Pin=U13-5
Added Pin To Net: NetName=ASS_+15V Pin=U13-6
Added Pin To Net: NetName=NetR44_1 Pin=U14-1
Added Pin To Net: NetName=NetC59_1 Pin=U14-2
Added Pin To Net: NetName=NetC58_2 Pin=U14-3
Added Pin To Net: NetName=NetR42_1 Pin=U15-1
Added Pin To Net: NetName=ASS_GND Pin=U15-2
Added Pin To Net: NetName=NetC58_1 Pin=U15-3
Added Pin To Net: NetName=NetC69_1 Pin=U17-1
Added Pin To Net: NetName=NetR10_2 Pin=U17-2
Added Pin To Net: NetName=NetR51_1 Pin=U17-3
Added Pin To Net: NetName=ASS_+15V Pin=U17-4
Added Pin To Net: NetName=NetR64_2 Pin=U19-1
Added Pin To Net: NetName=ASS5V Pin=U19-2
Added Pin To Net: NetName=IN-ADA Pin=U19-3
Added Pin To Net: NetName=ASS_GND Pin=U19-4
Added Pin To Net: NetName=DGND Pin=U19-5
Added Pin To Net: NetName=NetD4_2 Pin=U19-6
Added Pin To Net: NetName=NetR64_1 Pin=U20-1
Added Pin To Net: NetName=IN-ADA Pin=U20-2
Added Pin To Net: NetName=ASS_GND Pin=U20-3
Added Pin To Net: NetName=ASS_GND Pin=U20-4
Added Pin To Net: NetName=ASS5V Pin=U20-8
Added Pin To Net: NetName=NetC75_2 Pin=U21-1
Added Pin To Net: NetName=NetD4_2 Pin=U21-2
Added Pin To Net: NetName=DGND Pin=U21-4
Added Pin To Net: NetName=VDD5V Pin=U21-8
Added Pin To Net: NetName=OSC_OUT Pin=Y1-2
Change Net Name : Old Net Name=CP_OUT New Net Name=SWITCHA-N
Change Net Name : Old Net Name=FM_IRQ New Net Name=SWITCH-L
Change Net Name : Old Net Name=FM_RST New Net Name=RX1
Change Net Name : Old Net Name=NetC9_1 New Net Name=N1
Change Net Name : Old Net Name=NetC10_1 New Net Name=NetC9_1
Change Net Name : Old Net Name=NetC17_2 New Net Name=NetC56_2
Change Net Name : Old Net Name=NetC20_1 New Net Name=NetC49_1
Change Net Name : Old Net Name=NetC21_1 New Net Name=NetC50_1
Change Net Name : Old Net Name=NetC22_1 New Net Name=NetC59_1
Change Net Name : Old Net Name=NetC22_2 New Net Name=NetC59_2
Change Net Name : Old Net Name=NetC24_1 New Net Name=NetC25_1
Change Net Name : Old Net Name=NetC43_2 New Net Name=NetC42_2
Change Net Name : Old Net Name=NetC48_1 New Net Name=NetC53_2
Change Net Name : Old Net Name=NetC49_2 New Net Name=NetC45_2
Change Net Name : Old Net Name=NetC58_2 New Net Name=NetC55_1
Change Net Name : Old Net Name=NetC59_1 New Net Name=NetC55_2
Change Net Name : Old Net Name=NetC68_2 New Net Name=NetC57_2
Change Net Name : Old Net Name=NetC69_1 New Net Name=NetC61_1
Change Net Name : Old Net Name=NetC74_1 New Net Name=NetC61_2
Change Net Name : Old Net Name=NetC75_2 New Net Name=NetC65_1
Change Net Name : Old Net Name=NetC77_1 New Net Name=NetC16_1
Change Net Name : Old Net Name=NetC77_2 New Net Name=NetC16_2
Change Net Name : Old Net Name=NetC78_1 New Net Name=NetC23_1
Change Net Name : Old Net Name=NetC78_2 New Net Name=NetC23_2
Change Net Name : Old Net Name=NetC79_1 New Net Name=NetC17_1
Change Net Name : Old Net Name=NetC81_2 New Net Name=NetC24_2
Change Net Name : Old Net Name=NetD3_1 New Net Name=NetD1_1
Change Net Name : Old Net Name=NetD3_2 New Net Name=NetD1_2
Change Net Name : Old Net Name=NetD4_2 New Net Name=NetC65_2
Change Net Name : Old Net Name=NetJ6_2 New Net Name=NetC66_1
Change Net Name : Old Net Name=NetJ11_1 New Net Name=NetJ10_1
Change Net Name : Old Net Name=NetJ11_2 New Net Name=NetJ10_2
Change Net Name : Old Net Name=NetJ14_1 New Net Name=NetJ7_1
Change Net Name : Old Net Name=NetJ14_2 New Net Name=NetJ7_2
Change Net Name : Old Net Name=NetL3_1 New Net Name=NetDC2_1
Change Net Name : Old Net Name=NetL6_1 New Net Name=NetL3_1
Change Net Name : Old Net Name=NetL6_2 New Net Name=NetL3_2
Change Net Name : Old Net Name=NetLF2_2 New Net Name=NetL5_1
Change Net Name : Old Net Name=NetQ1_2 New Net Name=NetQ3_2
Change Net Name : Old Net Name=NetQ3_1 New Net Name=NetQ1_1
Change Net Name : Old Net Name=NetR9_2 New Net Name=NetL6_1
Change Net Name : Old Net Name=NetR10_2 New Net Name=NetQ4_2
Change Net Name : Old Net Name=NetR11_1 New Net Name=NetQ5_1
Change Net Name : Old Net Name=NetR11_2 New Net Name=NetQ6_1
Change Net Name : Old Net Name=NetR16_1 New Net Name=NetR10_1
Change Net Name : Old Net Name=NetR18_1 New Net Name=NetR12_1
Change Net Name : Old Net Name=NetR21_1 New Net Name=NetR59_1
Change Net Name : Old Net Name=NetR24_1 New Net Name=NetR1_2
Change Net Name : Old Net Name=NetR26_1 New Net Name=NetR5_2
Change Net Name : Old Net Name=NetR28_2 New Net Name=NetR8_1
Change Net Name : Old Net Name=NetR29_1 New Net Name=NetR8_2
Change Net Name : Old Net Name=NetR30_1 New Net Name=NetR30_2
Change Net Name : Old Net Name=NetR31_2 New Net Name=NetR32_1
Change Net Name : Old Net Name=NetR39_2 New Net Name=NetR33_1
Change Net Name : Old Net Name=NetR40_1 New Net Name=NetR34_1
Change Net Name : Old Net Name=NetR42_1 New Net Name=NetR35_1
Change Net Name : Old Net Name=NetR44_1 New Net Name=NetR36_1
Change Net Name : Old Net Name=NetR46_1 New Net Name=NetR38_1
Change Net Name : Old Net Name=NetR50_1 New Net Name=NetR39_1
Change Net Name : Old Net Name=NetR51_1 New Net Name=NetR61_1
Change Net Name : Old Net Name=NetR52_1 New Net Name=NetR67_2
Change Net Name : Old Net Name=NetR56_1 New Net Name=NetR45_1
Change Net Name : Old Net Name=NetR58_2 New Net Name=NetR50_2
Change Net Name : Old Net Name=NetR61_1 New Net Name=NetR56_1
Change Net Name : Old Net Name=NetR65_2 New Net Name=N
Change Net Name : Old Net Name=NetR72_1 New Net Name=L1
Change Net Name : Old Net Name=NetR74_1 New Net Name=L
Change Net Name : Old Net Name=NetR82_1 New Net Name=NetR11_1
Change Net Name : Old Net Name=NetR83_1 New Net Name=NetR13_1
Change Net Name : Old Net Name=NetR84_2 New Net Name=NetR14_2
Change Net Name : Old Net Name=RX New Net Name=DI-DET
Change Net Name : Old Net Name=S_RF_CS New Net Name=CC-AD
Change Net Name : Old Net Name=S_RF_MISO New Net Name=CC
Change Class Name : Old Net Name=√‘ƒ„ÀÊ≥µ≥‰V2.0(STM32)±»—«µœ New Net Name=MT-MacthCard V2.1.0
Added Member To Class: ClassName=MT-MacthCard V2.1.0 Member=Component C16 0.1uF
Added Member To Class: ClassName=MT-MacthCard V2.1.0 Member=Component C17 0.1uF
Added Member To Class: ClassName=MT-MacthCard V2.1.0 Member=Component C18 1uF
Added Member To Class: ClassName=MT-MacthCard V2.1.0 Member=Component C23 0.1uF
Added Member To Class: ClassName=MT-MacthCard V2.1.0 Member=Component C35 104
Added Member To Class: ClassName=MT-MacthCard V2.1.0 Member=Component C49 104
Added Member To Class: ClassName=MT-MacthCard V2.1.0 Member=Component C50 104
Added Member To Class: ClassName=MT-MacthCard V2.1.0 Member=Component C60 33nF
Added Member To Class: ClassName=MT-MacthCard V2.1.0 Member=Component C62 33nF
Added Member To Class: ClassName=MT-MacthCard V2.1.0 Member=Component C64 33nF
Added Member To Class: ClassName=MT-MacthCard V2.1.0 Member=Component J3 CON3
Added Member To Class: ClassName=MT-MacthCard V2.1.0 Member=Component J5 CON6
Added Member To Class: ClassName=MT-MacthCard V2.1.0 Member=Component J7 CON2
Added Member To Class: ClassName=MT-MacthCard V2.1.0 Member=Component L6 Green
Added Member To Class: ClassName=MT-MacthCard V2.1.0 Member=Component L7 100uH
Added Member To Class: ClassName=MT-MacthCard V2.1.0 Member=Component L8 100uH
Added Member To Class: ClassName=MT-MacthCard V2.1.0 Member=Component Q4 9013
Added Member To Class: ClassName=MT-MacthCard V2.1.0 Member=Component Q5 9013
Added Member To Class: ClassName=MT-MacthCard V2.1.0 Member=Component Q6 9013
Added Member To Class: ClassName=MT-MacthCard V2.1.0 Member=Component R2 10K
Added Member To Class: ClassName=MT-MacthCard V2.1.0 Member=Component R6 100R
Added Member To Class: ClassName=MT-MacthCard V2.1.0 Member=Component R11 10R
Added Member To Class: ClassName=MT-MacthCard V2.1.0 Member=Component R13 10R
Added Member To Class: ClassName=MT-MacthCard V2.1.0 Member=Component R27 10K
Added Member To Class: ClassName=MT-MacthCard V2.1.0 Member=Component R32 20K/1%
Added Member To Class: ClassName=MT-MacthCard V2.1.0 Member=Component R33 4K7/1%
Added Member To Class: ClassName=MT-MacthCard V2.1.0 Member=Component R34 51R/1%
Added Member To Class: ClassName=MT-MacthCard V2.1.0 Member=Component R35 2K7/1%
Added Member To Class: ClassName=MT-MacthCard V2.1.0 Member=Component R36 1K1/1%
Added Member To Class: ClassName=MT-MacthCard V2.1.0 Member=Component R37 1k
Added Member To Class: ClassName=MT-MacthCard V2.1.0 Member=Component R38 1K1/1%
Added Member To Class: ClassName=MT-MacthCard V2.1.0 Member=Component R47 20K/1%
Added Member To Class: ClassName=MT-MacthCard V2.1.0 Member=Component R48 2K
Added Member To Class: ClassName=MT-MacthCard V2.1.0 Member=Component R57 3K
Added Member To Class: ClassName=MT-MacthCard V2.1.0 Member=Component R61 5.1K
Added Member To Class: ClassName=MT-MacthCard V2.1.0 Member=Component R63 4K7
Added Member To Class: ClassName=MT-MacthCard V2.1.0 Member=Component RL2 JQ1P-12V
Added Member To Class: ClassName=MT-MacthCard V2.1.0 Member=Component TVS2 BA301N
Added Member To Class: ClassName=MT-MacthCard V2.1.0 Member=Component U6 SP3232EEN
Added Member To Class: ClassName=MT-MacthCard V2.1.0 Member=Component U7 TLP281
Added Room: Name=MT-MacthCard V2.1.0
