Drill Listing
=============
Drill: .012  Tool: 1  Feed: 95  Speed: 300
X 45500  Y 186000
X 41500  Y 186000
X 37000  Y 186000
X 32500  Y 186000
X 54000  Y 219000
X 48000  Y 219000
X 45000  Y 222000
X 48000  Y 225000
X 45000  Y 228000
X 48000  Y 231000
X 42000  Y 231000
X 45000  Y 234000
X 48000  Y 237000
X 42000  Y 237000
X 66000  Y 291000
X 97500  Y 289000
X 93000  Y 289000
X 94000  Y 277500
X 98500  Y 277500
X 94000  Y 274000
X 65000  Y 271500
X 94000  Y 270500
X 69000  Y 267000
X 94500  Y 266500
X 90500  Y 266500
X 86500  Y 266500
X 82500  Y 266500
X 75000  Y 266500
X 78500  Y 266500
X 96000  Y 251000
X 102000  Y 240000
X 96000  Y 240000
X 90000  Y 240000
X 90000  Y 234000
X 96000  Y 234000
X 102000  Y 234000
X 102000  Y 228000
X 96000  Y 228000
X 99000  Y 222000
X 60000  Y 219000
X 99000  Y 216000
X 74500  Y 207000
X 150000  Y 60000
X 154000  Y 60000
X 150000  Y 64000
X 154000  Y 64000
X 150000  Y 68000
X 154000  Y 68000
X 150000  Y 72000
X 154000  Y 72000
X 154000  Y 76000
X 154000  Y 80000
X 118000  Y 212500
X 122500  Y 227000
X 155000  Y 228000
X 146500  Y 228000
X 151000  Y 228000
X 123500  Y 231500
X 146500  Y 233000
X 123500  Y 236000
X 142500  Y 237500
X 128000  Y 239000
X 123500  Y 240500
X 142500  Y 242500
X 140000  Y 248000
X 171000  Y 292000
X 164000  Y 289000
X 171000  Y 286000
X 177000  Y 283000
X 174000  Y 280000
X 161500  Y 263000
X 158500  Y 228000
X 173000  Y 183500
X 173000  Y 178000
X 163000  Y 169500
X 166500  Y 165000
X 162500  Y 165000
X 166000  Y 68000
X 158000  Y 68000
X 162000  Y 68000
X 162000  Y 64000
X 158000  Y 64000
X 174000  Y 58000
X 174000  Y 54000
X 174000  Y 50000
X 174000  Y 46000
X 174000  Y 42000
X 188000  Y 32000
X 194000  Y 32000
X 194000  Y 38000
X 194000  Y 42000
X 182000  Y 147000
X 182000  Y 153250
X 196500  Y 176500
X 200500  Y 176500
X 204500  Y 176500
X 192500  Y 176500
X 197500  Y 243000
X 193500  Y 243000
X 189500  Y 243000
X 202500  Y 273500
X 232500  Y 276000
X 237500  Y 275500
X 208500  Y 273500
X 229000  Y 271500
X 233500  Y 271000
X 228500  Y 267500
X 212500  Y 243500
X 236000  Y 186000
X 232500  Y 176000
X 228000  Y 176000
X 216500  Y 176000
X 213000  Y 176000
X 252500  Y 167000
X 248000  Y 167000
X 321500  Y 124000
X 321500  Y 127500
X 321500  Y 132000
X 321500  Y 136500
X 257000  Y 167000
X 402000  Y 165000
X 396000  Y 165000
X 396000  Y 159000
X 402000  Y 159000
X 396000  Y 126000
X 360000  Y 87000
X 369000  Y 87000
X 436500  Y 65220
X 435000  Y 144000
X 408000  Y 159000
X 429000  Y 159000
X 408000  Y 165000
X 429000  Y 165000

Drill: .016  Tool: 2  Feed: 95  Speed: 300
X 20000  Y 112500
X 29000  Y 112500
X 25000  Y 112500
X 20500  Y 118000
X 29000  Y 118000
X 25000  Y 118000
X 16000  Y 122500
X 20500  Y 122500
X 29500  Y 122500
X 25000  Y 122500
X 6000  Y 165000
X 6000  Y 171000
X 6000  Y 180000
X 6000  Y 186000
X 6000  Y 192000
X 6000  Y 198000
X 21000  Y 204000
X 12000  Y 204000
X 6000  Y 204000
X 27000  Y 204000
X 12000  Y 210000
X 18000  Y 210000
X 30000  Y 210000
X 24000  Y 210000
X 18000  Y 216000
X 12000  Y 216000
X 30000  Y 216000
X 24000  Y 216000
X 6000  Y 222000
X 12000  Y 222000
X 18000  Y 222000
X 24000  Y 222000
X 6000  Y 228000
X 12000  Y 228000
X 24000  Y 228000
X 18000  Y 234000
X 12000  Y 234000
X 6000  Y 234000
X 30000  Y 234000
X 24000  Y 234000
X 6000  Y 240000
X 18000  Y 240000
X 12000  Y 240000
X 30000  Y 240000
X 24000  Y 240000
X 15000  Y 276000
X 9000  Y 276000
X 21000  Y 279000
X 27000  Y 279000
X 6000  Y 297000
X 18500  Y 297500
X 30000  Y 300000
X 18000  Y 306000
X 24000  Y 306000
X 30000  Y 306000
X 36000  Y 306000
X 36000  Y 300000
X 42000  Y 216000
X 36000  Y 216000
X 42000  Y 210000
X 36000  Y 210000
X 45000  Y 204000
X 36000  Y 204000
X 39000  Y 177000
X 33000  Y 177000
X 46500  Y 175750
X 45000  Y 171000
X 39000  Y 171000
X 45000  Y 165000
X 39000  Y 165000
X 60000  Y 110500
X 68500  Y 110500
X 64500  Y 110500
X 60000  Y 115000
X 69000  Y 115000
X 64500  Y 115000
X 60000  Y 119500
X 69000  Y 119500
X 64500  Y 119500
X 72000  Y 174000
X 79000  Y 175750
X 66000  Y 185500
X 64000  Y 217000
X 78000  Y 218000
X 72000  Y 251500
X 72000  Y 265000
X 80500  Y 273000
X 72000  Y 312000
X 78000  Y 312000
X 84000  Y 312000
X 90000  Y 312000
X 96000  Y 312000
X 102000  Y 267500
X 90000  Y 229000
X 102000  Y 203000
X 98000  Y 203000
X 94000  Y 200500
X 98000  Y 198500
X 102000  Y 198500
X 81500  Y 195250
X 102000  Y 194000
X 98000  Y 194000
X 101500  Y 189500
X 102000  Y 171000
X 102000  Y 123000
X 102000  Y 118500
X 102000  Y 114500
X 102000  Y 110500
X 114500  Y 110500
X 110000  Y 110500
X 106000  Y 110500
X 114000  Y 114500
X 110000  Y 114500
X 106000  Y 114500
X 114000  Y 118500
X 110000  Y 118500
X 106000  Y 118500
X 114000  Y 123000
X 110000  Y 123000
X 106000  Y 123000
X 129000  Y 126000
X 129000  Y 132000
X 123000  Y 135000
X 117000  Y 138000
X 129000  Y 138000
X 123000  Y 156000
X 123000  Y 162000
X 123000  Y 168000
X 123000  Y 174000
X 123000  Y 180000
X 123000  Y 186000
X 117000  Y 186000
X 117000  Y 192000
X 123000  Y 192000
X 123000  Y 198000
X 117000  Y 198000
X 120000  Y 204000
X 123000  Y 210000
X 122500  Y 219500
X 126000  Y 227500
X 120000  Y 255000
X 114000  Y 255000
X 117000  Y 261000
X 124500  Y 273500
X 128500  Y 273500
X 129800  Y 321000
X 117700  Y 321600
X 141600  Y 321400
X 153800  Y 321300
X 132500  Y 273500
X 136500  Y 273500
X 140500  Y 273500
X 144500  Y 273500
X 153000  Y 258000
X 153000  Y 252000
X 153000  Y 246000
X 141000  Y 210000
X 144000  Y 207000
X 147000  Y 204000
X 150000  Y 201000
X 141000  Y 198000
X 141000  Y 192000
X 141000  Y 177000
X 141000  Y 171000
X 153000  Y 169500
X 147500  Y 167500
X 141000  Y 165000
X 147000  Y 162500
X 140500  Y 159000
X 138000  Y 153000
X 155000  Y 145500
X 149500  Y 143500
X 135000  Y 138000
X 141000  Y 138000
X 153000  Y 138000
X 147000  Y 138000
X 135000  Y 132000
X 147000  Y 132000
X 141000  Y 132000
X 153000  Y 132000
X 141000  Y 126000
X 135000  Y 126000
X 147000  Y 126000
X 153000  Y 126000
X 132000  Y 120000
X 138000  Y 120000
X 150000  Y 120000
X 144000  Y 120000
X 141000  Y 114000
X 135000  Y 114000
X 147000  Y 114000
X 153000  Y 114000
X 148500  Y 48000
X 156000  Y 120000
X 173000  Y 122000
X 158000  Y 150000
X 162000  Y 153500
X 174000  Y 192000
X 180000  Y 192000
X 174000  Y 198000
X 180000  Y 204000
X 158000  Y 214500
X 180000  Y 242000
X 180500  Y 266500
X 180000  Y 306000
X 180000  Y 312000
X 170500  Y 317500
X 174000  Y 318000
X 180000  Y 318000
X 180000  Y 324000
X 174000  Y 324000
X 174000  Y 330000
X 180000  Y 330000
X 180000  Y 336000
X 174000  Y 336000
X 180000  Y 342000
X 174000  Y 342000
X 180000  Y 348000
X 174000  Y 348000
X 204000  Y 228000
X 198000  Y 228000
X 192000  Y 228000
X 186000  Y 228000
X 204000  Y 222000
X 198000  Y 222000
X 192000  Y 222000
X 186000  Y 222000
X 204000  Y 216000
X 198000  Y 216000
X 192000  Y 216000
X 186000  Y 216000
X 204000  Y 210000
X 198000  Y 210000
X 192000  Y 210000
X 186000  Y 210000
X 186000  Y 204000
X 204000  Y 204000
X 198000  Y 204000
X 192000  Y 204000
X 186000  Y 198000
X 204000  Y 198000
X 198000  Y 198000
X 192000  Y 198000
X 186000  Y 192000
X 204000  Y 192000
X 198000  Y 192000
X 192000  Y 192000
X 188000  Y 176000
X 191500  Y 138500
X 194000  Y 123500
X 216000  Y 50500
X 215000  Y 123000
X 212500  Y 147000
X 228000  Y 156500
X 208500  Y 176000
X 228000  Y 192000
X 222000  Y 192000
X 210000  Y 192000
X 216000  Y 192000
X 216000  Y 198000
X 222000  Y 198000
X 210000  Y 198000
X 228000  Y 198000
X 228000  Y 204000
X 222000  Y 204000
X 216000  Y 204000
X 210000  Y 204000
X 216000  Y 210000
X 210000  Y 210000
X 222000  Y 210000
X 228000  Y 210000
X 228000  Y 216000
X 222000  Y 216000
X 216000  Y 216000
X 210000  Y 216000
X 210000  Y 222000
X 228000  Y 222000
X 222000  Y 222000
X 216000  Y 222000
X 228000  Y 228000
X 210000  Y 228000
X 216000  Y 228000
X 222000  Y 228000
X 224000  Y 243500
X 229000  Y 323500
X 258000  Y 348000
X 264000  Y 348000
X 270000  Y 348000
X 276000  Y 348000
X 273000  Y 342000
X 258000  Y 318000
X 258000  Y 312000
X 258000  Y 306000
X 258000  Y 300000
X 273000  Y 291000
X 273000  Y 285000
X 247000  Y 280000
X 273000  Y 279000
X 270000  Y 264000
X 270000  Y 258000
X 264000  Y 258000
X 249000  Y 255000
X 258000  Y 252000
X 270000  Y 252000
X 264000  Y 252000
X 260000  Y 232000
X 234000  Y 228000
X 271500  Y 226500
X 258000  Y 225000
X 234000  Y 222000
X 234000  Y 216000
X 279000  Y 213000
X 261000  Y 210000
X 234000  Y 210000
X 267000  Y 207000
X 261000  Y 204000
X 234000  Y 204000
X 267000  Y 201000
X 261000  Y 198000
X 234000  Y 198000
X 234000  Y 192000
X 259000  Y 185500
X 269500  Y 172500
X 262000  Y 164000
X 258000  Y 157500
X 246000  Y 156500
X 265500  Y 146500
X 240000  Y 129500
X 263000  Y 126500
X 248500  Y 60250
X 267000  Y 60250
X 252000  Y 50500
X 304000  Y 12000
X 304000  Y 16000
X 304000  Y 20000
X 304000  Y 24000
X 288000  Y 50500
X 304000  Y 64000
X 304000  Y 68000
X 304000  Y 72000
X 304000  Y 76000
X 300000  Y 103000
X 290500  Y 109500
X 301000  Y 109500
X 297500  Y 109500
X 304500  Y 109500
X 294000  Y 109500
X 301000  Y 114000
X 304500  Y 114000
X 297500  Y 114000
X 294000  Y 114000
X 290500  Y 114000
X 304000  Y 140750
X 296000  Y 147300
X 294000  Y 186000
X 282000  Y 189000
X 294000  Y 192000
X 288000  Y 192000
X 285000  Y 198000
X 297000  Y 198000
X 291000  Y 198000
X 288000  Y 210000
X 282000  Y 210000
X 303500  Y 216500
X 286000  Y 235500
X 288000  Y 276000
X 282000  Y 276000
X 294000  Y 276000
X 300000  Y 276000
X 287000  Y 293000
X 285000  Y 342000
X 282000  Y 348000
X 288000  Y 348000
X 294000  Y 348000
X 325000  Y 199500
X 315000  Y 198000
X 327000  Y 174000
X 307000  Y 174000
X 330000  Y 168000
X 330000  Y 145000
X 330000  Y 140500
X 330000  Y 136500
X 325500  Y 136500
X 325500  Y 132000
X 330000  Y 132000
X 330000  Y 128000
X 325500  Y 127500
X 330000  Y 124000
X 325500  Y 124000
X 308500  Y 114000
X 308500  Y 110000
X 308000  Y 76000
X 308000  Y 72000
X 308000  Y 68000
X 308000  Y 64000
X 308000  Y 60000
X 322000  Y 44000
X 322000  Y 40000
X 322000  Y 36000
X 322000  Y 32000
X 330000  Y 28000
X 326000  Y 28000
X 322000  Y 28000
X 320000  Y 24000
X 328000  Y 24000
X 324000  Y 24000
X 308000  Y 24000
X 316000  Y 24000
X 312000  Y 24000
X 312000  Y 20000
X 328000  Y 20000
X 324000  Y 20000
X 308000  Y 20000
X 316000  Y 20000
X 320000  Y 20000
X 308000  Y 16000
X 312000  Y 16000
X 320000  Y 16000
X 324000  Y 16000
X 316000  Y 16000
X 328000  Y 16000
X 328000  Y 12000
X 324000  Y 12000
X 316000  Y 12000
X 312000  Y 12000
X 308000  Y 12000
X 320000  Y 12000
X 332000  Y 12000
X 336000  Y 12000
X 340000  Y 12000
X 344000  Y 12000
X 344000  Y 16000
X 340000  Y 16000
X 336000  Y 16000
X 332000  Y 16000
X 344000  Y 20000
X 332000  Y 20000
X 336000  Y 20000
X 340000  Y 20000
X 340000  Y 24000
X 332000  Y 24000
X 344000  Y 24000
X 336000  Y 24000
X 342000  Y 28000
X 346000  Y 28000
X 338000  Y 28000
X 334000  Y 28000
X 340000  Y 42000
X 345000  Y 124000
X 341500  Y 124000
X 338000  Y 124000
X 334000  Y 124000
X 340500  Y 168500
X 345000  Y 174000
X 339000  Y 174000
X 333000  Y 174000
X 342000  Y 201000
X 336000  Y 201000
X 348000  Y 201000
X 351000  Y 207000
X 345000  Y 207000
X 357000  Y 207000
X 363000  Y 207000
X 369000  Y 207000
X 370000  Y 79370
X 358000  Y 48000
X 362000  Y 46000
X 358000  Y 44000
X 366000  Y 42000
X 362000  Y 42000
X 358000  Y 40000
X 366000  Y 38000
X 362000  Y 38000
X 358000  Y 36000
X 366000  Y 34000
X 362000  Y 34000
X 358000  Y 32000
X 362000  Y 30000
X 358000  Y 28000
X 362000  Y 26000
X 358000  Y 24000
X 362000  Y 22000
X 397500  Y 121000
X 400000  Y 147000
X 391500  Y 162000
X 399000  Y 198000
X 393000  Y 198000
X 387500  Y 199000
X 393000  Y 204000
X 399000  Y 204000
X 405000  Y 204000
X 384000  Y 210000
X 390000  Y 210000
X 396000  Y 210000
X 402000  Y 210000
X 384000  Y 216000
X 396000  Y 216000
X 390000  Y 216000
X 402000  Y 216000
X 450000  Y 219000
X 450000  Y 213000
X 432000  Y 207000
X 450000  Y 207000
X 450000  Y 201000
X 428000  Y 198000
X 445500  Y 162500
X 455000  Y 153250
X 411500  Y 150000
X 406250  Y 141000
X 436250  Y 140000
X 423000  Y 137500
X 444000  Y 124250
X 440500  Y 117000
X 448000  Y 116000
X 430000  Y 110500
X 458000  Y 156000
X 464250  Y 194000
X 462000  Y 201000
X 468000  Y 201000
X 456000  Y 201000
X 456000  Y 207000
X 468000  Y 207000
X 462000  Y 207000
X 462000  Y 213000
X 456000  Y 213000
X 468000  Y 213000
X 456000  Y 219000
X 468000  Y 219000
X 462000  Y 219000

Drill: .025  Tool: 3  Feed: 197  Speed: 550
X 108000  Y 160750
X 31000  Y 264000
X 80500  Y 283000
X 113500  Y 283000
X 112500  Y 300000
X 123250  Y 300000
X 44000  Y 317500
X 135250  Y 300000
X 147250  Y 300000
X 157500  Y 300000
X 143000  Y 282900
X 177500  Y 221500
X 154000  Y 221500
X 164500  Y 139000
X 222000  Y 63500
X 204500  Y 139000
X 185500  Y 139000
X 222000  Y 159500
X 184500  Y 181500
X 222000  Y 181500
X 205500  Y 243000
X 205500  Y 260500
X 271500  Y 238500
X 235500  Y 235500
X 304500  Y 196500
X 234000  Y 139000
X 258000  Y 139000
X 282000  Y 139000
X 283500  Y 64000
X 294000  Y 64000
X 232500  Y 63500
X 389858  Y 65250
X 400922  Y 65250
X 362750  Y 194000
X 310000  Y 210000

Drill: .0315  Tool: 4  Feed: 197  Speed: 550
X 277000  Y 165800
X 36000  Y 224200

Drill: .0315  Tool: 5  Feed: 197  Speed: 550
X 36000  Y 193800
X 277000  Y 196200

Drill: .032  Tool: 6  Feed: 197  Speed: 550
X 355000  Y 215000
X 345000  Y 215000
X 335000  Y 215000
X 345000  Y 275000
X 355000  Y 275000
X 365000  Y 275000
X 422000  Y 275000
X 422000  Y 215000
X 412000  Y 215000
X 365000  Y 215000
X 442000  Y 215000
X 432000  Y 215000
X 432000  Y 275000
X 442000  Y 275000

Drill: .035  Tool: 7  Feed: 197  Speed: 550
X 51500  Y 343000
X 61499  Y 343000
X 71500  Y 343000
X 103503  Y 343000
X 81499  Y 343000
X 127125  Y 343000
X 111377  Y 343000
X 119251  Y 343000
X 142874  Y 343000
X 150748  Y 343000
X 135000  Y 343000
X 158622  Y 343000
X 166503  Y 343000

Drill: .037  Tool: 8  Feed: 197  Speed: 550
X 343500  Y 49000
X 300000  Y 89000

Drill: .03937  Tool: 9  Feed: 197  Speed: 550
X 351362  Y 39370
X 351362  Y 49370
X 351362  Y 79370
X 351362  Y 99370

Drill: .04724  Tool: 10  Feed: 139  Speed: 550
X 52500  Y 18000
X 67500  Y 18000
X 39000  Y 114000
X 9000  Y 114000
X 51000  Y 114000
X 93000  Y 114000
X 81000  Y 114000
X 123000  Y 114000
X 97500  Y 18000
X 82500  Y 18000
X 112500  Y 18000
X 127500  Y 18000
X 142500  Y 18000
X 157500  Y 18000
X 196000  Y 18000
X 181000  Y 18000
X 204000  Y 337500
X 189000  Y 337500
X 219000  Y 337500
X 249000  Y 337500
X 234000  Y 337500
X 279000  Y 337500
X 264000  Y 337500
X 241000  Y 18000
X 256000  Y 18000
X 271000  Y 18000
X 211000  Y 18000
X 226000  Y 18000
X 286000  Y 18000
X 351000  Y 18000
X 330000  Y 337500
X 315000  Y 337500
X 345000  Y 337500
X 294000  Y 337500
X 375000  Y 337500
X 360000  Y 337500
X 405000  Y 337500
X 390000  Y 337500
X 366000  Y 18000
X 381000  Y 18000
X 396000  Y 18000
X 420000  Y 337500

Drill: .05118  Tool: 11  Feed: 107  Speed: 550
X 39000  Y 54000
X 81000  Y 54000
X 9000  Y 64000
X 51000  Y 64000
X 93000  Y 64000
X 123000  Y 54000

Drill: .17717  Tool: 12  Feed: 35  Speed: 1033
X 19685  Y 19685
X 19685  Y 334645
X 452755  Y 334645
X 452755  Y 19685

End of Listing
