Drill Listing
=============
Drill: .012  Tool: 1  Feed: 95  Speed: 300
X 82400  Y 116800
X 76000  Y 120800
X 79200  Y 138400
X 82400  Y 141200
X 107600  Y 199200
X 104400  Y 193200
X 103200  Y 169600
X 99600  Y 167600
X 94800  Y 162400
X 90000  Y 145000
X 85600  Y 121200
X 87200  Y 117200
X 83200  Y 89600
X 112800  Y 93600
X 112800  Y 100400
X 116800  Y 160800
X 122500  Y 164000
X 114400  Y 165200
X 110500  Y 167000
X 125000  Y 167000
X 127200  Y 170000
X 108800  Y 170800
X 124800  Y 173000
X 127200  Y 176000
X 126800  Y 180400
X 111200  Y 200800
X 114800  Y 202800
X 118400  Y 204800
X 122400  Y 206000
X 150000  Y 179200
X 144400  Y 176000
X 147600  Y 173000
X 167200  Y 172800
X 144800  Y 170000
X 148000  Y 167200
X 146400  Y 162000
X 147600  Y 133500
X 161500  Y 133500
X 150400  Y 99600

Drill: .016  Tool: 2  Feed: 95  Speed: 300
X 24000  Y 44000
X 16000  Y 44000
X 32000  Y 44000
X 24000  Y 52000
X 16000  Y 52000
X 8000  Y 52000
X 32000  Y 52000
X 8000  Y 60000
X 24000  Y 60000
X 16000  Y 60000
X 32000  Y 60000
X 8000  Y 68000
X 16000  Y 68000
X 24000  Y 68000
X 32000  Y 68000
X 8000  Y 76000
X 24000  Y 76000
X 16000  Y 76000
X 32000  Y 76000
X 8000  Y 84000
X 16000  Y 84000
X 24000  Y 84000
X 32000  Y 84000
X 24000  Y 92000
X 16000  Y 92000
X 8000  Y 92000
X 32000  Y 92000
X 8000  Y 100000
X 16000  Y 100000
X 24000  Y 100000
X 32000  Y 100000
X 8000  Y 108000
X 24000  Y 108000
X 16000  Y 108000
X 32000  Y 108000
X 8000  Y 116000
X 24000  Y 116000
X 16000  Y 116000
X 32000  Y 116000
X 8000  Y 124000
X 24000  Y 124000
X 16000  Y 124000
X 32000  Y 124000
X 16000  Y 132000
X 8000  Y 132000
X 24000  Y 132000
X 32000  Y 132000
X 8000  Y 164000
X 16000  Y 164000
X 24000  Y 164000
X 32000  Y 164000
X 24000  Y 172000
X 16000  Y 172000
X 32000  Y 172000
X 56000  Y 204000
X 48000  Y 196000
X 56000  Y 196000
X 40000  Y 188000
X 48000  Y 188000
X 56000  Y 188000
X 40000  Y 180000
X 48000  Y 180000
X 56000  Y 180000
X 40000  Y 172000
X 48000  Y 172000
X 56000  Y 172000
X 40000  Y 164000
X 48000  Y 164000
X 56000  Y 164000
X 40000  Y 132000
X 48000  Y 132000
X 56000  Y 132000
X 40000  Y 124000
X 48000  Y 124000
X 56000  Y 124000
X 40000  Y 116000
X 48000  Y 116000
X 56000  Y 116000
X 48000  Y 108000
X 56000  Y 108000
X 40000  Y 108000
X 56000  Y 100000
X 40000  Y 100000
X 48000  Y 100000
X 56000  Y 92000
X 48000  Y 92000
X 40000  Y 92000
X 48000  Y 84000
X 56000  Y 84000
X 40000  Y 84000
X 40000  Y 76000
X 48000  Y 76000
X 56000  Y 68000
X 40000  Y 68000
X 48000  Y 68000
X 56000  Y 60000
X 40000  Y 60000
X 48000  Y 60000
X 48000  Y 52000
X 40000  Y 52000
X 56000  Y 52000
X 40000  Y 44000
X 48000  Y 44000
X 56000  Y 44000
X 52000  Y 36000
X 36000  Y 36000
X 44000  Y 36000
X 44000  Y 28000
X 44000  Y 20000
X 48000  Y 16000
X 56000  Y 16000
X 56000  Y 8000
X 64000  Y 8000
X 72000  Y 8000
X 64000  Y 16000
X 72000  Y 16000
X 64000  Y 24000
X 60000  Y 36000
X 64000  Y 164000
X 64000  Y 172000
X 76000  Y 174400
X 64000  Y 180000
X 64000  Y 188000
X 76000  Y 200000
X 64000  Y 208000
X 72000  Y 208000
X 80000  Y 208000
X 88000  Y 208000
X 104000  Y 208000
X 96000  Y 208000
X 84000  Y 200000
X 92000  Y 200000
X 100000  Y 200000
X 95600  Y 152000
X 89600  Y 90000
X 96000  Y 89600
X 88000  Y 16000
X 96000  Y 16000
X 96000  Y 8000
X 104000  Y 8000
X 88000  Y 8000
X 112000  Y 8000
X 120000  Y 8000
X 128000  Y 8000
X 152000  Y 8000
X 144000  Y 8000
X 136000  Y 8000
X 144000  Y 60000
X 136000  Y 60000
X 152000  Y 60000
X 120400  Y 85600
X 144000  Y 93600
X 140400  Y 127600
X 119600  Y 128000
X 140000  Y 136400
X 130800  Y 152000
X 146400  Y 152000
X 112000  Y 208000
X 168000  Y 208000
X 176000  Y 208000
X 176000  Y 192000
X 176000  Y 184000
X 176000  Y 176000
X 168000  Y 168000
X 176000  Y 168000
X 168000  Y 160000
X 176000  Y 160000
X 176000  Y 152000
X 164000  Y 152000
X 168000  Y 152000
X 176000  Y 128000
X 176000  Y 120000
X 176000  Y 112000
X 176000  Y 104000
X 180000  Y 84000
X 160000  Y 60000
X 164000  Y 32000
X 164000  Y 24000
X 164000  Y 16000
X 180000  Y 16000
X 172000  Y 16000
X 176000  Y 8000
X 168000  Y 8000
X 160000  Y 8000
X 188000  Y 16000
X 188000  Y 24000
X 196000  Y 24000
X 196000  Y 32000
X 188000  Y 32000
X 188000  Y 40000
X 204000  Y 40000
X 196000  Y 40000
X 188000  Y 48000
X 204000  Y 48000
X 196000  Y 48000
X 188000  Y 56000
X 196000  Y 56000
X 204000  Y 56000
X 196000  Y 64000
X 188000  Y 64000
X 204000  Y 64000
X 184000  Y 104000
X 192000  Y 104000
X 200000  Y 104000
X 184000  Y 112000
X 192000  Y 112000
X 200000  Y 112000
X 200000  Y 120000
X 192000  Y 120000
X 184000  Y 120000
X 184000  Y 128000
X 200000  Y 128000
X 192000  Y 128000
X 184000  Y 136000
X 192000  Y 136000
X 200000  Y 136000
X 192000  Y 144000
X 200000  Y 144000
X 184000  Y 144000
X 200000  Y 152000
X 192000  Y 152000
X 184000  Y 152000
X 184000  Y 160000
X 192000  Y 160000
X 200000  Y 160000
X 184000  Y 168000
X 192000  Y 168000
X 200000  Y 168000
X 184000  Y 176000
X 192000  Y 176000
X 200000  Y 176000
X 192000  Y 184000
X 184000  Y 184000
X 192000  Y 192000
X 184000  Y 192000
X 192000  Y 200000
X 184000  Y 200000
X 184000  Y 208000
X 192000  Y 208000
X 208000  Y 176000
X 224000  Y 176000
X 216000  Y 176000
X 216000  Y 168000
X 232000  Y 168000
X 208000  Y 168000
X 224000  Y 168000
X 208000  Y 160000
X 224000  Y 160000
X 216000  Y 160000
X 232000  Y 160000
X 208000  Y 152000
X 224000  Y 152000
X 216000  Y 152000
X 232000  Y 152000
X 208000  Y 144000
X 216000  Y 144000
X 224000  Y 144000
X 232000  Y 144000
X 232000  Y 136000
X 216000  Y 136000
X 208000  Y 136000
X 224000  Y 136000
X 216000  Y 128000
X 208000  Y 128000
X 224000  Y 128000
X 232000  Y 128000
X 232000  Y 120000
X 224000  Y 120000
X 208000  Y 120000
X 216000  Y 120000
X 208000  Y 112000
X 212000  Y 72000
X 228000  Y 72000
X 212000  Y 64000
X 228000  Y 64000
X 220000  Y 64000
X 212000  Y 56000
X 220000  Y 56000
X 228000  Y 56000
X 228000  Y 48000
X 212000  Y 48000
X 220000  Y 48000
X 212000  Y 40000

Drill: .026  Tool: 3  Feed: 197  Speed: 550
X 222283  Y 78877
X 222283  Y 111161

Drill: .02677  Tool: 4  Feed: 197  Speed: 550
X 148800  Y 24519
X 144000  Y 29500
X 154000  Y 29500
X 154000  Y 39500
X 144000  Y 39500
X 149000  Y 44519

Drill: .03  Tool: 5  Feed: 197  Speed: 550
X 210472  Y 86000
X 210472  Y 103779

Drill: .0315  Tool: 6  Feed: 197  Speed: 550
X 100314  Y 71062
X 92440  Y 71062
X 84566  Y 71062
X 100314  Y 78937
X 84566  Y 78937
X 92440  Y 78937
X 131811  Y 78937
X 123937  Y 78937
X 116062  Y 78937
X 108188  Y 78937
X 155433  Y 78937
X 147559  Y 78937
X 139685  Y 78937
X 108188  Y 71062
X 131811  Y 71062
X 155433  Y 71062
X 116062  Y 71062
X 147559  Y 71062
X 123937  Y 71062
X 139685  Y 71062

Drill: .035  Tool: 7  Feed: 197  Speed: 550
X 79000  Y 27000
X 79000  Y 34500
X 79000  Y 42000
X 101559  Y 42000
X 86519  Y 42000
X 94039  Y 42000
X 101559  Y 34500
X 86519  Y 34500
X 94039  Y 34500
X 94039  Y 27000
X 101559  Y 27000
X 86519  Y 27000
X 109078  Y 27000
X 116598  Y 27000
X 124118  Y 27000
X 131519  Y 27000
X 109078  Y 34500
X 124118  Y 34500
X 131519  Y 34500
X 116598  Y 34500
X 109078  Y 42000
X 116598  Y 42000
X 124118  Y 42000
X 131519  Y 42000

Drill: .07598  Tool: 8  Feed: 81  Speed: 550
X 79000  Y 14007
X 56007  Y 27000
X 176992  Y 27000
X 154000  Y 14007

Drill: .1378  Tool: 9  Feed: 35  Speed: 794
X 19685  Y 19685
X 19685  Y 196850
X 216535  Y 196850
X 216535  Y 19685

End of Listing
