Drill Listing
=============
Drill: .012  Tool: 1  Feed: 95  Speed: 300
X 54000  Y 44500
X 44500  Y 45000
X 73500  Y 61000
X 72500  Y 66000
X 64000  Y 69500
X 68500  Y 74500
X 69500  Y 78000
X 67000  Y 84500
X 59500  Y 115000
X 55500  Y 115000
X 74800  Y 120400
X 51500  Y 123500
X 55600  Y 124400
X 66800  Y 127600
X 28000  Y 129000
X 62400  Y 130400
X 77500  Y 139500
X 59600  Y 139600
X 63600  Y 140400
X 66800  Y 142800
X 70000  Y 146000
X 59600  Y 149200
X 77600  Y 149600
X 54000  Y 163500
X 57200  Y 167600
X 47500  Y 170000
X 55500  Y 171500
X 45500  Y 173500
X 44000  Y 178000
X 24000  Y 291600
X 72800  Y 294800
X 30800  Y 298000
X 72800  Y 304400
X 61600  Y 306000
X 61600  Y 377200
X 71000  Y 527000
X 67600  Y 530000
X 76000  Y 533200
X 75500  Y 540500
X 65500  Y 550000
X 85200  Y 547200
X 81500  Y 545500
X 89000  Y 545500
X 95000  Y 512500
X 96800  Y 478000
X 101500  Y 439000
X 85200  Y 297600
X 93200  Y 294800
X 89500  Y 149500
X 83500  Y 149500
X 96500  Y 148500
X 86800  Y 146000
X 92500  Y 146000
X 80500  Y 146000
X 80400  Y 136000
X 82400  Y 132000
X 86800  Y 132000
X 94800  Y 128000
X 87200  Y 128000
X 89200  Y 108800
X 94800  Y 108400
X 98000  Y 92500
X 90000  Y 91500
X 87500  Y 77500
X 83500  Y 77000
X 86495  Y 72803
X 112000  Y 58500
X 105000  Y 58500
X 119200  Y 94400
X 115600  Y 103500
X 109000  Y 104500
X 104000  Y 105000
X 106000  Y 121000
X 122000  Y 128000
X 115600  Y 131200
X 112800  Y 134000
X 111200  Y 146800
X 107000  Y 150500
X 111000  Y 151000
X 107500  Y 163500
X 109500  Y 166500
X 114800  Y 169200
X 109600  Y 170400
X 106400  Y 286000
X 106800  Y 345600
X 112800  Y 345600
X 106800  Y 351600
X 105200  Y 359600
X 112000  Y 434400
X 116400  Y 438000
X 105000  Y 449000
X 109200  Y 453200
X 116800  Y 457600
X 108800  Y 460000
X 120000  Y 462800
X 114000  Y 488800
X 118000  Y 488800
X 110000  Y 501000
X 118000  Y 504000
X 120000  Y 517000
X 110000  Y 519000
X 121600  Y 546800
X 109200  Y 562400
X 129000  Y 563500
X 138000  Y 545600
X 152500  Y 478000
X 152500  Y 471000
X 153000  Y 461500
X 176400  Y 435200
X 158000  Y 428000
X 130000  Y 392500
X 140000  Y 392000
X 160000  Y 391500
X 158800  Y 316400
X 151600  Y 316400
X 164400  Y 301600
X 176400  Y 287600
X 174400  Y 283600
X 163200  Y 276400
X 140000  Y 258400
X 135200  Y 258000
X 167200  Y 228800
X 172000  Y 228800
X 163200  Y 224400
X 172000  Y 214400
X 159200  Y 158400
X 172400  Y 132400
X 156000  Y 112000
X 144500  Y 109000
X 156500  Y 107000
X 175000  Y 91500
X 182000  Y 113200
X 179000  Y 141500
X 205000  Y 148000
X 185200  Y 151200
X 219600  Y 195600
X 216000  Y 196400
X 211600  Y 208000
X 208000  Y 210800
X 224400  Y 214800
X 183600  Y 217600
X 220800  Y 231600
X 218000  Y 234400
X 226800  Y 237600
X 222800  Y 238913
X 220000  Y 256000
X 215200  Y 258000
X 200100  Y 258500
X 210100  Y 258500
X 183000  Y 275500
X 205200  Y 300000
X 200800  Y 300000
X 199200  Y 304000
X 208000  Y 330400
X 191200  Y 336800
X 196800  Y 385200
X 198000  Y 388800
X 191000  Y 391500
X 202000  Y 411200
X 218000  Y 411200
X 189881  Y 412281
X 195000  Y 412500
X 210000  Y 429600
X 190800  Y 431600
X 193600  Y 434800
X 186800  Y 439600
X 191000  Y 536500
X 254500  Y 475000
X 242800  Y 474800
X 267500  Y 464000
X 262500  Y 464000
X 273500  Y 439000
X 253500  Y 439000
X 247000  Y 436500
X 242400  Y 432800
X 230000  Y 430500
X 260000  Y 410500
X 255000  Y 410500
X 248800  Y 293600
X 241600  Y 287200
X 238400  Y 279600
X 247600  Y 277600
X 235200  Y 276000
X 252400  Y 258400
X 242400  Y 258000
X 238400  Y 257600
X 230000  Y 257200
X 267200  Y 256800
X 275200  Y 256400
X 254000  Y 240400
X 247200  Y 240400
X 262400  Y 239600
X 258000  Y 239200
X 274400  Y 217600
X 266400  Y 214800
X 267200  Y 209600
X 272400  Y 209200
X 244400  Y 192800
X 230000  Y 191000
X 244000  Y 188400
X 230000  Y 186000
X 244800  Y 182800
X 254500  Y 171000
X 250000  Y 168400
X 246000  Y 168400
X 275600  Y 148800
X 237600  Y 144000
X 274500  Y 113500
X 280000  Y 92000
X 287000  Y 92500
X 280000  Y 108000
X 280000  Y 151500
X 280000  Y 173200
X 316000  Y 181600
X 304400  Y 182400
X 308400  Y 182800
X 279200  Y 209600
X 295200  Y 216400
X 302400  Y 217600
X 288800  Y 240000
X 295200  Y 240400
X 285200  Y 240400
X 300000  Y 240500
X 280000  Y 256400
X 300000  Y 257200
X 288800  Y 257200
X 285000  Y 257500
X 325100  Y 257600
X 295200  Y 258000
X 305100  Y 258000
X 280000  Y 276400
X 307500  Y 283000
X 285000  Y 385500
X 286500  Y 390000
X 285600  Y 430000
X 297500  Y 466500
X 291000  Y 512500
X 362800  Y 498800
X 370500  Y 498500
X 375500  Y 498500
X 370500  Y 482500
X 375500  Y 482500
X 365500  Y 280000
X 364500  Y 270000
X 364000  Y 264000
X 364500  Y 258500
X 332400  Y 258000
X 353000  Y 253500
X 363500  Y 246400
X 377600  Y 246400
X 329600  Y 236000
X 329200  Y 231200
X 341200  Y 187600
X 344000  Y 184400
X 370800  Y 156400
X 374000  Y 152800
X 373500  Y 115500
X 371000  Y 109000
X 378000  Y 92000
X 371000  Y 91500
X 384000  Y 232800
X 380800  Y 237200
X 393200  Y 241200
X 381200  Y 244800
X 393600  Y 245200
X 388400  Y 246800
X 393000  Y 262500
X 399515  Y 267984
X 398500  Y 280000
X 421200  Y 284400
X 418000  Y 291000
X 393000  Y 292000
X 423000  Y 309000
X 404000  Y 313000
X 407000  Y 453000
X 379600  Y 476500
X 379600  Y 482400
X 469393  Y 482000
X 461750  Y 392750
X 467000  Y 389500
X 460000  Y 386500
X 452500  Y 383500
X 470000  Y 380500
X 463000  Y 377500
X 466000  Y 372500
X 470000  Y 372500
X 469500  Y 368000
X 468500  Y 318000
X 477000  Y 302500
X 460500  Y 300000
X 456800  Y 293200
X 442500  Y 285500
X 437500  Y 285500
X 452400  Y 267600
X 446000  Y 264400
X 476000  Y 250000
X 452800  Y 246400
X 462000  Y 243600
X 478400  Y 195200
X 475200  Y 191600
X 471200  Y 190400
X 478400  Y 124000
X 456500  Y 121000
X 461500  Y 89000
X 458500  Y 83500
X 481600  Y 191200
X 485600  Y 191200
X 528000  Y 198800
X 483600  Y 240000
X 488800  Y 240800
X 493600  Y 241600
X 486400  Y 247200
X 481800  Y 247400
X 506500  Y 283000
X 483000  Y 289500
X 510500  Y 307500
X 513000  Y 311000
X 503600  Y 339200
X 488500  Y 341500
X 500500  Y 342500
X 500500  Y 351500
X 503500  Y 353500
X 497500  Y 358000
X 527000  Y 367000
X 513500  Y 374500
X 522500  Y 375500
X 498000  Y 385500
X 499000  Y 389000
X 509500  Y 399000
X 491200  Y 482000
X 547200  Y 441600
X 552800  Y 368800
X 558800  Y 368400
X 532000  Y 366800
X 549200  Y 338400
X 536000  Y 258800
X 532800  Y 257200
X 529000  Y 254500
X 552400  Y 252800
X 546400  Y 241600
X 553600  Y 241600
X 541600  Y 202400
X 530987  Y 201012
X 542400  Y 197200
X 536000  Y 159000
X 564500  Y 116500
X 539500  Y 116000
X 535600  Y 109200
X 563600  Y 109200
X 557600  Y 67200
X 529500  Y 66500
X 563000  Y 62500
X 535500  Y 61000
X 566800  Y 50000
X 539200  Y 49600
X 535200  Y 38000
X 565454  Y 35600
X 633500  Y 39000
X 651200  Y 191200
X 605600  Y 193200
X 598400  Y 193200
X 649500  Y 299000
X 634000  Y 339600
X 593500  Y 348000
X 633200  Y 350800
X 626400  Y 388800
X 592000  Y 395500
X 626400  Y 396800
X 599500  Y 425500
X 618000  Y 438000
X 618000  Y 458000
X 617600  Y 476400
X 617200  Y 496000
X 693200  Y 380000
X 683600  Y 369200
X 659600  Y 368400
X 672000  Y 368000
X 666400  Y 359600
X 679200  Y 358800
X 681200  Y 345600
X 670000  Y 341600
X 682800  Y 324400
X 673200  Y 304400
X 682000  Y 302000
X 660500  Y 299500
X 658000  Y 191200
X 659000  Y 117000
X 706800  Y 209200
X 704800  Y 216400
X 719200  Y 234400
X 716400  Y 286000
X 790800  Y 452400
X 868000  Y 491000
X 856400  Y 472000
X 841600  Y 471600
X 850000  Y 429200
X 846800  Y 425200
X 881200  Y 419600
X 867600  Y 389600
X 867600  Y 380400
X 846000  Y 316800
X 980000  Y 155000
X 972400  Y 183600
X 996000  Y 196800
X 976400  Y 203600
X 1002800  Y 214000
X 988000  Y 215600
X 998400  Y 226400
X 988400  Y 237600
X 988400  Y 269600
X 904000  Y 390400
X 909600  Y 390400
X 917500  Y 415000
X 910000  Y 415000
X 1016400  Y 233200
X 1010000  Y 226000
X 1018400  Y 203200
X 1008500  Y 154500

Drill: .015  Tool: 2  Feed: 95  Speed: 300
X 219000  Y 150000

Drill: .016  Tool: 3  Feed: 95  Speed: 300
X 28000  Y 4000
X 22000  Y 4000
X 16000  Y 4000
X 10000  Y 4000
X 4000  Y 4000
X 28000  Y 10000
X 22000  Y 10000
X 16000  Y 10000
X 10000  Y 10000
X 4000  Y 10000
X 22000  Y 16000
X 10000  Y 16000
X 16000  Y 16000
X 4000  Y 16000
X 16000  Y 22000
X 10000  Y 22000
X 4000  Y 22000
X 16000  Y 28000
X 10000  Y 28000
X 4000  Y 28000
X 28000  Y 34000
X 22000  Y 34000
X 16000  Y 34000
X 10000  Y 34000
X 4000  Y 34000
X 4000  Y 40000
X 10000  Y 40000
X 16000  Y 40000
X 22000  Y 40000
X 28000  Y 40000
X 28000  Y 46000
X 22000  Y 46000
X 16000  Y 46000
X 10000  Y 46000
X 4000  Y 46000
X 28000  Y 52000
X 22000  Y 52000
X 16000  Y 52000
X 10000  Y 52000
X 4000  Y 52000
X 9600  Y 149200
X 18400  Y 150000
X 3500  Y 177500
X 18000  Y 180000
X 3500  Y 184000
X 18000  Y 186000
X 3500  Y 189500
X 18000  Y 192000
X 3500  Y 195500
X 18000  Y 198000
X 3500  Y 202000
X 18000  Y 204000
X 3500  Y 208000
X 18000  Y 210000
X 3500  Y 214000
X 18000  Y 216000
X 3500  Y 219500
X 18000  Y 222000
X 3500  Y 226500
X 18000  Y 228000
X 3500  Y 232500
X 18000  Y 234000
X 3500  Y 238000
X 18000  Y 240000
X 3500  Y 244500
X 18000  Y 246000
X 3500  Y 249500
X 18000  Y 252000
X 3500  Y 256000
X 18000  Y 258000
X 3500  Y 263500
X 18000  Y 264000
X 3500  Y 269500
X 18000  Y 270000
X 3500  Y 274500
X 18000  Y 276000
X 3500  Y 281000
X 18000  Y 282000
X 3500  Y 287000
X 18000  Y 288000
X 3500  Y 293000
X 18000  Y 294000
X 3500  Y 298000
X 18000  Y 300000
X 3500  Y 305000
X 18000  Y 306000
X 3500  Y 311000
X 18000  Y 312000
X 3500  Y 316500
X 28000  Y 378000
X 28000  Y 384000
X 28000  Y 390000
X 28000  Y 396000
X 3500  Y 402000
X 10000  Y 402000
X 28000  Y 402000
X 28000  Y 408000
X 10000  Y 408000
X 4000  Y 408000
X 28000  Y 414000
X 10000  Y 414000
X 4000  Y 414000
X 10000  Y 420000
X 4000  Y 420000
X 10000  Y 426000
X 4000  Y 426000
X 10000  Y 432000
X 4000  Y 432000
X 10000  Y 438000
X 4000  Y 438000
X 10000  Y 444000
X 4000  Y 444000
X 10000  Y 450000
X 4000  Y 450000
X 10000  Y 456000
X 4000  Y 456000
X 10000  Y 462000
X 4000  Y 462000
X 10000  Y 468000
X 4000  Y 468000
X 27200  Y 474000
X 10000  Y 474000
X 4000  Y 474000
X 10000  Y 480000
X 4000  Y 480000
X 10000  Y 486000
X 4000  Y 486000
X 10000  Y 492000
X 4000  Y 492000
X 10000  Y 498000
X 4000  Y 498000
X 10000  Y 504000
X 4000  Y 504000
X 10000  Y 510000
X 4000  Y 510000
X 4000  Y 516500
X 9500  Y 516500
X 4500  Y 522500
X 9500  Y 522500
X 26000  Y 578000
X 36000  Y 586000
X 50000  Y 574000
X 50000  Y 568000
X 42000  Y 564000
X 38000  Y 450000
X 38400  Y 388400
X 33200  Y 363200
X 36000  Y 344000
X 30000  Y 338000
X 34000  Y 327200
X 36000  Y 314000
X 48000  Y 150000
X 33200  Y 150000
X 34000  Y 140000
X 48000  Y 138000
X 48000  Y 108000
X 44000  Y 50000
X 30000  Y 28000
X 30000  Y 22000
X 36000  Y 16000
X 30000  Y 16000
X 52000  Y 16000
X 52000  Y 10000
X 34000  Y 10000
X 52000  Y 4000
X 40000  Y 4000
X 46000  Y 4000
X 34000  Y 4000
X 76000  Y 4000
X 70000  Y 4000
X 64000  Y 4000
X 58000  Y 4000
X 70000  Y 10000
X 64000  Y 10000
X 58000  Y 10000
X 70000  Y 16000
X 64000  Y 16000
X 58000  Y 16000
X 66000  Y 48000
X 54000  Y 52000
X 66000  Y 62000
X 54000  Y 84000
X 54000  Y 90000
X 66000  Y 114000
X 64000  Y 118000
X 72400  Y 163600
X 60000  Y 206000
X 70000  Y 222000
X 74000  Y 226000
X 60000  Y 226000
X 76000  Y 230000
X 60000  Y 234000
X 78000  Y 234000
X 72000  Y 242000
X 60000  Y 242000
X 60000  Y 248000
X 72000  Y 248000
X 72000  Y 254000
X 60000  Y 254000
X 72000  Y 260000
X 60000  Y 260000
X 72000  Y 266000
X 60000  Y 266000
X 72000  Y 272000
X 60000  Y 272000
X 60000  Y 278000
X 72000  Y 278000
X 56000  Y 306000
X 68000  Y 324000
X 56000  Y 324000
X 68000  Y 338000
X 54000  Y 338000
X 68000  Y 344000
X 54000  Y 344000
X 54000  Y 352000
X 68000  Y 352000
X 54000  Y 362000
X 68000  Y 362000
X 54000  Y 368000
X 68000  Y 368000
X 68000  Y 380000
X 54000  Y 380000
X 66000  Y 386000
X 54000  Y 386000
X 54000  Y 392000
X 78000  Y 396000
X 54000  Y 398000
X 76000  Y 402000
X 54000  Y 404000
X 54000  Y 410000
X 76000  Y 414000
X 54000  Y 416000
X 76000  Y 422000
X 76000  Y 428000
X 56000  Y 428000
X 56000  Y 434000
X 76000  Y 434000
X 54000  Y 442000
X 76000  Y 444000
X 78000  Y 456000
X 56000  Y 460000
X 78000  Y 472000
X 56000  Y 472000
X 56000  Y 484000
X 56000  Y 496000
X 70000  Y 504000
X 70000  Y 510000
X 70000  Y 516000
X 59000  Y 521500
X 70000  Y 522000
X 60000  Y 542000
X 54000  Y 542000
X 85600  Y 535600
X 90000  Y 535600
X 86000  Y 512000
X 86000  Y 506000
X 98800  Y 489600
X 82000  Y 487500
X 86400  Y 480400
X 92000  Y 462000
X 82000  Y 462000
X 90000  Y 444000
X 82000  Y 444000
X 88000  Y 434000
X 88000  Y 428000
X 88000  Y 394000
X 90000  Y 390000
X 90000  Y 384000
X 90000  Y 378000
X 94000  Y 360000
X 82000  Y 360000
X 84000  Y 352000
X 96000  Y 352000
X 84000  Y 338000
X 96000  Y 338000
X 86000  Y 322000
X 98000  Y 322000
X 90000  Y 278000
X 84000  Y 278000
X 84000  Y 272000
X 84000  Y 266000
X 84000  Y 248000
X 84000  Y 242000
X 90000  Y 234000
X 88000  Y 230000
X 92400  Y 162800
X 102000  Y 78000
X 102000  Y 72000
X 94500  Y 61000
X 88000  Y 4000
X 94000  Y 4000
X 82000  Y 4000
X 100000  Y 4000
X 124000  Y 4000
X 118000  Y 4000
X 112000  Y 4000
X 106000  Y 4000
X 148000  Y 4000
X 142000  Y 4000
X 136000  Y 4000
X 130000  Y 4000
X 126000  Y 8000
X 150000  Y 8000
X 144000  Y 8000
X 138000  Y 8000
X 132000  Y 8000
X 142000  Y 58000
X 122000  Y 60000
X 141600  Y 67200
X 141600  Y 74000
X 120000  Y 78000
X 112000  Y 80000
X 142000  Y 82000
X 142000  Y 94000
X 142400  Y 102000
X 120500  Y 107500
X 122400  Y 120400
X 139600  Y 137600
X 120000  Y 169200
X 138000  Y 178000
X 145200  Y 182800
X 138000  Y 190000
X 144800  Y 192000
X 148000  Y 202000
X 118000  Y 280000
X 124000  Y 280000
X 148000  Y 280000
X 142000  Y 280000
X 136000  Y 280000
X 130000  Y 280000
X 120000  Y 288000
X 126000  Y 288000
X 150000  Y 288000
X 144000  Y 288000
X 138000  Y 288000
X 132000  Y 288000
X 140000  Y 318000
X 110000  Y 322000
X 130000  Y 322000
X 122000  Y 322000
X 140000  Y 330000
X 130000  Y 334000
X 122000  Y 336000
X 140000  Y 342000
X 130000  Y 346000
X 122000  Y 348000
X 140000  Y 354000
X 130000  Y 358000
X 140000  Y 366000
X 130000  Y 370000
X 140000  Y 378000
X 130000  Y 382000
X 140000  Y 390000
X 134000  Y 449200
X 139600  Y 460800
X 134400  Y 460800
X 126000  Y 463200
X 131000  Y 503500
X 114000  Y 516500
X 126000  Y 546500
X 168800  Y 525600
X 176000  Y 390000
X 160000  Y 388000
X 176000  Y 384000
X 160000  Y 382000
X 176000  Y 378000
X 160000  Y 376000
X 176000  Y 372000
X 160000  Y 370000
X 176000  Y 366000
X 160000  Y 364000
X 176000  Y 360000
X 160000  Y 358000
X 176000  Y 354000
X 160000  Y 352000
X 176000  Y 348000
X 160000  Y 346000
X 176000  Y 342000
X 160000  Y 340000
X 176000  Y 336000
X 160000  Y 334000
X 176000  Y 330000
X 160000  Y 328000
X 176000  Y 324000
X 160000  Y 322000
X 162000  Y 312000
X 156000  Y 288000
X 154000  Y 280000
X 160000  Y 280000
X 166000  Y 210000
X 160000  Y 204000
X 172000  Y 202000
X 158000  Y 194000
X 175200  Y 190000
X 172400  Y 183200
X 158000  Y 182000
X 158000  Y 170000
X 154000  Y 96000
X 174000  Y 8000
X 162000  Y 8000
X 168000  Y 8000
X 156000  Y 8000
X 160000  Y 4000
X 178000  Y 4000
X 172000  Y 4000
X 166000  Y 4000
X 154000  Y 4000
X 196000  Y 4000
X 190000  Y 4000
X 184000  Y 4000
X 202000  Y 4000
X 180000  Y 8000
X 198000  Y 8000
X 192000  Y 8000
X 186000  Y 8000
X 202800  Y 103200
X 194000  Y 124000
X 190000  Y 134000
X 188800  Y 159200
X 188000  Y 176000
X 184000  Y 183600
X 182400  Y 193200
X 194000  Y 194000
X 198000  Y 209600
X 202800  Y 210000
X 192000  Y 210000
X 186000  Y 210000
X 195200  Y 275200
X 199500  Y 280000
X 189500  Y 280500
X 194500  Y 286500
X 188500  Y 287000
X 199500  Y 287500
X 195500  Y 299000
X 190000  Y 330000
X 192000  Y 340000
X 192000  Y 346000
X 192000  Y 352000
X 192000  Y 358000
X 192000  Y 364000
X 192000  Y 370000
X 192000  Y 376000
X 192000  Y 382000
X 193600  Y 525200
X 202000  Y 584000
X 226000  Y 584000
X 214000  Y 584000
X 216000  Y 570000
X 216000  Y 558000
X 214000  Y 550000
X 216500  Y 388500
X 218800  Y 384800
X 222500  Y 365000
X 227500  Y 316000
X 212500  Y 288000
X 212000  Y 279000
X 218000  Y 239600
X 210000  Y 186000
X 216000  Y 186000
X 222000  Y 186000
X 208000  Y 170000
X 222000  Y 168000
X 216000  Y 168000
X 211600  Y 118800
X 220000  Y 106000
X 208000  Y 82800
X 217200  Y 82800
X 206000  Y 44000
X 212000  Y 44000
X 252800  Y 44400
X 252800  Y 56400
X 242000  Y 57000
X 228500  Y 60000
X 252800  Y 68400
X 252800  Y 80400
X 240000  Y 94000
X 248000  Y 102000
X 254000  Y 102000
X 260000  Y 102000
X 273200  Y 103200
X 266000  Y 104000
X 268000  Y 112000
X 248000  Y 114000
X 260000  Y 114000
X 254000  Y 114000
X 271200  Y 119600
X 261600  Y 147200
X 236500  Y 149000
X 261200  Y 154000
X 230500  Y 157000
X 240400  Y 161200
X 229500  Y 161500
X 273200  Y 172800
X 266000  Y 172800
X 261200  Y 206000
X 254000  Y 214000
X 262400  Y 214000
X 272400  Y 240000
X 230000  Y 278000
X 275200  Y 281200
X 241500  Y 294500
X 232000  Y 294500
X 275000  Y 315000
X 261500  Y 315500
X 251000  Y 316500
X 241000  Y 316500
X 259500  Y 329000
X 237000  Y 329500
X 247000  Y 329500
X 274500  Y 329500
X 250000  Y 353500
X 268000  Y 353500
X 234500  Y 355000
X 273200  Y 516800
X 272000  Y 564000
X 258000  Y 564000
X 242000  Y 584000
X 272000  Y 584000
X 258000  Y 584000
X 290000  Y 584000
X 306000  Y 584000
X 322000  Y 584000
X 288000  Y 562000
X 306000  Y 562000
X 322000  Y 562000
X 303600  Y 472800
X 309200  Y 472400
X 292400  Y 466800
X 305600  Y 466400
X 290000  Y 461000
X 301500  Y 354500
X 289500  Y 354500
X 314000  Y 353500
X 290500  Y 328500
X 302500  Y 328000
X 321500  Y 327000
X 294500  Y 315000
X 310500  Y 313500
X 327500  Y 312500
X 323200  Y 279600
X 300000  Y 276400
X 301000  Y 174500
X 308000  Y 174400
X 314800  Y 161600
X 316800  Y 143200
X 286000  Y 142000
X 286000  Y 138000
X 328000  Y 120800
X 321500  Y 118000
X 321500  Y 107000
X 297200  Y 101200
X 283600  Y 100000
X 298000  Y 94800
X 308000  Y 92000
X 312000  Y 88000
X 312000  Y 82000
X 300000  Y 48000
X 300000  Y 42000
X 300000  Y 36000
X 300000  Y 30000
X 294000  Y 20000
X 322000  Y 14000
X 310000  Y 14000
X 298000  Y 14000
X 286000  Y 14000
X 336000  Y 18000
X 336000  Y 30000
X 336000  Y 42000
X 342000  Y 72000
X 330000  Y 78000
X 342000  Y 84000
X 330000  Y 90000
X 342000  Y 96000
X 330000  Y 102000
X 342000  Y 108000
X 342000  Y 114000
X 330000  Y 114000
X 344000  Y 159600
X 335200  Y 238000
X 352000  Y 240000
X 343000  Y 241000
X 350500  Y 247000
X 342500  Y 248500
X 349500  Y 312500
X 336000  Y 327500
X 346800  Y 328000
X 351000  Y 354500
X 336000  Y 354500
X 334000  Y 448400
X 334000  Y 454400
X 334000  Y 562000
X 352000  Y 562000
X 352000  Y 584000
X 336000  Y 584000
X 368000  Y 584000
X 388000  Y 584000
X 388000  Y 566000
X 368000  Y 562000
X 402000  Y 522000
X 385000  Y 455000
X 392000  Y 454000
X 382500  Y 355500
X 364500  Y 355000
X 381000  Y 328500
X 371000  Y 328500
X 358000  Y 328500
X 382500  Y 313000
X 368500  Y 312500
X 361500  Y 239500
X 377500  Y 182000
X 395500  Y 178000
X 399000  Y 168000
X 372000  Y 162000
X 378000  Y 162000
X 402000  Y 158000
X 396000  Y 158000
X 362000  Y 156800
X 396000  Y 152000
X 358400  Y 147200
X 384000  Y 142000
X 384000  Y 138000
X 365600  Y 120800
X 364000  Y 116000
X 358000  Y 116000
X 385200  Y 106400
X 399200  Y 104800
X 357200  Y 104000
X 364000  Y 103600
X 388400  Y 101600
X 400000  Y 100000
X 374800  Y 100000
X 400000  Y 94000
X 390000  Y 84000
X 396000  Y 84000
X 402000  Y 84000
X 402000  Y 78000
X 398000  Y 70000
X 356000  Y 54000
X 368000  Y 54000
X 382000  Y 50000
X 388000  Y 48000
X 368000  Y 42000
X 382000  Y 38000
X 388000  Y 36000
X 368000  Y 28000
X 382000  Y 16000
X 370000  Y 16000
X 398000  Y 14000
X 390000  Y 14000
X 408000  Y 14000
X 424000  Y 76000
X 424000  Y 88000
X 428000  Y 98000
X 424000  Y 120000
X 414800  Y 120800
X 414800  Y 157200
X 408000  Y 158000
X 424000  Y 170000
X 424000  Y 194000
X 428000  Y 390000
X 408500  Y 394000
X 412000  Y 403000
X 411500  Y 420000
X 427500  Y 421000
X 423500  Y 446000
X 416000  Y 522000
X 428000  Y 522000
X 416000  Y 540000
X 404000  Y 540000
X 424000  Y 564000
X 412000  Y 566000
X 422000  Y 584000
X 410000  Y 584000
X 434000  Y 584000
X 446000  Y 584000
X 446000  Y 566000
X 434000  Y 564000
X 432000  Y 540000
X 446000  Y 538000
X 442000  Y 522000
X 448000  Y 454400
X 437500  Y 446000
X 430500  Y 446000
X 452400  Y 446000
X 450000  Y 421000
X 441500  Y 389500
X 436000  Y 194000
X 448000  Y 194000
X 442000  Y 182000
X 430000  Y 182000
X 430000  Y 170000
X 442000  Y 170000
X 448000  Y 170000
X 436000  Y 170000
X 436000  Y 150000
X 452500  Y 140500
X 444000  Y 114000
X 451600  Y 110000
X 436000  Y 106000
X 436000  Y 94000
X 436000  Y 82000
X 436000  Y 70000
X 454500  Y 39500
X 464800  Y 75200
X 503200  Y 84400
X 488000  Y 86000
X 482000  Y 86000
X 503200  Y 96400
X 503200  Y 108400
X 492000  Y 114000
X 490000  Y 124000
X 488000  Y 136000
X 492000  Y 140000
X 488000  Y 148000
X 455600  Y 155600
X 488000  Y 160000
X 454000  Y 170000
X 454000  Y 182000
X 466000  Y 194000
X 462400  Y 260800
X 457600  Y 260800
X 500500  Y 347000
X 462000  Y 406000
X 469000  Y 420000
X 497200  Y 442000
X 479200  Y 446000
X 464000  Y 453000
X 460000  Y 522000
X 478000  Y 522000
X 490000  Y 522000
X 478000  Y 540000
X 462000  Y 540000
X 494000  Y 540000
X 458000  Y 564000
X 470000  Y 568000
X 482000  Y 568000
X 460000  Y 584000
X 474000  Y 584000
X 496000  Y 584000
X 486000  Y 584000
X 510000  Y 584000
X 533000  Y 555500
X 549500  Y 555500
X 543500  Y 502000
X 546000  Y 454000
X 550000  Y 432000
X 546500  Y 401000
X 536800  Y 388400
X 546000  Y 387600
X 541600  Y 381200
X 521000  Y 366500
X 518000  Y 335500
X 542000  Y 300000
X 534000  Y 300000
X 550000  Y 298000
X 552000  Y 288000
X 542000  Y 288000
X 534000  Y 288000
X 539600  Y 278400
X 547600  Y 274000
X 514400  Y 248000
X 512800  Y 242000
X 550000  Y 202000
X 542000  Y 174000
X 542000  Y 162000
X 539600  Y 150400
X 545000  Y 144000
X 577200  Y 148400
X 564400  Y 150000
X 562000  Y 159200
X 554000  Y 162000
X 554000  Y 174000
X 554000  Y 196000
X 566000  Y 196000
X 578000  Y 202000
X 562000  Y 202000
X 578000  Y 246000
X 564000  Y 276000
X 574000  Y 276000
X 554000  Y 280000
X 574000  Y 288000
X 564000  Y 288000
X 564000  Y 298000
X 574000  Y 298000
X 564000  Y 338000
X 560400  Y 342400
X 568400  Y 367200
X 572000  Y 374000
X 564800  Y 374400
X 556800  Y 374400
X 558400  Y 388000
X 570400  Y 390800
X 574000  Y 432000
X 566000  Y 432000
X 558000  Y 432000
X 554000  Y 454000
X 568000  Y 454000
X 576000  Y 454000
X 563000  Y 554500
X 607500  Y 556500
X 628000  Y 556500
X 591500  Y 553000
X 598500  Y 503000
X 598500  Y 490000
X 592000  Y 454000
X 584000  Y 454000
X 600000  Y 432000
X 590000  Y 432000
X 582000  Y 432000
X 595500  Y 415000
X 587200  Y 402000
X 581500  Y 402000
X 587600  Y 368400
X 624000  Y 350000
X 585200  Y 337200
X 626000  Y 326000
X 618000  Y 324000
X 612000  Y 322000
X 624000  Y 318000
X 612000  Y 312000
X 622000  Y 310000
X 612000  Y 302000
X 622000  Y 302000
X 612500  Y 273500
X 613500  Y 257500
X 618000  Y 245500
X 594500  Y 244500
X 620000  Y 202000
X 590000  Y 202000
X 608000  Y 202000
X 584000  Y 196000
X 616000  Y 196000
X 596000  Y 172000
X 608000  Y 172000
X 608000  Y 162000
X 596000  Y 162000
X 608000  Y 156000
X 608000  Y 150000
X 618000  Y 131600
X 626000  Y 126000
X 616800  Y 118000
X 588000  Y 102000
X 623000  Y 39000
X 603200  Y 38800
X 595600  Y 38800
X 628800  Y 117600
X 640000  Y 130500
X 660000  Y 130800
X 664000  Y 136000
X 668000  Y 150000
X 672000  Y 160000
X 660000  Y 160000
X 672000  Y 172000
X 660000  Y 172000
X 670000  Y 192000
X 650000  Y 196000
X 638000  Y 196000
X 630000  Y 202000
X 642000  Y 202000
X 672000  Y 202000
X 660000  Y 202000
X 640000  Y 244000
X 675000  Y 244000
X 666500  Y 253500
X 632000  Y 308000
X 642000  Y 308000
X 676000  Y 316000
X 634000  Y 318000
X 642000  Y 324000
X 646000  Y 350000
X 670000  Y 352000
X 678000  Y 406000
X 678000  Y 414000
X 678000  Y 424000
X 670000  Y 434000
X 670000  Y 442000
X 650000  Y 444000
X 660000  Y 444000
X 642000  Y 444000
X 650000  Y 452000
X 670000  Y 452000
X 642000  Y 452000
X 660000  Y 452000
X 674000  Y 466000
X 666000  Y 466000
X 652000  Y 466000
X 644000  Y 466000
X 658000  Y 478000
X 644000  Y 478000
X 672000  Y 478000
X 650000  Y 488000
X 672000  Y 488000
X 664000  Y 488000
X 672000  Y 498000
X 658000  Y 498000
X 644000  Y 498000
X 647500  Y 556500
X 700000  Y 572000
X 688000  Y 572000
X 690000  Y 552000
X 682000  Y 552000
X 702000  Y 522000
X 702000  Y 502000
X 682000  Y 498000
X 684000  Y 486000
X 684000  Y 478000
X 702000  Y 476000
X 684000  Y 466000
X 682000  Y 450000
X 702000  Y 450000
X 682000  Y 442000
X 682000  Y 434000
X 700000  Y 416000
X 697000  Y 286500
X 692500  Y 269500
X 680000  Y 255000
X 691500  Y 250000
X 684000  Y 202000
X 696000  Y 192000
X 682000  Y 192000
X 696000  Y 172000
X 684000  Y 172000
X 696000  Y 160000
X 684000  Y 160000
X 692000  Y 150000
X 680000  Y 150000
X 688800  Y 135200
X 691200  Y 124800
X 685000  Y 84000
X 698800  Y 84000
X 680800  Y 70000
X 702500  Y 56000
X 679600  Y 56000
X 708500  Y 53000
X 729000  Y 53000
X 705000  Y 70000
X 735200  Y 107600
X 714000  Y 108400
X 730000  Y 118000
X 746000  Y 118000
X 735200  Y 123600
X 752800  Y 124000
X 708000  Y 124000
X 730000  Y 130000
X 746000  Y 130000
X 735200  Y 135600
X 708000  Y 136000
X 752800  Y 136000
X 704000  Y 150000
X 732000  Y 326000
X 732000  Y 346000
X 732000  Y 362000
X 732000  Y 376000
X 732000  Y 396000
X 732000  Y 414000
X 733600  Y 458000
X 723000  Y 472000
X 732800  Y 478800
X 742000  Y 484000
X 724000  Y 484000
X 734000  Y 488400
X 742000  Y 496000
X 730000  Y 496000
X 724000  Y 504000
X 736000  Y 504000
X 745600  Y 504800
X 744400  Y 515600
X 724000  Y 516000
X 742000  Y 524000
X 724000  Y 524000
X 712000  Y 552000
X 748000  Y 552000
X 736000  Y 552000
X 726000  Y 552000
X 712000  Y 572000
X 748000  Y 572000
X 740000  Y 572000
X 726000  Y 572000
X 756000  Y 572000
X 772000  Y 572000
X 764000  Y 572000
X 760000  Y 552000
X 774000  Y 552000
X 766000  Y 552000
X 770800  Y 520800
X 772000  Y 508000
X 772000  Y 488000
X 764000  Y 392000
X 762000  Y 376000
X 762000  Y 362000
X 762000  Y 346000
X 778000  Y 290000
X 759000  Y 228500
X 758800  Y 218400
X 765600  Y 218400
X 768000  Y 150000
X 774000  Y 150000
X 777600  Y 136000
X 772000  Y 130000
X 777600  Y 124000
X 772000  Y 118000
X 756000  Y 108400
X 777200  Y 108000
X 777000  Y 48000
X 756000  Y 47500
X 798000  Y 47500
X 798000  Y 108000
X 800400  Y 119200
X 794000  Y 122000
X 788000  Y 128000
X 800000  Y 140000
X 790000  Y 146000
X 800000  Y 152000
X 788000  Y 152000
X 798000  Y 346000
X 780000  Y 346000
X 798000  Y 362000
X 780000  Y 362000
X 798000  Y 374000
X 784000  Y 376000
X 798000  Y 392000
X 782000  Y 392000
X 793200  Y 446000
X 800000  Y 488000
X 785000  Y 491000
X 786000  Y 505000
X 800000  Y 510000
X 785000  Y 520500
X 802000  Y 528000
X 782000  Y 552000
X 798000  Y 552000
X 790000  Y 552000
X 798000  Y 572000
X 784000  Y 572000
X 820000  Y 572000
X 822000  Y 552000
X 812000  Y 552000
X 830000  Y 552000
X 850000  Y 552000
X 842000  Y 552000
X 828000  Y 528000
X 843500  Y 521000
X 832000  Y 508000
X 845500  Y 503000
X 804800  Y 498400
X 822000  Y 488000
X 832400  Y 466000
X 810000  Y 438000
X 822000  Y 432000
X 810000  Y 424000
X 824000  Y 416000
X 836400  Y 279600
X 840000  Y 263200
X 808400  Y 222000
X 832000  Y 154800
X 832000  Y 142800
X 846000  Y 123000
X 836000  Y 122000
X 810000  Y 122000
X 822000  Y 122000
X 845600  Y 119200
X 849000  Y 119000
X 853000  Y 114500
X 846000  Y 114400
X 819200  Y 108400
X 834000  Y 108000
X 844000  Y 102000
X 850000  Y 102000
X 819000  Y 47000
X 862000  Y 102000
X 856000  Y 102000
X 866000  Y 140000
X 878000  Y 142000
X 868000  Y 155600
X 896000  Y 155600
X 876800  Y 192800
X 877200  Y 198800
X 890800  Y 361200
X 892500  Y 424500
X 894000  Y 442000
X 900000  Y 460000
X 888000  Y 462000
X 887500  Y 473500
X 900000  Y 478000
X 889500  Y 488500
X 899500  Y 489000
X 894000  Y 504000
X 864000  Y 508000
X 887000  Y 517000
X 869000  Y 518000
X 900500  Y 521500
X 886000  Y 528000
X 858000  Y 528000
X 876000  Y 550000
X 858000  Y 550000
X 898000  Y 552000
X 884000  Y 552000
X 870000  Y 552000
X 890000  Y 556000
X 900000  Y 558000
X 870000  Y 558000
X 882000  Y 560000
X 862000  Y 562000
X 890000  Y 564000
X 900000  Y 566000
X 872000  Y 566000
X 882000  Y 570000
X 892000  Y 570000
X 872000  Y 574000
X 862000  Y 574000
X 900000  Y 576000
X 890000  Y 578000
X 882000  Y 578000
X 862000  Y 584000
X 892000  Y 584000
X 882000  Y 584000
X 872000  Y 584000
X 900000  Y 584000
X 908000  Y 584000
X 950000  Y 582000
X 908000  Y 576000
X 952000  Y 574000
X 908000  Y 568000
X 946000  Y 564000
X 908000  Y 562000
X 918000  Y 562000
X 938000  Y 558000
X 912000  Y 552000
X 926000  Y 552000
X 938000  Y 548000
X 920000  Y 546000
X 930000  Y 542000
X 926000  Y 536000
X 927500  Y 520500
X 936000  Y 496000
X 930000  Y 486000
X 946500  Y 477000
X 946500  Y 466500
X 927000  Y 466000
X 927000  Y 451500
X 904500  Y 442500
X 927000  Y 430500
X 948000  Y 391500
X 940500  Y 358500
X 949500  Y 348000
X 948000  Y 328500
X 936000  Y 236000
X 936000  Y 224000
X 936000  Y 212000
X 926000  Y 194000
X 924000  Y 156000
X 952000  Y 155600
X 906000  Y 142000
X 928000  Y 124000
X 944000  Y 124000
X 916000  Y 124000
X 904000  Y 106000
X 974000  Y 112000
X 1000000  Y 112000
X 988000  Y 112000
X 988000  Y 124000
X 1000000  Y 124000
X 974000  Y 124000
X 990500  Y 142500
X 974000  Y 226000
X 988500  Y 280500
X 982500  Y 334500
X 966000  Y 345000
X 982500  Y 346500
X 994000  Y 352000
X 982500  Y 357000
X 984000  Y 403500
X 990000  Y 409500
X 996000  Y 421500
X 967500  Y 421500
X 982500  Y 421500
X 975000  Y 429000
X 988500  Y 429000
X 966000  Y 477000
X 987200  Y 513200
X 970400  Y 518400
X 959200  Y 529600
X 990000  Y 532500
X 1000000  Y 533500
X 990000  Y 539000
X 969600  Y 539200
X 960000  Y 574000
X 960000  Y 582000
X 968000  Y 582000
X 978000  Y 582000
X 998000  Y 584000
X 988000  Y 584000
X 1010000  Y 584000
X 1018000  Y 582000
X 1032000  Y 582000
X 1008000  Y 519000
X 1015500  Y 519000
X 1032000  Y 519000
X 1026800  Y 514000
X 1008000  Y 508500
X 1008000  Y 499500
X 1029000  Y 492000
X 1030500  Y 475500
X 1030500  Y 457500
X 1030500  Y 441000
X 1030500  Y 423000
X 1009500  Y 406500
X 1009500  Y 397500
X 1009500  Y 388500
X 1020000  Y 387000
X 1003500  Y 355500
X 1011000  Y 355500
X 1021500  Y 355500
X 1027500  Y 291000
X 1031500  Y 280500
X 1031500  Y 268500
X 1031500  Y 256500
X 1031500  Y 244500
X 1031500  Y 232500
X 1031500  Y 220500
X 1031500  Y 208500
X 1008800  Y 199600
X 1031500  Y 196500
X 1031500  Y 184500
X 1031500  Y 172500
X 1031500  Y 160000
X 1031500  Y 146500
X 1031500  Y 132000
X 1019000  Y 119000
X 1031500  Y 116000
X 1031500  Y 108000
X 1010000  Y 102000
X 1022000  Y 102000

Drill: .01969  Tool: 4  Feed: 95  Speed: 300
X 12686  Y 68717
X 6467  Y 71591
X 19095  Y 71690
X 21131  Y 77207
X 4242  Y 77207
X 18772  Y 83033
X 6604  Y 83077
X 12731  Y 85606
X 12686  Y 540917
X 6467  Y 543791
X 19095  Y 543890
X 4242  Y 549407
X 21131  Y 549407
X 18772  Y 555233
X 6604  Y 555277
X 12731  Y 557806
X 1026831  Y 557806
X 1020704  Y 555277
X 1018342  Y 549407
X 1020567  Y 543791
X 1026786  Y 540917
X 1026831  Y 85606
X 1020704  Y 83077
X 1018342  Y 77207
X 1020567  Y 71591
X 1026786  Y 68717
X 1033195  Y 71690
X 1035231  Y 77207
X 1032872  Y 83033
X 1033195  Y 543890
X 1035231  Y 549407
X 1032872  Y 555233

Drill: .02677  Tool: 5  Feed: 197  Speed: 550
X 114800  Y 21519
X 110000  Y 26500
X 120000  Y 26500
X 120000  Y 36500
X 110000  Y 36500
X 115000  Y 41519
X 874000  Y 114000
X 874000  Y 104000
X 897000  Y 104000
X 921000  Y 104000
X 945000  Y 104000
X 969000  Y 104000
X 945000  Y 114000
X 921000  Y 114000
X 969000  Y 114000
X 897000  Y 114000
X 994000  Y 114000
X 994000  Y 104000

Drill: .03  Tool: 6  Feed: 197  Speed: 550
X 126000  Y 73600
X 126000  Y 145000
X 126000  Y 149000
X 87200  Y 556800
X 81200  Y 557200
X 144800  Y 128000
X 210500  Y 104500
X 278000  Y 7200
X 264000  Y 7200
X 271600  Y 7200
X 465500  Y 151000
X 329500  Y 448500
X 732400  Y 182400
X 696000  Y 97000
X 701500  Y 97000
X 640000  Y 82400
X 852800  Y 119200
X 810400  Y 141600
X 816000  Y 143200
X 816000  Y 148800
X 985600  Y 476000
X 998400  Y 476000
X 1008000  Y 475600

Drill: .0315  Tool: 7  Feed: 197  Speed: 550
X 12000  Y 107448
X 12000  Y 138551
X 519000  Y 575000
X 529000  Y 575000
X 539000  Y 575000
X 549000  Y 575000
X 519000  Y 565000
X 529000  Y 565000
X 539000  Y 565000
X 549000  Y 565000
X 559000  Y 565000
X 569000  Y 565000
X 599000  Y 565000
X 579000  Y 565000
X 589000  Y 565000
X 619000  Y 565000
X 609000  Y 565000
X 589000  Y 575000
X 559000  Y 575000
X 599000  Y 575000
X 619000  Y 575000
X 569000  Y 575000
X 609000  Y 575000
X 579000  Y 575000
X 629000  Y 575000
X 639000  Y 575000
X 649000  Y 575000
X 669000  Y 575000
X 659000  Y 575000
X 639000  Y 565000
X 659000  Y 565000
X 669000  Y 565000
X 649000  Y 565000
X 629000  Y 565000

Drill: .0315  Tool: 8  Feed: 197  Speed: 550
X 7825  Y 325038
X 15699  Y 325038
X 15699  Y 332912
X 7825  Y 332912
X 15699  Y 340786
X 7825  Y 340786
X 15699  Y 348660
X 7825  Y 348660
X 15699  Y 356534
X 7825  Y 356534
X 7825  Y 364408
X 15699  Y 364408
X 15699  Y 372282
X 7825  Y 372282
X 15699  Y 380156
X 7825  Y 380156
X 15699  Y 388030
X 7825  Y 388030
X 15699  Y 395904
X 7825  Y 395904
X 163228  Y 537165 X 166771  Y 537165
X 170748  Y 551732 X 174291  Y 551732
X 163228  Y 560000 X 166771  Y 560000
X 170748  Y 574173 X 174291  Y 574173
X 163228  Y 583228 X 166771  Y 583228

Drill: .035  Tool: 9  Feed: 197  Speed: 550
X 45000  Y 24000
X 52519  Y 24000
X 60039  Y 24000
X 67559  Y 24000
X 75078  Y 24000
X 45000  Y 31500
X 60039  Y 31500
X 67559  Y 31500
X 75078  Y 31500
X 52519  Y 31500
X 67559  Y 39000
X 75078  Y 39000
X 45000  Y 39000
X 52519  Y 39000
X 60039  Y 39000
X 69061  Y 581112
X 59061  Y 581112
X 49061  Y 581112
X 99061  Y 581112
X 89061  Y 581112
X 79061  Y 581112
X 109061  Y 581112
X 119061  Y 581112
X 90118  Y 39000
X 82598  Y 39000
X 97519  Y 39000
X 97519  Y 31500
X 82598  Y 31500
X 90118  Y 31500
X 82598  Y 24000
X 90118  Y 24000
X 97519  Y 24000
X 182000  Y 456500
X 210000  Y 456500
X 182000  Y 469000
X 210000  Y 469000
X 129061  Y 581112
X 139061  Y 581112
X 424000  Y 357000
X 404000  Y 357000
X 414000  Y 356988
X 404000  Y 327078
X 414000  Y 327078
X 424000  Y 327078
X 450000  Y 327078
X 434000  Y 327078
X 470000  Y 327078
X 460000  Y 327078
X 480000  Y 327078
X 460000  Y 356988
X 434000  Y 357000
X 450000  Y 357000
X 470000  Y 357000
X 480000  Y 357000

Drill: .03543  Tool: 10  Feed: 197  Speed: 550
X 84870  Y 410998 X 82901  Y 410998
X 84870  Y 257455 X 82901  Y 257455

Drill: .037  Tool: 11  Feed: 197  Speed: 550
X 291400  Y 532900
X 302200  Y 532900
X 296800  Y 544300
X 307600  Y 544300
X 318400  Y 544300
X 329200  Y 544300
X 313000  Y 532900
X 334600  Y 532900
X 323800  Y 532900

Drill: .037  Tool: 12  Feed: 197  Speed: 550
X 219240  Y 23353
X 236562  Y 23353

Drill: .039  Tool: 13  Feed: 197  Speed: 550
X 12300  Y 584500
X 30000  Y 584500

Drill: .03937  Tool: 14  Feed: 197  Speed: 550
X 933250  Y 387211

Drill: .03937  Tool: 15  Feed: 197  Speed: 550
X 180000  Y 48000
X 180000  Y 56000
X 180000  Y 64000
X 180000  Y 72000
X 28000  Y 460078
X 28000  Y 490000
X 282000  Y 75960
X 292000  Y 75960
X 302000  Y 75960
X 277000  Y 66000
X 297000  Y 66000
X 287000  Y 66000
X 307000  Y 66000
X 378000  Y 66000
X 368000  Y 66000
X 358000  Y 66000
X 388000  Y 66000
X 312000  Y 75960
X 363000  Y 75960
X 373000  Y 75960
X 393000  Y 75960
X 383000  Y 75960
X 490000  Y 168000
X 500000  Y 168000
X 510000  Y 168000
X 520000  Y 168000
X 559000  Y 168000
X 569000  Y 168000
X 579000  Y 168000
X 589000  Y 168000
X 614000  Y 168000
X 624000  Y 168000
X 634000  Y 168000
X 644000  Y 168000
X 680000  Y 127000
X 680000  Y 117000
X 680000  Y 107000
X 680000  Y 97000
X 874200  Y 44000
X 897200  Y 44000
X 921200  Y 44000
X 874000  Y 64000
X 921000  Y 64000
X 897000  Y 64000
X 945000  Y 64000
X 969000  Y 64000
X 994000  Y 64000
X 969200  Y 44000
X 945200  Y 44000
X 994200  Y 44000

Drill: .04724  Tool: 16  Feed: 139  Speed: 550
X 278456  Y 23007
X 268456  Y 23007
X 311606  Y 23007
X 321606  Y 23007
X 349456  Y 23007
X 359456  Y 23007
X 392606  Y 23007
X 402606  Y 23007
X 430156  Y 24070
X 445156  Y 24070
X 460156  Y 24070
X 475156  Y 24070
X 490156  Y 24070
X 505156  Y 24070
X 535454  Y 24112
X 550454  Y 24112
X 565454  Y 24112
X 580454  Y 24112
X 619454  Y 24112
X 604454  Y 24112
X 634454  Y 24112
X 649454  Y 24112
X 673238  Y 24118
X 688238  Y 24118
X 703238  Y 24118
X 718238  Y 24118
X 733238  Y 24118
X 748238  Y 24118
X 763238  Y 24118
X 778238  Y 24118
X 793238  Y 24118
X 808238  Y 24118
X 823238  Y 24118
X 838238  Y 24118
X 862238  Y 24118
X 877238  Y 24118
X 892238  Y 24118
X 922238  Y 24118
X 907238  Y 24118
X 969500  Y 572500
X 999500  Y 572500
X 984500  Y 572500
X 937238  Y 24118
X 982238  Y 24118
X 997238  Y 24118
X 952238  Y 24118
X 967238  Y 24118
X 1027238  Y 24118
X 1012238  Y 24118
X 1005600  Y 179133
X 1005600  Y 250000

Drill: .051  Tool: 17  Feed: 107  Speed: 550
X 7400  Y 574700
X 34900  Y 574700

Drill: .05118  Tool: 18  Feed: 107  Speed: 550
X 342271  Y 410998 X 340303  Y 410998
X 342271  Y 257455 X 340303  Y 257455

Drill: .05315  Tool: 19  Feed: 107  Speed: 550
X 169500  Y 47000
X 191000  Y 47000
X 169500  Y 74500
X 191000  Y 74500

Drill: .05512  Tool: 20  Feed: 107  Speed: 550
X 833919  Y 387211

Drill: .05512  Tool: 21  Feed: 107  Speed: 550
X 683000  Y 563000
X 703000  Y 563000
X 703000  Y 583000
X 683000  Y 583000
X 718000  Y 583000
X 753000  Y 583000
X 738000  Y 583000
X 773000  Y 583000
X 738000  Y 563000
X 718000  Y 563000
X 753000  Y 563000
X 773000  Y 563000
X 788000  Y 563000
X 808000  Y 563000
X 788000  Y 583000
X 808000  Y 583000

Drill: .05512  Tool: 22  Feed: 107  Speed: 550
X 393000  Y 406000
X 423000  Y 406000

Drill: .06693  Tool: 23  Feed: 89  Speed: 550
X 399493  Y 565300
X 494493  Y 565300

Drill: .07087  Tool: 24  Feed: 81  Speed: 550
X 325661  Y 52811
X 406661  Y 52811

Drill: .07087  Tool: 25  Feed: 81  Speed: 550
X 264637  Y 52811
X 345637  Y 52811

Drill: .07598  Tool: 26  Feed: 81  Speed: 550
X 45000  Y 11007
X 120000  Y 11007
X 22007  Y 24000
X 142992  Y 24000

Drill: .12  Tool: 27  Feed: 35  Speed: 794
X 263000  Y 538600
X 363000  Y 538600

Drill: .12598  Tool: 28  Feed: 35  Speed: 794
X 12700  Y 77200
X 12700  Y 549400
X 1026800  Y 549400
X 1026800  Y 77200

Drill: .12795  Tool: 29  Feed: 35  Speed: 794
X 272629  Y 41000
X 317629  Y 41000
X 353629  Y 41000
X 398629  Y 41000

Drill: .14961  Tool: 30  Feed: 35  Speed: 900
X 837187  Y 576187
X 931675  Y 576187

End of Listing
