Drill Listing
=============
Drill: .012  Tool: 1  Feed: 0  Speed: 0
X 116000  Y 297500
X 116000  Y 302500
X 116000  Y 307500
X 120500  Y 297500
X 121000  Y 302500
X 121500  Y 307500
X 116500  Y 318000
X 116000  Y 312500
X 116000  Y 405500
X 113000  Y 402000
X 106000  Y 368500
X 31500  Y 402500
X 116000  Y 414000
X 119000  Y 507000
X 138500  Y 496500
X 143000  Y 507000
X 145500  Y 496500
X 149000  Y 507000
X 155000  Y 489000
X 155000  Y 507000
X 163500  Y 492000
X 236000  Y 480500
X 278500  Y 523000
X 278500  Y 529000
X 262000  Y 523000
X 258000  Y 519000
X 238000  Y 513000
X 166000  Y 547500
X 125000  Y 571000

Drill: .016  Tool: 2  Feed: 0  Speed: 0
X 368000  Y 50000
X 368000  Y 54000
X 368000  Y 58000
X 368000  Y 62000
X 368000  Y 74000
X 368000  Y 78000
X 368000  Y 82000
X 368000  Y 86000
X 368000  Y 102000
X 368000  Y 106000
X 368000  Y 110000
X 368000  Y 98000
X 368000  Y 142000
X 368000  Y 146000
X 368000  Y 150000
X 368000  Y 154000
X 368000  Y 166000
X 368000  Y 170000
X 368000  Y 174000
X 368000  Y 178000
X 368000  Y 190000
X 368000  Y 194000
X 368000  Y 198000
X 368000  Y 202000
X 368000  Y 234000
X 368000  Y 238000
X 368000  Y 242000
X 368000  Y 260000
X 368000  Y 246000
X 368000  Y 264000
X 368000  Y 268000
X 368000  Y 272000
X 368000  Y 284000
X 181000  Y 231000
X 163500  Y 225500
X 15000  Y 281000
X 14000  Y 269000
X 10000  Y 307000
X 21000  Y 336500
X 28000  Y 336500
X 30000  Y 346500
X 57000  Y 340000
X 65000  Y 324000
X 368000  Y 328000
X 368000  Y 334000
X 368000  Y 288000
X 368000  Y 340000
X 368000  Y 296000
X 368000  Y 292000
X 368000  Y 354000
X 368000  Y 360000
X 368000  Y 366000
X 368000  Y 378000
X 368000  Y 384000
X 368000  Y 390000
X 76500  Y 377000
X 73000  Y 396000
X 69500  Y 377500
X 64000  Y 363000
X 60000  Y 393500
X 54000  Y 363500
X 54000  Y 409000
X 30500  Y 375000
X 23000  Y 410500
X 17500  Y 388500
X 14500  Y 375000
X 42000  Y 412500
X 42000  Y 447500
X 61000  Y 453000
X 65000  Y 453000
X 69000  Y 453000
X 76000  Y 439500
X 110000  Y 431000
X 110000  Y 415500
X 134500  Y 450500
X 136500  Y 424500
X 150000  Y 435000
X 158000  Y 445000
X 168000  Y 461000
X 187000  Y 451000
X 187500  Y 437500
X 187500  Y 423500
X 258000  Y 444000
X 274000  Y 432500
X 279500  Y 432500
X 294000  Y 427000
X 336500  Y 431000
X 368500  Y 486000
X 363500  Y 478500
X 355000  Y 480000
X 335000  Y 482000
X 331000  Y 465500
X 326000  Y 468000
X 302000  Y 472000
X 288500  Y 473000
X 262500  Y 480000
X 262000  Y 466000
X 194500  Y 465500
X 168000  Y 475000
X 122000  Y 469000
X 99500  Y 472000
X 91000  Y 464500
X 87000  Y 483500
X 66000  Y 476500
X 60500  Y 469500
X 51000  Y 469500
X 30500  Y 466000
X 16500  Y 499500
X 18500  Y 495000
X 19500  Y 505000
X 21500  Y 499500
X 24500  Y 495000
X 25000  Y 505000
X 26000  Y 499500
X 72500  Y 497000
X 83500  Y 487500
X 98000  Y 503500
X 98000  Y 488500
X 115000  Y 490000
X 126000  Y 486500
X 164500  Y 487000
X 191500  Y 500500
X 262000  Y 495000
X 296000  Y 510000
X 298000  Y 487500
X 300000  Y 510000
X 304000  Y 510000
X 306000  Y 504000
X 306000  Y 498000
X 308000  Y 510000
X 338000  Y 500000
X 343000  Y 504000
X 347500  Y 507000
X 349000  Y 498500
X 368000  Y 506500
X 368500  Y 497000
X 368000  Y 519500
X 368000  Y 526500
X 368000  Y 534500
X 367500  Y 513500
X 346500  Y 528500
X 294000  Y 534500
X 266000  Y 535000
X 262000  Y 515000
X 256000  Y 533000
X 150500  Y 518500
X 131500  Y 523000
X 114500  Y 520000
X 29500  Y 534500
X 29000  Y 524000
X 27000  Y 514500
X 24000  Y 534500
X 23000  Y 524000
X 22000  Y 514500
X 18000  Y 534500
X 17500  Y 514500
X 17500  Y 524000
X 75000  Y 554000
X 81000  Y 539000
X 81000  Y 561500
X 98000  Y 556000
X 117000  Y 556000
X 137000  Y 556000
X 152250  Y 551500
X 175500  Y 556500
X 266000  Y 578500
X 284500  Y 537000
X 300000  Y 586000
X 306000  Y 586000
X 312000  Y 586000
X 318000  Y 586000
X 318000  Y 556000
X 324000  Y 586000
X 324000  Y 556000
X 330000  Y 556000
X 330000  Y 586000
X 339000  Y 549000
X 366500  Y 546000

Drill: .01969  Tool: 3  Feed: 0  Speed: 0
X 11227  Y 19692
X 13452  Y 14076
X 13589  Y 25562
X 19671  Y 11202
X 19716  Y 28091
X 25757  Y 25518
X 26080  Y 14175
X 28116  Y 19692

Drill: .02  Tool: 4  Feed: 0  Speed: 0
X 85506  Y 399978
X 90706  Y 400078

Drill: .025  Tool: 5  Feed: 0  Speed: 0
X 11500  Y 53500
X 242000  Y 56000
X 242000  Y 50000
X 248000  Y 56000
X 248000  Y 50000
X 254000  Y 56000
X 260000  Y 56000
X 266000  Y 56000
X 266000  Y 50000
X 272000  Y 50000
X 272000  Y 56000
X 278000  Y 56000
X 278000  Y 50000
X 284000  Y 56000
X 284000  Y 50000
X 290000  Y 56000
X 290000  Y 50000
X 296000  Y 56000
X 296000  Y 50000
X 320000  Y 50000
X 320000  Y 56000
X 326000  Y 56000
X 326000  Y 50000
X 332000  Y 56000
X 332000  Y 50000
X 338000  Y 56000
X 338000  Y 50000
X 344000  Y 56000
X 344000  Y 50000
X 350000  Y 56000
X 350000  Y 50000
X 368000  Y 68000
X 362000  Y 68000
X 356000  Y 68000
X 350000  Y 62000
X 350000  Y 80000
X 350000  Y 74000
X 350000  Y 68000
X 350000  Y 86000
X 344000  Y 62000
X 344000  Y 68000
X 338000  Y 62000
X 338000  Y 68000
X 332000  Y 62000
X 332000  Y 68000
X 326000  Y 62000
X 326000  Y 68000
X 320000  Y 62000
X 320000  Y 74000
X 320000  Y 80000
X 320000  Y 68000
X 320000  Y 86000
X 314000  Y 68000
X 308000  Y 68000
X 302000  Y 68000
X 296000  Y 80000
X 296000  Y 62000
X 296000  Y 74000
X 296000  Y 68000
X 296000  Y 86000
X 290000  Y 62000
X 290000  Y 80000
X 290000  Y 74000
X 290000  Y 68000
X 290000  Y 86000
X 284000  Y 74000
X 284000  Y 62000
X 284000  Y 80000
X 284000  Y 68000
X 284000  Y 86000
X 278000  Y 80000
X 278000  Y 74000
X 278000  Y 86000
X 278000  Y 62000
X 278000  Y 68000
X 272000  Y 62000
X 272000  Y 80000
X 272000  Y 86000
X 272000  Y 74000
X 272000  Y 68000
X 266000  Y 80000
X 266000  Y 74000
X 266000  Y 68000
X 266000  Y 86000
X 266000  Y 62000
X 260000  Y 80000
X 260000  Y 86000
X 260000  Y 62000
X 260000  Y 74000
X 260000  Y 68000
X 254000  Y 68000
X 254000  Y 74000
X 254000  Y 62000
X 248000  Y 68000
X 248000  Y 62000
X 242000  Y 68000
X 242000  Y 62000
X 242000  Y 74000
X 242000  Y 92000
X 242000  Y 104000
X 242000  Y 110000
X 242000  Y 98000
X 248000  Y 92000
X 248000  Y 104000
X 248000  Y 110000
X 248000  Y 98000
X 254000  Y 104000
X 254000  Y 110000
X 254000  Y 92000
X 254000  Y 98000
X 260000  Y 110000
X 260000  Y 104000
X 260000  Y 98000
X 260000  Y 92000
X 266000  Y 104000
X 266000  Y 110000
X 266000  Y 98000
X 266000  Y 92000
X 272000  Y 92000
X 272000  Y 110000
X 272000  Y 98000
X 272000  Y 104000
X 278000  Y 92000
X 278000  Y 98000
X 278000  Y 110000
X 278000  Y 104000
X 284000  Y 104000
X 284000  Y 110000
X 284000  Y 98000
X 284000  Y 92000
X 290000  Y 104000
X 290000  Y 110000
X 290000  Y 92000
X 290000  Y 98000
X 296000  Y 110000
X 296000  Y 92000
X 296000  Y 98000
X 296000  Y 104000
X 304000  Y 92000
X 310000  Y 92000
X 316000  Y 92000
X 318000  Y 110000
X 318000  Y 104000
X 318000  Y 98000
X 322000  Y 92000
X 324000  Y 110000
X 324000  Y 104000
X 324000  Y 98000
X 328000  Y 92000
X 330000  Y 104000
X 330000  Y 110000
X 330000  Y 98000
X 336000  Y 110000
X 336000  Y 104000
X 336000  Y 98000
X 342000  Y 110000
X 342000  Y 104000
X 342000  Y 98000
X 342000  Y 92000
X 348000  Y 98000
X 348000  Y 110000
X 348000  Y 104000
X 350000  Y 92000
X 356000  Y 92000
X 362000  Y 92000
X 368000  Y 92000
X 366000  Y 160000
X 360000  Y 160000
X 354000  Y 160000
X 350000  Y 142000
X 350000  Y 148000
X 348000  Y 154000
X 348000  Y 160000
X 342000  Y 142000
X 342000  Y 148000
X 342000  Y 154000
X 342000  Y 160000
X 336000  Y 142000
X 336000  Y 148000
X 336000  Y 154000
X 336000  Y 160000
X 330000  Y 142000
X 330000  Y 148000
X 330000  Y 154000
X 330000  Y 160000
X 324000  Y 142000
X 324000  Y 148000
X 324000  Y 154000
X 324000  Y 160000
X 318000  Y 142000
X 318000  Y 148000
X 318000  Y 154000
X 318000  Y 160000
X 312000  Y 160000
X 306000  Y 160000
X 300000  Y 160000
X 298000  Y 142000
X 296000  Y 148000
X 296000  Y 154000
X 294000  Y 160000
X 292000  Y 142000
X 290000  Y 148000
X 290000  Y 154000
X 288000  Y 160000
X 286000  Y 142000
X 284000  Y 148000
X 284000  Y 154000
X 282000  Y 160000
X 280000  Y 142000
X 278000  Y 154000
X 278000  Y 148000
X 276000  Y 160000
X 274000  Y 142000
X 272000  Y 154000
X 272000  Y 148000
X 270000  Y 160000
X 268000  Y 142000
X 266000  Y 148000
X 266000  Y 154000
X 264000  Y 160000
X 262000  Y 142000
X 260000  Y 154000
X 260000  Y 148000
X 258000  Y 160000
X 256000  Y 142000
X 254000  Y 154000
X 254000  Y 148000
X 252000  Y 160000
X 250000  Y 142000
X 248000  Y 148000
X 248000  Y 154000
X 246000  Y 160000
X 244000  Y 142000
X 238000  Y 142000
X 232000  Y 142000
X 232000  Y 166000
X 232000  Y 172000
X 232000  Y 178000
X 232000  Y 184000
X 238000  Y 172000
X 238000  Y 166000
X 238000  Y 178000
X 238000  Y 184000
X 244000  Y 166000
X 244000  Y 184000
X 244000  Y 178000
X 244000  Y 172000
X 250000  Y 166000
X 250000  Y 172000
X 250000  Y 178000
X 250000  Y 184000
X 256000  Y 166000
X 256000  Y 172000
X 256000  Y 178000
X 256000  Y 184000
X 262000  Y 172000
X 262000  Y 166000
X 262000  Y 178000
X 262000  Y 184000
X 268000  Y 172000
X 268000  Y 178000
X 268000  Y 184000
X 268000  Y 166000
X 274000  Y 178000
X 274000  Y 166000
X 274000  Y 184000
X 274000  Y 172000
X 280000  Y 172000
X 280000  Y 184000
X 280000  Y 178000
X 280000  Y 166000
X 286000  Y 178000
X 286000  Y 166000
X 286000  Y 172000
X 286000  Y 184000
X 292000  Y 166000
X 292000  Y 172000
X 292000  Y 178000
X 292000  Y 184000
X 298000  Y 166000
X 298000  Y 172000
X 298000  Y 178000
X 298000  Y 184000
X 304000  Y 184000
X 310000  Y 184000
X 316000  Y 184000
X 320000  Y 172000
X 320000  Y 166000
X 320000  Y 178000
X 322000  Y 184000
X 328000  Y 184000
X 342000  Y 184000
X 348000  Y 184000
X 350000  Y 166000
X 350000  Y 172000
X 350000  Y 178000
X 354000  Y 184000
X 360000  Y 184000
X 366000  Y 184000
X 348000  Y 190000
X 348000  Y 196000
X 348000  Y 202000
X 342000  Y 190000
X 342000  Y 196000
X 342000  Y 202000
X 336000  Y 190000
X 336000  Y 196000
X 336000  Y 202000
X 330000  Y 190000
X 330000  Y 196000
X 330000  Y 202000
X 324000  Y 196000
X 324000  Y 202000
X 324000  Y 190000
X 318000  Y 190000
X 318000  Y 202000
X 318000  Y 196000
X 298000  Y 190000
X 298000  Y 196000
X 298000  Y 202000
X 292000  Y 190000
X 292000  Y 196000
X 292000  Y 202000
X 286000  Y 190000
X 286000  Y 196000
X 286000  Y 202000
X 280000  Y 190000
X 280000  Y 196000
X 280000  Y 202000
X 274000  Y 190000
X 274000  Y 196000
X 274000  Y 202000
X 268000  Y 202000
X 268000  Y 190000
X 268000  Y 196000
X 262000  Y 190000
X 262000  Y 202000
X 262000  Y 196000
X 256000  Y 190000
X 256000  Y 202000
X 256000  Y 196000
X 250000  Y 190000
X 250000  Y 202000
X 250000  Y 196000
X 244000  Y 196000
X 244000  Y 190000
X 244000  Y 202000
X 238000  Y 202000
X 238000  Y 190000
X 238000  Y 196000
X 232000  Y 196000
X 232000  Y 190000
X 232000  Y 202000
X 244000  Y 236000
X 250000  Y 236000
X 256000  Y 236000
X 262000  Y 236000
X 268000  Y 236000
X 274000  Y 236000
X 280000  Y 236000
X 286000  Y 236000
X 292000  Y 236000
X 298000  Y 236000
X 318000  Y 234000
X 324000  Y 234000
X 330000  Y 234000
X 336000  Y 234000
X 342000  Y 234000
X 348000  Y 234000
X 366500  Y 252000
X 360500  Y 252000
X 354500  Y 252000
X 350000  Y 260000
X 348500  Y 252000
X 348000  Y 240000
X 348000  Y 246000
X 342500  Y 252000
X 342000  Y 240000
X 342000  Y 246000
X 336500  Y 252000
X 336000  Y 240000
X 336000  Y 246000
X 330500  Y 252000
X 330000  Y 240000
X 330000  Y 246000
X 324500  Y 252000
X 324000  Y 246000
X 324000  Y 240000
X 320000  Y 260000
X 318500  Y 252000
X 318000  Y 246000
X 318000  Y 240000
X 312500  Y 252000
X 306500  Y 252000
X 300000  Y 248000
X 300000  Y 254000
X 300000  Y 260000
X 300000  Y 242000
X 294000  Y 248000
X 294000  Y 260000
X 294000  Y 254000
X 294000  Y 242000
X 288000  Y 248000
X 288000  Y 260000
X 288000  Y 254000
X 288000  Y 242000
X 282000  Y 248000
X 282000  Y 260000
X 282000  Y 254000
X 282000  Y 242000
X 276000  Y 260000
X 276000  Y 248000
X 276000  Y 254000
X 276000  Y 242000
X 270000  Y 254000
X 270000  Y 242000
X 270000  Y 248000
X 270000  Y 260000
X 264000  Y 254000
X 264000  Y 242000
X 264000  Y 260000
X 264000  Y 248000
X 258000  Y 254000
X 258000  Y 260000
X 258000  Y 248000
X 258000  Y 242000
X 252000  Y 248000
X 252000  Y 242000
X 252000  Y 254000
X 246000  Y 248000
X 246000  Y 242000
X 246000  Y 254000
X 52000  Y 252000
X 46000  Y 252000
X 40000  Y 254000
X 34000  Y 254000
X 28000  Y 254000
X 22000  Y 248000
X 22000  Y 260000
X 22000  Y 254000
X 20000  Y 242000
X 16000  Y 260000
X 16000  Y 248000
X 16000  Y 254000
X 14000  Y 242000
X 10000  Y 246000
X 10000  Y 258000
X 10000  Y 252000
X 10000  Y 270000
X 10000  Y 276000
X 10000  Y 264000
X 16000  Y 276000
X 22000  Y 278000
X 22000  Y 284000
X 52000  Y 284000
X 58000  Y 284000
X 64000  Y 284000
X 244000  Y 278000
X 244000  Y 272000
X 244000  Y 284000
X 250000  Y 278000
X 250000  Y 272000
X 250000  Y 284000
X 258000  Y 266000
X 258000  Y 278000
X 258000  Y 272000
X 258000  Y 284000
X 264000  Y 272000
X 264000  Y 278000
X 264000  Y 266000
X 264000  Y 284000
X 270000  Y 266000
X 270000  Y 278000
X 270000  Y 272000
X 270000  Y 284000
X 276000  Y 278000
X 276000  Y 272000
X 276000  Y 284000
X 276000  Y 266000
X 282000  Y 266000
X 282000  Y 278000
X 282000  Y 272000
X 282000  Y 284000
X 288000  Y 272000
X 288000  Y 266000
X 288000  Y 278000
X 288000  Y 284000
X 294000  Y 266000
X 294000  Y 278000
X 294000  Y 272000
X 294000  Y 284000
X 300000  Y 272000
X 300000  Y 278000
X 300000  Y 266000
X 300000  Y 284000
X 306000  Y 278000
X 312000  Y 278000
X 318000  Y 278000
X 318000  Y 284000
X 320000  Y 272000
X 320000  Y 266000
X 324000  Y 284000
X 324000  Y 278000
X 330000  Y 278000
X 330000  Y 284000
X 336000  Y 284000
X 336000  Y 278000
X 342000  Y 284000
X 342000  Y 278000
X 348000  Y 284000
X 348000  Y 278000
X 350000  Y 266000
X 350000  Y 272000
X 356000  Y 278000
X 362000  Y 278000
X 368500  Y 278000
X 348000  Y 296000
X 348000  Y 290000
X 342000  Y 296000
X 342000  Y 290000
X 336000  Y 296000
X 336000  Y 290000
X 330000  Y 296000
X 330000  Y 290000
X 324000  Y 296000
X 324000  Y 290000
X 318000  Y 296000
X 318000  Y 290000
X 300000  Y 290000
X 300000  Y 296000
X 294000  Y 290000
X 294000  Y 296000
X 288000  Y 296000
X 288000  Y 290000
X 282000  Y 296000
X 282000  Y 290000
X 276000  Y 296000
X 276000  Y 290000
X 270000  Y 290000
X 270000  Y 296000
X 264000  Y 296000
X 264000  Y 290000
X 258000  Y 296000
X 258000  Y 290000
X 250000  Y 296000
X 250000  Y 290000
X 244000  Y 296000
X 244000  Y 290000
X 66000  Y 296000
X 66000  Y 290000
X 66000  Y 302000
X 60000  Y 296000
X 60000  Y 290000
X 54000  Y 296000
X 22000  Y 290000
X 22000  Y 302000
X 22000  Y 296000
X 52000  Y 320000
X 58000  Y 320000
X 64000  Y 320000
X 248000  Y 330000
X 248000  Y 336000
X 254000  Y 330000
X 254000  Y 336000
X 260000  Y 336000
X 260000  Y 330000
X 266000  Y 336000
X 266000  Y 330000
X 272000  Y 336000
X 272000  Y 330000
X 278000  Y 330000
X 278000  Y 336000
X 284000  Y 330000
X 284000  Y 336000
X 290000  Y 330000
X 290000  Y 336000
X 296000  Y 330000
X 296000  Y 336000
X 318000  Y 330000
X 318000  Y 336000
X 324000  Y 330000
X 324000  Y 336000
X 330000  Y 330000
X 330000  Y 336000
X 336000  Y 330000
X 336000  Y 336000
X 342000  Y 330000
X 342000  Y 336000
X 348000  Y 336000
X 348000  Y 330000
X 367500  Y 345500
X 362000  Y 346000
X 356000  Y 346000
X 350000  Y 348000
X 350000  Y 360000
X 350000  Y 354000
X 348000  Y 342000
X 342000  Y 342000
X 336000  Y 342000
X 330000  Y 342000
X 324000  Y 342000
X 320000  Y 348000
X 320000  Y 360000
X 320000  Y 354000
X 318000  Y 342000
X 312000  Y 345000
X 306000  Y 345000
X 296000  Y 348000
X 296000  Y 354000
X 296000  Y 360000
X 296000  Y 342000
X 290000  Y 348000
X 290000  Y 354000
X 290000  Y 360000
X 290000  Y 342000
X 284000  Y 354000
X 284000  Y 342000
X 284000  Y 360000
X 284000  Y 348000
X 278000  Y 342000
X 278000  Y 360000
X 278000  Y 354000
X 278000  Y 348000
X 272000  Y 342000
X 272000  Y 360000
X 272000  Y 348000
X 272000  Y 354000
X 266000  Y 360000
X 266000  Y 342000
X 266000  Y 348000
X 266000  Y 354000
X 260000  Y 342000
X 260000  Y 354000
X 260000  Y 360000
X 260000  Y 348000
X 254000  Y 342000
X 254000  Y 360000
X 254000  Y 348000
X 254000  Y 354000
X 248000  Y 348000
X 248000  Y 354000
X 248000  Y 360000
X 248000  Y 342000
X 242000  Y 354000
X 242000  Y 342000
X 242000  Y 348000
X 242000  Y 360000
X 236000  Y 360000
X 236000  Y 348000
X 236000  Y 354000
X 182500  Y 353500
X 177000  Y 347500
X 40500  Y 357500
X 31000  Y 357500
X 4000  Y 364000
X 4000  Y 370000
X 98000  Y 374000
X 112000  Y 372000
X 118000  Y 372000
X 124000  Y 372000
X 130000  Y 372000
X 136000  Y 372000
X 142000  Y 372000
X 148000  Y 372000
X 154000  Y 372000
X 242000  Y 366000
X 248000  Y 366000
X 248000  Y 372000
X 254000  Y 366000
X 254000  Y 378000
X 254000  Y 372000
X 260000  Y 366000
X 260000  Y 378000
X 260000  Y 384000
X 260000  Y 372000
X 266000  Y 378000
X 266000  Y 384000
X 266000  Y 366000
X 266000  Y 372000
X 272000  Y 384000
X 272000  Y 378000
X 272000  Y 366000
X 272000  Y 372000
X 278000  Y 366000
X 278000  Y 384000
X 278000  Y 378000
X 278000  Y 372000
X 284000  Y 384000
X 284000  Y 378000
X 284000  Y 366000
X 284000  Y 372000
X 290000  Y 366000
X 290000  Y 378000
X 290000  Y 384000
X 290000  Y 372000
X 296000  Y 366000
X 296000  Y 378000
X 296000  Y 384000
X 296000  Y 372000
X 302000  Y 372000
X 308000  Y 372000
X 314000  Y 372000
X 320000  Y 384000
X 320000  Y 378000
X 320000  Y 366000
X 320000  Y 372000
X 326000  Y 384000
X 326000  Y 378000
X 326000  Y 372000
X 332000  Y 378000
X 332000  Y 384000
X 332000  Y 372000
X 338000  Y 378000
X 338000  Y 384000
X 338000  Y 372000
X 344000  Y 384000
X 344000  Y 378000
X 344000  Y 372000
X 350000  Y 366000
X 350000  Y 378000
X 350000  Y 384000
X 350000  Y 372000
X 356000  Y 372000
X 362000  Y 372000
X 368000  Y 372000
X 368000  Y 396000
X 362000  Y 396000
X 356000  Y 396000
X 350000  Y 390000
X 350000  Y 396000
X 344000  Y 390000
X 344000  Y 396000
X 338000  Y 390000
X 338000  Y 396000
X 332000  Y 390000
X 332000  Y 396000
X 326000  Y 396000
X 326000  Y 390000
X 320000  Y 390000
X 320000  Y 396000
X 314000  Y 396000
X 308000  Y 396000
X 302000  Y 396000
X 296000  Y 396000
X 296000  Y 390000
X 290000  Y 396000
X 290000  Y 390000
X 284000  Y 396000
X 284000  Y 390000
X 278000  Y 396000
X 278000  Y 390000
X 272000  Y 390000
X 272000  Y 396000
X 266000  Y 390000
X 168000  Y 400000
X 164000  Y 394000
X 162000  Y 400000
X 158000  Y 394000
X 156000  Y 400000
X 152000  Y 394000
X 150000  Y 400000
X 150000  Y 406000
X 144000  Y 406000
X 142000  Y 390000
X 138000  Y 406000
X 136000  Y 388000
X 124000  Y 388000
X 116000  Y 390000
X 114000  Y 396000
X 110000  Y 390000
X 102000  Y 390000
X 94000  Y 388000
X 90000  Y 394000
X 88000  Y 388000
X 84000  Y 394000
X 82000  Y 388000
X 78000  Y 394000
X 4000  Y 424000
X 4000  Y 430000
X 10000  Y 430000
X 10000  Y 424000
X 16000  Y 430000
X 16000  Y 424000
X 56000  Y 416000
X 56000  Y 422000
X 56000  Y 430000
X 62000  Y 422000
X 64000  Y 416000
X 68000  Y 422000
X 70000  Y 416000
X 74000  Y 422000
X 76000  Y 416000
X 80000  Y 422000
X 82000  Y 416000
X 86000  Y 422000
X 88000  Y 416000
X 138000  Y 412000
X 138000  Y 418000
X 144000  Y 412000
X 144000  Y 418000
X 150000  Y 418000
X 150000  Y 412000
X 156000  Y 432000
X 188000  Y 416000
X 194000  Y 424000
X 198000  Y 430000
X 250000  Y 429500
X 255000  Y 424000
X 287500  Y 458000
X 257000  Y 458000
X 158000  Y 438000
X 134000  Y 442000
X 118000  Y 444000
X 118000  Y 450000
X 118000  Y 456000
X 117500  Y 438000
X 112000  Y 450000
X 112000  Y 444000
X 112000  Y 456000
X 112000  Y 438000
X 106000  Y 456000
X 106000  Y 450000
X 106000  Y 438000
X 106000  Y 444000
X 4000  Y 476000
X 4000  Y 482000
X 10000  Y 482000
X 10000  Y 476000
X 16000  Y 476000
X 16000  Y 482000
X 106000  Y 462000
X 112000  Y 462000
X 116000  Y 470000
X 118000  Y 462000
X 132000  Y 466000
X 137000  Y 479000
X 189000  Y 489000
X 280000  Y 494000
X 340000  Y 482000
X 259000  Y 543000
X 202000  Y 540000
X 196000  Y 540000
X 196000  Y 558000
X 190000  Y 540000
X 190000  Y 534000
X 56000  Y 514000
X 50000  Y 514000
X 42000  Y 514000
X 46000  Y 582000
X 46000  Y 576000
X 46000  Y 570000
X 52000  Y 586000
X 58000  Y 586000
X 64000  Y 586000
X 70000  Y 586000
X 74000  Y 568000
X 76000  Y 586000
X 80000  Y 568000
X 82000  Y 586000
X 86000  Y 568000
X 88000  Y 586000
X 92000  Y 568000
X 94000  Y 586000
X 100000  Y 586000
X 106000  Y 586000
X 112000  Y 580000
X 112000  Y 586000
X 112000  Y 572000
X 116000  Y 568000
X 120000  Y 586000
X 120000  Y 572000
X 120000  Y 580000
X 148000  Y 574000
X 151500  Y 586000
X 166000  Y 572000
X 166000  Y 578000
X 166000  Y 584000
X 192000  Y 563000
X 194000  Y 586000
X 194000  Y 579500
X 200000  Y 586000
X 206000  Y 586000
X 274000  Y 561500
X 144500  Y 586500
X 133000  Y 586500

Drill: .028  Tool: 6  Feed: 0  Speed: 0
X 152000  Y 331000
X 152000  Y 336000

Drill: .0315  Tool: 7  Feed: 0  Speed: 0
X 214000  Y 41200

Drill: .0315  Tool: 8  Feed: 0  Speed: 0
X 135259  Y 41200
X 258000  Y 47500
X 258000  Y 27500

Drill: .032  Tool: 9  Feed: 0  Speed: 0
X 107000  Y 535000
X 125000  Y 535000
X 143000  Y 535000
X 143000  Y 545000
X 125000  Y 545000
X 107000  Y 545000

Drill: .03346  Tool: 10  Feed: 0  Speed: 0
X 9000  Y 405000
X 9000  Y 415000

Drill: .035  Tool: 11  Feed: 0  Speed: 0
X 9000  Y 457000
X 9000  Y 447000
X 9000  Y 437000
X 9000  Y 467000
X 9000  Y 499500
X 9000  Y 489500
X 9000  Y 509500
X 9000  Y 529500
X 9000  Y 519500
X 9000  Y 539500
X 128000  Y 581000
X 138000  Y 581000
X 148000  Y 581000
X 158000  Y 581000

Drill: .03937  Tool: 12  Feed: 0  Speed: 0
X 51519  Y 12826
X 51519  Y 41173
X 116480  Y 12826
X 116480  Y 41173
X 167236  Y 15968
X 196763  Y 12031

Drill: .045  Tool: 13  Feed: 0  Speed: 0
X 188279  Y 96921
X 188279  Y 137078
X 188279  Y 277921
X 188279  Y 318078

Drill: .05905  Tool: 14  Feed: 0  Speed: 0
X 33287  Y 82275
X 82500  Y 82275
X 131712  Y 82275
X 113996  Y 241724
X 98248  Y 241724
X 82500  Y 241724
X 66751  Y 241724
X 51003  Y 241724
X 35255  Y 241724

Drill: .06693  Tool: 15  Feed: 0  Speed: 0
X 358000  Y 490000
X 358000  Y 505000
X 358000  Y 520000
X 358000  Y 535000
X 323000  Y 576000
X 308000  Y 576000
X 293000  Y 576000
X 278000  Y 576000
X 100500  Y 577000
X 85500  Y 577000
X 70500  Y 577000
X 55500  Y 577000

Drill: .085  Tool: 16  Feed: 0  Speed: 0
X 238122  Y 152039
X 248122  Y 81960
X 248122  Y 262960
X 238122  Y 333039

Drill: .11024  Tool: 17  Feed: 0  Speed: 0
X 308909  Y 55393
X 308909  Y 80000
X 308909  Y 104606
X 360090  Y 80000
X 360090  Y 104606
X 360090  Y 55393
X 360090  Y 147893
X 360090  Y 172500
X 360090  Y 197106
X 308909  Y 147893
X 308909  Y 172500
X 308909  Y 197106
X 308909  Y 240393
X 308909  Y 265000
X 308909  Y 289606
X 360090  Y 265000
X 360090  Y 289606
X 360090  Y 240393
X 360090  Y 332893
X 360090  Y 357500
X 360090  Y 382106
X 308909  Y 332893
X 308909  Y 357500
X 308909  Y 382106

Drill: .17717  Tool: 18  Feed: 0  Speed: 0
X 19685  Y 19685

End of Listing
