Drill Listing
=============
Drill: .00787  Tool: 1  Feed: 0  Speed: 0
X 78300  Y 10200
X 100500  Y 9600
X 104200  Y 42000
X 109500  Y 51300
X 120200  Y 36300
X 120200  Y 30600
X 122500  Y 9500
X 124600  Y 27400
X 128000  Y 31000
X 136800  Y 22200
X 171000  Y 30900
X 175500  Y 36800
X 178600  Y 39000
X 180600  Y 41800
X 184400  Y 36800
X 200400  Y 31800
X 202200  Y 61800
X 201900  Y 56700
X 201600  Y 71700
X 198900  Y 56700
X 181200  Y 70500
X 169500  Y 66000
X 142800  Y 63300
X 135000  Y 63300
X 117900  Y 75900
X 109800  Y 62600
X 102200  Y 57600
X 101400  Y 74600
X 100000  Y 55200
X 99800  Y 58400
X 83700  Y 57600
X 50700  Y 64200
X 32700  Y 61800
X 32400  Y 66900
X 44700  Y 94500
X 46500  Y 96300
X 48300  Y 100800
X 50100  Y 98100
X 54600  Y 88500
X 66300  Y 94200
X 67000  Y 81000
X 78600  Y 82800
X 88200  Y 96000
X 88500  Y 98400
X 90300  Y 102000
X 90900  Y 83400
X 92100  Y 99600
X 99900  Y 101100
X 99900  Y 84000
X 99900  Y 98700
X 101100  Y 81900
X 124200  Y 78900
X 127200  Y 78900
X 129900  Y 79200
X 200100  Y 90000
X 201300  Y 81900
X 202200  Y 88500
X 202500  Y 106800
X 201000  Y 121800
X 172800  Y 112200
X 164400  Y 118900
X 152400  Y 126600
X 144300  Y 107700
X 136200  Y 117600
X 132300  Y 124500
X 129600  Y 107700
X 121000  Y 115800
X 121000  Y 126700
X 113700  Y 117600
X 111300  Y 106800
X 108900  Y 113700
X 100200  Y 123000
X 95700  Y 109500
X 91500  Y 104100
X 90600  Y 126300
X 83700  Y 125700
X 82800  Y 120600
X 81600  Y 114300
X 79800  Y 116700
X 78900  Y 119100
X 77100  Y 117000
X 72500  Y 105000
X 68700  Y 126600
X 68700  Y 119100
X 56700  Y 103200
X 33300  Y 119100
X 33300  Y 114600
X 32400  Y 127500
X 31200  Y 116800
X 30600  Y 124200
X 29400  Y 121800
X 15300  Y 123600
X 13200  Y 136800
X 13200  Y 141900
X 13500  Y 146700
X 16600  Y 146800
X 16700  Y 141800
X 32400  Y 152100
X 33000  Y 146400
X 35400  Y 145500
X 37500  Y 144000
X 39900  Y 144600
X 41400  Y 151500
X 59700  Y 142700
X 59700  Y 152100
X 59700  Y 149000
X 62700  Y 145800
X 62700  Y 152100
X 62800  Y 142700
X 62800  Y 148900
X 66000  Y 148800
X 66000  Y 145800
X 66000  Y 142500
X 66000  Y 152300
X 69000  Y 145800
X 69000  Y 139500
X 69000  Y 152100
X 69000  Y 149000
X 69062  Y 142610
X 72177  Y 142820
X 72200  Y 139600
X 72300  Y 145800
X 72300  Y 149100
X 72300  Y 152100
X 75300  Y 145800
X 75600  Y 142500
X 75600  Y 149100
X 75600  Y 152400
X 78600  Y 145800
X 78600  Y 139500
X 78600  Y 152300
X 78600  Y 142800
X 78600  Y 149100
X 81600  Y 139500
X 81600  Y 148800
X 81600  Y 145800
X 81600  Y 152100
X 81800  Y 142800
X 84000  Y 128100
X 84900  Y 149000
X 84900  Y 152100
X 87900  Y 142800
X 87900  Y 152300
X 87900  Y 139500
X 88000  Y 145800
X 88100  Y 136500
X 88200  Y 149100
X 90000  Y 130800
X 90600  Y 128700
X 91200  Y 145800
X 91200  Y 142700
X 91200  Y 136500
X 91200  Y 139500
X 91200  Y 149100
X 91200  Y 152100
X 94200  Y 145800
X 94200  Y 152100
X 94200  Y 149000
X 94200  Y 139500
X 97200  Y 149100
X 97300  Y 145900
X 97500  Y 142700
X 97500  Y 152100
X 97800  Y 129600
X 100200  Y 133600
X 100500  Y 136500
X 100500  Y 139500
X 100500  Y 142800
X 100500  Y 149100
X 100500  Y 152100
X 103200  Y 132900
X 103500  Y 142800
X 103800  Y 152100
X 103800  Y 149000
X 106800  Y 131100
X 107000  Y 149000
X 108000  Y 142800
X 108900  Y 136800
X 109100  Y 147700
X 110700  Y 134700
X 113100  Y 134700
X 123600  Y 130200
X 123900  Y 139200
X 130000  Y 130600
X 138900  Y 147900
X 142500  Y 140400
X 142500  Y 148800
X 143100  Y 146700
X 144900  Y 139500
X 146700  Y 143700
X 150600  Y 147000
X 161100  Y 139800
X 165000  Y 140100
X 168900  Y 139800
X 171000  Y 152100
X 174900  Y 152400
X 182100  Y 138900
X 184800  Y 138900
X 200700  Y 128100
X 202200  Y 141900
X 201900  Y 163200
X 201900  Y 165900
X 168900  Y 157500
X 168000  Y 177000
X 166200  Y 162000
X 165000  Y 158100
X 163800  Y 162000
X 162900  Y 174900
X 158400  Y 174300
X 155400  Y 177900
X 153000  Y 176100
X 151200  Y 160800
X 143400  Y 161400
X 138000  Y 163800
X 135300  Y 163500
X 135300  Y 157200
X 134400  Y 165600
X 133500  Y 159000
X 123300  Y 172200
X 121800  Y 157200
X 116700  Y 153900
X 113700  Y 165900
X 112800  Y 169500
X 111000  Y 173700
X 110100  Y 159000
X 108300  Y 173100
X 107700  Y 158400
X 103800  Y 174100
X 100500  Y 174000
X 100500  Y 158400
X 100500  Y 177300
X 100500  Y 171000
X 100500  Y 164700
X 100500  Y 155400
X 100500  Y 167700
X 97500  Y 164700
X 97400  Y 158400
X 97400  Y 155200
X 97400  Y 161700
X 97400  Y 177300
X 97200  Y 167700
X 94400  Y 155400
X 94200  Y 158400
X 94200  Y 171000
X 94200  Y 164700
X 94200  Y 167700
X 94200  Y 161400
X 94200  Y 177300
X 91200  Y 164700
X 91200  Y 171000
X 91200  Y 158400
X 91200  Y 177300
X 91100  Y 155400
X 91100  Y 174100
X 91100  Y 161700
X 90900  Y 168000
X 88200  Y 161400
X 88100  Y 155200
X 88000  Y 167900
X 87900  Y 164700
X 87900  Y 177300
X 87900  Y 174000
X 87900  Y 158400
X 84900  Y 158400
X 84900  Y 177300
X 84800  Y 174100
X 84800  Y 161600
X 84800  Y 168000
X 84800  Y 171000
X 84800  Y 155300
X 84700  Y 164700
X 81700  Y 155400
X 81700  Y 167900
X 81600  Y 158400
X 81600  Y 177300
X 81600  Y 161700
X 81600  Y 171000
X 81600  Y 164700
X 81600  Y 174000
X 78600  Y 155400
X 78600  Y 161600
X 78600  Y 158400
X 78600  Y 164700
X 78600  Y 171000
X 78400  Y 167800
X 78300  Y 174000
X 75600  Y 161400
X 75400  Y 158400
X 75300  Y 174000
X 75300  Y 171000
X 75300  Y 164700
X 75300  Y 155400
X 75300  Y 177300
X 72300  Y 164700
X 72300  Y 171000
X 72300  Y 161700
X 72300  Y 177300
X 72300  Y 167700
X 72300  Y 158400
X 72200  Y 155400
X 72200  Y 174100
X 69300  Y 167700
X 69200  Y 174100
X 69200  Y 171000
X 69100  Y 161600
X 69100  Y 177300
X 69000  Y 164700
X 69000  Y 155400
X 69000  Y 158400
X 66000  Y 171000
X 66000  Y 164700
X 66000  Y 158400
X 66000  Y 161700
X 65900  Y 174100
X 65900  Y 155300
X 65700  Y 167700
X 62700  Y 155300
X 62700  Y 174000
X 62700  Y 168000
X 62700  Y 161600
X 62700  Y 177300
X 62700  Y 158400
X 62700  Y 164700
X 59700  Y 164700
X 59700  Y 171000
X 59700  Y 158400
X 59600  Y 161600
X 59600  Y 167900
X 59600  Y 174200
X 59600  Y 155300
X 56600  Y 167800
X 56500  Y 174200
X 56500  Y 164700
X 56400  Y 177300
X 56400  Y 171000
X 51600  Y 163200
X 45300  Y 175800
X 43800  Y 155700
X 43500  Y 170400
X 42000  Y 160500
X 39000  Y 153600
X 37800  Y 161100
X 36300  Y 153300
X 31200  Y 158400
X 30600  Y 153900
X 16800  Y 166800
X 16200  Y 171900
X 16200  Y 156900
X 15900  Y 176400
X 15200  Y 160100
X 14100  Y 166800
X 13800  Y 171900
X 13800  Y 156600
X 13200  Y 186799
X 13200  Y 196800
X 13200  Y 189300
X 13500  Y 181800
X 14700  Y 194400
X 16200  Y 201900
X 16200  Y 191700
X 16500  Y 181800
X 16500  Y 186900
X 16800  Y 196800
X 33900  Y 197400
X 33900  Y 194100
X 34200  Y 181800
X 34500  Y 185400
X 37200  Y 180900
X 39000  Y 186600
X 42600  Y 185400
X 45300  Y 178800
X 45900  Y 198600
X 48900  Y 189300
X 49200  Y 185100
X 49200  Y 195300
X 50700  Y 193200
X 51000  Y 186600
X 51000  Y 190200
X 55200  Y 194100
X 55200  Y 190800
X 55800  Y 197700
X 59700  Y 180300
X 59700  Y 192400
X 61500  Y 190500
X 62800  Y 180500
X 71600  Y 197400
X 72000  Y 183300
X 72300  Y 199500
X 75300  Y 180500
X 75900  Y 198000
X 76800  Y 195300
X 78500  Y 180500
X 80100  Y 198600
X 80400  Y 196200
X 81800  Y 180400
X 84000  Y 198900
X 84824  Y 183600
X 84900  Y 180300
X 88000  Y 180500
X 91200  Y 180300
X 91500  Y 193500
X 94300  Y 180500
X 97400  Y 183500
X 100500  Y 180300
X 100500  Y 183600
X 102000  Y 187500
X 103500  Y 189300
X 105600  Y 190200
X 114600  Y 198900
X 116700  Y 185100
X 119100  Y 184500
X 120000  Y 180900
X 124200  Y 199500
X 128400  Y 187100
X 140100  Y 192300
X 143400  Y 182400
X 144000  Y 188700
X 145200  Y 191400
X 159000  Y 182100
X 165000  Y 183600
X 166200  Y 188700
X 167700  Y 183000
X 201600  Y 196200
X 202200  Y 193800
X 202200  Y 206800
X 201900  Y 221700
X 184900  Y 206800
X 177300  Y 223200
X 158100  Y 219300
X 147900  Y 207900
X 143700  Y 205800
X 141900  Y 219300
X 141400  Y 216600
X 141000  Y 213000
X 131100  Y 222600
X 129000  Y 220800
X 125700  Y 220200
X 123000  Y 220500
X 122100  Y 223800
X 117900  Y 223500
X 110400  Y 206100
X 95400  Y 222600
X 93600  Y 220200
X 93400  Y 212600
X 92100  Y 214800
X 91800  Y 218400
X 87000  Y 226800
X 85200  Y 222600
X 75300  Y 227100
X 70800  Y 223500
X 69300  Y 227100
X 68100  Y 225000
X 56100  Y 219300
X 53700  Y 217500
X 53400  Y 224100
X 16200  Y 221700
X 13500  Y 221800
X 13200  Y 231900
X 13300  Y 236800
X 13500  Y 246900
X 13500  Y 249900
X 16500  Y 246900
X 16500  Y 251700
X 16800  Y 236700
X 30000  Y 231900
X 39600  Y 234600
X 50100  Y 239100
X 50100  Y 245700
X 50100  Y 242700
X 51000  Y 250500
X 54900  Y 232800
X 60900  Y 228300
X 61500  Y 244100
X 61800  Y 232500
X 62100  Y 247500
X 62100  Y 249900
X 66600  Y 236300
X 66600  Y 249000
X 69300  Y 230100
X 69600  Y 242700
X 69600  Y 236400
X 72600  Y 238800
X 73200  Y 247200
X 73500  Y 231300
X 75000  Y 239100
X 75300  Y 232800
X 75600  Y 247500
X 81600  Y 252600
X 81900  Y 248700
X 82800  Y 235800
X 82800  Y 240900
X 84900  Y 252300
X 85200  Y 230100
X 85200  Y 249000
X 85200  Y 236400
X 85500  Y 242700
X 85500  Y 233400
X 88200  Y 236400
X 88200  Y 249300
X 88500  Y 233100
X 88600  Y 245600
X 90000  Y 239400
X 91200  Y 230400
X 91400  Y 249200
X 92100  Y 244200
X 92700  Y 246300
X 93400  Y 250400
X 101400  Y 245100
X 101400  Y 251700
X 102900  Y 240300
X 102900  Y 247200
X 103800  Y 238200
X 104700  Y 252300
X 105000  Y 249900
X 105600  Y 243300
X 106600  Y 232600
X 125400  Y 242700
X 127500  Y 231000
X 131000  Y 231000
X 132000  Y 239000
X 134100  Y 230100
X 135600  Y 240900
X 136800  Y 230100
X 138000  Y 251800
X 138400  Y 244000
X 142000  Y 252000
X 145200  Y 236200
X 145400  Y 251800
X 145500  Y 239700
X 147900  Y 235800
X 147900  Y 232800
X 148800  Y 250800
X 149700  Y 237900
X 152100  Y 250800
X 152700  Y 245700
X 153000  Y 239000
X 155400  Y 230000
X 155700  Y 246900
X 156600  Y 237900
X 156600  Y 240900
X 157200  Y 244800
X 160800  Y 239400
X 160900  Y 230100
X 161100  Y 242700
X 161100  Y 248700
X 163800  Y 239100
X 163800  Y 249000
X 163900  Y 233000
X 164100  Y 252000
X 168000  Y 244200
X 168000  Y 247200
X 168000  Y 231600
X 168000  Y 240900
X 168000  Y 228600
X 168900  Y 234900
X 169000  Y 238000
X 173400  Y 229500
X 178500  Y 244200
X 200400  Y 249600
X 202800  Y 256800
X 202500  Y 266800
X 202200  Y 254100
X 199700  Y 266800
X 199500  Y 261800
X 179400  Y 254100
X 177600  Y 263100
X 177000  Y 269000
X 176700  Y 266100
X 176700  Y 272400
X 175200  Y 275700
X 174600  Y 269400
X 163900  Y 274100
X 163800  Y 255000
X 160800  Y 258300
X 150700  Y 253600
X 148800  Y 259800
X 145500  Y 258000
X 145300  Y 261400
X 145300  Y 264700
X 145200  Y 255200
X 145100  Y 270900
X 144600  Y 274800
X 142500  Y 270300
X 142200  Y 261500
X 142200  Y 255300
X 141900  Y 267800
X 138500  Y 255300
X 132600  Y 257100
X 132600  Y 267100
X 130800  Y 255300
X 126000  Y 261900
X 125600  Y 273200
X 120600  Y 262200
X 104100  Y 266100
X 99000  Y 268800
X 97800  Y 264600
X 96900  Y 254700
X 96300  Y 275700
X 96000  Y 270900
X 95700  Y 267900
X 95400  Y 256500
X 94200  Y 263100
X 92700  Y 272400
X 92100  Y 269400
X 91200  Y 264900
X 88500  Y 264600
X 88500  Y 270900
X 87000  Y 277500
X 85400  Y 261400
X 82200  Y 263100
X 81900  Y 266100
X 81600  Y 257400
X 77100  Y 266400
X 75600  Y 271200
X 75000  Y 275400
X 74700  Y 256500
X 74700  Y 253800
X 74400  Y 260400
X 69600  Y 270900
X 69600  Y 261600
X 69600  Y 264600
X 69300  Y 255600
X 66600  Y 255000
X 66600  Y 270900
X 66400  Y 267800
X 66300  Y 264300
X 63000  Y 256800
X 63000  Y 272400
X 62700  Y 275700
X 61500  Y 254400
X 54900  Y 258300
X 53700  Y 276000
X 50700  Y 269100
X 50700  Y 265800
X 16800  Y 256800
X 54900  Y 283500
X 67800  Y 279300
X 81300  Y 281400
X 87000  Y 281400
X 88500  Y 279300
X 88500  Y 285900
X 96600  Y 282600
X 99900  Y 284100

Drill: .012  Tool: 2  Feed: 95  Speed: 300
X 42000  Y 19500
X 89400  Y 25500
X 102300  Y 24600
X 128100  Y 12300
X 132600  Y 12300
X 139200  Y 15600
X 141900  Y 12000
X 144000  Y 20000
X 146100  Y 22500
X 151200  Y 21600
X 159000  Y 20400
X 180900  Y 14100
X 201000  Y 26700
X 201900  Y 46800
X 200400  Y 51900
X 164100  Y 28800
X 154800  Y 28800
X 151200  Y 31500
X 143100  Y 41100
X 141300  Y 31500
X 129900  Y 41400
X 129900  Y 48600
X 122400  Y 48900
X 50400  Y 44400
X 46500  Y 30900
X 15300  Y 76800
X 63000  Y 72300
X 77000  Y 66000
X 77100  Y 74700
X 94500  Y 71700
X 97800  Y 77400
X 99000  Y 72000
X 103800  Y 72000
X 114900  Y 73800
X 121500  Y 72300
X 130500  Y 71700
X 132300  Y 60300
X 135000  Y 72300
X 150300  Y 60300
X 162000  Y 54000
X 171900  Y 54000
X 175500  Y 71100
X 201600  Y 101700
X 156300  Y 86100
X 153000  Y 100200
X 126000  Y 84600
X 119400  Y 84000
X 81300  Y 84000
X 77100  Y 93300
X 73500  Y 91500
X 63000  Y 93600
X 59100  Y 93600
X 46500  Y 84600
X 15000  Y 96900
X 42300  Y 118800
X 49500  Y 112200
X 60900  Y 115800
X 126300  Y 112200
X 162300  Y 110400
X 168900  Y 113100
X 171000  Y 121500
X 178500  Y 108900
X 178800  Y 103200
X 184200  Y 111300
X 201600  Y 116700
X 201600  Y 131700
X 138600  Y 173700
X 134100  Y 139500
X 117000  Y 172500
X 37000  Y 171000
X 14100  Y 151800
X 15900  Y 206700
X 33900  Y 202500
X 38200  Y 218600
X 38200  Y 213400
X 46800  Y 209700
X 56200  Y 213400
X 60600  Y 207000
X 65200  Y 213400
X 69800  Y 209600
X 74200  Y 209600
X 74200  Y 213400
X 78700  Y 213400
X 107700  Y 199500
X 122400  Y 214500
X 123000  Y 207000
X 133000  Y 191000
X 139200  Y 179400
X 147600  Y 214200
X 155700  Y 214500
X 159600  Y 195300
X 174300  Y 204300
X 177900  Y 195300
X 201000  Y 212100
X 201600  Y 226800
X 201900  Y 186900
X 201300  Y 230400
X 199500  Y 236700
X 170700  Y 249300
X 114600  Y 249300
X 114600  Y 245400
X 110400  Y 236700
X 110400  Y 240300
X 107700  Y 229200
X 38000  Y 246000
X 15300  Y 241800
X 13200  Y 256800
X 39000  Y 256000
X 50700  Y 253200
X 110266  Y 271632
X 110271  Y 275400
X 114753  Y 275400
X 114756  Y 271625
X 114794  Y 267401
X 126600  Y 267300
X 180300  Y 267600
X 187500  Y 277800
X 201000  Y 271800
X 189300  Y 281400
X 181800  Y 278400
X 36000  Y 282900

Drill: .016  Tool: 3  Feed: 95  Speed: 300
X 3000  Y 9000
X 3000  Y 13500
X 3000  Y 18000
X 3000  Y 22500
X 6000  Y 3000
X 7500  Y 21000
X 7500  Y 7500
X 7500  Y 12000
X 7500  Y 16500
X 10500  Y 3000
X 12000  Y 12000
X 12000  Y 7500
X 15000  Y 3000
X 18000  Y 7500
X 19500  Y 3000
X 22500  Y 7500
X 24000  Y 3000
X 27000  Y 7500
X 28500  Y 3000
X 33000  Y 3000
X 37500  Y 3000
X 42000  Y 3000
X 46500  Y 3000
X 51000  Y 3000
X 55500  Y 3000
X 60000  Y 3000
X 61500  Y 13000
X 64500  Y 3000
X 67500  Y 23400
X 69000  Y 3000
X 73500  Y 3000
X 78000  Y 3000
X 80400  Y 27000
X 82500  Y 3000
X 87000  Y 3000
X 91500  Y 3000
X 96000  Y 3000
X 100500  Y 3000
X 105000  Y 3000
X 109500  Y 3000
X 114000  Y 3000
X 118500  Y 3000
X 123000  Y 3000
X 127500  Y 3000
X 132000  Y 3000
X 136500  Y 3000
X 141000  Y 3000
X 145500  Y 3000
X 150000  Y 3000
X 154500  Y 3000
X 159000  Y 3000
X 163500  Y 3000
X 168000  Y 3000
X 172500  Y 3000
X 177000  Y 3000
X 181500  Y 3000
X 186000  Y 3000
X 190500  Y 3000
X 192000  Y 10500
X 195000  Y 3000
X 196500  Y 10500
X 199500  Y 3000
X 201000  Y 15000
X 201000  Y 10500
X 204000  Y 3000
X 205500  Y 15000
X 205500  Y 10500
X 208500  Y 3000
X 213000  Y 7500
X 213000  Y 12000
X 213000  Y 21000
X 213000  Y 16500
X 153300  Y 50700
X 108300  Y 45300
X 91500  Y 40500
X 91500  Y 45000
X 91500  Y 49500
X 85500  Y 49500
X 76800  Y 35700
X 65100  Y 42600
X 49500  Y 31500
X 42000  Y 31500
X 37500  Y 51000
X 37500  Y 31500
X 15000  Y 31799
X 31800  Y 97800
X 31800  Y 93300
X 37200  Y 98100
X 71400  Y 59400
X 75600  Y 84600
X 94500  Y 84900
X 140100  Y 84600
X 166500  Y 69000
X 174000  Y 67500
X 176000  Y 88000
X 178500  Y 67500
X 184500  Y 87000
X 184500  Y 82500
X 184500  Y 67500
X 201000  Y 156900
X 183000  Y 175500
X 175800  Y 122100
X 174000  Y 177000
X 149700  Y 168600
X 132300  Y 112200
X 131700  Y 155700
X 78000  Y 106500
X 15300  Y 226800
X 169500  Y 253500
X 169500  Y 261000
X 174000  Y 261000
X 174000  Y 253500
X 178500  Y 261000
X 201900  Y 201900
X 213000  Y 276000
X 213000  Y 289500
X 213000  Y 285000
X 213000  Y 280500
X 207000  Y 291000
X 204000  Y 285000
X 202500  Y 291000
X 198000  Y 291000
X 193500  Y 291000
X 189000  Y 291000
X 184500  Y 291000
X 180000  Y 291000
X 177000  Y 286500
X 175500  Y 291000
X 175500  Y 279000
X 172500  Y 286500
X 171000  Y 291000
X 171000  Y 279000
X 168000  Y 286500
X 166500  Y 279000
X 166500  Y 291000
X 163500  Y 286500
X 162000  Y 291000
X 157500  Y 291000
X 153000  Y 291000
X 148500  Y 291000
X 144000  Y 291000
X 139500  Y 291000
X 135000  Y 291000
X 130500  Y 291000
X 126000  Y 291000
X 121500  Y 291000
X 117000  Y 291000
X 112500  Y 291000
X 108000  Y 291000
X 103500  Y 291000
X 99000  Y 291000
X 94500  Y 291000
X 90000  Y 291000
X 85500  Y 291000
X 81000  Y 291000
X 76500  Y 291000
X 72000  Y 291000
X 67500  Y 291000
X 63000  Y 291000
X 58500  Y 291000
X 54000  Y 291000
X 49500  Y 291000
X 45000  Y 291000
X 40500  Y 291000
X 36000  Y 291000
X 31500  Y 291000
X 27000  Y 291000
X 22500  Y 291000
X 18000  Y 291000
X 13500  Y 291000
X 9000  Y 291000
X 4500  Y 291000

Drill: .025  Tool: 4  Feed: 197  Speed: 550
X 46500  Y 74700
X 85800  Y 42600

Drill: .03543  Tool: 5  Feed: 197  Speed: 550
X 15000  Y 19614 X 15000  Y 21582
X 201000  Y 19614 X 201000  Y 21582

Drill: .05118  Tool: 6  Feed: 107  Speed: 550
X 15000  Y 277015 X 15000  Y 278984
X 201000  Y 277015 X 201000  Y 278984

End of Listing
